000 (642142.000.000) 09/25 19:58:03 Job submitted from host: <172.20.3.198:9618?addrs=172.20.3.198-9618&noUDP&sock=160905_0664_3>
...
001 (642142.000.000) 09/25 19:58:22 Job executing on host: <172.20.201.42:9618?addrs=172.20.201.42-9618+[--1]-9618&noUDP&sock=3142_baa8_3>
...
006 (642142.000.000) 09/25 19:58:31 Image size of job updated: 11968
	12  -  MemoryUsage of job (MB)
	11968  -  ResidentSetSize of job (KB)
...
006 (642142.000.000) 09/25 20:03:32 Image size of job updated: 191296
	116  -  MemoryUsage of job (MB)
	118612  -  ResidentSetSize of job (KB)
...
006 (642142.000.000) 09/25 20:04:33 Image size of job updated: 191296
	117  -  MemoryUsage of job (MB)
	119424  -  ResidentSetSize of job (KB)
...
005 (642142.000.000) 09/25 20:04:34 Job terminated.
	(1) Normal termination (return value 0)
		Usr 0 00:02:12, Sys 0 00:00:19  -  Run Remote Usage
		Usr 0 00:00:00, Sys 0 00:00:00  -  Run Local Usage
		Usr 0 00:02:12, Sys 0 00:00:19  -  Total Remote Usage
		Usr 0 00:00:00, Sys 0 00:00:00  -  Total Local Usage
	772462  -  Run Bytes Sent By Job
	717111  -  Run Bytes Received By Job
	772462  -  Total Bytes Sent By Job
	717111  -  Total Bytes Received By Job
	Partitionable Resources :    Usage  Request  Allocated
	   Cpus                 :                 1          1
	   Disk (KB)            :     1956      750 3471969024
	   Memory (MB)          :      117        1       4025
...
