WARNING: In non-interactive mode release checks e.g. deprecated releases, production architectures are disabled.
Info in <TUnixSystem::ACLiC>: creating shared library /isilon/condor/node525.hep.brown.edu/execute/dir_16440/./HardcodedConditions_cc.so
In file included from input_line_12:9:
././HardcodedConditions.cc:3513:1: warning: control may reach end of non-void function [-Wreturn-type]
}
^
Info in <TUnixSystem::ACLiC>: creating shared library /isilon/condor/node525.hep.brown.edu/execute/dir_16440/./step1_cc.so
In file included from input_line_10:1:
In file included from /isilon/condor/node525.hep.brown.edu/execute/dir_16440/makeStep1.C:2:
/isilon/condor/node525.hep.brown.edu/execute/dir_16440/HardcodedConditions.cc:3513:1: warning: control may reach end of non-void function [-Wreturn-type]
}
^
Error in <TNetXNGFile::Open>: [ERROR] Server responded with an error: [3011] Unable to open file /isilon/hadoop/store/group/bruxljm/FWLJMET102X_1lep2016_Feb2020/DYJetsToLL_M-50_HT-800to1200_TuneCUETP8M1_13TeV-madgraphMLM-pythia8/singleLep2016/200326_014101/0000/DYJetsToLL_M-50_HT-800to1200_TuneCUETP8M1_13TeV-madgraphMLM-pythia8_89.root; No such file or directory

In file included from input_line_10:1:
In file included from /isilon/condor/node525.hep.brown.edu/execute/dir_16440/makeStep1.C:2:
/isilon/condor/node525.hep.brown.edu/execute/dir_16440/HardcodedConditions.cc:3513:1: warning: control may reach end of non-void function [-Wreturn-type]
}
^
Error in <TNetXNGFile::Open>: [ERROR] Server responded with an error: [3011] Unable to open file /isilon/hadoop/store/group/bruxljm/FWLJMET102X_1lep2016_Feb2020/DYJetsToLL_M-50_HT-800to1200_TuneCUETP8M1_13TeV-madgraphMLM-pythia8/singleLep2016/200326_014101/0000/DYJetsToLL_M-50_HT-800to1200_TuneCUETP8M1_13TeV-madgraphMLM-pythia8_159.root; No such file or directory

In file included from input_line_10:1:
In file included from /isilon/condor/node525.hep.brown.edu/execute/dir_16440/makeStep1.C:2:
/isilon/condor/node525.hep.brown.edu/execute/dir_16440/HardcodedConditions.cc:3513:1: warning: control may reach end of non-void function [-Wreturn-type]
}
^
Error in <TNetXNGFile::Open>: [ERROR] Server responded with an error: [3011] Unable to open file /isilon/hadoop/store/group/bruxljm/FWLJMET102X_1lep2016_Feb2020/DYJetsToLL_M-50_HT-800to1200_TuneCUETP8M1_13TeV-madgraphMLM-pythia8/singleLep2016/200326_014101/0000/DYJetsToLL_M-50_HT-800to1200_TuneCUETP8M1_13TeV-madgraphMLM-pythia8_90.root; No such file or directory

In file included from input_line_10:1:
In file included from /isilon/condor/node525.hep.brown.edu/execute/dir_16440/makeStep1.C:2:
/isilon/condor/node525.hep.brown.edu/execute/dir_16440/HardcodedConditions.cc:3513:1: warning: control may reach end of non-void function [-Wreturn-type]
}
^
Error in <TNetXNGFile::Open>: [ERROR] Server responded with an error: [3011] Unable to open file /isilon/hadoop/store/group/bruxljm/FWLJMET102X_1lep2016_Feb2020/DYJetsToLL_M-50_HT-800to1200_TuneCUETP8M1_13TeV-madgraphMLM-pythia8/singleLep2016/200326_014101/0000/DYJetsToLL_M-50_HT-800to1200_TuneCUETP8M1_13TeV-madgraphMLM-pythia8_55.root; No such file or directory

In file included from input_line_10:1:
In file included from /isilon/condor/node525.hep.brown.edu/execute/dir_16440/makeStep1.C:2:
/isilon/condor/node525.hep.brown.edu/execute/dir_16440/HardcodedConditions.cc:3513:1: warning: control may reach end of non-void function [-Wreturn-type]
}
^
Error in <TNetXNGFile::Open>: [ERROR] Server responded with an error: [3011] Unable to open file /isilon/hadoop/store/group/bruxljm/FWLJMET102X_1lep2016_Feb2020/DYJetsToLL_M-50_HT-800to1200_TuneCUETP8M1_13TeV-madgraphMLM-pythia8/singleLep2016/200326_014101/0000/DYJetsToLL_M-50_HT-800to1200_TuneCUETP8M1_13TeV-madgraphMLM-pythia8_58.root; No such file or directory

In file included from input_line_10:1:
In file included from /isilon/condor/node525.hep.brown.edu/execute/dir_16440/makeStep1.C:2:
/isilon/condor/node525.hep.brown.edu/execute/dir_16440/HardcodedConditions.cc:3513:1: warning: control may reach end of non-void function [-Wreturn-type]
}
^
Error in <TNetXNGFile::Open>: [ERROR] Server responded with an error: [3011] Unable to open file /isilon/hadoop/store/group/bruxljm/FWLJMET102X_1lep2016_Feb2020/DYJetsToLL_M-50_HT-800to1200_TuneCUETP8M1_13TeV-madgraphMLM-pythia8/singleLep2016/200326_014101/0000/DYJetsToLL_M-50_HT-800to1200_TuneCUETP8M1_13TeV-madgraphMLM-pythia8_84.root; No such file or directory

In file included from input_line_10:1:
In file included from /isilon/condor/node525.hep.brown.edu/execute/dir_16440/makeStep1.C:2:
/isilon/condor/node525.hep.brown.edu/execute/dir_16440/HardcodedConditions.cc:3513:1: warning: control may reach end of non-void function [-Wreturn-type]
}
^
Error in <TNetXNGFile::Open>: [ERROR] Server responded with an error: [3011] Unable to open file /isilon/hadoop/store/group/bruxljm/FWLJMET102X_1lep2016_Feb2020/DYJetsToLL_M-50_HT-800to1200_TuneCUETP8M1_13TeV-madgraphMLM-pythia8/singleLep2016/200326_014101/0000/DYJetsToLL_M-50_HT-800to1200_TuneCUETP8M1_13TeV-madgraphMLM-pythia8_100.root; No such file or directory

In file included from input_line_10:1:
In file included from /isilon/condor/node525.hep.brown.edu/execute/dir_16440/makeStep1.C:2:
/isilon/condor/node525.hep.brown.edu/execute/dir_16440/HardcodedConditions.cc:3513:1: warning: control may reach end of non-void function [-Wreturn-type]
}
^
Error in <TNetXNGFile::Open>: [ERROR] Server responded with an error: [3011] Unable to open file /isilon/hadoop/store/group/bruxljm/FWLJMET102X_1lep2016_Feb2020/DYJetsToLL_M-50_HT-800to1200_TuneCUETP8M1_13TeV-madgraphMLM-pythia8/singleLep2016/200326_014101/0000/DYJetsToLL_M-50_HT-800to1200_TuneCUETP8M1_13TeV-madgraphMLM-pythia8_27.root; No such file or directory

In file included from input_line_10:1:
In file included from /isilon/condor/node525.hep.brown.edu/execute/dir_16440/makeStep1.C:2:
/isilon/condor/node525.hep.brown.edu/execute/dir_16440/HardcodedConditions.cc:3513:1: warning: control may reach end of non-void function [-Wreturn-type]
}
^
Error in <TNetXNGFile::Open>: [ERROR] Server responded with an error: [3011] Unable to open file /isilon/hadoop/store/group/bruxljm/FWLJMET102X_1lep2016_Feb2020/DYJetsToLL_M-50_HT-800to1200_TuneCUETP8M1_13TeV-madgraphMLM-pythia8/singleLep2016/200326_014101/0000/DYJetsToLL_M-50_HT-800to1200_TuneCUETP8M1_13TeV-madgraphMLM-pythia8_10.root; No such file or directory

In file included from input_line_10:1:
In file included from /isilon/condor/node525.hep.brown.edu/execute/dir_16440/makeStep1.C:2:
/isilon/condor/node525.hep.brown.edu/execute/dir_16440/HardcodedConditions.cc:3513:1: warning: control may reach end of non-void function [-Wreturn-type]
}
^
Error in <TNetXNGFile::Open>: [ERROR] Server responded with an error: [3011] Unable to open file /isilon/hadoop/store/group/bruxljm/FWLJMET102X_1lep2016_Feb2020/DYJetsToLL_M-50_HT-800to1200_TuneCUETP8M1_13TeV-madgraphMLM-pythia8/singleLep2016/200326_014101/0000/DYJetsToLL_M-50_HT-800to1200_TuneCUETP8M1_13TeV-madgraphMLM-pythia8_103.root; No such file or directory

In file included from input_line_10:1:
In file included from /isilon/condor/node525.hep.brown.edu/execute/dir_16440/makeStep1.C:2:
/isilon/condor/node525.hep.brown.edu/execute/dir_16440/HardcodedConditions.cc:3513:1: warning: control may reach end of non-void function [-Wreturn-type]
}
^
Error in <TNetXNGFile::Open>: [ERROR] Server responded with an error: [3011] Unable to open file /isilon/hadoop/store/group/bruxljm/FWLJMET102X_1lep2016_Feb2020/DYJetsToLL_M-50_HT-800to1200_TuneCUETP8M1_13TeV-madgraphMLM-pythia8/singleLep2016/200326_014101/0000/DYJetsToLL_M-50_HT-800to1200_TuneCUETP8M1_13TeV-madgraphMLM-pythia8_153.root; No such file or directory

In file included from input_line_10:1:
In file included from /isilon/condor/node525.hep.brown.edu/execute/dir_16440/makeStep1.C:2:
/isilon/condor/node525.hep.brown.edu/execute/dir_16440/HardcodedConditions.cc:3513:1: warning: control may reach end of non-void function [-Wreturn-type]
}
^
Error in <TNetXNGFile::Open>: [ERROR] Server responded with an error: [3011] Unable to open file /isilon/hadoop/store/group/bruxljm/FWLJMET102X_1lep2016_Feb2020/DYJetsToLL_M-50_HT-800to1200_TuneCUETP8M1_13TeV-madgraphMLM-pythia8/singleLep2016/200326_014101/0000/DYJetsToLL_M-50_HT-800to1200_TuneCUETP8M1_13TeV-madgraphMLM-pythia8_66.root; No such file or directory

In file included from input_line_10:1:
In file included from /isilon/condor/node525.hep.brown.edu/execute/dir_16440/makeStep1.C:2:
/isilon/condor/node525.hep.brown.edu/execute/dir_16440/HardcodedConditions.cc:3513:1: warning: control may reach end of non-void function [-Wreturn-type]
}
^
Error in <TNetXNGFile::Open>: [ERROR] Server responded with an error: [3011] Unable to open file /isilon/hadoop/store/group/bruxljm/FWLJMET102X_1lep2016_Feb2020/DYJetsToLL_M-50_HT-800to1200_TuneCUETP8M1_13TeV-madgraphMLM-pythia8/singleLep2016/200326_014101/0000/DYJetsToLL_M-50_HT-800to1200_TuneCUETP8M1_13TeV-madgraphMLM-pythia8_70.root; No such file or directory

In file included from input_line_10:1:
In file included from /isilon/condor/node525.hep.brown.edu/execute/dir_16440/makeStep1.C:2:
/isilon/condor/node525.hep.brown.edu/execute/dir_16440/HardcodedConditions.cc:3513:1: warning: control may reach end of non-void function [-Wreturn-type]
}
^
Error in <TNetXNGFile::Open>: [ERROR] Server responded with an error: [3011] Unable to open file /isilon/hadoop/store/group/bruxljm/FWLJMET102X_1lep2016_Feb2020/DYJetsToLL_M-50_HT-800to1200_TuneCUETP8M1_13TeV-madgraphMLM-pythia8/singleLep2016/200326_014101/0000/DYJetsToLL_M-50_HT-800to1200_TuneCUETP8M1_13TeV-madgraphMLM-pythia8_12.root; No such file or directory

In file included from input_line_10:1:
In file included from /isilon/condor/node525.hep.brown.edu/execute/dir_16440/makeStep1.C:2:
/isilon/condor/node525.hep.brown.edu/execute/dir_16440/HardcodedConditions.cc:3513:1: warning: control may reach end of non-void function [-Wreturn-type]
}
^
Error in <TNetXNGFile::Open>: [ERROR] Server responded with an error: [3011] Unable to open file /isilon/hadoop/store/group/bruxljm/FWLJMET102X_1lep2016_Feb2020/DYJetsToLL_M-50_HT-800to1200_TuneCUETP8M1_13TeV-madgraphMLM-pythia8/singleLep2016/200326_014101/0000/DYJetsToLL_M-50_HT-800to1200_TuneCUETP8M1_13TeV-madgraphMLM-pythia8_11.root; No such file or directory

In file included from input_line_10:1:
In file included from /isilon/condor/node525.hep.brown.edu/execute/dir_16440/makeStep1.C:2:
/isilon/condor/node525.hep.brown.edu/execute/dir_16440/HardcodedConditions.cc:3513:1: warning: control may reach end of non-void function [-Wreturn-type]
}
^
Error in <TNetXNGFile::Open>: [ERROR] Server responded with an error: [3011] Unable to open file /isilon/hadoop/store/group/bruxljm/FWLJMET102X_1lep2016_Feb2020/DYJetsToLL_M-50_HT-800to1200_TuneCUETP8M1_13TeV-madgraphMLM-pythia8/singleLep2016/200326_014101/0000/DYJetsToLL_M-50_HT-800to1200_TuneCUETP8M1_13TeV-madgraphMLM-pythia8_25.root; No such file or directory

In file included from input_line_10:1:
In file included from /isilon/condor/node525.hep.brown.edu/execute/dir_16440/makeStep1.C:2:
/isilon/condor/node525.hep.brown.edu/execute/dir_16440/HardcodedConditions.cc:3513:1: warning: control may reach end of non-void function [-Wreturn-type]
}
^
Error in <TNetXNGFile::Open>: [ERROR] Server responded with an error: [3011] Unable to open file /isilon/hadoop/store/group/bruxljm/FWLJMET102X_1lep2016_Feb2020/DYJetsToLL_M-50_HT-800to1200_TuneCUETP8M1_13TeV-madgraphMLM-pythia8/singleLep2016/200326_014101/0000/DYJetsToLL_M-50_HT-800to1200_TuneCUETP8M1_13TeV-madgraphMLM-pythia8_185.root; No such file or directory

In file included from input_line_10:1:
In file included from /isilon/condor/node525.hep.brown.edu/execute/dir_16440/makeStep1.C:2:
/isilon/condor/node525.hep.brown.edu/execute/dir_16440/HardcodedConditions.cc:3513:1: warning: control may reach end of non-void function [-Wreturn-type]
}
^
Error in <TNetXNGFile::Open>: [ERROR] Server responded with an error: [3011] Unable to open file /isilon/hadoop/store/group/bruxljm/FWLJMET102X_1lep2016_Feb2020/DYJetsToLL_M-50_HT-800to1200_TuneCUETP8M1_13TeV-madgraphMLM-pythia8/singleLep2016/200326_014101/0000/DYJetsToLL_M-50_HT-800to1200_TuneCUETP8M1_13TeV-madgraphMLM-pythia8_152.root; No such file or directory

In file included from input_line_10:1:
In file included from /isilon/condor/node525.hep.brown.edu/execute/dir_16440/makeStep1.C:2:
/isilon/condor/node525.hep.brown.edu/execute/dir_16440/HardcodedConditions.cc:3513:1: warning: control may reach end of non-void function [-Wreturn-type]
}
^
Error in <TNetXNGFile::Open>: [ERROR] Server responded with an error: [3011] Unable to open file /isilon/hadoop/store/group/bruxljm/FWLJMET102X_1lep2016_Feb2020/DYJetsToLL_M-50_HT-800to1200_TuneCUETP8M1_13TeV-madgraphMLM-pythia8/singleLep2016/200326_014101/0000/DYJetsToLL_M-50_HT-800to1200_TuneCUETP8M1_13TeV-madgraphMLM-pythia8_98.root; No such file or directory

In file included from input_line_10:1:
In file included from /isilon/condor/node525.hep.brown.edu/execute/dir_16440/makeStep1.C:2:
/isilon/condor/node525.hep.brown.edu/execute/dir_16440/HardcodedConditions.cc:3513:1: warning: control may reach end of non-void function [-Wreturn-type]
}
^
Error in <TNetXNGFile::Open>: [ERROR] Server responded with an error: [3011] Unable to open file /isilon/hadoop/store/group/bruxljm/FWLJMET102X_1lep2016_Feb2020/DYJetsToLL_M-50_HT-800to1200_TuneCUETP8M1_13TeV-madgraphMLM-pythia8/singleLep2016/200326_014101/0000/DYJetsToLL_M-50_HT-800to1200_TuneCUETP8M1_13TeV-madgraphMLM-pythia8_13.root; No such file or directory

In file included from input_line_10:1:
In file included from /isilon/condor/node525.hep.brown.edu/execute/dir_16440/makeStep1.C:2:
/isilon/condor/node525.hep.brown.edu/execute/dir_16440/HardcodedConditions.cc:3513:1: warning: control may reach end of non-void function [-Wreturn-type]
}
^
Error in <TNetXNGFile::Open>: [ERROR] Server responded with an error: [3011] Unable to open file /isilon/hadoop/store/group/bruxljm/FWLJMET102X_1lep2016_Feb2020/DYJetsToLL_M-50_HT-800to1200_TuneCUETP8M1_13TeV-madgraphMLM-pythia8/singleLep2016/200326_014101/0000/DYJetsToLL_M-50_HT-800to1200_TuneCUETP8M1_13TeV-madgraphMLM-pythia8_115.root; No such file or directory

In file included from input_line_10:1:
In file included from /isilon/condor/node525.hep.brown.edu/execute/dir_16440/makeStep1.C:2:
/isilon/condor/node525.hep.brown.edu/execute/dir_16440/HardcodedConditions.cc:3513:1: warning: control may reach end of non-void function [-Wreturn-type]
}
^
Error in <TNetXNGFile::Open>: [ERROR] Server responded with an error: [3011] Unable to open file /isilon/hadoop/store/group/bruxljm/FWLJMET102X_1lep2016_Feb2020/DYJetsToLL_M-50_HT-800to1200_TuneCUETP8M1_13TeV-madgraphMLM-pythia8/singleLep2016/200326_014101/0000/DYJetsToLL_M-50_HT-800to1200_TuneCUETP8M1_13TeV-madgraphMLM-pythia8_173.root; No such file or directory

In file included from input_line_10:1:
In file included from /isilon/condor/node525.hep.brown.edu/execute/dir_16440/makeStep1.C:2:
/isilon/condor/node525.hep.brown.edu/execute/dir_16440/HardcodedConditions.cc:3513:1: warning: control may reach end of non-void function [-Wreturn-type]
}
^
Error in <TNetXNGFile::Open>: [ERROR] Server responded with an error: [3011] Unable to open file /isilon/hadoop/store/group/bruxljm/FWLJMET102X_1lep2016_Feb2020/DYJetsToLL_M-50_HT-800to1200_TuneCUETP8M1_13TeV-madgraphMLM-pythia8/singleLep2016/200326_014101/0000/DYJetsToLL_M-50_HT-800to1200_TuneCUETP8M1_13TeV-madgraphMLM-pythia8_111.root; No such file or directory

In file included from input_line_10:1:
In file included from /isilon/condor/node525.hep.brown.edu/execute/dir_16440/makeStep1.C:2:
/isilon/condor/node525.hep.brown.edu/execute/dir_16440/HardcodedConditions.cc:3513:1: warning: control may reach end of non-void function [-Wreturn-type]
}
^
Error in <TNetXNGFile::Open>: [ERROR] Server responded with an error: [3011] Unable to open file /isilon/hadoop/store/group/bruxljm/FWLJMET102X_1lep2016_Feb2020/DYJetsToLL_M-50_HT-800to1200_TuneCUETP8M1_13TeV-madgraphMLM-pythia8/singleLep2016/200326_014101/0000/DYJetsToLL_M-50_HT-800to1200_TuneCUETP8M1_13TeV-madgraphMLM-pythia8_149.root; No such file or directory

In file included from input_line_10:1:
In file included from /isilon/condor/node525.hep.brown.edu/execute/dir_16440/makeStep1.C:2:
/isilon/condor/node525.hep.brown.edu/execute/dir_16440/HardcodedConditions.cc:3513:1: warning: control may reach end of non-void function [-Wreturn-type]
}
^
Error in <TNetXNGFile::Open>: [ERROR] Server responded with an error: [3011] Unable to open file /isilon/hadoop/store/group/bruxljm/FWLJMET102X_1lep2016_Feb2020/DYJetsToLL_M-50_HT-800to1200_TuneCUETP8M1_13TeV-madgraphMLM-pythia8/singleLep2016/200326_014101/0000/DYJetsToLL_M-50_HT-800to1200_TuneCUETP8M1_13TeV-madgraphMLM-pythia8_114.root; No such file or directory

In file included from input_line_10:1:
In file included from /isilon/condor/node525.hep.brown.edu/execute/dir_16440/makeStep1.C:2:
/isilon/condor/node525.hep.brown.edu/execute/dir_16440/HardcodedConditions.cc:3513:1: warning: control may reach end of non-void function [-Wreturn-type]
}
^
Error in <TNetXNGFile::Open>: [ERROR] Server responded with an error: [3011] Unable to open file /isilon/hadoop/store/group/bruxljm/FWLJMET102X_1lep2016_Feb2020/DYJetsToLL_M-50_HT-800to1200_TuneCUETP8M1_13TeV-madgraphMLM-pythia8/singleLep2016/200326_014101/0000/DYJetsToLL_M-50_HT-800to1200_TuneCUETP8M1_13TeV-madgraphMLM-pythia8_69.root; No such file or directory

In file included from input_line_10:1:
In file included from /isilon/condor/node525.hep.brown.edu/execute/dir_16440/makeStep1.C:2:
/isilon/condor/node525.hep.brown.edu/execute/dir_16440/HardcodedConditions.cc:3513:1: warning: control may reach end of non-void function [-Wreturn-type]
}
^
Error in <TNetXNGFile::Open>: [ERROR] Server responded with an error: [3011] Unable to open file /isilon/hadoop/store/group/bruxljm/FWLJMET102X_1lep2016_Feb2020/DYJetsToLL_M-50_HT-800to1200_TuneCUETP8M1_13TeV-madgraphMLM-pythia8/singleLep2016/200326_014101/0000/DYJetsToLL_M-50_HT-800to1200_TuneCUETP8M1_13TeV-madgraphMLM-pythia8_40.root; No such file or directory

In file included from input_line_10:1:
In file included from /isilon/condor/node525.hep.brown.edu/execute/dir_16440/makeStep1.C:2:
/isilon/condor/node525.hep.brown.edu/execute/dir_16440/HardcodedConditions.cc:3513:1: warning: control may reach end of non-void function [-Wreturn-type]
}
^
Error in <TNetXNGFile::Open>: [ERROR] Server responded with an error: [3011] Unable to open file /isilon/hadoop/store/group/bruxljm/FWLJMET102X_1lep2016_Feb2020/DYJetsToLL_M-50_HT-800to1200_TuneCUETP8M1_13TeV-madgraphMLM-pythia8/singleLep2016/200326_014101/0000/DYJetsToLL_M-50_HT-800to1200_TuneCUETP8M1_13TeV-madgraphMLM-pythia8_49.root; No such file or directory

In file included from input_line_10:1:
In file included from /isilon/condor/node525.hep.brown.edu/execute/dir_16440/makeStep1.C:2:
/isilon/condor/node525.hep.brown.edu/execute/dir_16440/HardcodedConditions.cc:3513:1: warning: control may reach end of non-void function [-Wreturn-type]
}
^
Error in <TNetXNGFile::Open>: [ERROR] Server responded with an error: [3011] Unable to open file /isilon/hadoop/store/group/bruxljm/FWLJMET102X_1lep2016_Feb2020/DYJetsToLL_M-50_HT-800to1200_TuneCUETP8M1_13TeV-madgraphMLM-pythia8/singleLep2016/200326_014101/0000/DYJetsToLL_M-50_HT-800to1200_TuneCUETP8M1_13TeV-madgraphMLM-pythia8_21.root; No such file or directory

In file included from input_line_10:1:
In file included from /isilon/condor/node525.hep.brown.edu/execute/dir_16440/makeStep1.C:2:
/isilon/condor/node525.hep.brown.edu/execute/dir_16440/HardcodedConditions.cc:3513:1: warning: control may reach end of non-void function [-Wreturn-type]
}
^
Error in <TNetXNGFile::Open>: [ERROR] Server responded with an error: [3011] Unable to open file /isilon/hadoop/store/group/bruxljm/FWLJMET102X_1lep2016_Feb2020/DYJetsToLL_M-50_HT-800to1200_TuneCUETP8M1_13TeV-madgraphMLM-pythia8/singleLep2016/200326_014101/0000/DYJetsToLL_M-50_HT-800to1200_TuneCUETP8M1_13TeV-madgraphMLM-pythia8_61.root; No such file or directory

ls: cannot access *.root: No such file or directory
Error in <TFile::TFile>: file *nominal.root does not exist
Error in <TFileMerger::AddFile>: cannot open file *nominal.root
hadd exiting due to error in *nominal.root
rm: cannot remove '*nominal.root': No such file or directory
Error in <TFile::TFile>: file *JECup.root does not exist
Error in <TFileMerger::AddFile>: cannot open file *JECup.root
hadd exiting due to error in *JECup.root
rm: cannot remove '*JECup.root': No such file or directory
Error in <TFile::TFile>: file *JECdown.root does not exist
Error in <TFileMerger::AddFile>: cannot open file *JECdown.root
hadd exiting due to error in *JECdown.root
rm: cannot remove '*JECdown.root': No such file or directory
Error in <TFile::TFile>: file *JERup.root does not exist
Error in <TFileMerger::AddFile>: cannot open file *JERup.root
hadd exiting due to error in *JERup.root
rm: cannot remove '*JERup.root': No such file or directory
Error in <TFile::TFile>: file *JERdown.root does not exist
Error in <TFileMerger::AddFile>: cannot open file *JERdown.root
hadd exiting due to error in *JERdown.root
rm: cannot remove '*JERdown.root': No such file or directory
