000 (642139.000.000) 09/25 19:57:58 Job submitted from host: <172.20.3.198:9618?addrs=172.20.3.198-9618&noUDP&sock=160905_0664_3>
...
001 (642139.000.000) 09/25 19:58:18 Job executing on host: <172.20.201.25:9618?addrs=172.20.201.25-9618+[--1]-9618&noUDP&sock=3051_4f8a_3>
...
006 (642139.000.000) 09/25 19:58:28 Image size of job updated: 12052
	12  -  MemoryUsage of job (MB)
	12052  -  ResidentSetSize of job (KB)
...
006 (642139.000.000) 09/25 20:03:28 Image size of job updated: 127144
	119  -  MemoryUsage of job (MB)
	121652  -  ResidentSetSize of job (KB)
...
006 (642139.000.000) 09/25 20:05:37 Image size of job updated: 468344
	120  -  MemoryUsage of job (MB)
	122180  -  ResidentSetSize of job (KB)
...
005 (642139.000.000) 09/25 20:06:00 Job terminated.
	(1) Normal termination (return value 0)
		Usr 0 00:02:14, Sys 0 00:00:20  -  Run Remote Usage
		Usr 0 00:00:00, Sys 0 00:00:00  -  Run Local Usage
		Usr 0 00:02:14, Sys 0 00:00:20  -  Total Remote Usage
		Usr 0 00:00:00, Sys 0 00:00:00  -  Total Local Usage
	772598  -  Run Bytes Sent By Job
	717111  -  Run Bytes Received By Job
	772598  -  Total Bytes Sent By Job
	717111  -  Total Bytes Received By Job
	Partitionable Resources :    Usage  Request  Allocated
	   Cpus                 :                 1          1
	   Disk (KB)            :     1956      750 3471977760
	   Memory (MB)          :      120        1       4025
...
