000 (642137.000.000) 09/25 19:57:55 Job submitted from host: <172.20.3.198:9618?addrs=172.20.3.198-9618&noUDP&sock=160905_0664_3>
...
001 (642137.000.000) 09/25 19:58:19 Job executing on host: <172.20.201.25:9618?addrs=172.20.201.25-9618+[--1]-9618&noUDP&sock=3051_4f8a_3>
...
006 (642137.000.000) 09/25 19:58:27 Image size of job updated: 12048
	12  -  MemoryUsage of job (MB)
	12048  -  ResidentSetSize of job (KB)
...
006 (642137.000.000) 09/25 20:03:27 Image size of job updated: 63416
	45  -  MemoryUsage of job (MB)
	45672  -  ResidentSetSize of job (KB)
...
006 (642137.000.000) 09/25 20:03:31 Image size of job updated: 63416
	46  -  MemoryUsage of job (MB)
	46872  -  ResidentSetSize of job (KB)
...
005 (642137.000.000) 09/25 20:03:33 Job terminated.
	(1) Normal termination (return value 0)
		Usr 0 00:02:13, Sys 0 00:00:20  -  Run Remote Usage
		Usr 0 00:00:00, Sys 0 00:00:00  -  Run Local Usage
		Usr 0 00:02:13, Sys 0 00:00:20  -  Total Remote Usage
		Usr 0 00:00:00, Sys 0 00:00:00  -  Total Local Usage
	772563  -  Run Bytes Sent By Job
	717111  -  Run Bytes Received By Job
	772563  -  Total Bytes Sent By Job
	717111  -  Total Bytes Received By Job
	Partitionable Resources :    Usage  Request  Allocated
	   Cpus                 :                 1          1
	   Disk (KB)            :     1956      750 3471977760
	   Memory (MB)          :       46        1       4025
...
