000 (642143.000.000) 09/25 19:58:04 Job submitted from host: <172.20.3.198:9618?addrs=172.20.3.198-9618&noUDP&sock=160905_0664_3>
...
001 (642143.000.000) 09/25 19:58:21 Job executing on host: <172.20.201.42:9618?addrs=172.20.201.42-9618+[--1]-9618&noUDP&sock=3142_baa8_3>
...
006 (642143.000.000) 09/25 19:58:31 Image size of job updated: 11980
	12  -  MemoryUsage of job (MB)
	11980  -  ResidentSetSize of job (KB)
...
005 (642143.000.000) 09/25 20:01:51 Job terminated.
	(1) Normal termination (return value 0)
		Usr 0 00:00:44, Sys 0 00:00:07  -  Run Remote Usage
		Usr 0 00:00:00, Sys 0 00:00:00  -  Run Local Usage
		Usr 0 00:00:44, Sys 0 00:00:07  -  Total Remote Usage
		Usr 0 00:00:00, Sys 0 00:00:00  -  Total Local Usage
	734150  -  Run Bytes Sent By Job
	717111  -  Run Bytes Received By Job
	734150  -  Total Bytes Sent By Job
	717111  -  Total Bytes Received By Job
	Partitionable Resources :    Usage  Request  Allocated
	   Cpus                 :                 1          1
	   Disk (KB)            :     1918      750 3471969024
	   Memory (MB)          :       12        1       4025
...
