WARNING: In non-interactive mode release checks e.g. deprecated releases, production architectures are disabled.
Info in <TUnixSystem::ACLiC>: creating shared library /isilon/condor/node542.hep.brown.edu/execute/dir_1443/./HardcodedConditions_cc.so
In file included from input_line_12:9:
././HardcodedConditions.cc:3513:1: warning: control may reach end of non-void function [-Wreturn-type]
}
^
Info in <TUnixSystem::ACLiC>: creating shared library /isilon/condor/node542.hep.brown.edu/execute/dir_1443/./step1_cc.so
In file included from input_line_10:1:
In file included from /isilon/condor/node542.hep.brown.edu/execute/dir_1443/makeStep1.C:2:
/isilon/condor/node542.hep.brown.edu/execute/dir_1443/HardcodedConditions.cc:3513:1: warning: control may reach end of non-void function [-Wreturn-type]
}
^
Error in <TNetXNGFile::Open>: [ERROR] Server responded with an error: [3011] Unable to open file /isilon/hadoop/store/group/bruxljm/FWLJMET102X_1lep2016_Feb2020/DYJetsToLL_M-50_HT-800to1200_TuneCUETP8M1_13TeV-madgraphMLM-pythia8/singleLep2016/200326_014101/0000/DYJetsToLL_M-50_HT-800to1200_TuneCUETP8M1_13TeV-madgraphMLM-pythia8_156.root; No such file or directory

In file included from input_line_10:1:
In file included from /isilon/condor/node542.hep.brown.edu/execute/dir_1443/makeStep1.C:2:
/isilon/condor/node542.hep.brown.edu/execute/dir_1443/HardcodedConditions.cc:3513:1: warning: control may reach end of non-void function [-Wreturn-type]
}
^
Error in <TNetXNGFile::Open>: [ERROR] Server responded with an error: [3011] Unable to open file /isilon/hadoop/store/group/bruxljm/FWLJMET102X_1lep2016_Feb2020/DYJetsToLL_M-50_HT-800to1200_TuneCUETP8M1_13TeV-madgraphMLM-pythia8/singleLep2016/200326_014101/0000/DYJetsToLL_M-50_HT-800to1200_TuneCUETP8M1_13TeV-madgraphMLM-pythia8_150.root; No such file or directory

In file included from input_line_10:1:
In file included from /isilon/condor/node542.hep.brown.edu/execute/dir_1443/makeStep1.C:2:
/isilon/condor/node542.hep.brown.edu/execute/dir_1443/HardcodedConditions.cc:3513:1: warning: control may reach end of non-void function [-Wreturn-type]
}
^
Error in <TNetXNGFile::Open>: [ERROR] Server responded with an error: [3011] Unable to open file /isilon/hadoop/store/group/bruxljm/FWLJMET102X_1lep2016_Feb2020/DYJetsToLL_M-50_HT-800to1200_TuneCUETP8M1_13TeV-madgraphMLM-pythia8/singleLep2016/200326_014101/0000/DYJetsToLL_M-50_HT-800to1200_TuneCUETP8M1_13TeV-madgraphMLM-pythia8_56.root; No such file or directory

In file included from input_line_10:1:
In file included from /isilon/condor/node542.hep.brown.edu/execute/dir_1443/makeStep1.C:2:
/isilon/condor/node542.hep.brown.edu/execute/dir_1443/HardcodedConditions.cc:3513:1: warning: control may reach end of non-void function [-Wreturn-type]
}
^
Error in <TNetXNGFile::Open>: [ERROR] Server responded with an error: [3011] Unable to open file /isilon/hadoop/store/group/bruxljm/FWLJMET102X_1lep2016_Feb2020/DYJetsToLL_M-50_HT-800to1200_TuneCUETP8M1_13TeV-madgraphMLM-pythia8/singleLep2016/200326_014101/0000/DYJetsToLL_M-50_HT-800to1200_TuneCUETP8M1_13TeV-madgraphMLM-pythia8_17.root; No such file or directory

In file included from input_line_10:1:
In file included from /isilon/condor/node542.hep.brown.edu/execute/dir_1443/makeStep1.C:2:
/isilon/condor/node542.hep.brown.edu/execute/dir_1443/HardcodedConditions.cc:3513:1: warning: control may reach end of non-void function [-Wreturn-type]
}
^
Error in <TNetXNGFile::Open>: [ERROR] Server responded with an error: [3011] Unable to open file /isilon/hadoop/store/group/bruxljm/FWLJMET102X_1lep2016_Feb2020/DYJetsToLL_M-50_HT-800to1200_TuneCUETP8M1_13TeV-madgraphMLM-pythia8/singleLep2016/200326_014101/0000/DYJetsToLL_M-50_HT-800to1200_TuneCUETP8M1_13TeV-madgraphMLM-pythia8_148.root; No such file or directory

In file included from input_line_10:1:
In file included from /isilon/condor/node542.hep.brown.edu/execute/dir_1443/makeStep1.C:2:
/isilon/condor/node542.hep.brown.edu/execute/dir_1443/HardcodedConditions.cc:3513:1: warning: control may reach end of non-void function [-Wreturn-type]
}
^
Error in <TNetXNGFile::Open>: [ERROR] Server responded with an error: [3011] Unable to open file /isilon/hadoop/store/group/bruxljm/FWLJMET102X_1lep2016_Feb2020/DYJetsToLL_M-50_HT-800to1200_TuneCUETP8M1_13TeV-madgraphMLM-pythia8/singleLep2016/200326_014101/0000/DYJetsToLL_M-50_HT-800to1200_TuneCUETP8M1_13TeV-madgraphMLM-pythia8_110.root; No such file or directory

In file included from input_line_10:1:
In file included from /isilon/condor/node542.hep.brown.edu/execute/dir_1443/makeStep1.C:2:
/isilon/condor/node542.hep.brown.edu/execute/dir_1443/HardcodedConditions.cc:3513:1: warning: control may reach end of non-void function [-Wreturn-type]
}
^
Error in <TNetXNGFile::Open>: [ERROR] Server responded with an error: [3011] Unable to open file /isilon/hadoop/store/group/bruxljm/FWLJMET102X_1lep2016_Feb2020/DYJetsToLL_M-50_HT-800to1200_TuneCUETP8M1_13TeV-madgraphMLM-pythia8/singleLep2016/200326_014101/0000/DYJetsToLL_M-50_HT-800to1200_TuneCUETP8M1_13TeV-madgraphMLM-pythia8_91.root; No such file or directory

In file included from input_line_10:1:
In file included from /isilon/condor/node542.hep.brown.edu/execute/dir_1443/makeStep1.C:2:
/isilon/condor/node542.hep.brown.edu/execute/dir_1443/HardcodedConditions.cc:3513:1: warning: control may reach end of non-void function [-Wreturn-type]
}
^
Error in <TNetXNGFile::Open>: [ERROR] Server responded with an error: [3011] Unable to open file /isilon/hadoop/store/group/bruxljm/FWLJMET102X_1lep2016_Feb2020/DYJetsToLL_M-50_HT-800to1200_TuneCUETP8M1_13TeV-madgraphMLM-pythia8/singleLep2016/200326_014101/0000/DYJetsToLL_M-50_HT-800to1200_TuneCUETP8M1_13TeV-madgraphMLM-pythia8_93.root; No such file or directory

In file included from input_line_10:1:
In file included from /isilon/condor/node542.hep.brown.edu/execute/dir_1443/makeStep1.C:2:
/isilon/condor/node542.hep.brown.edu/execute/dir_1443/HardcodedConditions.cc:3513:1: warning: control may reach end of non-void function [-Wreturn-type]
}
^
Error in <TNetXNGFile::Open>: [ERROR] Server responded with an error: [3011] Unable to open file /isilon/hadoop/store/group/bruxljm/FWLJMET102X_1lep2016_Feb2020/DYJetsToLL_M-50_HT-800to1200_TuneCUETP8M1_13TeV-madgraphMLM-pythia8/singleLep2016/200326_014101/0000/DYJetsToLL_M-50_HT-800to1200_TuneCUETP8M1_13TeV-madgraphMLM-pythia8_134.root; No such file or directory

In file included from input_line_10:1:
In file included from /isilon/condor/node542.hep.brown.edu/execute/dir_1443/makeStep1.C:2:
/isilon/condor/node542.hep.brown.edu/execute/dir_1443/HardcodedConditions.cc:3513:1: warning: control may reach end of non-void function [-Wreturn-type]
}
^
Error in <TNetXNGFile::Open>: [ERROR] Server responded with an error: [3011] Unable to open file /isilon/hadoop/store/group/bruxljm/FWLJMET102X_1lep2016_Feb2020/DYJetsToLL_M-50_HT-800to1200_TuneCUETP8M1_13TeV-madgraphMLM-pythia8/singleLep2016/200326_014101/0000/DYJetsToLL_M-50_HT-800to1200_TuneCUETP8M1_13TeV-madgraphMLM-pythia8_65.root; No such file or directory

In file included from input_line_10:1:
In file included from /isilon/condor/node542.hep.brown.edu/execute/dir_1443/makeStep1.C:2:
/isilon/condor/node542.hep.brown.edu/execute/dir_1443/HardcodedConditions.cc:3513:1: warning: control may reach end of non-void function [-Wreturn-type]
}
^
Error in <TNetXNGFile::Open>: [ERROR] Server responded with an error: [3011] Unable to open file /isilon/hadoop/store/group/bruxljm/FWLJMET102X_1lep2016_Feb2020/DYJetsToLL_M-50_HT-800to1200_TuneCUETP8M1_13TeV-madgraphMLM-pythia8/singleLep2016/200326_014101/0000/DYJetsToLL_M-50_HT-800to1200_TuneCUETP8M1_13TeV-madgraphMLM-pythia8_16.root; No such file or directory

In file included from input_line_10:1:
In file included from /isilon/condor/node542.hep.brown.edu/execute/dir_1443/makeStep1.C:2:
/isilon/condor/node542.hep.brown.edu/execute/dir_1443/HardcodedConditions.cc:3513:1: warning: control may reach end of non-void function [-Wreturn-type]
}
^
Error in <TNetXNGFile::Open>: [ERROR] Server responded with an error: [3011] Unable to open file /isilon/hadoop/store/group/bruxljm/FWLJMET102X_1lep2016_Feb2020/DYJetsToLL_M-50_HT-800to1200_TuneCUETP8M1_13TeV-madgraphMLM-pythia8/singleLep2016/200326_014101/0000/DYJetsToLL_M-50_HT-800to1200_TuneCUETP8M1_13TeV-madgraphMLM-pythia8_8.root; No such file or directory

In file included from input_line_10:1:
In file included from /isilon/condor/node542.hep.brown.edu/execute/dir_1443/makeStep1.C:2:
/isilon/condor/node542.hep.brown.edu/execute/dir_1443/HardcodedConditions.cc:3513:1: warning: control may reach end of non-void function [-Wreturn-type]
}
^
Error in <TNetXNGFile::Open>: [ERROR] Server responded with an error: [3011] Unable to open file /isilon/hadoop/store/group/bruxljm/FWLJMET102X_1lep2016_Feb2020/DYJetsToLL_M-50_HT-800to1200_TuneCUETP8M1_13TeV-madgraphMLM-pythia8/singleLep2016/200326_014101/0000/DYJetsToLL_M-50_HT-800to1200_TuneCUETP8M1_13TeV-madgraphMLM-pythia8_171.root; No such file or directory

In file included from input_line_10:1:
In file included from /isilon/condor/node542.hep.brown.edu/execute/dir_1443/makeStep1.C:2:
/isilon/condor/node542.hep.brown.edu/execute/dir_1443/HardcodedConditions.cc:3513:1: warning: control may reach end of non-void function [-Wreturn-type]
}
^
Error in <TNetXNGFile::Open>: [ERROR] Server responded with an error: [3011] Unable to open file /isilon/hadoop/store/group/bruxljm/FWLJMET102X_1lep2016_Feb2020/DYJetsToLL_M-50_HT-800to1200_TuneCUETP8M1_13TeV-madgraphMLM-pythia8/singleLep2016/200326_014101/0000/DYJetsToLL_M-50_HT-800to1200_TuneCUETP8M1_13TeV-madgraphMLM-pythia8_172.root; No such file or directory

In file included from input_line_10:1:
In file included from /isilon/condor/node542.hep.brown.edu/execute/dir_1443/makeStep1.C:2:
/isilon/condor/node542.hep.brown.edu/execute/dir_1443/HardcodedConditions.cc:3513:1: warning: control may reach end of non-void function [-Wreturn-type]
}
^
Error in <TNetXNGFile::Open>: [ERROR] Server responded with an error: [3011] Unable to open file /isilon/hadoop/store/group/bruxljm/FWLJMET102X_1lep2016_Feb2020/DYJetsToLL_M-50_HT-800to1200_TuneCUETP8M1_13TeV-madgraphMLM-pythia8/singleLep2016/200326_014101/0000/DYJetsToLL_M-50_HT-800to1200_TuneCUETP8M1_13TeV-madgraphMLM-pythia8_63.root; No such file or directory

In file included from input_line_10:1:
In file included from /isilon/condor/node542.hep.brown.edu/execute/dir_1443/makeStep1.C:2:
/isilon/condor/node542.hep.brown.edu/execute/dir_1443/HardcodedConditions.cc:3513:1: warning: control may reach end of non-void function [-Wreturn-type]
}
^
Error in <TNetXNGFile::Open>: [ERROR] Server responded with an error: [3011] Unable to open file /isilon/hadoop/store/group/bruxljm/FWLJMET102X_1lep2016_Feb2020/DYJetsToLL_M-50_HT-800to1200_TuneCUETP8M1_13TeV-madgraphMLM-pythia8/singleLep2016/200326_014101/0000/DYJetsToLL_M-50_HT-800to1200_TuneCUETP8M1_13TeV-madgraphMLM-pythia8_28.root; No such file or directory

In file included from input_line_10:1:
In file included from /isilon/condor/node542.hep.brown.edu/execute/dir_1443/makeStep1.C:2:
/isilon/condor/node542.hep.brown.edu/execute/dir_1443/HardcodedConditions.cc:3513:1: warning: control may reach end of non-void function [-Wreturn-type]
}
^
Error in <TNetXNGFile::Open>: [ERROR] Server responded with an error: [3011] Unable to open file /isilon/hadoop/store/group/bruxljm/FWLJMET102X_1lep2016_Feb2020/DYJetsToLL_M-50_HT-800to1200_TuneCUETP8M1_13TeV-madgraphMLM-pythia8/singleLep2016/200326_014101/0000/DYJetsToLL_M-50_HT-800to1200_TuneCUETP8M1_13TeV-madgraphMLM-pythia8_129.root; No such file or directory

In file included from input_line_10:1:
In file included from /isilon/condor/node542.hep.brown.edu/execute/dir_1443/makeStep1.C:2:
/isilon/condor/node542.hep.brown.edu/execute/dir_1443/HardcodedConditions.cc:3513:1: warning: control may reach end of non-void function [-Wreturn-type]
}
^
Error in <TNetXNGFile::Open>: [ERROR] Server responded with an error: [3011] Unable to open file /isilon/hadoop/store/group/bruxljm/FWLJMET102X_1lep2016_Feb2020/DYJetsToLL_M-50_HT-800to1200_TuneCUETP8M1_13TeV-madgraphMLM-pythia8/singleLep2016/200326_014101/0000/DYJetsToLL_M-50_HT-800to1200_TuneCUETP8M1_13TeV-madgraphMLM-pythia8_144.root; No such file or directory

In file included from input_line_10:1:
In file included from /isilon/condor/node542.hep.brown.edu/execute/dir_1443/makeStep1.C:2:
/isilon/condor/node542.hep.brown.edu/execute/dir_1443/HardcodedConditions.cc:3513:1: warning: control may reach end of non-void function [-Wreturn-type]
}
^
Error in <TNetXNGFile::Open>: [ERROR] Server responded with an error: [3011] Unable to open file /isilon/hadoop/store/group/bruxljm/FWLJMET102X_1lep2016_Feb2020/DYJetsToLL_M-50_HT-800to1200_TuneCUETP8M1_13TeV-madgraphMLM-pythia8/singleLep2016/200326_014101/0000/DYJetsToLL_M-50_HT-800to1200_TuneCUETP8M1_13TeV-madgraphMLM-pythia8_83.root; No such file or directory

In file included from input_line_10:1:
In file included from /isilon/condor/node542.hep.brown.edu/execute/dir_1443/makeStep1.C:2:
/isilon/condor/node542.hep.brown.edu/execute/dir_1443/HardcodedConditions.cc:3513:1: warning: control may reach end of non-void function [-Wreturn-type]
}
^
Error in <TNetXNGFile::Open>: [ERROR] Server responded with an error: [3011] Unable to open file /isilon/hadoop/store/group/bruxljm/FWLJMET102X_1lep2016_Feb2020/DYJetsToLL_M-50_HT-800to1200_TuneCUETP8M1_13TeV-madgraphMLM-pythia8/singleLep2016/200326_014101/0000/DYJetsToLL_M-50_HT-800to1200_TuneCUETP8M1_13TeV-madgraphMLM-pythia8_121.root; No such file or directory

In file included from input_line_10:1:
In file included from /isilon/condor/node542.hep.brown.edu/execute/dir_1443/makeStep1.C:2:
/isilon/condor/node542.hep.brown.edu/execute/dir_1443/HardcodedConditions.cc:3513:1: warning: control may reach end of non-void function [-Wreturn-type]
}
^
Error in <TNetXNGFile::Open>: [ERROR] Server responded with an error: [3011] Unable to open file /isilon/hadoop/store/group/bruxljm/FWLJMET102X_1lep2016_Feb2020/DYJetsToLL_M-50_HT-800to1200_TuneCUETP8M1_13TeV-madgraphMLM-pythia8/singleLep2016/200326_014101/0000/DYJetsToLL_M-50_HT-800to1200_TuneCUETP8M1_13TeV-madgraphMLM-pythia8_140.root; No such file or directory

In file included from input_line_10:1:
In file included from /isilon/condor/node542.hep.brown.edu/execute/dir_1443/makeStep1.C:2:
/isilon/condor/node542.hep.brown.edu/execute/dir_1443/HardcodedConditions.cc:3513:1: warning: control may reach end of non-void function [-Wreturn-type]
}
^
Error in <TNetXNGFile::Open>: [ERROR] Server responded with an error: [3011] Unable to open file /isilon/hadoop/store/group/bruxljm/FWLJMET102X_1lep2016_Feb2020/DYJetsToLL_M-50_HT-800to1200_TuneCUETP8M1_13TeV-madgraphMLM-pythia8/singleLep2016/200326_014101/0000/DYJetsToLL_M-50_HT-800to1200_TuneCUETP8M1_13TeV-madgraphMLM-pythia8_48.root; No such file or directory

In file included from input_line_10:1:
In file included from /isilon/condor/node542.hep.brown.edu/execute/dir_1443/makeStep1.C:2:
/isilon/condor/node542.hep.brown.edu/execute/dir_1443/HardcodedConditions.cc:3513:1: warning: control may reach end of non-void function [-Wreturn-type]
}
^
Error in <TNetXNGFile::Open>: [ERROR] Server responded with an error: [3011] Unable to open file /isilon/hadoop/store/group/bruxljm/FWLJMET102X_1lep2016_Feb2020/DYJetsToLL_M-50_HT-800to1200_TuneCUETP8M1_13TeV-madgraphMLM-pythia8/singleLep2016/200326_014101/0000/DYJetsToLL_M-50_HT-800to1200_TuneCUETP8M1_13TeV-madgraphMLM-pythia8_132.root; No such file or directory

In file included from input_line_10:1:
In file included from /isilon/condor/node542.hep.brown.edu/execute/dir_1443/makeStep1.C:2:
/isilon/condor/node542.hep.brown.edu/execute/dir_1443/HardcodedConditions.cc:3513:1: warning: control may reach end of non-void function [-Wreturn-type]
}
^
Error in <TNetXNGFile::Open>: [ERROR] Server responded with an error: [3011] Unable to open file /isilon/hadoop/store/group/bruxljm/FWLJMET102X_1lep2016_Feb2020/DYJetsToLL_M-50_HT-800to1200_TuneCUETP8M1_13TeV-madgraphMLM-pythia8/singleLep2016/200326_014101/0000/DYJetsToLL_M-50_HT-800to1200_TuneCUETP8M1_13TeV-madgraphMLM-pythia8_43.root; No such file or directory

In file included from input_line_10:1:
In file included from /isilon/condor/node542.hep.brown.edu/execute/dir_1443/makeStep1.C:2:
/isilon/condor/node542.hep.brown.edu/execute/dir_1443/HardcodedConditions.cc:3513:1: warning: control may reach end of non-void function [-Wreturn-type]
}
^
Error in <TNetXNGFile::Open>: [ERROR] Server responded with an error: [3011] Unable to open file /isilon/hadoop/store/group/bruxljm/FWLJMET102X_1lep2016_Feb2020/DYJetsToLL_M-50_HT-800to1200_TuneCUETP8M1_13TeV-madgraphMLM-pythia8/singleLep2016/200326_014101/0000/DYJetsToLL_M-50_HT-800to1200_TuneCUETP8M1_13TeV-madgraphMLM-pythia8_71.root; No such file or directory

In file included from input_line_10:1:
In file included from /isilon/condor/node542.hep.brown.edu/execute/dir_1443/makeStep1.C:2:
/isilon/condor/node542.hep.brown.edu/execute/dir_1443/HardcodedConditions.cc:3513:1: warning: control may reach end of non-void function [-Wreturn-type]
}
^
Error in <TNetXNGFile::Open>: [ERROR] Server responded with an error: [3011] Unable to open file /isilon/hadoop/store/group/bruxljm/FWLJMET102X_1lep2016_Feb2020/DYJetsToLL_M-50_HT-800to1200_TuneCUETP8M1_13TeV-madgraphMLM-pythia8/singleLep2016/200326_014101/0000/DYJetsToLL_M-50_HT-800to1200_TuneCUETP8M1_13TeV-madgraphMLM-pythia8_6.root; No such file or directory

In file included from input_line_10:1:
In file included from /isilon/condor/node542.hep.brown.edu/execute/dir_1443/makeStep1.C:2:
/isilon/condor/node542.hep.brown.edu/execute/dir_1443/HardcodedConditions.cc:3513:1: warning: control may reach end of non-void function [-Wreturn-type]
}
^
Error in <TNetXNGFile::Open>: [ERROR] Server responded with an error: [3011] Unable to open file /isilon/hadoop/store/group/bruxljm/FWLJMET102X_1lep2016_Feb2020/DYJetsToLL_M-50_HT-800to1200_TuneCUETP8M1_13TeV-madgraphMLM-pythia8/singleLep2016/200326_014101/0000/DYJetsToLL_M-50_HT-800to1200_TuneCUETP8M1_13TeV-madgraphMLM-pythia8_80.root; No such file or directory

In file included from input_line_10:1:
In file included from /isilon/condor/node542.hep.brown.edu/execute/dir_1443/makeStep1.C:2:
/isilon/condor/node542.hep.brown.edu/execute/dir_1443/HardcodedConditions.cc:3513:1: warning: control may reach end of non-void function [-Wreturn-type]
}
^
Error in <TNetXNGFile::Open>: [ERROR] Server responded with an error: [3011] Unable to open file /isilon/hadoop/store/group/bruxljm/FWLJMET102X_1lep2016_Feb2020/DYJetsToLL_M-50_HT-800to1200_TuneCUETP8M1_13TeV-madgraphMLM-pythia8/singleLep2016/200326_014101/0000/DYJetsToLL_M-50_HT-800to1200_TuneCUETP8M1_13TeV-madgraphMLM-pythia8_74.root; No such file or directory

In file included from input_line_10:1:
In file included from /isilon/condor/node542.hep.brown.edu/execute/dir_1443/makeStep1.C:2:
/isilon/condor/node542.hep.brown.edu/execute/dir_1443/HardcodedConditions.cc:3513:1: warning: control may reach end of non-void function [-Wreturn-type]
}
^
Error in <TNetXNGFile::Open>: [ERROR] Server responded with an error: [3011] Unable to open file /isilon/hadoop/store/group/bruxljm/FWLJMET102X_1lep2016_Feb2020/DYJetsToLL_M-50_HT-800to1200_TuneCUETP8M1_13TeV-madgraphMLM-pythia8/singleLep2016/200326_014101/0000/DYJetsToLL_M-50_HT-800to1200_TuneCUETP8M1_13TeV-madgraphMLM-pythia8_143.root; No such file or directory

In file included from input_line_10:1:
In file included from /isilon/condor/node542.hep.brown.edu/execute/dir_1443/makeStep1.C:2:
/isilon/condor/node542.hep.brown.edu/execute/dir_1443/HardcodedConditions.cc:3513:1: warning: control may reach end of non-void function [-Wreturn-type]
}
^
Error in <TNetXNGFile::Open>: [ERROR] Server responded with an error: [3011] Unable to open file /isilon/hadoop/store/group/bruxljm/FWLJMET102X_1lep2016_Feb2020/DYJetsToLL_M-50_HT-800to1200_TuneCUETP8M1_13TeV-madgraphMLM-pythia8/singleLep2016/200326_014101/0000/DYJetsToLL_M-50_HT-800to1200_TuneCUETP8M1_13TeV-madgraphMLM-pythia8_57.root; No such file or directory

ls: cannot access *.root: No such file or directory
Error in <TFile::TFile>: file *nominal.root does not exist
Error in <TFileMerger::AddFile>: cannot open file *nominal.root
hadd exiting due to error in *nominal.root
rm: cannot remove '*nominal.root': No such file or directory
Error in <TFile::TFile>: file *JECup.root does not exist
Error in <TFileMerger::AddFile>: cannot open file *JECup.root
hadd exiting due to error in *JECup.root
rm: cannot remove '*JECup.root': No such file or directory
Error in <TFile::TFile>: file *JECdown.root does not exist
Error in <TFileMerger::AddFile>: cannot open file *JECdown.root
hadd exiting due to error in *JECdown.root
rm: cannot remove '*JECdown.root': No such file or directory
Error in <TFile::TFile>: file *JERup.root does not exist
Error in <TFileMerger::AddFile>: cannot open file *JERup.root
hadd exiting due to error in *JERup.root
rm: cannot remove '*JERup.root': No such file or directory
Error in <TFile::TFile>: file *JERdown.root does not exist
Error in <TFileMerger::AddFile>: cannot open file *JERdown.root
hadd exiting due to error in *JERdown.root
rm: cannot remove '*JERdown.root': No such file or directory
