000 (642141.000.000) 09/25 19:58:02 Job submitted from host: <172.20.3.198:9618?addrs=172.20.3.198-9618&noUDP&sock=160905_0664_3>
...
001 (642141.000.000) 09/25 19:58:21 Job executing on host: <172.20.201.25:9618?addrs=172.20.201.25-9618+[--1]-9618&noUDP&sock=3051_4f8a_3>
...
006 (642141.000.000) 09/25 19:58:31 Image size of job updated: 12040
	12  -  MemoryUsage of job (MB)
	12040  -  ResidentSetSize of job (KB)
...
006 (642141.000.000) 09/25 20:03:32 Image size of job updated: 98956
	96  -  MemoryUsage of job (MB)
	97424  -  ResidentSetSize of job (KB)
...
006 (642141.000.000) 09/25 20:03:43 Image size of job updated: 98956
	98  -  MemoryUsage of job (MB)
	99836  -  ResidentSetSize of job (KB)
...
005 (642141.000.000) 09/25 20:04:04 Job terminated.
	(1) Normal termination (return value 0)
		Usr 0 00:02:15, Sys 0 00:00:21  -  Run Remote Usage
		Usr 0 00:00:00, Sys 0 00:00:00  -  Run Local Usage
		Usr 0 00:02:15, Sys 0 00:00:21  -  Total Remote Usage
		Usr 0 00:00:00, Sys 0 00:00:00  -  Total Local Usage
	772563  -  Run Bytes Sent By Job
	717111  -  Run Bytes Received By Job
	772563  -  Total Bytes Sent By Job
	717111  -  Total Bytes Received By Job
	Partitionable Resources :    Usage  Request  Allocated
	   Cpus                 :                 1          1
	   Disk (KB)            :     1956      750 3471977760
	   Memory (MB)          :       98        1       4025
...
