WARNING: In non-interactive mode release checks e.g. deprecated releases, production architectures are disabled.
Info in <TUnixSystem::ACLiC>: creating shared library /isilon/condor/node538.hep.brown.edu/execute/dir_6513/./HardcodedConditions_cc.so
In file included from input_line_12:9:
././HardcodedConditions.cc:3513:1: warning: control may reach end of non-void function [-Wreturn-type]
}
^
Info in <TUnixSystem::ACLiC>: creating shared library /isilon/condor/node538.hep.brown.edu/execute/dir_6513/./step1_cc.so
In file included from input_line_10:1:
In file included from /isilon/condor/node538.hep.brown.edu/execute/dir_6513/makeStep1.C:2:
/isilon/condor/node538.hep.brown.edu/execute/dir_6513/HardcodedConditions.cc:3513:1: warning: control may reach end of non-void function [-Wreturn-type]
}
^
Error in <TNetXNGFile::Open>: [ERROR] Server responded with an error: [3011] Unable to open file /isilon/hadoop/store/group/bruxljm/FWLJMET102X_1lep2016_Feb2020/DYJetsToLL_M-50_HT-600to800_TuneCUETP8M1_13TeV-madgraphMLM-pythia8/singleLep2016/200326_014711/0000/DYJetsToLL_M-50_HT-600to800_TuneCUETP8M1_13TeV-madgraphMLM-pythia8_444.root; No such file or directory

In file included from input_line_10:1:
In file included from /isilon/condor/node538.hep.brown.edu/execute/dir_6513/makeStep1.C:2:
/isilon/condor/node538.hep.brown.edu/execute/dir_6513/HardcodedConditions.cc:3513:1: warning: control may reach end of non-void function [-Wreturn-type]
}
^
Error in <TNetXNGFile::Open>: [ERROR] Server responded with an error: [3011] Unable to open file /isilon/hadoop/store/group/bruxljm/FWLJMET102X_1lep2016_Feb2020/DYJetsToLL_M-50_HT-600to800_TuneCUETP8M1_13TeV-madgraphMLM-pythia8/singleLep2016/200326_014711/0000/DYJetsToLL_M-50_HT-600to800_TuneCUETP8M1_13TeV-madgraphMLM-pythia8_284.root; No such file or directory

In file included from input_line_10:1:
In file included from /isilon/condor/node538.hep.brown.edu/execute/dir_6513/makeStep1.C:2:
/isilon/condor/node538.hep.brown.edu/execute/dir_6513/HardcodedConditions.cc:3513:1: warning: control may reach end of non-void function [-Wreturn-type]
}
^
Error in <TNetXNGFile::Open>: [ERROR] Server responded with an error: [3011] Unable to open file /isilon/hadoop/store/group/bruxljm/FWLJMET102X_1lep2016_Feb2020/DYJetsToLL_M-50_HT-600to800_TuneCUETP8M1_13TeV-madgraphMLM-pythia8/singleLep2016/200326_014711/0000/DYJetsToLL_M-50_HT-600to800_TuneCUETP8M1_13TeV-madgraphMLM-pythia8_479.root; No such file or directory

In file included from input_line_10:1:
In file included from /isilon/condor/node538.hep.brown.edu/execute/dir_6513/makeStep1.C:2:
/isilon/condor/node538.hep.brown.edu/execute/dir_6513/HardcodedConditions.cc:3513:1: warning: control may reach end of non-void function [-Wreturn-type]
}
^
Error in <TNetXNGFile::Open>: [ERROR] Server responded with an error: [3011] Unable to open file /isilon/hadoop/store/group/bruxljm/FWLJMET102X_1lep2016_Feb2020/DYJetsToLL_M-50_HT-600to800_TuneCUETP8M1_13TeV-madgraphMLM-pythia8/singleLep2016/200326_014711/0000/DYJetsToLL_M-50_HT-600to800_TuneCUETP8M1_13TeV-madgraphMLM-pythia8_385.root; No such file or directory

In file included from input_line_10:1:
In file included from /isilon/condor/node538.hep.brown.edu/execute/dir_6513/makeStep1.C:2:
/isilon/condor/node538.hep.brown.edu/execute/dir_6513/HardcodedConditions.cc:3513:1: warning: control may reach end of non-void function [-Wreturn-type]
}
^
Error in <TNetXNGFile::Open>: [ERROR] Server responded with an error: [3011] Unable to open file /isilon/hadoop/store/group/bruxljm/FWLJMET102X_1lep2016_Feb2020/DYJetsToLL_M-50_HT-600to800_TuneCUETP8M1_13TeV-madgraphMLM-pythia8/singleLep2016/200326_014711/0000/DYJetsToLL_M-50_HT-600to800_TuneCUETP8M1_13TeV-madgraphMLM-pythia8_495.root; No such file or directory

In file included from input_line_10:1:
In file included from /isilon/condor/node538.hep.brown.edu/execute/dir_6513/makeStep1.C:2:
/isilon/condor/node538.hep.brown.edu/execute/dir_6513/HardcodedConditions.cc:3513:1: warning: control may reach end of non-void function [-Wreturn-type]
}
^
Error in <TNetXNGFile::Open>: [ERROR] Server responded with an error: [3011] Unable to open file /isilon/hadoop/store/group/bruxljm/FWLJMET102X_1lep2016_Feb2020/DYJetsToLL_M-50_HT-600to800_TuneCUETP8M1_13TeV-madgraphMLM-pythia8/singleLep2016/200326_014711/0000/DYJetsToLL_M-50_HT-600to800_TuneCUETP8M1_13TeV-madgraphMLM-pythia8_295.root; No such file or directory

In file included from input_line_10:1:
In file included from /isilon/condor/node538.hep.brown.edu/execute/dir_6513/makeStep1.C:2:
/isilon/condor/node538.hep.brown.edu/execute/dir_6513/HardcodedConditions.cc:3513:1: warning: control may reach end of non-void function [-Wreturn-type]
}
^
Error in <TNetXNGFile::Open>: [ERROR] Server responded with an error: [3011] Unable to open file /isilon/hadoop/store/group/bruxljm/FWLJMET102X_1lep2016_Feb2020/DYJetsToLL_M-50_HT-600to800_TuneCUETP8M1_13TeV-madgraphMLM-pythia8/singleLep2016/200326_014711/0000/DYJetsToLL_M-50_HT-600to800_TuneCUETP8M1_13TeV-madgraphMLM-pythia8_99.root; No such file or directory

In file included from input_line_10:1:
In file included from /isilon/condor/node538.hep.brown.edu/execute/dir_6513/makeStep1.C:2:
/isilon/condor/node538.hep.brown.edu/execute/dir_6513/HardcodedConditions.cc:3513:1: warning: control may reach end of non-void function [-Wreturn-type]
}
^
Error in <TNetXNGFile::Open>: [ERROR] Server responded with an error: [3011] Unable to open file /isilon/hadoop/store/group/bruxljm/FWLJMET102X_1lep2016_Feb2020/DYJetsToLL_M-50_HT-600to800_TuneCUETP8M1_13TeV-madgraphMLM-pythia8/singleLep2016/200326_014711/0000/DYJetsToLL_M-50_HT-600to800_TuneCUETP8M1_13TeV-madgraphMLM-pythia8_413.root; No such file or directory

In file included from input_line_10:1:
In file included from /isilon/condor/node538.hep.brown.edu/execute/dir_6513/makeStep1.C:2:
/isilon/condor/node538.hep.brown.edu/execute/dir_6513/HardcodedConditions.cc:3513:1: warning: control may reach end of non-void function [-Wreturn-type]
}
^
Error in <TNetXNGFile::Open>: [ERROR] Server responded with an error: [3011] Unable to open file /isilon/hadoop/store/group/bruxljm/FWLJMET102X_1lep2016_Feb2020/DYJetsToLL_M-50_HT-600to800_TuneCUETP8M1_13TeV-madgraphMLM-pythia8/singleLep2016/200326_014711/0000/DYJetsToLL_M-50_HT-600to800_TuneCUETP8M1_13TeV-madgraphMLM-pythia8_5.root; No such file or directory

In file included from input_line_10:1:
In file included from /isilon/condor/node538.hep.brown.edu/execute/dir_6513/makeStep1.C:2:
/isilon/condor/node538.hep.brown.edu/execute/dir_6513/HardcodedConditions.cc:3513:1: warning: control may reach end of non-void function [-Wreturn-type]
}
^
Error in <TNetXNGFile::Open>: [ERROR] Server responded with an error: [3011] Unable to open file /isilon/hadoop/store/group/bruxljm/FWLJMET102X_1lep2016_Feb2020/DYJetsToLL_M-50_HT-600to800_TuneCUETP8M1_13TeV-madgraphMLM-pythia8/singleLep2016/200326_014711/0000/DYJetsToLL_M-50_HT-600to800_TuneCUETP8M1_13TeV-madgraphMLM-pythia8_11.root; No such file or directory

In file included from input_line_10:1:
In file included from /isilon/condor/node538.hep.brown.edu/execute/dir_6513/makeStep1.C:2:
/isilon/condor/node538.hep.brown.edu/execute/dir_6513/HardcodedConditions.cc:3513:1: warning: control may reach end of non-void function [-Wreturn-type]
}
^
Error in <TNetXNGFile::Open>: [ERROR] Server responded with an error: [3011] Unable to open file /isilon/hadoop/store/group/bruxljm/FWLJMET102X_1lep2016_Feb2020/DYJetsToLL_M-50_HT-600to800_TuneCUETP8M1_13TeV-madgraphMLM-pythia8/singleLep2016/200326_014711/0000/DYJetsToLL_M-50_HT-600to800_TuneCUETP8M1_13TeV-madgraphMLM-pythia8_210.root; No such file or directory

In file included from input_line_10:1:
In file included from /isilon/condor/node538.hep.brown.edu/execute/dir_6513/makeStep1.C:2:
/isilon/condor/node538.hep.brown.edu/execute/dir_6513/HardcodedConditions.cc:3513:1: warning: control may reach end of non-void function [-Wreturn-type]
}
^
Error in <TNetXNGFile::Open>: [ERROR] Server responded with an error: [3011] Unable to open file /isilon/hadoop/store/group/bruxljm/FWLJMET102X_1lep2016_Feb2020/DYJetsToLL_M-50_HT-600to800_TuneCUETP8M1_13TeV-madgraphMLM-pythia8/singleLep2016/200326_014711/0000/DYJetsToLL_M-50_HT-600to800_TuneCUETP8M1_13TeV-madgraphMLM-pythia8_223.root; No such file or directory

In file included from input_line_10:1:
In file included from /isilon/condor/node538.hep.brown.edu/execute/dir_6513/makeStep1.C:2:
/isilon/condor/node538.hep.brown.edu/execute/dir_6513/HardcodedConditions.cc:3513:1: warning: control may reach end of non-void function [-Wreturn-type]
}
^
Error in <TNetXNGFile::Open>: [ERROR] Server responded with an error: [3011] Unable to open file /isilon/hadoop/store/group/bruxljm/FWLJMET102X_1lep2016_Feb2020/DYJetsToLL_M-50_HT-600to800_TuneCUETP8M1_13TeV-madgraphMLM-pythia8/singleLep2016/200326_014711/0000/DYJetsToLL_M-50_HT-600to800_TuneCUETP8M1_13TeV-madgraphMLM-pythia8_421.root; No such file or directory

In file included from input_line_10:1:
In file included from /isilon/condor/node538.hep.brown.edu/execute/dir_6513/makeStep1.C:2:
/isilon/condor/node538.hep.brown.edu/execute/dir_6513/HardcodedConditions.cc:3513:1: warning: control may reach end of non-void function [-Wreturn-type]
}
^
Error in <TNetXNGFile::Open>: [ERROR] Server responded with an error: [3011] Unable to open file /isilon/hadoop/store/group/bruxljm/FWLJMET102X_1lep2016_Feb2020/DYJetsToLL_M-50_HT-600to800_TuneCUETP8M1_13TeV-madgraphMLM-pythia8/singleLep2016/200326_014711/0000/DYJetsToLL_M-50_HT-600to800_TuneCUETP8M1_13TeV-madgraphMLM-pythia8_366.root; No such file or directory

In file included from input_line_10:1:
In file included from /isilon/condor/node538.hep.brown.edu/execute/dir_6513/makeStep1.C:2:
/isilon/condor/node538.hep.brown.edu/execute/dir_6513/HardcodedConditions.cc:3513:1: warning: control may reach end of non-void function [-Wreturn-type]
}
^
Error in <TNetXNGFile::Open>: [ERROR] Server responded with an error: [3011] Unable to open file /isilon/hadoop/store/group/bruxljm/FWLJMET102X_1lep2016_Feb2020/DYJetsToLL_M-50_HT-600to800_TuneCUETP8M1_13TeV-madgraphMLM-pythia8/singleLep2016/200326_014711/0000/DYJetsToLL_M-50_HT-600to800_TuneCUETP8M1_13TeV-madgraphMLM-pythia8_474.root; No such file or directory

In file included from input_line_10:1:
In file included from /isilon/condor/node538.hep.brown.edu/execute/dir_6513/makeStep1.C:2:
/isilon/condor/node538.hep.brown.edu/execute/dir_6513/HardcodedConditions.cc:3513:1: warning: control may reach end of non-void function [-Wreturn-type]
}
^
Error in <TNetXNGFile::Open>: [ERROR] Server responded with an error: [3011] Unable to open file /isilon/hadoop/store/group/bruxljm/FWLJMET102X_1lep2016_Feb2020/DYJetsToLL_M-50_HT-600to800_TuneCUETP8M1_13TeV-madgraphMLM-pythia8/singleLep2016/200326_014711/0000/DYJetsToLL_M-50_HT-600to800_TuneCUETP8M1_13TeV-madgraphMLM-pythia8_304.root; No such file or directory

In file included from input_line_10:1:
In file included from /isilon/condor/node538.hep.brown.edu/execute/dir_6513/makeStep1.C:2:
/isilon/condor/node538.hep.brown.edu/execute/dir_6513/HardcodedConditions.cc:3513:1: warning: control may reach end of non-void function [-Wreturn-type]
}
^
Error in <TNetXNGFile::Open>: [ERROR] Server responded with an error: [3011] Unable to open file /isilon/hadoop/store/group/bruxljm/FWLJMET102X_1lep2016_Feb2020/DYJetsToLL_M-50_HT-600to800_TuneCUETP8M1_13TeV-madgraphMLM-pythia8/singleLep2016/200326_014711/0000/DYJetsToLL_M-50_HT-600to800_TuneCUETP8M1_13TeV-madgraphMLM-pythia8_347.root; No such file or directory

In file included from input_line_10:1:
In file included from /isilon/condor/node538.hep.brown.edu/execute/dir_6513/makeStep1.C:2:
/isilon/condor/node538.hep.brown.edu/execute/dir_6513/HardcodedConditions.cc:3513:1: warning: control may reach end of non-void function [-Wreturn-type]
}
^
Error in <TNetXNGFile::Open>: [ERROR] Server responded with an error: [3011] Unable to open file /isilon/hadoop/store/group/bruxljm/FWLJMET102X_1lep2016_Feb2020/DYJetsToLL_M-50_HT-600to800_TuneCUETP8M1_13TeV-madgraphMLM-pythia8/singleLep2016/200326_014711/0000/DYJetsToLL_M-50_HT-600to800_TuneCUETP8M1_13TeV-madgraphMLM-pythia8_231.root; No such file or directory

In file included from input_line_10:1:
In file included from /isilon/condor/node538.hep.brown.edu/execute/dir_6513/makeStep1.C:2:
/isilon/condor/node538.hep.brown.edu/execute/dir_6513/HardcodedConditions.cc:3513:1: warning: control may reach end of non-void function [-Wreturn-type]
}
^
Error in <TNetXNGFile::Open>: [ERROR] Server responded with an error: [3011] Unable to open file /isilon/hadoop/store/group/bruxljm/FWLJMET102X_1lep2016_Feb2020/DYJetsToLL_M-50_HT-600to800_TuneCUETP8M1_13TeV-madgraphMLM-pythia8/singleLep2016/200326_014711/0000/DYJetsToLL_M-50_HT-600to800_TuneCUETP8M1_13TeV-madgraphMLM-pythia8_19.root; No such file or directory

In file included from input_line_10:1:
In file included from /isilon/condor/node538.hep.brown.edu/execute/dir_6513/makeStep1.C:2:
/isilon/condor/node538.hep.brown.edu/execute/dir_6513/HardcodedConditions.cc:3513:1: warning: control may reach end of non-void function [-Wreturn-type]
}
^
Error in <TNetXNGFile::Open>: [ERROR] Server responded with an error: [3011] Unable to open file /isilon/hadoop/store/group/bruxljm/FWLJMET102X_1lep2016_Feb2020/DYJetsToLL_M-50_HT-600to800_TuneCUETP8M1_13TeV-madgraphMLM-pythia8/singleLep2016/200326_014711/0000/DYJetsToLL_M-50_HT-600to800_TuneCUETP8M1_13TeV-madgraphMLM-pythia8_229.root; No such file or directory

In file included from input_line_10:1:
In file included from /isilon/condor/node538.hep.brown.edu/execute/dir_6513/makeStep1.C:2:
/isilon/condor/node538.hep.brown.edu/execute/dir_6513/HardcodedConditions.cc:3513:1: warning: control may reach end of non-void function [-Wreturn-type]
}
^
Error in <TNetXNGFile::Open>: [ERROR] Server responded with an error: [3011] Unable to open file /isilon/hadoop/store/group/bruxljm/FWLJMET102X_1lep2016_Feb2020/DYJetsToLL_M-50_HT-600to800_TuneCUETP8M1_13TeV-madgraphMLM-pythia8/singleLep2016/200326_014711/0000/DYJetsToLL_M-50_HT-600to800_TuneCUETP8M1_13TeV-madgraphMLM-pythia8_415.root; No such file or directory

In file included from input_line_10:1:
In file included from /isilon/condor/node538.hep.brown.edu/execute/dir_6513/makeStep1.C:2:
/isilon/condor/node538.hep.brown.edu/execute/dir_6513/HardcodedConditions.cc:3513:1: warning: control may reach end of non-void function [-Wreturn-type]
}
^
Error in <TNetXNGFile::Open>: [ERROR] Server responded with an error: [3011] Unable to open file /isilon/hadoop/store/group/bruxljm/FWLJMET102X_1lep2016_Feb2020/DYJetsToLL_M-50_HT-600to800_TuneCUETP8M1_13TeV-madgraphMLM-pythia8/singleLep2016/200326_014711/0000/DYJetsToLL_M-50_HT-600to800_TuneCUETP8M1_13TeV-madgraphMLM-pythia8_310.root; No such file or directory

In file included from input_line_10:1:
In file included from /isilon/condor/node538.hep.brown.edu/execute/dir_6513/makeStep1.C:2:
/isilon/condor/node538.hep.brown.edu/execute/dir_6513/HardcodedConditions.cc:3513:1: warning: control may reach end of non-void function [-Wreturn-type]
}
^
Error in <TNetXNGFile::Open>: [ERROR] Server responded with an error: [3011] Unable to open file /isilon/hadoop/store/group/bruxljm/FWLJMET102X_1lep2016_Feb2020/DYJetsToLL_M-50_HT-600to800_TuneCUETP8M1_13TeV-madgraphMLM-pythia8/singleLep2016/200326_014711/0000/DYJetsToLL_M-50_HT-600to800_TuneCUETP8M1_13TeV-madgraphMLM-pythia8_58.root; No such file or directory

In file included from input_line_10:1:
In file included from /isilon/condor/node538.hep.brown.edu/execute/dir_6513/makeStep1.C:2:
/isilon/condor/node538.hep.brown.edu/execute/dir_6513/HardcodedConditions.cc:3513:1: warning: control may reach end of non-void function [-Wreturn-type]
}
^
Error in <TNetXNGFile::Open>: [ERROR] Server responded with an error: [3011] Unable to open file /isilon/hadoop/store/group/bruxljm/FWLJMET102X_1lep2016_Feb2020/DYJetsToLL_M-50_HT-600to800_TuneCUETP8M1_13TeV-madgraphMLM-pythia8/singleLep2016/200326_014711/0000/DYJetsToLL_M-50_HT-600to800_TuneCUETP8M1_13TeV-madgraphMLM-pythia8_382.root; No such file or directory

In file included from input_line_10:1:
In file included from /isilon/condor/node538.hep.brown.edu/execute/dir_6513/makeStep1.C:2:
/isilon/condor/node538.hep.brown.edu/execute/dir_6513/HardcodedConditions.cc:3513:1: warning: control may reach end of non-void function [-Wreturn-type]
}
^
Error in <TNetXNGFile::Open>: [ERROR] Server responded with an error: [3011] Unable to open file /isilon/hadoop/store/group/bruxljm/FWLJMET102X_1lep2016_Feb2020/DYJetsToLL_M-50_HT-600to800_TuneCUETP8M1_13TeV-madgraphMLM-pythia8/singleLep2016/200326_014711/0000/DYJetsToLL_M-50_HT-600to800_TuneCUETP8M1_13TeV-madgraphMLM-pythia8_435.root; No such file or directory

In file included from input_line_10:1:
In file included from /isilon/condor/node538.hep.brown.edu/execute/dir_6513/makeStep1.C:2:
/isilon/condor/node538.hep.brown.edu/execute/dir_6513/HardcodedConditions.cc:3513:1: warning: control may reach end of non-void function [-Wreturn-type]
}
^
Error in <TNetXNGFile::Open>: [ERROR] Server responded with an error: [3011] Unable to open file /isilon/hadoop/store/group/bruxljm/FWLJMET102X_1lep2016_Feb2020/DYJetsToLL_M-50_HT-600to800_TuneCUETP8M1_13TeV-madgraphMLM-pythia8/singleLep2016/200326_014711/0000/DYJetsToLL_M-50_HT-600to800_TuneCUETP8M1_13TeV-madgraphMLM-pythia8_358.root; No such file or directory

In file included from input_line_10:1:
In file included from /isilon/condor/node538.hep.brown.edu/execute/dir_6513/makeStep1.C:2:
/isilon/condor/node538.hep.brown.edu/execute/dir_6513/HardcodedConditions.cc:3513:1: warning: control may reach end of non-void function [-Wreturn-type]
}
^
Error in <TNetXNGFile::Open>: [ERROR] Server responded with an error: [3011] Unable to open file /isilon/hadoop/store/group/bruxljm/FWLJMET102X_1lep2016_Feb2020/DYJetsToLL_M-50_HT-600to800_TuneCUETP8M1_13TeV-madgraphMLM-pythia8/singleLep2016/200326_014711/0000/DYJetsToLL_M-50_HT-600to800_TuneCUETP8M1_13TeV-madgraphMLM-pythia8_502.root; No such file or directory

In file included from input_line_10:1:
In file included from /isilon/condor/node538.hep.brown.edu/execute/dir_6513/makeStep1.C:2:
/isilon/condor/node538.hep.brown.edu/execute/dir_6513/HardcodedConditions.cc:3513:1: warning: control may reach end of non-void function [-Wreturn-type]
}
^
Error in <TNetXNGFile::Open>: [ERROR] Server responded with an error: [3011] Unable to open file /isilon/hadoop/store/group/bruxljm/FWLJMET102X_1lep2016_Feb2020/DYJetsToLL_M-50_HT-600to800_TuneCUETP8M1_13TeV-madgraphMLM-pythia8/singleLep2016/200326_014711/0000/DYJetsToLL_M-50_HT-600to800_TuneCUETP8M1_13TeV-madgraphMLM-pythia8_416.root; No such file or directory

In file included from input_line_10:1:
In file included from /isilon/condor/node538.hep.brown.edu/execute/dir_6513/makeStep1.C:2:
/isilon/condor/node538.hep.brown.edu/execute/dir_6513/HardcodedConditions.cc:3513:1: warning: control may reach end of non-void function [-Wreturn-type]
}
^
Error in <TNetXNGFile::Open>: [ERROR] Server responded with an error: [3011] Unable to open file /isilon/hadoop/store/group/bruxljm/FWLJMET102X_1lep2016_Feb2020/DYJetsToLL_M-50_HT-600to800_TuneCUETP8M1_13TeV-madgraphMLM-pythia8/singleLep2016/200326_014711/0000/DYJetsToLL_M-50_HT-600to800_TuneCUETP8M1_13TeV-madgraphMLM-pythia8_76.root; No such file or directory

In file included from input_line_10:1:
In file included from /isilon/condor/node538.hep.brown.edu/execute/dir_6513/makeStep1.C:2:
/isilon/condor/node538.hep.brown.edu/execute/dir_6513/HardcodedConditions.cc:3513:1: warning: control may reach end of non-void function [-Wreturn-type]
}
^
Error in <TNetXNGFile::Open>: [ERROR] Server responded with an error: [3011] Unable to open file /isilon/hadoop/store/group/bruxljm/FWLJMET102X_1lep2016_Feb2020/DYJetsToLL_M-50_HT-600to800_TuneCUETP8M1_13TeV-madgraphMLM-pythia8/singleLep2016/200326_014711/0000/DYJetsToLL_M-50_HT-600to800_TuneCUETP8M1_13TeV-madgraphMLM-pythia8_59.root; No such file or directory

ls: cannot access *.root: No such file or directory
Error in <TFile::TFile>: file *nominal.root does not exist
Error in <TFileMerger::AddFile>: cannot open file *nominal.root
hadd exiting due to error in *nominal.root
rm: cannot remove '*nominal.root': No such file or directory
Error in <TFile::TFile>: file *JECup.root does not exist
Error in <TFileMerger::AddFile>: cannot open file *JECup.root
hadd exiting due to error in *JECup.root
rm: cannot remove '*JECup.root': No such file or directory
Error in <TFile::TFile>: file *JECdown.root does not exist
Error in <TFileMerger::AddFile>: cannot open file *JECdown.root
hadd exiting due to error in *JECdown.root
rm: cannot remove '*JECdown.root': No such file or directory
Error in <TFile::TFile>: file *JERup.root does not exist
Error in <TFileMerger::AddFile>: cannot open file *JERup.root
hadd exiting due to error in *JERup.root
rm: cannot remove '*JERup.root': No such file or directory
Error in <TFile::TFile>: file *JERdown.root does not exist
Error in <TFileMerger::AddFile>: cannot open file *JERdown.root
hadd exiting due to error in *JERdown.root
rm: cannot remove '*JERdown.root': No such file or directory
