000 (642121.000.000) 09/25 19:57:36 Job submitted from host: <172.20.3.198:9618?addrs=172.20.3.198-9618&noUDP&sock=160905_0664_3>
...
001 (642121.000.000) 09/25 19:58:01 Job executing on host: <172.20.201.38:9618?addrs=172.20.201.38-9618+[--1]-9618&noUDP&sock=3135_ed7e_48>
...
006 (642121.000.000) 09/25 19:58:10 Image size of job updated: 12044
	12  -  MemoryUsage of job (MB)
	12044  -  ResidentSetSize of job (KB)
...
006 (642121.000.000) 09/25 20:07:14 Image size of job updated: 470672
	12  -  MemoryUsage of job (MB)
	12044  -  ResidentSetSize of job (KB)
...
005 (642121.000.000) 09/25 20:07:34 Job terminated.
	(1) Normal termination (return value 0)
		Usr 0 00:02:09, Sys 0 00:00:17  -  Run Remote Usage
		Usr 0 00:00:00, Sys 0 00:00:00  -  Run Local Usage
		Usr 0 00:02:09, Sys 0 00:00:17  -  Total Remote Usage
		Usr 0 00:00:00, Sys 0 00:00:00  -  Total Local Usage
	772270  -  Run Bytes Sent By Job
	717111  -  Run Bytes Received By Job
	772270  -  Total Bytes Sent By Job
	717111  -  Total Bytes Received By Job
	Partitionable Resources :    Usage  Request  Allocated
	   Cpus                 :                 1          1
	   Disk (KB)            :     1956      750 3032437312
	   Memory (MB)          :       12        1       4025
...
