000 (642131.000.000) 09/25 19:57:47 Job submitted from host: <172.20.3.198:9618?addrs=172.20.3.198-9618&noUDP&sock=160905_0664_3>
...
001 (642131.000.000) 09/25 19:58:08 Job executing on host: <172.20.201.25:9618?addrs=172.20.201.25-9618+[--1]-9618&noUDP&sock=3051_4f8a_3>
...
006 (642131.000.000) 09/25 19:58:17 Image size of job updated: 12048
	12  -  MemoryUsage of job (MB)
	12048  -  ResidentSetSize of job (KB)
...
006 (642131.000.000) 09/25 20:03:16 Image size of job updated: 152328
	149  -  MemoryUsage of job (MB)
	151740  -  ResidentSetSize of job (KB)
...
006 (642131.000.000) 09/25 20:03:31 Image size of job updated: 152328
	149  -  MemoryUsage of job (MB)
	152292  -  ResidentSetSize of job (KB)
...
005 (642131.000.000) 09/25 20:03:31 Job terminated.
	(1) Normal termination (return value 0)
		Usr 0 00:02:15, Sys 0 00:00:21  -  Run Remote Usage
		Usr 0 00:00:00, Sys 0 00:00:00  -  Run Local Usage
		Usr 0 00:02:15, Sys 0 00:00:21  -  Total Remote Usage
		Usr 0 00:00:00, Sys 0 00:00:00  -  Total Local Usage
	772379  -  Run Bytes Sent By Job
	717111  -  Run Bytes Received By Job
	772379  -  Total Bytes Sent By Job
	717111  -  Total Bytes Received By Job
	Partitionable Resources :    Usage  Request  Allocated
	   Cpus                 :                 1          1
	   Disk (KB)            :     1956      750 3471977760
	   Memory (MB)          :      149        1       4025
...
