000 (642133.000.000) 09/25 19:57:49 Job submitted from host: <172.20.3.198:9618?addrs=172.20.3.198-9618&noUDP&sock=160905_0664_3>
...
001 (642133.000.000) 09/25 19:58:01 Job executing on host: <172.20.201.25:9618?addrs=172.20.201.25-9618+[--1]-9618&noUDP&sock=3051_4f8a_3>
...
006 (642133.000.000) 09/25 19:58:11 Image size of job updated: 11968
	12  -  MemoryUsage of job (MB)
	11968  -  ResidentSetSize of job (KB)
...
006 (642133.000.000) 09/25 20:03:11 Image size of job updated: 189348
	175  -  MemoryUsage of job (MB)
	179112  -  ResidentSetSize of job (KB)
...
006 (642133.000.000) 09/25 20:04:56 Image size of job updated: 189348
	176  -  MemoryUsage of job (MB)
	179400  -  ResidentSetSize of job (KB)
...
005 (642133.000.000) 09/25 20:04:56 Job terminated.
	(1) Normal termination (return value 0)
		Usr 0 00:02:14, Sys 0 00:00:21  -  Run Remote Usage
		Usr 0 00:00:00, Sys 0 00:00:00  -  Run Local Usage
		Usr 0 00:02:14, Sys 0 00:00:21  -  Total Remote Usage
		Usr 0 00:00:00, Sys 0 00:00:00  -  Total Local Usage
	772393  -  Run Bytes Sent By Job
	717111  -  Run Bytes Received By Job
	772393  -  Total Bytes Sent By Job
	717111  -  Total Bytes Received By Job
	Partitionable Resources :    Usage  Request  Allocated
	   Cpus                 :                 1          1
	   Disk (KB)            :     1956      750 3471977760
	   Memory (MB)          :      176        1       4025
...
