WARNING: In non-interactive mode release checks e.g. deprecated releases, production architectures are disabled.
Info in <TUnixSystem::ACLiC>: creating shared library /isilon/condor/node538.hep.brown.edu/execute/dir_6514/./HardcodedConditions_cc.so
In file included from input_line_12:9:
././HardcodedConditions.cc:3513:1: warning: control may reach end of non-void function [-Wreturn-type]
}
^
Info in <TUnixSystem::ACLiC>: creating shared library /isilon/condor/node538.hep.brown.edu/execute/dir_6514/./step1_cc.so
In file included from input_line_10:1:
In file included from /isilon/condor/node538.hep.brown.edu/execute/dir_6514/makeStep1.C:2:
/isilon/condor/node538.hep.brown.edu/execute/dir_6514/HardcodedConditions.cc:3513:1: warning: control may reach end of non-void function [-Wreturn-type]
}
^
Error in <TNetXNGFile::Open>: [ERROR] Server responded with an error: [3011] Unable to open file /isilon/hadoop/store/group/bruxljm/FWLJMET102X_1lep2016_Feb2020/DYJetsToLL_M-50_HT-600to800_TuneCUETP8M1_13TeV-madgraphMLM-pythia8/singleLep2016/200326_014711/0000/DYJetsToLL_M-50_HT-600to800_TuneCUETP8M1_13TeV-madgraphMLM-pythia8_378.root; No such file or directory

In file included from input_line_10:1:
In file included from /isilon/condor/node538.hep.brown.edu/execute/dir_6514/makeStep1.C:2:
/isilon/condor/node538.hep.brown.edu/execute/dir_6514/HardcodedConditions.cc:3513:1: warning: control may reach end of non-void function [-Wreturn-type]
}
^
Error in <TNetXNGFile::Open>: [ERROR] Server responded with an error: [3011] Unable to open file /isilon/hadoop/store/group/bruxljm/FWLJMET102X_1lep2016_Feb2020/DYJetsToLL_M-50_HT-600to800_TuneCUETP8M1_13TeV-madgraphMLM-pythia8/singleLep2016/200326_014711/0000/DYJetsToLL_M-50_HT-600to800_TuneCUETP8M1_13TeV-madgraphMLM-pythia8_27.root; No such file or directory

In file included from input_line_10:1:
In file included from /isilon/condor/node538.hep.brown.edu/execute/dir_6514/makeStep1.C:2:
/isilon/condor/node538.hep.brown.edu/execute/dir_6514/HardcodedConditions.cc:3513:1: warning: control may reach end of non-void function [-Wreturn-type]
}
^
Error in <TNetXNGFile::Open>: [ERROR] Server responded with an error: [3011] Unable to open file /isilon/hadoop/store/group/bruxljm/FWLJMET102X_1lep2016_Feb2020/DYJetsToLL_M-50_HT-600to800_TuneCUETP8M1_13TeV-madgraphMLM-pythia8/singleLep2016/200326_014711/0000/DYJetsToLL_M-50_HT-600to800_TuneCUETP8M1_13TeV-madgraphMLM-pythia8_102.root; No such file or directory

In file included from input_line_10:1:
In file included from /isilon/condor/node538.hep.brown.edu/execute/dir_6514/makeStep1.C:2:
/isilon/condor/node538.hep.brown.edu/execute/dir_6514/HardcodedConditions.cc:3513:1: warning: control may reach end of non-void function [-Wreturn-type]
}
^
Error in <TNetXNGFile::Open>: [ERROR] Server responded with an error: [3011] Unable to open file /isilon/hadoop/store/group/bruxljm/FWLJMET102X_1lep2016_Feb2020/DYJetsToLL_M-50_HT-600to800_TuneCUETP8M1_13TeV-madgraphMLM-pythia8/singleLep2016/200326_014711/0000/DYJetsToLL_M-50_HT-600to800_TuneCUETP8M1_13TeV-madgraphMLM-pythia8_370.root; No such file or directory

In file included from input_line_10:1:
In file included from /isilon/condor/node538.hep.brown.edu/execute/dir_6514/makeStep1.C:2:
/isilon/condor/node538.hep.brown.edu/execute/dir_6514/HardcodedConditions.cc:3513:1: warning: control may reach end of non-void function [-Wreturn-type]
}
^
Error in <TNetXNGFile::Open>: [ERROR] Server responded with an error: [3011] Unable to open file /isilon/hadoop/store/group/bruxljm/FWLJMET102X_1lep2016_Feb2020/DYJetsToLL_M-50_HT-600to800_TuneCUETP8M1_13TeV-madgraphMLM-pythia8/singleLep2016/200326_014711/0000/DYJetsToLL_M-50_HT-600to800_TuneCUETP8M1_13TeV-madgraphMLM-pythia8_48.root; No such file or directory

In file included from input_line_10:1:
In file included from /isilon/condor/node538.hep.brown.edu/execute/dir_6514/makeStep1.C:2:
/isilon/condor/node538.hep.brown.edu/execute/dir_6514/HardcodedConditions.cc:3513:1: warning: control may reach end of non-void function [-Wreturn-type]
}
^
Error in <TNetXNGFile::Open>: [ERROR] Server responded with an error: [3011] Unable to open file /isilon/hadoop/store/group/bruxljm/FWLJMET102X_1lep2016_Feb2020/DYJetsToLL_M-50_HT-600to800_TuneCUETP8M1_13TeV-madgraphMLM-pythia8/singleLep2016/200326_014711/0000/DYJetsToLL_M-50_HT-600to800_TuneCUETP8M1_13TeV-madgraphMLM-pythia8_192.root; No such file or directory

In file included from input_line_10:1:
In file included from /isilon/condor/node538.hep.brown.edu/execute/dir_6514/makeStep1.C:2:
/isilon/condor/node538.hep.brown.edu/execute/dir_6514/HardcodedConditions.cc:3513:1: warning: control may reach end of non-void function [-Wreturn-type]
}
^
Error in <TNetXNGFile::Open>: [ERROR] Server responded with an error: [3011] Unable to open file /isilon/hadoop/store/group/bruxljm/FWLJMET102X_1lep2016_Feb2020/DYJetsToLL_M-50_HT-600to800_TuneCUETP8M1_13TeV-madgraphMLM-pythia8/singleLep2016/200326_014711/0000/DYJetsToLL_M-50_HT-600to800_TuneCUETP8M1_13TeV-madgraphMLM-pythia8_499.root; No such file or directory

In file included from input_line_10:1:
In file included from /isilon/condor/node538.hep.brown.edu/execute/dir_6514/makeStep1.C:2:
/isilon/condor/node538.hep.brown.edu/execute/dir_6514/HardcodedConditions.cc:3513:1: warning: control may reach end of non-void function [-Wreturn-type]
}
^
Error in <TNetXNGFile::Open>: [ERROR] Server responded with an error: [3011] Unable to open file /isilon/hadoop/store/group/bruxljm/FWLJMET102X_1lep2016_Feb2020/DYJetsToLL_M-50_HT-600to800_TuneCUETP8M1_13TeV-madgraphMLM-pythia8/singleLep2016/200326_014711/0000/DYJetsToLL_M-50_HT-600to800_TuneCUETP8M1_13TeV-madgraphMLM-pythia8_14.root; No such file or directory

In file included from input_line_10:1:
In file included from /isilon/condor/node538.hep.brown.edu/execute/dir_6514/makeStep1.C:2:
/isilon/condor/node538.hep.brown.edu/execute/dir_6514/HardcodedConditions.cc:3513:1: warning: control may reach end of non-void function [-Wreturn-type]
}
^
Error in <TNetXNGFile::Open>: [ERROR] Server responded with an error: [3011] Unable to open file /isilon/hadoop/store/group/bruxljm/FWLJMET102X_1lep2016_Feb2020/DYJetsToLL_M-50_HT-600to800_TuneCUETP8M1_13TeV-madgraphMLM-pythia8/singleLep2016/200326_014711/0000/DYJetsToLL_M-50_HT-600to800_TuneCUETP8M1_13TeV-madgraphMLM-pythia8_313.root; No such file or directory

In file included from input_line_10:1:
In file included from /isilon/condor/node538.hep.brown.edu/execute/dir_6514/makeStep1.C:2:
/isilon/condor/node538.hep.brown.edu/execute/dir_6514/HardcodedConditions.cc:3513:1: warning: control may reach end of non-void function [-Wreturn-type]
}
^
Error in <TNetXNGFile::Open>: [ERROR] Server responded with an error: [3011] Unable to open file /isilon/hadoop/store/group/bruxljm/FWLJMET102X_1lep2016_Feb2020/DYJetsToLL_M-50_HT-600to800_TuneCUETP8M1_13TeV-madgraphMLM-pythia8/singleLep2016/200326_014711/0000/DYJetsToLL_M-50_HT-600to800_TuneCUETP8M1_13TeV-madgraphMLM-pythia8_197.root; No such file or directory

In file included from input_line_10:1:
In file included from /isilon/condor/node538.hep.brown.edu/execute/dir_6514/makeStep1.C:2:
/isilon/condor/node538.hep.brown.edu/execute/dir_6514/HardcodedConditions.cc:3513:1: warning: control may reach end of non-void function [-Wreturn-type]
}
^
Error in <TNetXNGFile::Open>: [ERROR] Server responded with an error: [3011] Unable to open file /isilon/hadoop/store/group/bruxljm/FWLJMET102X_1lep2016_Feb2020/DYJetsToLL_M-50_HT-600to800_TuneCUETP8M1_13TeV-madgraphMLM-pythia8/singleLep2016/200326_014711/0000/DYJetsToLL_M-50_HT-600to800_TuneCUETP8M1_13TeV-madgraphMLM-pythia8_381.root; No such file or directory

In file included from input_line_10:1:
In file included from /isilon/condor/node538.hep.brown.edu/execute/dir_6514/makeStep1.C:2:
/isilon/condor/node538.hep.brown.edu/execute/dir_6514/HardcodedConditions.cc:3513:1: warning: control may reach end of non-void function [-Wreturn-type]
}
^
Error in <TNetXNGFile::Open>: [ERROR] Server responded with an error: [3011] Unable to open file /isilon/hadoop/store/group/bruxljm/FWLJMET102X_1lep2016_Feb2020/DYJetsToLL_M-50_HT-600to800_TuneCUETP8M1_13TeV-madgraphMLM-pythia8/singleLep2016/200326_014711/0000/DYJetsToLL_M-50_HT-600to800_TuneCUETP8M1_13TeV-madgraphMLM-pythia8_412.root; No such file or directory

In file included from input_line_10:1:
In file included from /isilon/condor/node538.hep.brown.edu/execute/dir_6514/makeStep1.C:2:
/isilon/condor/node538.hep.brown.edu/execute/dir_6514/HardcodedConditions.cc:3513:1: warning: control may reach end of non-void function [-Wreturn-type]
}
^
Error in <TNetXNGFile::Open>: [ERROR] Server responded with an error: [3011] Unable to open file /isilon/hadoop/store/group/bruxljm/FWLJMET102X_1lep2016_Feb2020/DYJetsToLL_M-50_HT-600to800_TuneCUETP8M1_13TeV-madgraphMLM-pythia8/singleLep2016/200326_014711/0000/DYJetsToLL_M-50_HT-600to800_TuneCUETP8M1_13TeV-madgraphMLM-pythia8_329.root; No such file or directory

In file included from input_line_10:1:
In file included from /isilon/condor/node538.hep.brown.edu/execute/dir_6514/makeStep1.C:2:
/isilon/condor/node538.hep.brown.edu/execute/dir_6514/HardcodedConditions.cc:3513:1: warning: control may reach end of non-void function [-Wreturn-type]
}
^
Error in <TNetXNGFile::Open>: [ERROR] Server responded with an error: [3011] Unable to open file /isilon/hadoop/store/group/bruxljm/FWLJMET102X_1lep2016_Feb2020/DYJetsToLL_M-50_HT-600to800_TuneCUETP8M1_13TeV-madgraphMLM-pythia8/singleLep2016/200326_014711/0000/DYJetsToLL_M-50_HT-600to800_TuneCUETP8M1_13TeV-madgraphMLM-pythia8_487.root; No such file or directory

In file included from input_line_10:1:
In file included from /isilon/condor/node538.hep.brown.edu/execute/dir_6514/makeStep1.C:2:
/isilon/condor/node538.hep.brown.edu/execute/dir_6514/HardcodedConditions.cc:3513:1: warning: control may reach end of non-void function [-Wreturn-type]
}
^
Error in <TNetXNGFile::Open>: [ERROR] Server responded with an error: [3011] Unable to open file /isilon/hadoop/store/group/bruxljm/FWLJMET102X_1lep2016_Feb2020/DYJetsToLL_M-50_HT-600to800_TuneCUETP8M1_13TeV-madgraphMLM-pythia8/singleLep2016/200326_014711/0000/DYJetsToLL_M-50_HT-600to800_TuneCUETP8M1_13TeV-madgraphMLM-pythia8_69.root; No such file or directory

In file included from input_line_10:1:
In file included from /isilon/condor/node538.hep.brown.edu/execute/dir_6514/makeStep1.C:2:
/isilon/condor/node538.hep.brown.edu/execute/dir_6514/HardcodedConditions.cc:3513:1: warning: control may reach end of non-void function [-Wreturn-type]
}
^
Error in <TNetXNGFile::Open>: [ERROR] Server responded with an error: [3011] Unable to open file /isilon/hadoop/store/group/bruxljm/FWLJMET102X_1lep2016_Feb2020/DYJetsToLL_M-50_HT-600to800_TuneCUETP8M1_13TeV-madgraphMLM-pythia8/singleLep2016/200326_014711/0000/DYJetsToLL_M-50_HT-600to800_TuneCUETP8M1_13TeV-madgraphMLM-pythia8_44.root; No such file or directory

In file included from input_line_10:1:
In file included from /isilon/condor/node538.hep.brown.edu/execute/dir_6514/makeStep1.C:2:
/isilon/condor/node538.hep.brown.edu/execute/dir_6514/HardcodedConditions.cc:3513:1: warning: control may reach end of non-void function [-Wreturn-type]
}
^
Error in <TNetXNGFile::Open>: [ERROR] Server responded with an error: [3011] Unable to open file /isilon/hadoop/store/group/bruxljm/FWLJMET102X_1lep2016_Feb2020/DYJetsToLL_M-50_HT-600to800_TuneCUETP8M1_13TeV-madgraphMLM-pythia8/singleLep2016/200326_014711/0000/DYJetsToLL_M-50_HT-600to800_TuneCUETP8M1_13TeV-madgraphMLM-pythia8_363.root; No such file or directory

In file included from input_line_10:1:
In file included from /isilon/condor/node538.hep.brown.edu/execute/dir_6514/makeStep1.C:2:
/isilon/condor/node538.hep.brown.edu/execute/dir_6514/HardcodedConditions.cc:3513:1: warning: control may reach end of non-void function [-Wreturn-type]
}
^
Error in <TNetXNGFile::Open>: [ERROR] Server responded with an error: [3011] Unable to open file /isilon/hadoop/store/group/bruxljm/FWLJMET102X_1lep2016_Feb2020/DYJetsToLL_M-50_HT-600to800_TuneCUETP8M1_13TeV-madgraphMLM-pythia8/singleLep2016/200326_014711/0000/DYJetsToLL_M-50_HT-600to800_TuneCUETP8M1_13TeV-madgraphMLM-pythia8_46.root; No such file or directory

In file included from input_line_10:1:
In file included from /isilon/condor/node538.hep.brown.edu/execute/dir_6514/makeStep1.C:2:
/isilon/condor/node538.hep.brown.edu/execute/dir_6514/HardcodedConditions.cc:3513:1: warning: control may reach end of non-void function [-Wreturn-type]
}
^
Error in <TNetXNGFile::Open>: [ERROR] Server responded with an error: [3011] Unable to open file /isilon/hadoop/store/group/bruxljm/FWLJMET102X_1lep2016_Feb2020/DYJetsToLL_M-50_HT-600to800_TuneCUETP8M1_13TeV-madgraphMLM-pythia8/singleLep2016/200326_014711/0000/DYJetsToLL_M-50_HT-600to800_TuneCUETP8M1_13TeV-madgraphMLM-pythia8_121.root; No such file or directory

In file included from input_line_10:1:
In file included from /isilon/condor/node538.hep.brown.edu/execute/dir_6514/makeStep1.C:2:
/isilon/condor/node538.hep.brown.edu/execute/dir_6514/HardcodedConditions.cc:3513:1: warning: control may reach end of non-void function [-Wreturn-type]
}
^
Error in <TNetXNGFile::Open>: [ERROR] Server responded with an error: [3011] Unable to open file /isilon/hadoop/store/group/bruxljm/FWLJMET102X_1lep2016_Feb2020/DYJetsToLL_M-50_HT-600to800_TuneCUETP8M1_13TeV-madgraphMLM-pythia8/singleLep2016/200326_014711/0000/DYJetsToLL_M-50_HT-600to800_TuneCUETP8M1_13TeV-madgraphMLM-pythia8_238.root; No such file or directory

In file included from input_line_10:1:
In file included from /isilon/condor/node538.hep.brown.edu/execute/dir_6514/makeStep1.C:2:
/isilon/condor/node538.hep.brown.edu/execute/dir_6514/HardcodedConditions.cc:3513:1: warning: control may reach end of non-void function [-Wreturn-type]
}
^
Error in <TNetXNGFile::Open>: [ERROR] Server responded with an error: [3011] Unable to open file /isilon/hadoop/store/group/bruxljm/FWLJMET102X_1lep2016_Feb2020/DYJetsToLL_M-50_HT-600to800_TuneCUETP8M1_13TeV-madgraphMLM-pythia8/singleLep2016/200326_014711/0000/DYJetsToLL_M-50_HT-600to800_TuneCUETP8M1_13TeV-madgraphMLM-pythia8_464.root; No such file or directory

In file included from input_line_10:1:
In file included from /isilon/condor/node538.hep.brown.edu/execute/dir_6514/makeStep1.C:2:
/isilon/condor/node538.hep.brown.edu/execute/dir_6514/HardcodedConditions.cc:3513:1: warning: control may reach end of non-void function [-Wreturn-type]
}
^
Error in <TNetXNGFile::Open>: [ERROR] Server responded with an error: [3011] Unable to open file /isilon/hadoop/store/group/bruxljm/FWLJMET102X_1lep2016_Feb2020/DYJetsToLL_M-50_HT-600to800_TuneCUETP8M1_13TeV-madgraphMLM-pythia8/singleLep2016/200326_014711/0000/DYJetsToLL_M-50_HT-600to800_TuneCUETP8M1_13TeV-madgraphMLM-pythia8_270.root; No such file or directory

In file included from input_line_10:1:
In file included from /isilon/condor/node538.hep.brown.edu/execute/dir_6514/makeStep1.C:2:
/isilon/condor/node538.hep.brown.edu/execute/dir_6514/HardcodedConditions.cc:3513:1: warning: control may reach end of non-void function [-Wreturn-type]
}
^
Error in <TNetXNGFile::Open>: [ERROR] Server responded with an error: [3011] Unable to open file /isilon/hadoop/store/group/bruxljm/FWLJMET102X_1lep2016_Feb2020/DYJetsToLL_M-50_HT-600to800_TuneCUETP8M1_13TeV-madgraphMLM-pythia8/singleLep2016/200326_014711/0000/DYJetsToLL_M-50_HT-600to800_TuneCUETP8M1_13TeV-madgraphMLM-pythia8_255.root; No such file or directory

In file included from input_line_10:1:
In file included from /isilon/condor/node538.hep.brown.edu/execute/dir_6514/makeStep1.C:2:
/isilon/condor/node538.hep.brown.edu/execute/dir_6514/HardcodedConditions.cc:3513:1: warning: control may reach end of non-void function [-Wreturn-type]
}
^
Error in <TNetXNGFile::Open>: [ERROR] Server responded with an error: [3011] Unable to open file /isilon/hadoop/store/group/bruxljm/FWLJMET102X_1lep2016_Feb2020/DYJetsToLL_M-50_HT-600to800_TuneCUETP8M1_13TeV-madgraphMLM-pythia8/singleLep2016/200326_014711/0000/DYJetsToLL_M-50_HT-600to800_TuneCUETP8M1_13TeV-madgraphMLM-pythia8_452.root; No such file or directory

In file included from input_line_10:1:
In file included from /isilon/condor/node538.hep.brown.edu/execute/dir_6514/makeStep1.C:2:
/isilon/condor/node538.hep.brown.edu/execute/dir_6514/HardcodedConditions.cc:3513:1: warning: control may reach end of non-void function [-Wreturn-type]
}
^
Error in <TNetXNGFile::Open>: [ERROR] Server responded with an error: [3011] Unable to open file /isilon/hadoop/store/group/bruxljm/FWLJMET102X_1lep2016_Feb2020/DYJetsToLL_M-50_HT-600to800_TuneCUETP8M1_13TeV-madgraphMLM-pythia8/singleLep2016/200326_014711/0000/DYJetsToLL_M-50_HT-600to800_TuneCUETP8M1_13TeV-madgraphMLM-pythia8_292.root; No such file or directory

In file included from input_line_10:1:
In file included from /isilon/condor/node538.hep.brown.edu/execute/dir_6514/makeStep1.C:2:
/isilon/condor/node538.hep.brown.edu/execute/dir_6514/HardcodedConditions.cc:3513:1: warning: control may reach end of non-void function [-Wreturn-type]
}
^
Error in <TNetXNGFile::Open>: [ERROR] Server responded with an error: [3011] Unable to open file /isilon/hadoop/store/group/bruxljm/FWLJMET102X_1lep2016_Feb2020/DYJetsToLL_M-50_HT-600to800_TuneCUETP8M1_13TeV-madgraphMLM-pythia8/singleLep2016/200326_014711/0000/DYJetsToLL_M-50_HT-600to800_TuneCUETP8M1_13TeV-madgraphMLM-pythia8_171.root; No such file or directory

In file included from input_line_10:1:
In file included from /isilon/condor/node538.hep.brown.edu/execute/dir_6514/makeStep1.C:2:
/isilon/condor/node538.hep.brown.edu/execute/dir_6514/HardcodedConditions.cc:3513:1: warning: control may reach end of non-void function [-Wreturn-type]
}
^
Error in <TNetXNGFile::Open>: [ERROR] Server responded with an error: [3011] Unable to open file /isilon/hadoop/store/group/bruxljm/FWLJMET102X_1lep2016_Feb2020/DYJetsToLL_M-50_HT-600to800_TuneCUETP8M1_13TeV-madgraphMLM-pythia8/singleLep2016/200326_014711/0000/DYJetsToLL_M-50_HT-600to800_TuneCUETP8M1_13TeV-madgraphMLM-pythia8_66.root; No such file or directory

In file included from input_line_10:1:
In file included from /isilon/condor/node538.hep.brown.edu/execute/dir_6514/makeStep1.C:2:
/isilon/condor/node538.hep.brown.edu/execute/dir_6514/HardcodedConditions.cc:3513:1: warning: control may reach end of non-void function [-Wreturn-type]
}
^
Error in <TNetXNGFile::Open>: [ERROR] Server responded with an error: [3011] Unable to open file /isilon/hadoop/store/group/bruxljm/FWLJMET102X_1lep2016_Feb2020/DYJetsToLL_M-50_HT-600to800_TuneCUETP8M1_13TeV-madgraphMLM-pythia8/singleLep2016/200326_014711/0000/DYJetsToLL_M-50_HT-600to800_TuneCUETP8M1_13TeV-madgraphMLM-pythia8_137.root; No such file or directory

In file included from input_line_10:1:
In file included from /isilon/condor/node538.hep.brown.edu/execute/dir_6514/makeStep1.C:2:
/isilon/condor/node538.hep.brown.edu/execute/dir_6514/HardcodedConditions.cc:3513:1: warning: control may reach end of non-void function [-Wreturn-type]
}
^
Error in <TNetXNGFile::Open>: [ERROR] Server responded with an error: [3011] Unable to open file /isilon/hadoop/store/group/bruxljm/FWLJMET102X_1lep2016_Feb2020/DYJetsToLL_M-50_HT-600to800_TuneCUETP8M1_13TeV-madgraphMLM-pythia8/singleLep2016/200326_014711/0000/DYJetsToLL_M-50_HT-600to800_TuneCUETP8M1_13TeV-madgraphMLM-pythia8_153.root; No such file or directory

In file included from input_line_10:1:
In file included from /isilon/condor/node538.hep.brown.edu/execute/dir_6514/makeStep1.C:2:
/isilon/condor/node538.hep.brown.edu/execute/dir_6514/HardcodedConditions.cc:3513:1: warning: control may reach end of non-void function [-Wreturn-type]
}
^
Error in <TNetXNGFile::Open>: [ERROR] Server responded with an error: [3011] Unable to open file /isilon/hadoop/store/group/bruxljm/FWLJMET102X_1lep2016_Feb2020/DYJetsToLL_M-50_HT-600to800_TuneCUETP8M1_13TeV-madgraphMLM-pythia8/singleLep2016/200326_014711/0000/DYJetsToLL_M-50_HT-600to800_TuneCUETP8M1_13TeV-madgraphMLM-pythia8_33.root; No such file or directory

ls: cannot access *.root: No such file or directory
Error in <TFile::TFile>: file *nominal.root does not exist
Error in <TFileMerger::AddFile>: cannot open file *nominal.root
hadd exiting due to error in *nominal.root
rm: cannot remove '*nominal.root': No such file or directory
Error in <TFile::TFile>: file *JECup.root does not exist
Error in <TFileMerger::AddFile>: cannot open file *JECup.root
hadd exiting due to error in *JECup.root
rm: cannot remove '*JECup.root': No such file or directory
Error in <TFile::TFile>: file *JECdown.root does not exist
Error in <TFileMerger::AddFile>: cannot open file *JECdown.root
hadd exiting due to error in *JECdown.root
rm: cannot remove '*JECdown.root': No such file or directory
Error in <TFile::TFile>: file *JERup.root does not exist
Error in <TFileMerger::AddFile>: cannot open file *JERup.root
hadd exiting due to error in *JERup.root
rm: cannot remove '*JERup.root': No such file or directory
Error in <TFile::TFile>: file *JERdown.root does not exist
Error in <TFileMerger::AddFile>: cannot open file *JERdown.root
hadd exiting due to error in *JERdown.root
rm: cannot remove '*JERdown.root': No such file or directory
