000 (642083.000.000) 09/25 19:56:59 Job submitted from host: <172.20.3.198:9618?addrs=172.20.3.198-9618&noUDP&sock=160905_0664_3>
...
001 (642083.000.000) 09/25 19:57:17 Job executing on host: <172.20.201.47:9618?addrs=172.20.201.47-9618+[--1]-9618&noUDP&sock=3067_490e_50>
...
006 (642083.000.000) 09/25 19:57:25 Image size of job updated: 12060
	12  -  MemoryUsage of job (MB)
	12060  -  ResidentSetSize of job (KB)
...
005 (642083.000.000) 09/25 20:00:45 Job terminated.
	(1) Normal termination (return value 0)
		Usr 0 00:00:33, Sys 0 00:00:05  -  Run Remote Usage
		Usr 0 00:00:00, Sys 0 00:00:00  -  Run Local Usage
		Usr 0 00:00:33, Sys 0 00:00:05  -  Total Remote Usage
		Usr 0 00:00:00, Sys 0 00:00:00  -  Total Local Usage
	727770  -  Run Bytes Sent By Job
	717111  -  Run Bytes Received By Job
	727770  -  Total Bytes Sent By Job
	717111  -  Total Bytes Received By Job
	Partitionable Resources :    Usage  Request  Allocated
	   Cpus                 :                 1          1
	   Disk (KB)            :     1912      750 3023978944
	   Memory (MB)          :       12        1       4025
...
