000 (642060.000.000) 09/25 19:56:35 Job submitted from host: <172.20.3.198:9618?addrs=172.20.3.198-9618&noUDP&sock=160905_0664_3>
...
001 (642060.000.000) 09/25 19:56:58 Job executing on host: <172.20.201.26:9618?addrs=172.20.201.26-9618+[--1]-9618&noUDP&sock=10708_6035_16>
...
006 (642060.000.000) 09/25 19:57:06 Image size of job updated: 12060
	12  -  MemoryUsage of job (MB)
	12052  -  ResidentSetSize of job (KB)
...
006 (642060.000.000) 09/25 20:01:38 Image size of job updated: 14680
	12  -  MemoryUsage of job (MB)
	12052  -  ResidentSetSize of job (KB)
...
005 (642060.000.000) 09/25 20:01:42 Job terminated.
	(1) Normal termination (return value 0)
		Usr 0 00:01:23, Sys 0 00:00:11  -  Run Remote Usage
		Usr 0 00:00:00, Sys 0 00:00:00  -  Run Local Usage
		Usr 0 00:01:23, Sys 0 00:00:11  -  Total Remote Usage
		Usr 0 00:00:00, Sys 0 00:00:00  -  Total Local Usage
	748651  -  Run Bytes Sent By Job
	717111  -  Run Bytes Received By Job
	748651  -  Total Bytes Sent By Job
	717111  -  Total Bytes Received By Job
	Partitionable Resources :    Usage  Request  Allocated
	   Cpus                 :                 1          1
	   Disk (KB)            :     1932      750 3036690560
	   Memory (MB)          :       12        1       4025
...
