000 (642085.000.000) 09/25 19:57:03 Job submitted from host: <172.20.3.198:9618?addrs=172.20.3.198-9618&noUDP&sock=160905_0664_3>
...
001 (642085.000.000) 09/25 19:57:16 Job executing on host: <172.20.201.47:9618?addrs=172.20.201.47-9618+[--1]-9618&noUDP&sock=3067_490e_50>
...
006 (642085.000.000) 09/25 19:57:25 Image size of job updated: 12044
	12  -  MemoryUsage of job (MB)
	12044  -  ResidentSetSize of job (KB)
...
006 (642085.000.000) 09/25 20:02:26 Image size of job updated: 29552
	28  -  MemoryUsage of job (MB)
	27976  -  ResidentSetSize of job (KB)
...
006 (642085.000.000) 09/25 20:02:51 Image size of job updated: 29552
	30  -  MemoryUsage of job (MB)
	29840  -  ResidentSetSize of job (KB)
...
005 (642085.000.000) 09/25 20:02:53 Job terminated.
	(1) Normal termination (return value 0)
		Usr 0 00:02:15, Sys 0 00:00:21  -  Run Remote Usage
		Usr 0 00:00:00, Sys 0 00:00:00  -  Run Local Usage
		Usr 0 00:02:15, Sys 0 00:00:21  -  Total Remote Usage
		Usr 0 00:00:00, Sys 0 00:00:00  -  Total Local Usage
	773352  -  Run Bytes Sent By Job
	717111  -  Run Bytes Received By Job
	773352  -  Total Bytes Sent By Job
	717111  -  Total Bytes Received By Job
	Partitionable Resources :    Usage  Request  Allocated
	   Cpus                 :                 1          1
	   Disk (KB)            :     1957      750 3023978944
	   Memory (MB)          :       30        1       4025
...
