000 (642096.000.000) 09/25 19:57:12 Job submitted from host: <172.20.3.198:9618?addrs=172.20.3.198-9618&noUDP&sock=160905_0664_3>
...
001 (642096.000.000) 09/25 19:57:21 Job executing on host: <172.20.201.34:9618?addrs=172.20.201.34-9618+[--1]-9618&noUDP&sock=3059_cc4c_50>
...
006 (642096.000.000) 09/25 19:57:29 Image size of job updated: 12056
	12  -  MemoryUsage of job (MB)
	12056  -  ResidentSetSize of job (KB)
...
006 (642096.000.000) 09/25 20:02:29 Image size of job updated: 93160
	85  -  MemoryUsage of job (MB)
	86268  -  ResidentSetSize of job (KB)
...
006 (642096.000.000) 09/25 20:03:33 Image size of job updated: 93160
	88  -  MemoryUsage of job (MB)
	89708  -  ResidentSetSize of job (KB)
...
005 (642096.000.000) 09/25 20:03:35 Job terminated.
	(1) Normal termination (return value 0)
		Usr 0 00:02:16, Sys 0 00:00:22  -  Run Remote Usage
		Usr 0 00:00:00, Sys 0 00:00:00  -  Run Local Usage
		Usr 0 00:02:16, Sys 0 00:00:22  -  Total Remote Usage
		Usr 0 00:00:00, Sys 0 00:00:00  -  Total Local Usage
	773339  -  Run Bytes Sent By Job
	717111  -  Run Bytes Received By Job
	773339  -  Total Bytes Sent By Job
	717111  -  Total Bytes Received By Job
	Partitionable Resources :    Usage  Request  Allocated
	   Cpus                 :                 1          1
	   Disk (KB)            :     1957      750 3024293088
	   Memory (MB)          :       88        1       4025
...
