000 (642111.000.000) 09/25 19:57:25 Job submitted from host: <172.20.3.198:9618?addrs=172.20.3.198-9618&noUDP&sock=160905_0664_3>
...
001 (642111.000.000) 09/25 19:57:41 Job executing on host: <172.20.201.38:9618?addrs=172.20.201.38-9618+[--1]-9618&noUDP&sock=3135_ed7e_48>
...
006 (642111.000.000) 09/25 19:57:51 Image size of job updated: 12052
	12  -  MemoryUsage of job (MB)
	12052  -  ResidentSetSize of job (KB)
...
006 (642111.000.000) 09/25 20:06:57 Image size of job updated: 20228
	12  -  MemoryUsage of job (MB)
	12052  -  ResidentSetSize of job (KB)
...
005 (642111.000.000) 09/25 20:07:17 Job terminated.
	(1) Normal termination (return value 0)
		Usr 0 00:02:08, Sys 0 00:00:17  -  Run Remote Usage
		Usr 0 00:00:00, Sys 0 00:00:00  -  Run Local Usage
		Usr 0 00:02:08, Sys 0 00:00:17  -  Total Remote Usage
		Usr 0 00:00:00, Sys 0 00:00:00  -  Total Local Usage
	773259  -  Run Bytes Sent By Job
	717111  -  Run Bytes Received By Job
	773259  -  Total Bytes Sent By Job
	717111  -  Total Bytes Received By Job
	Partitionable Resources :    Usage  Request  Allocated
	   Cpus                 :                 1          1
	   Disk (KB)            :     1957      750 3032437312
	   Memory (MB)          :       12        1       4025
...
