000 (642109.000.000) 09/25 19:57:22 Job submitted from host: <172.20.3.198:9618?addrs=172.20.3.198-9618&noUDP&sock=160905_0664_3>
...
001 (642109.000.000) 09/25 19:57:39 Job executing on host: <172.20.201.34:9618?addrs=172.20.201.34-9618+[--1]-9618&noUDP&sock=3059_cc4c_50>
...
006 (642109.000.000) 09/25 19:57:49 Image size of job updated: 12056
	12  -  MemoryUsage of job (MB)
	12056  -  ResidentSetSize of job (KB)
...
006 (642109.000.000) 09/25 20:02:50 Image size of job updated: 68260
	65  -  MemoryUsage of job (MB)
	66220  -  ResidentSetSize of job (KB)
...
006 (642109.000.000) 09/25 20:04:35 Image size of job updated: 473196
	65  -  MemoryUsage of job (MB)
	66560  -  ResidentSetSize of job (KB)
...
005 (642109.000.000) 09/25 20:04:56 Job terminated.
	(1) Normal termination (return value 0)
		Usr 0 00:02:15, Sys 0 00:00:23  -  Run Remote Usage
		Usr 0 00:00:00, Sys 0 00:00:00  -  Run Local Usage
		Usr 0 00:02:15, Sys 0 00:00:23  -  Total Remote Usage
		Usr 0 00:00:00, Sys 0 00:00:00  -  Total Local Usage
	773360  -  Run Bytes Sent By Job
	717111  -  Run Bytes Received By Job
	773360  -  Total Bytes Sent By Job
	717111  -  Total Bytes Received By Job
	Partitionable Resources :    Usage  Request  Allocated
	   Cpus                 :                 1          1
	   Disk (KB)            :     1957      750 3024293280
	   Memory (MB)          :       65        1       4025
...
