000 (642088.000.000) 09/25 19:57:06 Job submitted from host: <172.20.3.198:9618?addrs=172.20.3.198-9618&noUDP&sock=160905_0664_3>
...
001 (642088.000.000) 09/25 19:57:18 Job executing on host: <172.20.201.47:9618?addrs=172.20.201.47-9618+[--1]-9618&noUDP&sock=3067_490e_50>
...
006 (642088.000.000) 09/25 19:57:27 Image size of job updated: 12052
	12  -  MemoryUsage of job (MB)
	12052  -  ResidentSetSize of job (KB)
...
006 (642088.000.000) 09/25 20:02:28 Image size of job updated: 128040
	125  -  MemoryUsage of job (MB)
	127312  -  ResidentSetSize of job (KB)
...
006 (642088.000.000) 09/25 20:03:22 Image size of job updated: 128040
	125  -  MemoryUsage of job (MB)
	127584  -  ResidentSetSize of job (KB)
...
005 (642088.000.000) 09/25 20:03:44 Job terminated.
	(1) Normal termination (return value 0)
		Usr 0 00:02:15, Sys 0 00:00:22  -  Run Remote Usage
		Usr 0 00:00:00, Sys 0 00:00:00  -  Run Local Usage
		Usr 0 00:02:15, Sys 0 00:00:22  -  Total Remote Usage
		Usr 0 00:00:00, Sys 0 00:00:00  -  Total Local Usage
	773338  -  Run Bytes Sent By Job
	717111  -  Run Bytes Received By Job
	773338  -  Total Bytes Sent By Job
	717111  -  Total Bytes Received By Job
	Partitionable Resources :    Usage  Request  Allocated
	   Cpus                 :                 1          1
	   Disk (KB)            :     1957      750 3023978944
	   Memory (MB)          :      125        1       4025
...
