000 (642114.000.000) 09/25 19:57:27 Job submitted from host: <172.20.3.198:9618?addrs=172.20.3.198-9618&noUDP&sock=160905_0664_3>
...
001 (642114.000.000) 09/25 19:57:44 Job executing on host: <172.20.201.38:9618?addrs=172.20.201.38-9618+[--1]-9618&noUDP&sock=3135_ed7e_48>
...
006 (642114.000.000) 09/25 19:57:52 Image size of job updated: 12056
	12  -  MemoryUsage of job (MB)
	12056  -  ResidentSetSize of job (KB)
...
006 (642114.000.000) 09/25 20:02:52 Image size of job updated: 42532
	42  -  MemoryUsage of job (MB)
	42372  -  ResidentSetSize of job (KB)
...
006 (642114.000.000) 09/25 20:04:00 Image size of job updated: 42532
	42  -  MemoryUsage of job (MB)
	42420  -  ResidentSetSize of job (KB)
...
005 (642114.000.000) 09/25 20:04:00 Job terminated.
	(1) Normal termination (return value 0)
		Usr 0 00:02:13, Sys 0 00:00:20  -  Run Remote Usage
		Usr 0 00:00:00, Sys 0 00:00:00  -  Run Local Usage
		Usr 0 00:02:13, Sys 0 00:00:20  -  Total Remote Usage
		Usr 0 00:00:00, Sys 0 00:00:00  -  Total Local Usage
	773252  -  Run Bytes Sent By Job
	717111  -  Run Bytes Received By Job
	773252  -  Total Bytes Sent By Job
	717111  -  Total Bytes Received By Job
	Partitionable Resources :    Usage  Request  Allocated
	   Cpus                 :                 1          1
	   Disk (KB)            :     1957      750 3032437312
	   Memory (MB)          :       42        1       4025
...
