000 (642090.000.000) 09/25 19:57:08 Job submitted from host: <172.20.3.198:9618?addrs=172.20.3.198-9618&noUDP&sock=160905_0664_3>
...
001 (642090.000.000) 09/25 19:57:17 Job executing on host: <172.20.201.47:9618?addrs=172.20.201.47-9618+[--1]-9618&noUDP&sock=3067_490e_50>
...
006 (642090.000.000) 09/25 19:57:25 Image size of job updated: 12044
	12  -  MemoryUsage of job (MB)
	12044  -  ResidentSetSize of job (KB)
...
006 (642090.000.000) 09/25 20:02:26 Image size of job updated: 49188
	44  -  MemoryUsage of job (MB)
	44112  -  ResidentSetSize of job (KB)
...
005 (642090.000.000) 09/25 20:02:35 Job terminated.
	(1) Normal termination (return value 0)
		Usr 0 00:02:14, Sys 0 00:00:20  -  Run Remote Usage
		Usr 0 00:00:00, Sys 0 00:00:00  -  Run Local Usage
		Usr 0 00:02:14, Sys 0 00:00:20  -  Total Remote Usage
		Usr 0 00:00:00, Sys 0 00:00:00  -  Total Local Usage
	773345  -  Run Bytes Sent By Job
	717111  -  Run Bytes Received By Job
	773345  -  Total Bytes Sent By Job
	717111  -  Total Bytes Received By Job
	Partitionable Resources :    Usage  Request  Allocated
	   Cpus                 :                 1          1
	   Disk (KB)            :     1957      750 3023978944
	   Memory (MB)          :       44        1       4025
...
