WARNING: In non-interactive mode release checks e.g. deprecated releases, production architectures are disabled.
Info in <TUnixSystem::ACLiC>: creating shared library /isilon/condor/node547.hep.brown.edu/execute/dir_14416/./HardcodedConditions_cc.so
In file included from input_line_12:9:
././HardcodedConditions.cc:3513:1: warning: control may reach end of non-void function [-Wreturn-type]
}
^
Info in <TUnixSystem::ACLiC>: creating shared library /isilon/condor/node547.hep.brown.edu/execute/dir_14416/./step1_cc.so
In file included from input_line_10:1:
In file included from /isilon/condor/node547.hep.brown.edu/execute/dir_14416/makeStep1.C:2:
/isilon/condor/node547.hep.brown.edu/execute/dir_14416/HardcodedConditions.cc:3513:1: warning: control may reach end of non-void function [-Wreturn-type]
}
^
Error in <TNetXNGFile::Open>: [ERROR] Server responded with an error: [3011] Unable to open file /isilon/hadoop/store/group/bruxljm/FWLJMET102X_1lep2016_Feb2020/DYJetsToLL_M-50_HT-400to600_TuneCUETP8M1_13TeV-madgraphMLM-pythia8/singleLep2016/200326_015801/0000/DYJetsToLL_M-50_HT-400to600_TuneCUETP8M1_13TeV-madgraphMLM-pythia8-ext1_910.root; No such file or directory

In file included from input_line_10:1:
In file included from /isilon/condor/node547.hep.brown.edu/execute/dir_14416/makeStep1.C:2:
/isilon/condor/node547.hep.brown.edu/execute/dir_14416/HardcodedConditions.cc:3513:1: warning: control may reach end of non-void function [-Wreturn-type]
}
^
Error in <TNetXNGFile::Open>: [ERROR] Server responded with an error: [3011] Unable to open file /isilon/hadoop/store/group/bruxljm/FWLJMET102X_1lep2016_Feb2020/DYJetsToLL_M-50_HT-400to600_TuneCUETP8M1_13TeV-madgraphMLM-pythia8/singleLep2016/200326_015801/0000/DYJetsToLL_M-50_HT-400to600_TuneCUETP8M1_13TeV-madgraphMLM-pythia8-ext1_182.root; No such file or directory

In file included from input_line_10:1:
In file included from /isilon/condor/node547.hep.brown.edu/execute/dir_14416/makeStep1.C:2:
/isilon/condor/node547.hep.brown.edu/execute/dir_14416/HardcodedConditions.cc:3513:1: warning: control may reach end of non-void function [-Wreturn-type]
}
^
Error in <TNetXNGFile::Open>: [ERROR] Server responded with an error: [3011] Unable to open file /isilon/hadoop/store/group/bruxljm/FWLJMET102X_1lep2016_Feb2020/DYJetsToLL_M-50_HT-400to600_TuneCUETP8M1_13TeV-madgraphMLM-pythia8/singleLep2016/200326_015801/0000/DYJetsToLL_M-50_HT-400to600_TuneCUETP8M1_13TeV-madgraphMLM-pythia8-ext1_791.root; No such file or directory

In file included from input_line_10:1:
In file included from /isilon/condor/node547.hep.brown.edu/execute/dir_14416/makeStep1.C:2:
/isilon/condor/node547.hep.brown.edu/execute/dir_14416/HardcodedConditions.cc:3513:1: warning: control may reach end of non-void function [-Wreturn-type]
}
^
Error in <TNetXNGFile::Open>: [ERROR] Server responded with an error: [3011] Unable to open file /isilon/hadoop/store/group/bruxljm/FWLJMET102X_1lep2016_Feb2020/DYJetsToLL_M-50_HT-400to600_TuneCUETP8M1_13TeV-madgraphMLM-pythia8/singleLep2016/200326_015801/0000/DYJetsToLL_M-50_HT-400to600_TuneCUETP8M1_13TeV-madgraphMLM-pythia8-ext1_815.root; No such file or directory

In file included from input_line_10:1:
In file included from /isilon/condor/node547.hep.brown.edu/execute/dir_14416/makeStep1.C:2:
/isilon/condor/node547.hep.brown.edu/execute/dir_14416/HardcodedConditions.cc:3513:1: warning: control may reach end of non-void function [-Wreturn-type]
}
^
Error in <TNetXNGFile::Open>: [ERROR] Server responded with an error: [3011] Unable to open file /isilon/hadoop/store/group/bruxljm/FWLJMET102X_1lep2016_Feb2020/DYJetsToLL_M-50_HT-400to600_TuneCUETP8M1_13TeV-madgraphMLM-pythia8/singleLep2016/200326_015801/0000/DYJetsToLL_M-50_HT-400to600_TuneCUETP8M1_13TeV-madgraphMLM-pythia8-ext1_917.root; No such file or directory

In file included from input_line_10:1:
In file included from /isilon/condor/node547.hep.brown.edu/execute/dir_14416/makeStep1.C:2:
/isilon/condor/node547.hep.brown.edu/execute/dir_14416/HardcodedConditions.cc:3513:1: warning: control may reach end of non-void function [-Wreturn-type]
}
^
Error in <TNetXNGFile::Open>: [ERROR] Server responded with an error: [3011] Unable to open file /isilon/hadoop/store/group/bruxljm/FWLJMET102X_1lep2016_Feb2020/DYJetsToLL_M-50_HT-400to600_TuneCUETP8M1_13TeV-madgraphMLM-pythia8/singleLep2016/200326_015801/0000/DYJetsToLL_M-50_HT-400to600_TuneCUETP8M1_13TeV-madgraphMLM-pythia8-ext1_559.root; No such file or directory

In file included from input_line_10:1:
In file included from /isilon/condor/node547.hep.brown.edu/execute/dir_14416/makeStep1.C:2:
/isilon/condor/node547.hep.brown.edu/execute/dir_14416/HardcodedConditions.cc:3513:1: warning: control may reach end of non-void function [-Wreturn-type]
}
^
Error in <TNetXNGFile::Open>: [ERROR] Server responded with an error: [3011] Unable to open file /isilon/hadoop/store/group/bruxljm/FWLJMET102X_1lep2016_Feb2020/DYJetsToLL_M-50_HT-400to600_TuneCUETP8M1_13TeV-madgraphMLM-pythia8/singleLep2016/200326_015801/0000/DYJetsToLL_M-50_HT-400to600_TuneCUETP8M1_13TeV-madgraphMLM-pythia8-ext1_20.root; No such file or directory

In file included from input_line_10:1:
In file included from /isilon/condor/node547.hep.brown.edu/execute/dir_14416/makeStep1.C:2:
/isilon/condor/node547.hep.brown.edu/execute/dir_14416/HardcodedConditions.cc:3513:1: warning: control may reach end of non-void function [-Wreturn-type]
}
^
Error in <TNetXNGFile::Open>: [ERROR] Server responded with an error: [3011] Unable to open file /isilon/hadoop/store/group/bruxljm/FWLJMET102X_1lep2016_Feb2020/DYJetsToLL_M-50_HT-400to600_TuneCUETP8M1_13TeV-madgraphMLM-pythia8/singleLep2016/200326_015801/0000/DYJetsToLL_M-50_HT-400to600_TuneCUETP8M1_13TeV-madgraphMLM-pythia8-ext1_518.root; No such file or directory

In file included from input_line_10:1:
In file included from /isilon/condor/node547.hep.brown.edu/execute/dir_14416/makeStep1.C:2:
/isilon/condor/node547.hep.brown.edu/execute/dir_14416/HardcodedConditions.cc:3513:1: warning: control may reach end of non-void function [-Wreturn-type]
}
^
Error in <TNetXNGFile::Open>: [ERROR] Server responded with an error: [3011] Unable to open file /isilon/hadoop/store/group/bruxljm/FWLJMET102X_1lep2016_Feb2020/DYJetsToLL_M-50_HT-400to600_TuneCUETP8M1_13TeV-madgraphMLM-pythia8/singleLep2016/200326_015801/0000/DYJetsToLL_M-50_HT-400to600_TuneCUETP8M1_13TeV-madgraphMLM-pythia8-ext1_577.root; No such file or directory

In file included from input_line_10:1:
In file included from /isilon/condor/node547.hep.brown.edu/execute/dir_14416/makeStep1.C:2:
/isilon/condor/node547.hep.brown.edu/execute/dir_14416/HardcodedConditions.cc:3513:1: warning: control may reach end of non-void function [-Wreturn-type]
}
^
Error in <TNetXNGFile::Open>: [ERROR] Server responded with an error: [3011] Unable to open file /isilon/hadoop/store/group/bruxljm/FWLJMET102X_1lep2016_Feb2020/DYJetsToLL_M-50_HT-400to600_TuneCUETP8M1_13TeV-madgraphMLM-pythia8/singleLep2016/200326_015801/0000/DYJetsToLL_M-50_HT-400to600_TuneCUETP8M1_13TeV-madgraphMLM-pythia8-ext1_564.root; No such file or directory

In file included from input_line_10:1:
In file included from /isilon/condor/node547.hep.brown.edu/execute/dir_14416/makeStep1.C:2:
/isilon/condor/node547.hep.brown.edu/execute/dir_14416/HardcodedConditions.cc:3513:1: warning: control may reach end of non-void function [-Wreturn-type]
}
^
Error in <TNetXNGFile::Open>: [ERROR] Server responded with an error: [3011] Unable to open file /isilon/hadoop/store/group/bruxljm/FWLJMET102X_1lep2016_Feb2020/DYJetsToLL_M-50_HT-400to600_TuneCUETP8M1_13TeV-madgraphMLM-pythia8/singleLep2016/200326_015801/0000/DYJetsToLL_M-50_HT-400to600_TuneCUETP8M1_13TeV-madgraphMLM-pythia8-ext1_269.root; No such file or directory

In file included from input_line_10:1:
In file included from /isilon/condor/node547.hep.brown.edu/execute/dir_14416/makeStep1.C:2:
/isilon/condor/node547.hep.brown.edu/execute/dir_14416/HardcodedConditions.cc:3513:1: warning: control may reach end of non-void function [-Wreturn-type]
}
^
Error in <TNetXNGFile::Open>: [ERROR] Server responded with an error: [3011] Unable to open file /isilon/hadoop/store/group/bruxljm/FWLJMET102X_1lep2016_Feb2020/DYJetsToLL_M-50_HT-400to600_TuneCUETP8M1_13TeV-madgraphMLM-pythia8/singleLep2016/200326_015801/0000/DYJetsToLL_M-50_HT-400to600_TuneCUETP8M1_13TeV-madgraphMLM-pythia8-ext1_447.root; No such file or directory

In file included from input_line_10:1:
In file included from /isilon/condor/node547.hep.brown.edu/execute/dir_14416/makeStep1.C:2:
/isilon/condor/node547.hep.brown.edu/execute/dir_14416/HardcodedConditions.cc:3513:1: warning: control may reach end of non-void function [-Wreturn-type]
}
^
Error in <TNetXNGFile::Open>: [ERROR] Server responded with an error: [3011] Unable to open file /isilon/hadoop/store/group/bruxljm/FWLJMET102X_1lep2016_Feb2020/DYJetsToLL_M-50_HT-400to600_TuneCUETP8M1_13TeV-madgraphMLM-pythia8/singleLep2016/200326_015801/0000/DYJetsToLL_M-50_HT-400to600_TuneCUETP8M1_13TeV-madgraphMLM-pythia8-ext1_618.root; No such file or directory

In file included from input_line_10:1:
In file included from /isilon/condor/node547.hep.brown.edu/execute/dir_14416/makeStep1.C:2:
/isilon/condor/node547.hep.brown.edu/execute/dir_14416/HardcodedConditions.cc:3513:1: warning: control may reach end of non-void function [-Wreturn-type]
}
^
Error in <TNetXNGFile::Open>: [ERROR] Server responded with an error: [3011] Unable to open file /isilon/hadoop/store/group/bruxljm/FWLJMET102X_1lep2016_Feb2020/DYJetsToLL_M-50_HT-400to600_TuneCUETP8M1_13TeV-madgraphMLM-pythia8/singleLep2016/200326_015801/0000/DYJetsToLL_M-50_HT-400to600_TuneCUETP8M1_13TeV-madgraphMLM-pythia8-ext1_60.root; No such file or directory

In file included from input_line_10:1:
In file included from /isilon/condor/node547.hep.brown.edu/execute/dir_14416/makeStep1.C:2:
/isilon/condor/node547.hep.brown.edu/execute/dir_14416/HardcodedConditions.cc:3513:1: warning: control may reach end of non-void function [-Wreturn-type]
}
^
Error in <TNetXNGFile::Open>: [ERROR] Server responded with an error: [3011] Unable to open file /isilon/hadoop/store/group/bruxljm/FWLJMET102X_1lep2016_Feb2020/DYJetsToLL_M-50_HT-400to600_TuneCUETP8M1_13TeV-madgraphMLM-pythia8/singleLep2016/200326_015801/0000/DYJetsToLL_M-50_HT-400to600_TuneCUETP8M1_13TeV-madgraphMLM-pythia8-ext1_129.root; No such file or directory

In file included from input_line_10:1:
In file included from /isilon/condor/node547.hep.brown.edu/execute/dir_14416/makeStep1.C:2:
/isilon/condor/node547.hep.brown.edu/execute/dir_14416/HardcodedConditions.cc:3513:1: warning: control may reach end of non-void function [-Wreturn-type]
}
^
Error in <TNetXNGFile::Open>: [ERROR] Server responded with an error: [3011] Unable to open file /isilon/hadoop/store/group/bruxljm/FWLJMET102X_1lep2016_Feb2020/DYJetsToLL_M-50_HT-400to600_TuneCUETP8M1_13TeV-madgraphMLM-pythia8/singleLep2016/200326_015801/0000/DYJetsToLL_M-50_HT-400to600_TuneCUETP8M1_13TeV-madgraphMLM-pythia8-ext1_611.root; No such file or directory

In file included from input_line_10:1:
In file included from /isilon/condor/node547.hep.brown.edu/execute/dir_14416/makeStep1.C:2:
/isilon/condor/node547.hep.brown.edu/execute/dir_14416/HardcodedConditions.cc:3513:1: warning: control may reach end of non-void function [-Wreturn-type]
}
^
Error in <TNetXNGFile::Open>: [ERROR] Server responded with an error: [3011] Unable to open file /isilon/hadoop/store/group/bruxljm/FWLJMET102X_1lep2016_Feb2020/DYJetsToLL_M-50_HT-400to600_TuneCUETP8M1_13TeV-madgraphMLM-pythia8/singleLep2016/200326_015801/0000/DYJetsToLL_M-50_HT-400to600_TuneCUETP8M1_13TeV-madgraphMLM-pythia8-ext1_426.root; No such file or directory

In file included from input_line_10:1:
In file included from /isilon/condor/node547.hep.brown.edu/execute/dir_14416/makeStep1.C:2:
/isilon/condor/node547.hep.brown.edu/execute/dir_14416/HardcodedConditions.cc:3513:1: warning: control may reach end of non-void function [-Wreturn-type]
}
^
Error in <TNetXNGFile::Open>: [ERROR] Server responded with an error: [3011] Unable to open file /isilon/hadoop/store/group/bruxljm/FWLJMET102X_1lep2016_Feb2020/DYJetsToLL_M-50_HT-400to600_TuneCUETP8M1_13TeV-madgraphMLM-pythia8/singleLep2016/200326_015801/0000/DYJetsToLL_M-50_HT-400to600_TuneCUETP8M1_13TeV-madgraphMLM-pythia8-ext1_319.root; No such file or directory

In file included from input_line_10:1:
In file included from /isilon/condor/node547.hep.brown.edu/execute/dir_14416/makeStep1.C:2:
/isilon/condor/node547.hep.brown.edu/execute/dir_14416/HardcodedConditions.cc:3513:1: warning: control may reach end of non-void function [-Wreturn-type]
}
^
Error in <TNetXNGFile::Open>: [ERROR] Server responded with an error: [3011] Unable to open file /isilon/hadoop/store/group/bruxljm/FWLJMET102X_1lep2016_Feb2020/DYJetsToLL_M-50_HT-400to600_TuneCUETP8M1_13TeV-madgraphMLM-pythia8/singleLep2016/200326_015801/0000/DYJetsToLL_M-50_HT-400to600_TuneCUETP8M1_13TeV-madgraphMLM-pythia8-ext1_302.root; No such file or directory

In file included from input_line_10:1:
In file included from /isilon/condor/node547.hep.brown.edu/execute/dir_14416/makeStep1.C:2:
/isilon/condor/node547.hep.brown.edu/execute/dir_14416/HardcodedConditions.cc:3513:1: warning: control may reach end of non-void function [-Wreturn-type]
}
^
Error in <TNetXNGFile::Open>: [ERROR] Server responded with an error: [3011] Unable to open file /isilon/hadoop/store/group/bruxljm/FWLJMET102X_1lep2016_Feb2020/DYJetsToLL_M-50_HT-400to600_TuneCUETP8M1_13TeV-madgraphMLM-pythia8/singleLep2016/200326_015801/0000/DYJetsToLL_M-50_HT-400to600_TuneCUETP8M1_13TeV-madgraphMLM-pythia8-ext1_946.root; No such file or directory

In file included from input_line_10:1:
In file included from /isilon/condor/node547.hep.brown.edu/execute/dir_14416/makeStep1.C:2:
/isilon/condor/node547.hep.brown.edu/execute/dir_14416/HardcodedConditions.cc:3513:1: warning: control may reach end of non-void function [-Wreturn-type]
}
^
Error in <TNetXNGFile::Open>: [ERROR] Server responded with an error: [3011] Unable to open file /isilon/hadoop/store/group/bruxljm/FWLJMET102X_1lep2016_Feb2020/DYJetsToLL_M-50_HT-400to600_TuneCUETP8M1_13TeV-madgraphMLM-pythia8/singleLep2016/200326_015801/0000/DYJetsToLL_M-50_HT-400to600_TuneCUETP8M1_13TeV-madgraphMLM-pythia8-ext1_28.root; No such file or directory

In file included from input_line_10:1:
In file included from /isilon/condor/node547.hep.brown.edu/execute/dir_14416/makeStep1.C:2:
/isilon/condor/node547.hep.brown.edu/execute/dir_14416/HardcodedConditions.cc:3513:1: warning: control may reach end of non-void function [-Wreturn-type]
}
^
Error in <TNetXNGFile::Open>: [ERROR] Server responded with an error: [3011] Unable to open file /isilon/hadoop/store/group/bruxljm/FWLJMET102X_1lep2016_Feb2020/DYJetsToLL_M-50_HT-400to600_TuneCUETP8M1_13TeV-madgraphMLM-pythia8/singleLep2016/200326_015801/0000/DYJetsToLL_M-50_HT-400to600_TuneCUETP8M1_13TeV-madgraphMLM-pythia8-ext1_94.root; No such file or directory

In file included from input_line_10:1:
In file included from /isilon/condor/node547.hep.brown.edu/execute/dir_14416/makeStep1.C:2:
/isilon/condor/node547.hep.brown.edu/execute/dir_14416/HardcodedConditions.cc:3513:1: warning: control may reach end of non-void function [-Wreturn-type]
}
^
Error in <TNetXNGFile::Open>: [ERROR] Server responded with an error: [3011] Unable to open file /isilon/hadoop/store/group/bruxljm/FWLJMET102X_1lep2016_Feb2020/DYJetsToLL_M-50_HT-400to600_TuneCUETP8M1_13TeV-madgraphMLM-pythia8/singleLep2016/200326_015801/0000/DYJetsToLL_M-50_HT-400to600_TuneCUETP8M1_13TeV-madgraphMLM-pythia8-ext1_795.root; No such file or directory

In file included from input_line_10:1:
In file included from /isilon/condor/node547.hep.brown.edu/execute/dir_14416/makeStep1.C:2:
/isilon/condor/node547.hep.brown.edu/execute/dir_14416/HardcodedConditions.cc:3513:1: warning: control may reach end of non-void function [-Wreturn-type]
}
^
Error in <TNetXNGFile::Open>: [ERROR] Server responded with an error: [3011] Unable to open file /isilon/hadoop/store/group/bruxljm/FWLJMET102X_1lep2016_Feb2020/DYJetsToLL_M-50_HT-400to600_TuneCUETP8M1_13TeV-madgraphMLM-pythia8/singleLep2016/200326_015801/0000/DYJetsToLL_M-50_HT-400to600_TuneCUETP8M1_13TeV-madgraphMLM-pythia8-ext1_639.root; No such file or directory

In file included from input_line_10:1:
In file included from /isilon/condor/node547.hep.brown.edu/execute/dir_14416/makeStep1.C:2:
/isilon/condor/node547.hep.brown.edu/execute/dir_14416/HardcodedConditions.cc:3513:1: warning: control may reach end of non-void function [-Wreturn-type]
}
^
Error in <TNetXNGFile::Open>: [ERROR] Server responded with an error: [3011] Unable to open file /isilon/hadoop/store/group/bruxljm/FWLJMET102X_1lep2016_Feb2020/DYJetsToLL_M-50_HT-400to600_TuneCUETP8M1_13TeV-madgraphMLM-pythia8/singleLep2016/200326_015801/0000/DYJetsToLL_M-50_HT-400to600_TuneCUETP8M1_13TeV-madgraphMLM-pythia8-ext1_522.root; No such file or directory

In file included from input_line_10:1:
In file included from /isilon/condor/node547.hep.brown.edu/execute/dir_14416/makeStep1.C:2:
/isilon/condor/node547.hep.brown.edu/execute/dir_14416/HardcodedConditions.cc:3513:1: warning: control may reach end of non-void function [-Wreturn-type]
}
^
Error in <TNetXNGFile::Open>: [ERROR] Server responded with an error: [3011] Unable to open file /isilon/hadoop/store/group/bruxljm/FWLJMET102X_1lep2016_Feb2020/DYJetsToLL_M-50_HT-400to600_TuneCUETP8M1_13TeV-madgraphMLM-pythia8/singleLep2016/200326_015801/0000/DYJetsToLL_M-50_HT-400to600_TuneCUETP8M1_13TeV-madgraphMLM-pythia8-ext1_839.root; No such file or directory

In file included from input_line_10:1:
In file included from /isilon/condor/node547.hep.brown.edu/execute/dir_14416/makeStep1.C:2:
/isilon/condor/node547.hep.brown.edu/execute/dir_14416/HardcodedConditions.cc:3513:1: warning: control may reach end of non-void function [-Wreturn-type]
}
^
Error in <TNetXNGFile::Open>: [ERROR] Server responded with an error: [3011] Unable to open file /isilon/hadoop/store/group/bruxljm/FWLJMET102X_1lep2016_Feb2020/DYJetsToLL_M-50_HT-400to600_TuneCUETP8M1_13TeV-madgraphMLM-pythia8/singleLep2016/200326_015801/0000/DYJetsToLL_M-50_HT-400to600_TuneCUETP8M1_13TeV-madgraphMLM-pythia8-ext1_161.root; No such file or directory

In file included from input_line_10:1:
In file included from /isilon/condor/node547.hep.brown.edu/execute/dir_14416/makeStep1.C:2:
/isilon/condor/node547.hep.brown.edu/execute/dir_14416/HardcodedConditions.cc:3513:1: warning: control may reach end of non-void function [-Wreturn-type]
}
^
Error in <TNetXNGFile::Open>: [ERROR] Server responded with an error: [3011] Unable to open file /isilon/hadoop/store/group/bruxljm/FWLJMET102X_1lep2016_Feb2020/DYJetsToLL_M-50_HT-400to600_TuneCUETP8M1_13TeV-madgraphMLM-pythia8/singleLep2016/200326_015801/0000/DYJetsToLL_M-50_HT-400to600_TuneCUETP8M1_13TeV-madgraphMLM-pythia8-ext1_477.root; No such file or directory

In file included from input_line_10:1:
In file included from /isilon/condor/node547.hep.brown.edu/execute/dir_14416/makeStep1.C:2:
/isilon/condor/node547.hep.brown.edu/execute/dir_14416/HardcodedConditions.cc:3513:1: warning: control may reach end of non-void function [-Wreturn-type]
}
^
Error in <TNetXNGFile::Open>: [ERROR] Server responded with an error: [3011] Unable to open file /isilon/hadoop/store/group/bruxljm/FWLJMET102X_1lep2016_Feb2020/DYJetsToLL_M-50_HT-400to600_TuneCUETP8M1_13TeV-madgraphMLM-pythia8/singleLep2016/200326_015801/0000/DYJetsToLL_M-50_HT-400to600_TuneCUETP8M1_13TeV-madgraphMLM-pythia8-ext1_634.root; No such file or directory

In file included from input_line_10:1:
In file included from /isilon/condor/node547.hep.brown.edu/execute/dir_14416/makeStep1.C:2:
/isilon/condor/node547.hep.brown.edu/execute/dir_14416/HardcodedConditions.cc:3513:1: warning: control may reach end of non-void function [-Wreturn-type]
}
^
Error in <TNetXNGFile::Open>: [ERROR] Server responded with an error: [3011] Unable to open file /isilon/hadoop/store/group/bruxljm/FWLJMET102X_1lep2016_Feb2020/DYJetsToLL_M-50_HT-400to600_TuneCUETP8M1_13TeV-madgraphMLM-pythia8/singleLep2016/200326_015801/0000/DYJetsToLL_M-50_HT-400to600_TuneCUETP8M1_13TeV-madgraphMLM-pythia8-ext1_387.root; No such file or directory

ls: cannot access *.root: No such file or directory
Error in <TFile::TFile>: file *nominal.root does not exist
Error in <TFileMerger::AddFile>: cannot open file *nominal.root
hadd exiting due to error in *nominal.root
rm: cannot remove '*nominal.root': No such file or directory
Error in <TFile::TFile>: file *JECup.root does not exist
Error in <TFileMerger::AddFile>: cannot open file *JECup.root
hadd exiting due to error in *JECup.root
rm: cannot remove '*JECup.root': No such file or directory
Error in <TFile::TFile>: file *JECdown.root does not exist
Error in <TFileMerger::AddFile>: cannot open file *JECdown.root
hadd exiting due to error in *JECdown.root
rm: cannot remove '*JECdown.root': No such file or directory
Error in <TFile::TFile>: file *JERup.root does not exist
Error in <TFileMerger::AddFile>: cannot open file *JERup.root
hadd exiting due to error in *JERup.root
rm: cannot remove '*JERup.root': No such file or directory
Error in <TFile::TFile>: file *JERdown.root does not exist
Error in <TFileMerger::AddFile>: cannot open file *JERdown.root
hadd exiting due to error in *JERdown.root
rm: cannot remove '*JERdown.root': No such file or directory
