000 (642115.000.000) 09/25 19:57:28 Job submitted from host: <172.20.3.198:9618?addrs=172.20.3.198-9618&noUDP&sock=160905_0664_3>
...
001 (642115.000.000) 09/25 19:57:44 Job executing on host: <172.20.201.38:9618?addrs=172.20.201.38-9618+[--1]-9618&noUDP&sock=3135_ed7e_48>
...
006 (642115.000.000) 09/25 19:57:53 Image size of job updated: 12048
	12  -  MemoryUsage of job (MB)
	12048  -  ResidentSetSize of job (KB)
...
006 (642115.000.000) 09/25 20:02:53 Image size of job updated: 198860
	184  -  MemoryUsage of job (MB)
	187736  -  ResidentSetSize of job (KB)
...
005 (642115.000.000) 09/25 20:04:01 Job terminated.
	(1) Normal termination (return value 0)
		Usr 0 00:02:13, Sys 0 00:00:19  -  Run Remote Usage
		Usr 0 00:00:00, Sys 0 00:00:00  -  Run Local Usage
		Usr 0 00:02:13, Sys 0 00:00:19  -  Total Remote Usage
		Usr 0 00:00:00, Sys 0 00:00:00  -  Total Local Usage
	773259  -  Run Bytes Sent By Job
	717111  -  Run Bytes Received By Job
	773259  -  Total Bytes Sent By Job
	717111  -  Total Bytes Received By Job
	Partitionable Resources :    Usage  Request  Allocated
	   Cpus                 :                 1          1
	   Disk (KB)            :     1957      750 3032437312
	   Memory (MB)          :      184        1       4025
...
