000 (642117.000.000) 09/25 19:57:31 Job submitted from host: <172.20.3.198:9618?addrs=172.20.3.198-9618&noUDP&sock=160905_0664_3>
...
001 (642117.000.000) 09/25 19:57:40 Job executing on host: <172.20.201.38:9618?addrs=172.20.201.38-9618+[--1]-9618&noUDP&sock=3135_ed7e_48>
...
006 (642117.000.000) 09/25 19:57:48 Image size of job updated: 11796
	12  -  MemoryUsage of job (MB)
	11796  -  ResidentSetSize of job (KB)
...
006 (642117.000.000) 09/25 20:02:48 Image size of job updated: 148156
	145  -  MemoryUsage of job (MB)
	147828  -  ResidentSetSize of job (KB)
...
006 (642117.000.000) 09/25 20:03:39 Image size of job updated: 148156
	146  -  MemoryUsage of job (MB)
	148500  -  ResidentSetSize of job (KB)
...
005 (642117.000.000) 09/25 20:03:39 Job terminated.
	(1) Normal termination (return value 0)
		Usr 0 00:02:11, Sys 0 00:00:20  -  Run Remote Usage
		Usr 0 00:00:00, Sys 0 00:00:00  -  Run Local Usage
		Usr 0 00:02:11, Sys 0 00:00:20  -  Total Remote Usage
		Usr 0 00:00:00, Sys 0 00:00:00  -  Total Local Usage
	772082  -  Run Bytes Sent By Job
	717111  -  Run Bytes Received By Job
	772082  -  Total Bytes Sent By Job
	717111  -  Total Bytes Received By Job
	Partitionable Resources :    Usage  Request  Allocated
	   Cpus                 :                 1          1
	   Disk (KB)            :     1955      750 3032437312
	   Memory (MB)          :      146        1       4025
...
