000 (642098.000.000) 09/25 19:57:13 Job submitted from host: <172.20.3.198:9618?addrs=172.20.3.198-9618&noUDP&sock=160905_0664_3>
...
001 (642098.000.000) 09/25 19:57:18 Job executing on host: <172.20.201.34:9618?addrs=172.20.201.34-9618+[--1]-9618&noUDP&sock=3059_cc4c_50>
...
006 (642098.000.000) 09/25 19:57:27 Image size of job updated: 12044
	12  -  MemoryUsage of job (MB)
	12044  -  ResidentSetSize of job (KB)
...
006 (642098.000.000) 09/25 20:02:28 Image size of job updated: 121940
	117  -  MemoryUsage of job (MB)
	119800  -  ResidentSetSize of job (KB)
...
006 (642098.000.000) 09/25 20:03:44 Image size of job updated: 121940
	118  -  MemoryUsage of job (MB)
	120740  -  ResidentSetSize of job (KB)
...
005 (642098.000.000) 09/25 20:03:58 Job terminated.
	(1) Normal termination (return value 0)
		Usr 0 00:02:17, Sys 0 00:00:22  -  Run Remote Usage
		Usr 0 00:00:00, Sys 0 00:00:00  -  Run Local Usage
		Usr 0 00:02:17, Sys 0 00:00:22  -  Total Remote Usage
		Usr 0 00:00:00, Sys 0 00:00:00  -  Total Local Usage
	773367  -  Run Bytes Sent By Job
	717111  -  Run Bytes Received By Job
	773367  -  Total Bytes Sent By Job
	717111  -  Total Bytes Received By Job
	Partitionable Resources :    Usage  Request  Allocated
	   Cpus                 :                 1          1
	   Disk (KB)            :     1957      750 3024293088
	   Memory (MB)          :      118        1       4025
...
