000 (642108.000.000) 09/25 19:57:21 Job submitted from host: <172.20.3.198:9618?addrs=172.20.3.198-9618&noUDP&sock=160905_0664_3>
...
001 (642108.000.000) 09/25 19:57:40 Job executing on host: <172.20.201.34:9618?addrs=172.20.201.34-9618+[--1]-9618&noUDP&sock=3059_cc4c_50>
...
006 (642108.000.000) 09/25 19:57:50 Image size of job updated: 12048
	12  -  MemoryUsage of job (MB)
	12048  -  ResidentSetSize of job (KB)
...
006 (642108.000.000) 09/25 20:02:51 Image size of job updated: 140404
	136  -  MemoryUsage of job (MB)
	138512  -  ResidentSetSize of job (KB)
...
006 (642108.000.000) 09/25 20:03:58 Image size of job updated: 140404
	136  -  MemoryUsage of job (MB)
	138880  -  ResidentSetSize of job (KB)
...
005 (642108.000.000) 09/25 20:03:59 Job terminated.
	(1) Normal termination (return value 0)
		Usr 0 00:02:15, Sys 0 00:00:22  -  Run Remote Usage
		Usr 0 00:00:00, Sys 0 00:00:00  -  Run Local Usage
		Usr 0 00:02:15, Sys 0 00:00:22  -  Total Remote Usage
		Usr 0 00:00:00, Sys 0 00:00:00  -  Total Local Usage
	773353  -  Run Bytes Sent By Job
	717111  -  Run Bytes Received By Job
	773353  -  Total Bytes Sent By Job
	717111  -  Total Bytes Received By Job
	Partitionable Resources :    Usage  Request  Allocated
	   Cpus                 :                 1          1
	   Disk (KB)            :     1957      750 3024293280
	   Memory (MB)          :      136        1       4025
...
