000 (642102.000.000) 09/25 19:57:16 Job submitted from host: <172.20.3.198:9618?addrs=172.20.3.198-9618&noUDP&sock=160905_0664_3>
...
001 (642102.000.000) 09/25 19:57:38 Job executing on host: <172.20.201.34:9618?addrs=172.20.201.34-9618+[--1]-9618&noUDP&sock=3059_cc4c_50>
...
006 (642102.000.000) 09/25 19:57:47 Image size of job updated: 12048
	12  -  MemoryUsage of job (MB)
	12048  -  ResidentSetSize of job (KB)
...
006 (642102.000.000) 09/25 20:02:46 Image size of job updated: 157200
	153  -  MemoryUsage of job (MB)
	156176  -  ResidentSetSize of job (KB)
...
006 (642102.000.000) 09/25 20:03:30 Image size of job updated: 157200
	154  -  MemoryUsage of job (MB)
	156932  -  ResidentSetSize of job (KB)
...
005 (642102.000.000) 09/25 20:03:35 Job terminated.
	(1) Normal termination (return value 0)
		Usr 0 00:02:16, Sys 0 00:00:21  -  Run Remote Usage
		Usr 0 00:00:00, Sys 0 00:00:00  -  Run Local Usage
		Usr 0 00:02:16, Sys 0 00:00:21  -  Total Remote Usage
		Usr 0 00:00:00, Sys 0 00:00:00  -  Total Local Usage
	773367  -  Run Bytes Sent By Job
	717111  -  Run Bytes Received By Job
	773367  -  Total Bytes Sent By Job
	717111  -  Total Bytes Received By Job
	Partitionable Resources :    Usage  Request  Allocated
	   Cpus                 :                 1          1
	   Disk (KB)            :     1957      750 3024293248
	   Memory (MB)          :      154        1       4025
...
