WARNING: In non-interactive mode release checks e.g. deprecated releases, production architectures are disabled.
Info in <TUnixSystem::ACLiC>: creating shared library /isilon/condor/node534.hep.brown.edu/execute/dir_14792/./HardcodedConditions_cc.so
In file included from input_line_12:9:
././HardcodedConditions.cc:3513:1: warning: control may reach end of non-void function [-Wreturn-type]
}
^
Info in <TUnixSystem::ACLiC>: creating shared library /isilon/condor/node534.hep.brown.edu/execute/dir_14792/./step1_cc.so
In file included from input_line_10:1:
In file included from /isilon/condor/node534.hep.brown.edu/execute/dir_14792/makeStep1.C:2:
/isilon/condor/node534.hep.brown.edu/execute/dir_14792/HardcodedConditions.cc:3513:1: warning: control may reach end of non-void function [-Wreturn-type]
}
^
Error in <TNetXNGFile::Open>: [ERROR] Server responded with an error: [3011] Unable to open file /isilon/hadoop/store/group/bruxljm/FWLJMET102X_1lep2016_Feb2020/DYJetsToLL_M-50_HT-400to600_TuneCUETP8M1_13TeV-madgraphMLM-pythia8/singleLep2016/200326_015801/0000/DYJetsToLL_M-50_HT-400to600_TuneCUETP8M1_13TeV-madgraphMLM-pythia8-ext1_554.root; No such file or directory

In file included from input_line_10:1:
In file included from /isilon/condor/node534.hep.brown.edu/execute/dir_14792/makeStep1.C:2:
/isilon/condor/node534.hep.brown.edu/execute/dir_14792/HardcodedConditions.cc:3513:1: warning: control may reach end of non-void function [-Wreturn-type]
}
^
Error in <TNetXNGFile::Open>: [ERROR] Server responded with an error: [3011] Unable to open file /isilon/hadoop/store/group/bruxljm/FWLJMET102X_1lep2016_Feb2020/DYJetsToLL_M-50_HT-400to600_TuneCUETP8M1_13TeV-madgraphMLM-pythia8/singleLep2016/200326_015801/0000/DYJetsToLL_M-50_HT-400to600_TuneCUETP8M1_13TeV-madgraphMLM-pythia8-ext1_487.root; No such file or directory

In file included from input_line_10:1:
In file included from /isilon/condor/node534.hep.brown.edu/execute/dir_14792/makeStep1.C:2:
/isilon/condor/node534.hep.brown.edu/execute/dir_14792/HardcodedConditions.cc:3513:1: warning: control may reach end of non-void function [-Wreturn-type]
}
^
Error in <TNetXNGFile::Open>: [ERROR] Server responded with an error: [3011] Unable to open file /isilon/hadoop/store/group/bruxljm/FWLJMET102X_1lep2016_Feb2020/DYJetsToLL_M-50_HT-400to600_TuneCUETP8M1_13TeV-madgraphMLM-pythia8/singleLep2016/200326_015801/0000/DYJetsToLL_M-50_HT-400to600_TuneCUETP8M1_13TeV-madgraphMLM-pythia8-ext1_306.root; No such file or directory

In file included from input_line_10:1:
In file included from /isilon/condor/node534.hep.brown.edu/execute/dir_14792/makeStep1.C:2:
/isilon/condor/node534.hep.brown.edu/execute/dir_14792/HardcodedConditions.cc:3513:1: warning: control may reach end of non-void function [-Wreturn-type]
}
^
Error in <TNetXNGFile::Open>: [ERROR] Server responded with an error: [3011] Unable to open file /isilon/hadoop/store/group/bruxljm/FWLJMET102X_1lep2016_Feb2020/DYJetsToLL_M-50_HT-400to600_TuneCUETP8M1_13TeV-madgraphMLM-pythia8/singleLep2016/200326_015801/0000/DYJetsToLL_M-50_HT-400to600_TuneCUETP8M1_13TeV-madgraphMLM-pythia8-ext1_793.root; No such file or directory

In file included from input_line_10:1:
In file included from /isilon/condor/node534.hep.brown.edu/execute/dir_14792/makeStep1.C:2:
/isilon/condor/node534.hep.brown.edu/execute/dir_14792/HardcodedConditions.cc:3513:1: warning: control may reach end of non-void function [-Wreturn-type]
}
^
Error in <TNetXNGFile::Open>: [ERROR] Server responded with an error: [3011] Unable to open file /isilon/hadoop/store/group/bruxljm/FWLJMET102X_1lep2016_Feb2020/DYJetsToLL_M-50_HT-400to600_TuneCUETP8M1_13TeV-madgraphMLM-pythia8/singleLep2016/200326_015801/0000/DYJetsToLL_M-50_HT-400to600_TuneCUETP8M1_13TeV-madgraphMLM-pythia8-ext1_875.root; No such file or directory

In file included from input_line_10:1:
In file included from /isilon/condor/node534.hep.brown.edu/execute/dir_14792/makeStep1.C:2:
/isilon/condor/node534.hep.brown.edu/execute/dir_14792/HardcodedConditions.cc:3513:1: warning: control may reach end of non-void function [-Wreturn-type]
}
^
Error in <TNetXNGFile::Open>: [ERROR] Server responded with an error: [3011] Unable to open file /isilon/hadoop/store/group/bruxljm/FWLJMET102X_1lep2016_Feb2020/DYJetsToLL_M-50_HT-400to600_TuneCUETP8M1_13TeV-madgraphMLM-pythia8/singleLep2016/200326_015801/0000/DYJetsToLL_M-50_HT-400to600_TuneCUETP8M1_13TeV-madgraphMLM-pythia8-ext1_681.root; No such file or directory

In file included from input_line_10:1:
In file included from /isilon/condor/node534.hep.brown.edu/execute/dir_14792/makeStep1.C:2:
/isilon/condor/node534.hep.brown.edu/execute/dir_14792/HardcodedConditions.cc:3513:1: warning: control may reach end of non-void function [-Wreturn-type]
}
^
Error in <TNetXNGFile::Open>: [ERROR] Server responded with an error: [3011] Unable to open file /isilon/hadoop/store/group/bruxljm/FWLJMET102X_1lep2016_Feb2020/DYJetsToLL_M-50_HT-400to600_TuneCUETP8M1_13TeV-madgraphMLM-pythia8/singleLep2016/200326_015801/0000/DYJetsToLL_M-50_HT-400to600_TuneCUETP8M1_13TeV-madgraphMLM-pythia8-ext1_834.root; No such file or directory

In file included from input_line_10:1:
In file included from /isilon/condor/node534.hep.brown.edu/execute/dir_14792/makeStep1.C:2:
/isilon/condor/node534.hep.brown.edu/execute/dir_14792/HardcodedConditions.cc:3513:1: warning: control may reach end of non-void function [-Wreturn-type]
}
^
Error in <TNetXNGFile::Open>: [ERROR] Server responded with an error: [3011] Unable to open file /isilon/hadoop/store/group/bruxljm/FWLJMET102X_1lep2016_Feb2020/DYJetsToLL_M-50_HT-400to600_TuneCUETP8M1_13TeV-madgraphMLM-pythia8/singleLep2016/200326_015801/0000/DYJetsToLL_M-50_HT-400to600_TuneCUETP8M1_13TeV-madgraphMLM-pythia8-ext1_166.root; No such file or directory

In file included from input_line_10:1:
In file included from /isilon/condor/node534.hep.brown.edu/execute/dir_14792/makeStep1.C:2:
/isilon/condor/node534.hep.brown.edu/execute/dir_14792/HardcodedConditions.cc:3513:1: warning: control may reach end of non-void function [-Wreturn-type]
}
^
Error in <TNetXNGFile::Open>: [ERROR] Server responded with an error: [3011] Unable to open file /isilon/hadoop/store/group/bruxljm/FWLJMET102X_1lep2016_Feb2020/DYJetsToLL_M-50_HT-400to600_TuneCUETP8M1_13TeV-madgraphMLM-pythia8/singleLep2016/200326_015801/0000/DYJetsToLL_M-50_HT-400to600_TuneCUETP8M1_13TeV-madgraphMLM-pythia8-ext1_474.root; No such file or directory

In file included from input_line_10:1:
In file included from /isilon/condor/node534.hep.brown.edu/execute/dir_14792/makeStep1.C:2:
/isilon/condor/node534.hep.brown.edu/execute/dir_14792/HardcodedConditions.cc:3513:1: warning: control may reach end of non-void function [-Wreturn-type]
}
^
Error in <TNetXNGFile::Open>: [ERROR] Server responded with an error: [3011] Unable to open file /isilon/hadoop/store/group/bruxljm/FWLJMET102X_1lep2016_Feb2020/DYJetsToLL_M-50_HT-400to600_TuneCUETP8M1_13TeV-madgraphMLM-pythia8/singleLep2016/200326_015801/0000/DYJetsToLL_M-50_HT-400to600_TuneCUETP8M1_13TeV-madgraphMLM-pythia8-ext1_643.root; No such file or directory

In file included from input_line_10:1:
In file included from /isilon/condor/node534.hep.brown.edu/execute/dir_14792/makeStep1.C:2:
/isilon/condor/node534.hep.brown.edu/execute/dir_14792/HardcodedConditions.cc:3513:1: warning: control may reach end of non-void function [-Wreturn-type]
}
^
Error in <TNetXNGFile::Open>: [ERROR] Server responded with an error: [3011] Unable to open file /isilon/hadoop/store/group/bruxljm/FWLJMET102X_1lep2016_Feb2020/DYJetsToLL_M-50_HT-400to600_TuneCUETP8M1_13TeV-madgraphMLM-pythia8/singleLep2016/200326_015801/0000/DYJetsToLL_M-50_HT-400to600_TuneCUETP8M1_13TeV-madgraphMLM-pythia8-ext1_211.root; No such file or directory

In file included from input_line_10:1:
In file included from /isilon/condor/node534.hep.brown.edu/execute/dir_14792/makeStep1.C:2:
/isilon/condor/node534.hep.brown.edu/execute/dir_14792/HardcodedConditions.cc:3513:1: warning: control may reach end of non-void function [-Wreturn-type]
}
^
Error in <TNetXNGFile::Open>: [ERROR] Server responded with an error: [3011] Unable to open file /isilon/hadoop/store/group/bruxljm/FWLJMET102X_1lep2016_Feb2020/DYJetsToLL_M-50_HT-400to600_TuneCUETP8M1_13TeV-madgraphMLM-pythia8/singleLep2016/200326_015801/0000/DYJetsToLL_M-50_HT-400to600_TuneCUETP8M1_13TeV-madgraphMLM-pythia8-ext1_209.root; No such file or directory

In file included from input_line_10:1:
In file included from /isilon/condor/node534.hep.brown.edu/execute/dir_14792/makeStep1.C:2:
/isilon/condor/node534.hep.brown.edu/execute/dir_14792/HardcodedConditions.cc:3513:1: warning: control may reach end of non-void function [-Wreturn-type]
}
^
Error in <TNetXNGFile::Open>: [ERROR] Server responded with an error: [3011] Unable to open file /isilon/hadoop/store/group/bruxljm/FWLJMET102X_1lep2016_Feb2020/DYJetsToLL_M-50_HT-400to600_TuneCUETP8M1_13TeV-madgraphMLM-pythia8/singleLep2016/200326_015801/0000/DYJetsToLL_M-50_HT-400to600_TuneCUETP8M1_13TeV-madgraphMLM-pythia8-ext1_768.root; No such file or directory

In file included from input_line_10:1:
In file included from /isilon/condor/node534.hep.brown.edu/execute/dir_14792/makeStep1.C:2:
/isilon/condor/node534.hep.brown.edu/execute/dir_14792/HardcodedConditions.cc:3513:1: warning: control may reach end of non-void function [-Wreturn-type]
}
^
Error in <TNetXNGFile::Open>: [ERROR] Server responded with an error: [3011] Unable to open file /isilon/hadoop/store/group/bruxljm/FWLJMET102X_1lep2016_Feb2020/DYJetsToLL_M-50_HT-400to600_TuneCUETP8M1_13TeV-madgraphMLM-pythia8/singleLep2016/200326_015801/0000/DYJetsToLL_M-50_HT-400to600_TuneCUETP8M1_13TeV-madgraphMLM-pythia8-ext1_635.root; No such file or directory

In file included from input_line_10:1:
In file included from /isilon/condor/node534.hep.brown.edu/execute/dir_14792/makeStep1.C:2:
/isilon/condor/node534.hep.brown.edu/execute/dir_14792/HardcodedConditions.cc:3513:1: warning: control may reach end of non-void function [-Wreturn-type]
}
^
Error in <TNetXNGFile::Open>: [ERROR] Server responded with an error: [3011] Unable to open file /isilon/hadoop/store/group/bruxljm/FWLJMET102X_1lep2016_Feb2020/DYJetsToLL_M-50_HT-400to600_TuneCUETP8M1_13TeV-madgraphMLM-pythia8/singleLep2016/200326_015801/0000/DYJetsToLL_M-50_HT-400to600_TuneCUETP8M1_13TeV-madgraphMLM-pythia8-ext1_482.root; No such file or directory

In file included from input_line_10:1:
In file included from /isilon/condor/node534.hep.brown.edu/execute/dir_14792/makeStep1.C:2:
/isilon/condor/node534.hep.brown.edu/execute/dir_14792/HardcodedConditions.cc:3513:1: warning: control may reach end of non-void function [-Wreturn-type]
}
^
Error in <TNetXNGFile::Open>: [ERROR] Server responded with an error: [3011] Unable to open file /isilon/hadoop/store/group/bruxljm/FWLJMET102X_1lep2016_Feb2020/DYJetsToLL_M-50_HT-400to600_TuneCUETP8M1_13TeV-madgraphMLM-pythia8/singleLep2016/200326_015801/0000/DYJetsToLL_M-50_HT-400to600_TuneCUETP8M1_13TeV-madgraphMLM-pythia8-ext1_49.root; No such file or directory

In file included from input_line_10:1:
In file included from /isilon/condor/node534.hep.brown.edu/execute/dir_14792/makeStep1.C:2:
/isilon/condor/node534.hep.brown.edu/execute/dir_14792/HardcodedConditions.cc:3513:1: warning: control may reach end of non-void function [-Wreturn-type]
}
^
Error in <TNetXNGFile::Open>: [ERROR] Server responded with an error: [3011] Unable to open file /isilon/hadoop/store/group/bruxljm/FWLJMET102X_1lep2016_Feb2020/DYJetsToLL_M-50_HT-400to600_TuneCUETP8M1_13TeV-madgraphMLM-pythia8/singleLep2016/200326_015801/0000/DYJetsToLL_M-50_HT-400to600_TuneCUETP8M1_13TeV-madgraphMLM-pythia8-ext1_599.root; No such file or directory

In file included from input_line_10:1:
In file included from /isilon/condor/node534.hep.brown.edu/execute/dir_14792/makeStep1.C:2:
/isilon/condor/node534.hep.brown.edu/execute/dir_14792/HardcodedConditions.cc:3513:1: warning: control may reach end of non-void function [-Wreturn-type]
}
^
Error in <TNetXNGFile::Open>: [ERROR] Server responded with an error: [3011] Unable to open file /isilon/hadoop/store/group/bruxljm/FWLJMET102X_1lep2016_Feb2020/DYJetsToLL_M-50_HT-400to600_TuneCUETP8M1_13TeV-madgraphMLM-pythia8/singleLep2016/200326_015801/0000/DYJetsToLL_M-50_HT-400to600_TuneCUETP8M1_13TeV-madgraphMLM-pythia8-ext1_732.root; No such file or directory

In file included from input_line_10:1:
In file included from /isilon/condor/node534.hep.brown.edu/execute/dir_14792/makeStep1.C:2:
/isilon/condor/node534.hep.brown.edu/execute/dir_14792/HardcodedConditions.cc:3513:1: warning: control may reach end of non-void function [-Wreturn-type]
}
^
Error in <TNetXNGFile::Open>: [ERROR] Server responded with an error: [3011] Unable to open file /isilon/hadoop/store/group/bruxljm/FWLJMET102X_1lep2016_Feb2020/DYJetsToLL_M-50_HT-400to600_TuneCUETP8M1_13TeV-madgraphMLM-pythia8/singleLep2016/200326_015801/0000/DYJetsToLL_M-50_HT-400to600_TuneCUETP8M1_13TeV-madgraphMLM-pythia8-ext1_644.root; No such file or directory

In file included from input_line_10:1:
In file included from /isilon/condor/node534.hep.brown.edu/execute/dir_14792/makeStep1.C:2:
/isilon/condor/node534.hep.brown.edu/execute/dir_14792/HardcodedConditions.cc:3513:1: warning: control may reach end of non-void function [-Wreturn-type]
}
^
Error in <TNetXNGFile::Open>: [ERROR] Server responded with an error: [3011] Unable to open file /isilon/hadoop/store/group/bruxljm/FWLJMET102X_1lep2016_Feb2020/DYJetsToLL_M-50_HT-400to600_TuneCUETP8M1_13TeV-madgraphMLM-pythia8/singleLep2016/200326_015801/0000/DYJetsToLL_M-50_HT-400to600_TuneCUETP8M1_13TeV-madgraphMLM-pythia8-ext1_548.root; No such file or directory

In file included from input_line_10:1:
In file included from /isilon/condor/node534.hep.brown.edu/execute/dir_14792/makeStep1.C:2:
/isilon/condor/node534.hep.brown.edu/execute/dir_14792/HardcodedConditions.cc:3513:1: warning: control may reach end of non-void function [-Wreturn-type]
}
^
Error in <TNetXNGFile::Open>: [ERROR] Server responded with an error: [3011] Unable to open file /isilon/hadoop/store/group/bruxljm/FWLJMET102X_1lep2016_Feb2020/DYJetsToLL_M-50_HT-400to600_TuneCUETP8M1_13TeV-madgraphMLM-pythia8/singleLep2016/200326_015801/0000/DYJetsToLL_M-50_HT-400to600_TuneCUETP8M1_13TeV-madgraphMLM-pythia8-ext1_750.root; No such file or directory

In file included from input_line_10:1:
In file included from /isilon/condor/node534.hep.brown.edu/execute/dir_14792/makeStep1.C:2:
/isilon/condor/node534.hep.brown.edu/execute/dir_14792/HardcodedConditions.cc:3513:1: warning: control may reach end of non-void function [-Wreturn-type]
}
^
Error in <TNetXNGFile::Open>: [ERROR] Server responded with an error: [3011] Unable to open file /isilon/hadoop/store/group/bruxljm/FWLJMET102X_1lep2016_Feb2020/DYJetsToLL_M-50_HT-400to600_TuneCUETP8M1_13TeV-madgraphMLM-pythia8/singleLep2016/200326_015801/0000/DYJetsToLL_M-50_HT-400to600_TuneCUETP8M1_13TeV-madgraphMLM-pythia8-ext1_51.root; No such file or directory

In file included from input_line_10:1:
In file included from /isilon/condor/node534.hep.brown.edu/execute/dir_14792/makeStep1.C:2:
/isilon/condor/node534.hep.brown.edu/execute/dir_14792/HardcodedConditions.cc:3513:1: warning: control may reach end of non-void function [-Wreturn-type]
}
^
Error in <TNetXNGFile::Open>: [ERROR] Server responded with an error: [3011] Unable to open file /isilon/hadoop/store/group/bruxljm/FWLJMET102X_1lep2016_Feb2020/DYJetsToLL_M-50_HT-400to600_TuneCUETP8M1_13TeV-madgraphMLM-pythia8/singleLep2016/200326_015801/0000/DYJetsToLL_M-50_HT-400to600_TuneCUETP8M1_13TeV-madgraphMLM-pythia8-ext1_801.root; No such file or directory

In file included from input_line_10:1:
In file included from /isilon/condor/node534.hep.brown.edu/execute/dir_14792/makeStep1.C:2:
/isilon/condor/node534.hep.brown.edu/execute/dir_14792/HardcodedConditions.cc:3513:1: warning: control may reach end of non-void function [-Wreturn-type]
}
^
Error in <TNetXNGFile::Open>: [ERROR] Server responded with an error: [3011] Unable to open file /isilon/hadoop/store/group/bruxljm/FWLJMET102X_1lep2016_Feb2020/DYJetsToLL_M-50_HT-400to600_TuneCUETP8M1_13TeV-madgraphMLM-pythia8/singleLep2016/200326_015801/0000/DYJetsToLL_M-50_HT-400to600_TuneCUETP8M1_13TeV-madgraphMLM-pythia8-ext1_860.root; No such file or directory

In file included from input_line_10:1:
In file included from /isilon/condor/node534.hep.brown.edu/execute/dir_14792/makeStep1.C:2:
/isilon/condor/node534.hep.brown.edu/execute/dir_14792/HardcodedConditions.cc:3513:1: warning: control may reach end of non-void function [-Wreturn-type]
}
^
Error in <TNetXNGFile::Open>: [ERROR] Server responded with an error: [3011] Unable to open file /isilon/hadoop/store/group/bruxljm/FWLJMET102X_1lep2016_Feb2020/DYJetsToLL_M-50_HT-400to600_TuneCUETP8M1_13TeV-madgraphMLM-pythia8/singleLep2016/200326_015801/0000/DYJetsToLL_M-50_HT-400to600_TuneCUETP8M1_13TeV-madgraphMLM-pythia8-ext1_855.root; No such file or directory

In file included from input_line_10:1:
In file included from /isilon/condor/node534.hep.brown.edu/execute/dir_14792/makeStep1.C:2:
/isilon/condor/node534.hep.brown.edu/execute/dir_14792/HardcodedConditions.cc:3513:1: warning: control may reach end of non-void function [-Wreturn-type]
}
^
Error in <TNetXNGFile::Open>: [ERROR] Server responded with an error: [3011] Unable to open file /isilon/hadoop/store/group/bruxljm/FWLJMET102X_1lep2016_Feb2020/DYJetsToLL_M-50_HT-400to600_TuneCUETP8M1_13TeV-madgraphMLM-pythia8/singleLep2016/200326_015801/0000/DYJetsToLL_M-50_HT-400to600_TuneCUETP8M1_13TeV-madgraphMLM-pythia8-ext1_156.root; No such file or directory

In file included from input_line_10:1:
In file included from /isilon/condor/node534.hep.brown.edu/execute/dir_14792/makeStep1.C:2:
/isilon/condor/node534.hep.brown.edu/execute/dir_14792/HardcodedConditions.cc:3513:1: warning: control may reach end of non-void function [-Wreturn-type]
}
^
Error in <TNetXNGFile::Open>: [ERROR] Server responded with an error: [3011] Unable to open file /isilon/hadoop/store/group/bruxljm/FWLJMET102X_1lep2016_Feb2020/DYJetsToLL_M-50_HT-400to600_TuneCUETP8M1_13TeV-madgraphMLM-pythia8/singleLep2016/200326_015801/0000/DYJetsToLL_M-50_HT-400to600_TuneCUETP8M1_13TeV-madgraphMLM-pythia8-ext1_16.root; No such file or directory

In file included from input_line_10:1:
In file included from /isilon/condor/node534.hep.brown.edu/execute/dir_14792/makeStep1.C:2:
/isilon/condor/node534.hep.brown.edu/execute/dir_14792/HardcodedConditions.cc:3513:1: warning: control may reach end of non-void function [-Wreturn-type]
}
^
Error in <TNetXNGFile::Open>: [ERROR] Server responded with an error: [3011] Unable to open file /isilon/hadoop/store/group/bruxljm/FWLJMET102X_1lep2016_Feb2020/DYJetsToLL_M-50_HT-400to600_TuneCUETP8M1_13TeV-madgraphMLM-pythia8/singleLep2016/200326_015801/0000/DYJetsToLL_M-50_HT-400to600_TuneCUETP8M1_13TeV-madgraphMLM-pythia8-ext1_69.root; No such file or directory

In file included from input_line_10:1:
In file included from /isilon/condor/node534.hep.brown.edu/execute/dir_14792/makeStep1.C:2:
/isilon/condor/node534.hep.brown.edu/execute/dir_14792/HardcodedConditions.cc:3513:1: warning: control may reach end of non-void function [-Wreturn-type]
}
^
Error in <TNetXNGFile::Open>: [ERROR] Server responded with an error: [3011] Unable to open file /isilon/hadoop/store/group/bruxljm/FWLJMET102X_1lep2016_Feb2020/DYJetsToLL_M-50_HT-400to600_TuneCUETP8M1_13TeV-madgraphMLM-pythia8/singleLep2016/200326_015801/0000/DYJetsToLL_M-50_HT-400to600_TuneCUETP8M1_13TeV-madgraphMLM-pythia8-ext1_824.root; No such file or directory

In file included from input_line_10:1:
In file included from /isilon/condor/node534.hep.brown.edu/execute/dir_14792/makeStep1.C:2:
/isilon/condor/node534.hep.brown.edu/execute/dir_14792/HardcodedConditions.cc:3513:1: warning: control may reach end of non-void function [-Wreturn-type]
}
^
Error in <TNetXNGFile::Open>: [ERROR] Server responded with an error: [3011] Unable to open file /isilon/hadoop/store/group/bruxljm/FWLJMET102X_1lep2016_Feb2020/DYJetsToLL_M-50_HT-400to600_TuneCUETP8M1_13TeV-madgraphMLM-pythia8/singleLep2016/200326_015801/0000/DYJetsToLL_M-50_HT-400to600_TuneCUETP8M1_13TeV-madgraphMLM-pythia8-ext1_265.root; No such file or directory

ls: cannot access *.root: No such file or directory
Error in <TFile::TFile>: file *nominal.root does not exist
Error in <TFileMerger::AddFile>: cannot open file *nominal.root
hadd exiting due to error in *nominal.root
rm: cannot remove '*nominal.root': No such file or directory
Error in <TFile::TFile>: file *JECup.root does not exist
Error in <TFileMerger::AddFile>: cannot open file *JECup.root
hadd exiting due to error in *JECup.root
rm: cannot remove '*JECup.root': No such file or directory
Error in <TFile::TFile>: file *JECdown.root does not exist
Error in <TFileMerger::AddFile>: cannot open file *JECdown.root
hadd exiting due to error in *JECdown.root
rm: cannot remove '*JECdown.root': No such file or directory
Error in <TFile::TFile>: file *JERup.root does not exist
Error in <TFileMerger::AddFile>: cannot open file *JERup.root
hadd exiting due to error in *JERup.root
rm: cannot remove '*JERup.root': No such file or directory
Error in <TFile::TFile>: file *JERdown.root does not exist
Error in <TFileMerger::AddFile>: cannot open file *JERdown.root
hadd exiting due to error in *JERdown.root
rm: cannot remove '*JERdown.root': No such file or directory
