000 (642116.000.000) 09/25 19:57:30 Job submitted from host: <172.20.3.198:9618?addrs=172.20.3.198-9618&noUDP&sock=160905_0664_3>
...
001 (642116.000.000) 09/25 19:57:40 Job executing on host: <172.20.201.38:9618?addrs=172.20.201.38-9618+[--1]-9618&noUDP&sock=3135_ed7e_48>
...
006 (642116.000.000) 09/25 19:57:48 Image size of job updated: 11800
	12  -  MemoryUsage of job (MB)
	11800  -  ResidentSetSize of job (KB)
...
006 (642116.000.000) 09/25 20:02:49 Image size of job updated: 180016
	176  -  MemoryUsage of job (MB)
	179412  -  ResidentSetSize of job (KB)
...
006 (642116.000.000) 09/25 20:04:09 Image size of job updated: 180016
	176  -  MemoryUsage of job (MB)
	179416  -  ResidentSetSize of job (KB)
...
005 (642116.000.000) 09/25 20:04:30 Job terminated.
	(1) Normal termination (return value 0)
		Usr 0 00:02:04, Sys 0 00:00:19  -  Run Remote Usage
		Usr 0 00:00:00, Sys 0 00:00:00  -  Run Local Usage
		Usr 0 00:02:04, Sys 0 00:00:19  -  Total Remote Usage
		Usr 0 00:00:00, Sys 0 00:00:00  -  Total Local Usage
	768380  -  Run Bytes Sent By Job
	717111  -  Run Bytes Received By Job
	768380  -  Total Bytes Sent By Job
	717111  -  Total Bytes Received By Job
	Partitionable Resources :    Usage  Request  Allocated
	   Cpus                 :                 1          1
	   Disk (KB)            :     1952      750 3032437312
	   Memory (MB)          :      176        1       4025
...
