WARNING: In non-interactive mode release checks e.g. deprecated releases, production architectures are disabled.
Info in <TUnixSystem::ACLiC>: creating shared library /isilon/condor/node538.hep.brown.edu/execute/dir_5509/./HardcodedConditions_cc.so
In file included from input_line_12:9:
././HardcodedConditions.cc:3513:1: warning: control may reach end of non-void function [-Wreturn-type]
}
^
Info in <TUnixSystem::ACLiC>: creating shared library /isilon/condor/node538.hep.brown.edu/execute/dir_5509/./step1_cc.so
In file included from input_line_10:1:
In file included from /isilon/condor/node538.hep.brown.edu/execute/dir_5509/makeStep1.C:2:
/isilon/condor/node538.hep.brown.edu/execute/dir_5509/HardcodedConditions.cc:3513:1: warning: control may reach end of non-void function [-Wreturn-type]
}
^
Error in <TNetXNGFile::Open>: [ERROR] Server responded with an error: [3011] Unable to open file /isilon/hadoop/store/group/bruxljm/FWLJMET102X_1lep2016_Feb2020/DYJetsToLL_M-50_HT-400to600_TuneCUETP8M1_13TeV-madgraphMLM-pythia8/singleLep2016/200326_015801/0000/DYJetsToLL_M-50_HT-400to600_TuneCUETP8M1_13TeV-madgraphMLM-pythia8-ext1_96.root; No such file or directory

In file included from input_line_10:1:
In file included from /isilon/condor/node538.hep.brown.edu/execute/dir_5509/makeStep1.C:2:
/isilon/condor/node538.hep.brown.edu/execute/dir_5509/HardcodedConditions.cc:3513:1: warning: control may reach end of non-void function [-Wreturn-type]
}
^
Error in <TNetXNGFile::Open>: [ERROR] Server responded with an error: [3011] Unable to open file /isilon/hadoop/store/group/bruxljm/FWLJMET102X_1lep2016_Feb2020/DYJetsToLL_M-50_HT-400to600_TuneCUETP8M1_13TeV-madgraphMLM-pythia8/singleLep2016/200326_015801/0000/DYJetsToLL_M-50_HT-400to600_TuneCUETP8M1_13TeV-madgraphMLM-pythia8-ext1_775.root; No such file or directory

In file included from input_line_10:1:
In file included from /isilon/condor/node538.hep.brown.edu/execute/dir_5509/makeStep1.C:2:
/isilon/condor/node538.hep.brown.edu/execute/dir_5509/HardcodedConditions.cc:3513:1: warning: control may reach end of non-void function [-Wreturn-type]
}
^
Error in <TNetXNGFile::Open>: [ERROR] Server responded with an error: [3011] Unable to open file /isilon/hadoop/store/group/bruxljm/FWLJMET102X_1lep2016_Feb2020/DYJetsToLL_M-50_HT-400to600_TuneCUETP8M1_13TeV-madgraphMLM-pythia8/singleLep2016/200326_015801/0000/DYJetsToLL_M-50_HT-400to600_TuneCUETP8M1_13TeV-madgraphMLM-pythia8-ext1_380.root; No such file or directory

In file included from input_line_10:1:
In file included from /isilon/condor/node538.hep.brown.edu/execute/dir_5509/makeStep1.C:2:
/isilon/condor/node538.hep.brown.edu/execute/dir_5509/HardcodedConditions.cc:3513:1: warning: control may reach end of non-void function [-Wreturn-type]
}
^
Error in <TNetXNGFile::Open>: [ERROR] Server responded with an error: [3011] Unable to open file /isilon/hadoop/store/group/bruxljm/FWLJMET102X_1lep2016_Feb2020/DYJetsToLL_M-50_HT-400to600_TuneCUETP8M1_13TeV-madgraphMLM-pythia8/singleLep2016/200326_015801/0000/DYJetsToLL_M-50_HT-400to600_TuneCUETP8M1_13TeV-madgraphMLM-pythia8-ext1_670.root; No such file or directory

In file included from input_line_10:1:
In file included from /isilon/condor/node538.hep.brown.edu/execute/dir_5509/makeStep1.C:2:
/isilon/condor/node538.hep.brown.edu/execute/dir_5509/HardcodedConditions.cc:3513:1: warning: control may reach end of non-void function [-Wreturn-type]
}
^
Error in <TNetXNGFile::Open>: [ERROR] Server responded with an error: [3011] Unable to open file /isilon/hadoop/store/group/bruxljm/FWLJMET102X_1lep2016_Feb2020/DYJetsToLL_M-50_HT-400to600_TuneCUETP8M1_13TeV-madgraphMLM-pythia8/singleLep2016/200326_015801/0000/DYJetsToLL_M-50_HT-400to600_TuneCUETP8M1_13TeV-madgraphMLM-pythia8-ext1_37.root; No such file or directory

In file included from input_line_10:1:
In file included from /isilon/condor/node538.hep.brown.edu/execute/dir_5509/makeStep1.C:2:
/isilon/condor/node538.hep.brown.edu/execute/dir_5509/HardcodedConditions.cc:3513:1: warning: control may reach end of non-void function [-Wreturn-type]
}
^
Error in <TNetXNGFile::Open>: [ERROR] Server responded with an error: [3011] Unable to open file /isilon/hadoop/store/group/bruxljm/FWLJMET102X_1lep2016_Feb2020/DYJetsToLL_M-50_HT-400to600_TuneCUETP8M1_13TeV-madgraphMLM-pythia8/singleLep2016/200326_015801/0000/DYJetsToLL_M-50_HT-400to600_TuneCUETP8M1_13TeV-madgraphMLM-pythia8-ext1_979.root; No such file or directory

In file included from input_line_10:1:
In file included from /isilon/condor/node538.hep.brown.edu/execute/dir_5509/makeStep1.C:2:
/isilon/condor/node538.hep.brown.edu/execute/dir_5509/HardcodedConditions.cc:3513:1: warning: control may reach end of non-void function [-Wreturn-type]
}
^
Error in <TNetXNGFile::Open>: [ERROR] Server responded with an error: [3011] Unable to open file /isilon/hadoop/store/group/bruxljm/FWLJMET102X_1lep2016_Feb2020/DYJetsToLL_M-50_HT-400to600_TuneCUETP8M1_13TeV-madgraphMLM-pythia8/singleLep2016/200326_015801/0000/DYJetsToLL_M-50_HT-400to600_TuneCUETP8M1_13TeV-madgraphMLM-pythia8-ext1_23.root; No such file or directory

In file included from input_line_10:1:
In file included from /isilon/condor/node538.hep.brown.edu/execute/dir_5509/makeStep1.C:2:
/isilon/condor/node538.hep.brown.edu/execute/dir_5509/HardcodedConditions.cc:3513:1: warning: control may reach end of non-void function [-Wreturn-type]
}
^
Error in <TNetXNGFile::Open>: [ERROR] Server responded with an error: [3011] Unable to open file /isilon/hadoop/store/group/bruxljm/FWLJMET102X_1lep2016_Feb2020/DYJetsToLL_M-50_HT-400to600_TuneCUETP8M1_13TeV-madgraphMLM-pythia8/singleLep2016/200326_015801/0000/DYJetsToLL_M-50_HT-400to600_TuneCUETP8M1_13TeV-madgraphMLM-pythia8-ext1_309.root; No such file or directory

In file included from input_line_10:1:
In file included from /isilon/condor/node538.hep.brown.edu/execute/dir_5509/makeStep1.C:2:
/isilon/condor/node538.hep.brown.edu/execute/dir_5509/HardcodedConditions.cc:3513:1: warning: control may reach end of non-void function [-Wreturn-type]
}
^
Error in <TNetXNGFile::Open>: [ERROR] Server responded with an error: [3011] Unable to open file /isilon/hadoop/store/group/bruxljm/FWLJMET102X_1lep2016_Feb2020/DYJetsToLL_M-50_HT-400to600_TuneCUETP8M1_13TeV-madgraphMLM-pythia8/singleLep2016/200326_015801/0000/DYJetsToLL_M-50_HT-400to600_TuneCUETP8M1_13TeV-madgraphMLM-pythia8-ext1_606.root; No such file or directory

In file included from input_line_10:1:
In file included from /isilon/condor/node538.hep.brown.edu/execute/dir_5509/makeStep1.C:2:
/isilon/condor/node538.hep.brown.edu/execute/dir_5509/HardcodedConditions.cc:3513:1: warning: control may reach end of non-void function [-Wreturn-type]
}
^
Error in <TNetXNGFile::Open>: [ERROR] Server responded with an error: [3011] Unable to open file /isilon/hadoop/store/group/bruxljm/FWLJMET102X_1lep2016_Feb2020/DYJetsToLL_M-50_HT-400to600_TuneCUETP8M1_13TeV-madgraphMLM-pythia8/singleLep2016/200326_015801/0000/DYJetsToLL_M-50_HT-400to600_TuneCUETP8M1_13TeV-madgraphMLM-pythia8-ext1_435.root; No such file or directory

In file included from input_line_10:1:
In file included from /isilon/condor/node538.hep.brown.edu/execute/dir_5509/makeStep1.C:2:
/isilon/condor/node538.hep.brown.edu/execute/dir_5509/HardcodedConditions.cc:3513:1: warning: control may reach end of non-void function [-Wreturn-type]
}
^
Error in <TNetXNGFile::Open>: [ERROR] Server responded with an error: [3011] Unable to open file /isilon/hadoop/store/group/bruxljm/FWLJMET102X_1lep2016_Feb2020/DYJetsToLL_M-50_HT-400to600_TuneCUETP8M1_13TeV-madgraphMLM-pythia8/singleLep2016/200326_015801/0000/DYJetsToLL_M-50_HT-400to600_TuneCUETP8M1_13TeV-madgraphMLM-pythia8-ext1_679.root; No such file or directory

In file included from input_line_10:1:
In file included from /isilon/condor/node538.hep.brown.edu/execute/dir_5509/makeStep1.C:2:
/isilon/condor/node538.hep.brown.edu/execute/dir_5509/HardcodedConditions.cc:3513:1: warning: control may reach end of non-void function [-Wreturn-type]
}
^
Error in <TNetXNGFile::Open>: [ERROR] Server responded with an error: [3011] Unable to open file /isilon/hadoop/store/group/bruxljm/FWLJMET102X_1lep2016_Feb2020/DYJetsToLL_M-50_HT-400to600_TuneCUETP8M1_13TeV-madgraphMLM-pythia8/singleLep2016/200326_015801/0000/DYJetsToLL_M-50_HT-400to600_TuneCUETP8M1_13TeV-madgraphMLM-pythia8-ext1_448.root; No such file or directory

In file included from input_line_10:1:
In file included from /isilon/condor/node538.hep.brown.edu/execute/dir_5509/makeStep1.C:2:
/isilon/condor/node538.hep.brown.edu/execute/dir_5509/HardcodedConditions.cc:3513:1: warning: control may reach end of non-void function [-Wreturn-type]
}
^
Error in <TNetXNGFile::Open>: [ERROR] Server responded with an error: [3011] Unable to open file /isilon/hadoop/store/group/bruxljm/FWLJMET102X_1lep2016_Feb2020/DYJetsToLL_M-50_HT-400to600_TuneCUETP8M1_13TeV-madgraphMLM-pythia8/singleLep2016/200326_015801/0000/DYJetsToLL_M-50_HT-400to600_TuneCUETP8M1_13TeV-madgraphMLM-pythia8-ext1_160.root; No such file or directory

In file included from input_line_10:1:
In file included from /isilon/condor/node538.hep.brown.edu/execute/dir_5509/makeStep1.C:2:
/isilon/condor/node538.hep.brown.edu/execute/dir_5509/HardcodedConditions.cc:3513:1: warning: control may reach end of non-void function [-Wreturn-type]
}
^
Error in <TNetXNGFile::Open>: [ERROR] Server responded with an error: [3011] Unable to open file /isilon/hadoop/store/group/bruxljm/FWLJMET102X_1lep2016_Feb2020/DYJetsToLL_M-50_HT-400to600_TuneCUETP8M1_13TeV-madgraphMLM-pythia8/singleLep2016/200326_015801/0000/DYJetsToLL_M-50_HT-400to600_TuneCUETP8M1_13TeV-madgraphMLM-pythia8-ext1_207.root; No such file or directory

In file included from input_line_10:1:
In file included from /isilon/condor/node538.hep.brown.edu/execute/dir_5509/makeStep1.C:2:
/isilon/condor/node538.hep.brown.edu/execute/dir_5509/HardcodedConditions.cc:3513:1: warning: control may reach end of non-void function [-Wreturn-type]
}
^
Error in <TNetXNGFile::Open>: [ERROR] Server responded with an error: [3011] Unable to open file /isilon/hadoop/store/group/bruxljm/FWLJMET102X_1lep2016_Feb2020/DYJetsToLL_M-50_HT-400to600_TuneCUETP8M1_13TeV-madgraphMLM-pythia8/singleLep2016/200326_015801/0000/DYJetsToLL_M-50_HT-400to600_TuneCUETP8M1_13TeV-madgraphMLM-pythia8-ext1_573.root; No such file or directory

In file included from input_line_10:1:
In file included from /isilon/condor/node538.hep.brown.edu/execute/dir_5509/makeStep1.C:2:
/isilon/condor/node538.hep.brown.edu/execute/dir_5509/HardcodedConditions.cc:3513:1: warning: control may reach end of non-void function [-Wreturn-type]
}
^
Error in <TNetXNGFile::Open>: [ERROR] Server responded with an error: [3011] Unable to open file /isilon/hadoop/store/group/bruxljm/FWLJMET102X_1lep2016_Feb2020/DYJetsToLL_M-50_HT-400to600_TuneCUETP8M1_13TeV-madgraphMLM-pythia8/singleLep2016/200326_015801/0000/DYJetsToLL_M-50_HT-400to600_TuneCUETP8M1_13TeV-madgraphMLM-pythia8-ext1_721.root; No such file or directory

In file included from input_line_10:1:
In file included from /isilon/condor/node538.hep.brown.edu/execute/dir_5509/makeStep1.C:2:
/isilon/condor/node538.hep.brown.edu/execute/dir_5509/HardcodedConditions.cc:3513:1: warning: control may reach end of non-void function [-Wreturn-type]
}
^
Error in <TNetXNGFile::Open>: [ERROR] Server responded with an error: [3011] Unable to open file /isilon/hadoop/store/group/bruxljm/FWLJMET102X_1lep2016_Feb2020/DYJetsToLL_M-50_HT-400to600_TuneCUETP8M1_13TeV-madgraphMLM-pythia8/singleLep2016/200326_015801/0000/DYJetsToLL_M-50_HT-400to600_TuneCUETP8M1_13TeV-madgraphMLM-pythia8-ext1_506.root; No such file or directory

In file included from input_line_10:1:
In file included from /isilon/condor/node538.hep.brown.edu/execute/dir_5509/makeStep1.C:2:
/isilon/condor/node538.hep.brown.edu/execute/dir_5509/HardcodedConditions.cc:3513:1: warning: control may reach end of non-void function [-Wreturn-type]
}
^
Error in <TNetXNGFile::Open>: [ERROR] Server responded with an error: [3011] Unable to open file /isilon/hadoop/store/group/bruxljm/FWLJMET102X_1lep2016_Feb2020/DYJetsToLL_M-50_HT-400to600_TuneCUETP8M1_13TeV-madgraphMLM-pythia8/singleLep2016/200326_015801/0000/DYJetsToLL_M-50_HT-400to600_TuneCUETP8M1_13TeV-madgraphMLM-pythia8-ext1_213.root; No such file or directory

In file included from input_line_10:1:
In file included from /isilon/condor/node538.hep.brown.edu/execute/dir_5509/makeStep1.C:2:
/isilon/condor/node538.hep.brown.edu/execute/dir_5509/HardcodedConditions.cc:3513:1: warning: control may reach end of non-void function [-Wreturn-type]
}
^
Error in <TNetXNGFile::Open>: [ERROR] Server responded with an error: [3011] Unable to open file /isilon/hadoop/store/group/bruxljm/FWLJMET102X_1lep2016_Feb2020/DYJetsToLL_M-50_HT-400to600_TuneCUETP8M1_13TeV-madgraphMLM-pythia8/singleLep2016/200326_015801/0000/DYJetsToLL_M-50_HT-400to600_TuneCUETP8M1_13TeV-madgraphMLM-pythia8-ext1_823.root; No such file or directory

In file included from input_line_10:1:
In file included from /isilon/condor/node538.hep.brown.edu/execute/dir_5509/makeStep1.C:2:
/isilon/condor/node538.hep.brown.edu/execute/dir_5509/HardcodedConditions.cc:3513:1: warning: control may reach end of non-void function [-Wreturn-type]
}
^
Error in <TNetXNGFile::Open>: [ERROR] Server responded with an error: [3011] Unable to open file /isilon/hadoop/store/group/bruxljm/FWLJMET102X_1lep2016_Feb2020/DYJetsToLL_M-50_HT-400to600_TuneCUETP8M1_13TeV-madgraphMLM-pythia8/singleLep2016/200326_015801/0000/DYJetsToLL_M-50_HT-400to600_TuneCUETP8M1_13TeV-madgraphMLM-pythia8-ext1_121.root; No such file or directory

In file included from input_line_10:1:
In file included from /isilon/condor/node538.hep.brown.edu/execute/dir_5509/makeStep1.C:2:
/isilon/condor/node538.hep.brown.edu/execute/dir_5509/HardcodedConditions.cc:3513:1: warning: control may reach end of non-void function [-Wreturn-type]
}
^
Error in <TNetXNGFile::Open>: [ERROR] Server responded with an error: [3011] Unable to open file /isilon/hadoop/store/group/bruxljm/FWLJMET102X_1lep2016_Feb2020/DYJetsToLL_M-50_HT-400to600_TuneCUETP8M1_13TeV-madgraphMLM-pythia8/singleLep2016/200326_015801/0000/DYJetsToLL_M-50_HT-400to600_TuneCUETP8M1_13TeV-madgraphMLM-pythia8-ext1_11.root; No such file or directory

In file included from input_line_10:1:
In file included from /isilon/condor/node538.hep.brown.edu/execute/dir_5509/makeStep1.C:2:
/isilon/condor/node538.hep.brown.edu/execute/dir_5509/HardcodedConditions.cc:3513:1: warning: control may reach end of non-void function [-Wreturn-type]
}
^
Error in <TNetXNGFile::Open>: [ERROR] Server responded with an error: [3011] Unable to open file /isilon/hadoop/store/group/bruxljm/FWLJMET102X_1lep2016_Feb2020/DYJetsToLL_M-50_HT-400to600_TuneCUETP8M1_13TeV-madgraphMLM-pythia8/singleLep2016/200326_015801/0000/DYJetsToLL_M-50_HT-400to600_TuneCUETP8M1_13TeV-madgraphMLM-pythia8-ext1_804.root; No such file or directory

In file included from input_line_10:1:
In file included from /isilon/condor/node538.hep.brown.edu/execute/dir_5509/makeStep1.C:2:
/isilon/condor/node538.hep.brown.edu/execute/dir_5509/HardcodedConditions.cc:3513:1: warning: control may reach end of non-void function [-Wreturn-type]
}
^
Error in <TNetXNGFile::Open>: [ERROR] Server responded with an error: [3011] Unable to open file /isilon/hadoop/store/group/bruxljm/FWLJMET102X_1lep2016_Feb2020/DYJetsToLL_M-50_HT-400to600_TuneCUETP8M1_13TeV-madgraphMLM-pythia8/singleLep2016/200326_015801/0000/DYJetsToLL_M-50_HT-400to600_TuneCUETP8M1_13TeV-madgraphMLM-pythia8-ext1_443.root; No such file or directory

In file included from input_line_10:1:
In file included from /isilon/condor/node538.hep.brown.edu/execute/dir_5509/makeStep1.C:2:
/isilon/condor/node538.hep.brown.edu/execute/dir_5509/HardcodedConditions.cc:3513:1: warning: control may reach end of non-void function [-Wreturn-type]
}
^
Error in <TNetXNGFile::Open>: [ERROR] Server responded with an error: [3011] Unable to open file /isilon/hadoop/store/group/bruxljm/FWLJMET102X_1lep2016_Feb2020/DYJetsToLL_M-50_HT-400to600_TuneCUETP8M1_13TeV-madgraphMLM-pythia8/singleLep2016/200326_015801/0000/DYJetsToLL_M-50_HT-400to600_TuneCUETP8M1_13TeV-madgraphMLM-pythia8-ext1_431.root; No such file or directory

In file included from input_line_10:1:
In file included from /isilon/condor/node538.hep.brown.edu/execute/dir_5509/makeStep1.C:2:
/isilon/condor/node538.hep.brown.edu/execute/dir_5509/HardcodedConditions.cc:3513:1: warning: control may reach end of non-void function [-Wreturn-type]
}
^
Error in <TNetXNGFile::Open>: [ERROR] Server responded with an error: [3011] Unable to open file /isilon/hadoop/store/group/bruxljm/FWLJMET102X_1lep2016_Feb2020/DYJetsToLL_M-50_HT-400to600_TuneCUETP8M1_13TeV-madgraphMLM-pythia8/singleLep2016/200326_015801/0000/DYJetsToLL_M-50_HT-400to600_TuneCUETP8M1_13TeV-madgraphMLM-pythia8-ext1_572.root; No such file or directory

In file included from input_line_10:1:
In file included from /isilon/condor/node538.hep.brown.edu/execute/dir_5509/makeStep1.C:2:
/isilon/condor/node538.hep.brown.edu/execute/dir_5509/HardcodedConditions.cc:3513:1: warning: control may reach end of non-void function [-Wreturn-type]
}
^
Error in <TNetXNGFile::Open>: [ERROR] Server responded with an error: [3011] Unable to open file /isilon/hadoop/store/group/bruxljm/FWLJMET102X_1lep2016_Feb2020/DYJetsToLL_M-50_HT-400to600_TuneCUETP8M1_13TeV-madgraphMLM-pythia8/singleLep2016/200326_015801/0000/DYJetsToLL_M-50_HT-400to600_TuneCUETP8M1_13TeV-madgraphMLM-pythia8-ext1_268.root; No such file or directory

In file included from input_line_10:1:
In file included from /isilon/condor/node538.hep.brown.edu/execute/dir_5509/makeStep1.C:2:
/isilon/condor/node538.hep.brown.edu/execute/dir_5509/HardcodedConditions.cc:3513:1: warning: control may reach end of non-void function [-Wreturn-type]
}
^
Error in <TNetXNGFile::Open>: [ERROR] Server responded with an error: [3011] Unable to open file /isilon/hadoop/store/group/bruxljm/FWLJMET102X_1lep2016_Feb2020/DYJetsToLL_M-50_HT-400to600_TuneCUETP8M1_13TeV-madgraphMLM-pythia8/singleLep2016/200326_015801/0000/DYJetsToLL_M-50_HT-400to600_TuneCUETP8M1_13TeV-madgraphMLM-pythia8-ext1_607.root; No such file or directory

ls: cannot access *.root: No such file or directory
Error in <TFile::TFile>: file *nominal.root does not exist
Error in <TFileMerger::AddFile>: cannot open file *nominal.root
hadd exiting due to error in *nominal.root
rm: cannot remove '*nominal.root': No such file or directory
Error in <TFile::TFile>: file *JECup.root does not exist
Error in <TFileMerger::AddFile>: cannot open file *JECup.root
hadd exiting due to error in *JECup.root
rm: cannot remove '*JECup.root': No such file or directory
Error in <TFile::TFile>: file *JECdown.root does not exist
Error in <TFileMerger::AddFile>: cannot open file *JECdown.root
hadd exiting due to error in *JECdown.root
rm: cannot remove '*JECdown.root': No such file or directory
Error in <TFile::TFile>: file *JERup.root does not exist
Error in <TFileMerger::AddFile>: cannot open file *JERup.root
hadd exiting due to error in *JERup.root
rm: cannot remove '*JERup.root': No such file or directory
Error in <TFile::TFile>: file *JERdown.root does not exist
Error in <TFileMerger::AddFile>: cannot open file *JERdown.root
hadd exiting due to error in *JERdown.root
rm: cannot remove '*JERdown.root': No such file or directory
