node547.hep.brown.edu
Fri Sep 25 19:57:17 EDT 2020
WARNING: Developer's area is created for architecture slc6_amd64_gcc700 while your current OS is SLC7.
/isilon/condor/node547.hep.brown.edu/execute/dir_14430
setting macroDir to PWD

Processing compileStep1.C...
Running step1 over list: ext1842 ext1495 ext1126 ext187 ext1264 ext1601 ext1336 ext1167 ext1609 ext1344 ext1398 ext1254 ext1671 ext1498 ext1614 ext1844 ext1716 ext1194 ext1638 ext1964 ext1734 ext1208 ext1877 ext1578 ext131 ext1944 ext1144 ext1379 ext1774 ext1702
creating DYJetsToLL_M-50_HT-400to600_TuneCUETP8M1_13TeV-madgraphMLM-pythia8_ext1842.root by reading DYJetsToLL_M-50_HT-400to600_TuneCUETP8M1_13TeV-madgraphMLM-pythia8-ext1_842

Processing makeStep1.C("/isilon/condor/node547.hep.brown.edu/execute/dir_14430","root://cmseos.fnal.gov//isilon/hadoop/store/group/bruxljm/FWLJMET102X_1lep2016_Feb2020/DYJetsToLL_M-50_HT-400to600_TuneCUETP8M1_13TeV-madgraphMLM-pythia8/singleLep2016/200326_015801/0000/DYJetsToLL_M-50_HT-400to600_TuneCUETP8M1_13TeV-madgraphMLM-pythia8-ext1_842.root","DYJetsToLL_M-50_HT-400to600_TuneCUETP8M1_13TeV-madgraphMLM-pythia8_ext1842.root",2016)...

Running shift nominal
Opening file: root://cmseos.fnal.gov//isilon/hadoop/store/group/bruxljm/FWLJMET102X_1lep2016_Feb2020/DYJetsToLL_M-50_HT-400to600_TuneCUETP8M1_13TeV-madgraphMLM-pythia8/singleLep2016/200326_015801/0000/DYJetsToLL_M-50_HT-400to600_TuneCUETP8M1_13TeV-madgraphMLM-pythia8-ext1_842.root
WARNING! File doesn't exist! Exiting
creating DYJetsToLL_M-50_HT-400to600_TuneCUETP8M1_13TeV-madgraphMLM-pythia8_ext1495.root by reading DYJetsToLL_M-50_HT-400to600_TuneCUETP8M1_13TeV-madgraphMLM-pythia8-ext1_495

Processing makeStep1.C("/isilon/condor/node547.hep.brown.edu/execute/dir_14430","root://cmseos.fnal.gov//isilon/hadoop/store/group/bruxljm/FWLJMET102X_1lep2016_Feb2020/DYJetsToLL_M-50_HT-400to600_TuneCUETP8M1_13TeV-madgraphMLM-pythia8/singleLep2016/200326_015801/0000/DYJetsToLL_M-50_HT-400to600_TuneCUETP8M1_13TeV-madgraphMLM-pythia8-ext1_495.root","DYJetsToLL_M-50_HT-400to600_TuneCUETP8M1_13TeV-madgraphMLM-pythia8_ext1495.root",2016)...

Running shift nominal
Opening file: root://cmseos.fnal.gov//isilon/hadoop/store/group/bruxljm/FWLJMET102X_1lep2016_Feb2020/DYJetsToLL_M-50_HT-400to600_TuneCUETP8M1_13TeV-madgraphMLM-pythia8/singleLep2016/200326_015801/0000/DYJetsToLL_M-50_HT-400to600_TuneCUETP8M1_13TeV-madgraphMLM-pythia8-ext1_495.root
WARNING! File doesn't exist! Exiting
creating DYJetsToLL_M-50_HT-400to600_TuneCUETP8M1_13TeV-madgraphMLM-pythia8_ext1126.root by reading DYJetsToLL_M-50_HT-400to600_TuneCUETP8M1_13TeV-madgraphMLM-pythia8-ext1_126

Processing makeStep1.C("/isilon/condor/node547.hep.brown.edu/execute/dir_14430","root://cmseos.fnal.gov//isilon/hadoop/store/group/bruxljm/FWLJMET102X_1lep2016_Feb2020/DYJetsToLL_M-50_HT-400to600_TuneCUETP8M1_13TeV-madgraphMLM-pythia8/singleLep2016/200326_015801/0000/DYJetsToLL_M-50_HT-400to600_TuneCUETP8M1_13TeV-madgraphMLM-pythia8-ext1_126.root","DYJetsToLL_M-50_HT-400to600_TuneCUETP8M1_13TeV-madgraphMLM-pythia8_ext1126.root",2016)...

Running shift nominal
Opening file: root://cmseos.fnal.gov//isilon/hadoop/store/group/bruxljm/FWLJMET102X_1lep2016_Feb2020/DYJetsToLL_M-50_HT-400to600_TuneCUETP8M1_13TeV-madgraphMLM-pythia8/singleLep2016/200326_015801/0000/DYJetsToLL_M-50_HT-400to600_TuneCUETP8M1_13TeV-madgraphMLM-pythia8-ext1_126.root
WARNING! File doesn't exist! Exiting
creating DYJetsToLL_M-50_HT-400to600_TuneCUETP8M1_13TeV-madgraphMLM-pythia8_ext187.root by reading DYJetsToLL_M-50_HT-400to600_TuneCUETP8M1_13TeV-madgraphMLM-pythia8-ext1_87

Processing makeStep1.C("/isilon/condor/node547.hep.brown.edu/execute/dir_14430","root://cmseos.fnal.gov//isilon/hadoop/store/group/bruxljm/FWLJMET102X_1lep2016_Feb2020/DYJetsToLL_M-50_HT-400to600_TuneCUETP8M1_13TeV-madgraphMLM-pythia8/singleLep2016/200326_015801/0000/DYJetsToLL_M-50_HT-400to600_TuneCUETP8M1_13TeV-madgraphMLM-pythia8-ext1_87.root","DYJetsToLL_M-50_HT-400to600_TuneCUETP8M1_13TeV-madgraphMLM-pythia8_ext187.root",2016)...

Running shift nominal
Opening file: root://cmseos.fnal.gov//isilon/hadoop/store/group/bruxljm/FWLJMET102X_1lep2016_Feb2020/DYJetsToLL_M-50_HT-400to600_TuneCUETP8M1_13TeV-madgraphMLM-pythia8/singleLep2016/200326_015801/0000/DYJetsToLL_M-50_HT-400to600_TuneCUETP8M1_13TeV-madgraphMLM-pythia8-ext1_87.root
WARNING! File doesn't exist! Exiting
creating DYJetsToLL_M-50_HT-400to600_TuneCUETP8M1_13TeV-madgraphMLM-pythia8_ext1264.root by reading DYJetsToLL_M-50_HT-400to600_TuneCUETP8M1_13TeV-madgraphMLM-pythia8-ext1_264

Processing makeStep1.C("/isilon/condor/node547.hep.brown.edu/execute/dir_14430","root://cmseos.fnal.gov//isilon/hadoop/store/group/bruxljm/FWLJMET102X_1lep2016_Feb2020/DYJetsToLL_M-50_HT-400to600_TuneCUETP8M1_13TeV-madgraphMLM-pythia8/singleLep2016/200326_015801/0000/DYJetsToLL_M-50_HT-400to600_TuneCUETP8M1_13TeV-madgraphMLM-pythia8-ext1_264.root","DYJetsToLL_M-50_HT-400to600_TuneCUETP8M1_13TeV-madgraphMLM-pythia8_ext1264.root",2016)...

Running shift nominal
Opening file: root://cmseos.fnal.gov//isilon/hadoop/store/group/bruxljm/FWLJMET102X_1lep2016_Feb2020/DYJetsToLL_M-50_HT-400to600_TuneCUETP8M1_13TeV-madgraphMLM-pythia8/singleLep2016/200326_015801/0000/DYJetsToLL_M-50_HT-400to600_TuneCUETP8M1_13TeV-madgraphMLM-pythia8-ext1_264.root
WARNING! File doesn't exist! Exiting
creating DYJetsToLL_M-50_HT-400to600_TuneCUETP8M1_13TeV-madgraphMLM-pythia8_ext1601.root by reading DYJetsToLL_M-50_HT-400to600_TuneCUETP8M1_13TeV-madgraphMLM-pythia8-ext1_601

Processing makeStep1.C("/isilon/condor/node547.hep.brown.edu/execute/dir_14430","root://cmseos.fnal.gov//isilon/hadoop/store/group/bruxljm/FWLJMET102X_1lep2016_Feb2020/DYJetsToLL_M-50_HT-400to600_TuneCUETP8M1_13TeV-madgraphMLM-pythia8/singleLep2016/200326_015801/0000/DYJetsToLL_M-50_HT-400to600_TuneCUETP8M1_13TeV-madgraphMLM-pythia8-ext1_601.root","DYJetsToLL_M-50_HT-400to600_TuneCUETP8M1_13TeV-madgraphMLM-pythia8_ext1601.root",2016)...

Running shift nominal
Opening file: root://cmseos.fnal.gov//isilon/hadoop/store/group/bruxljm/FWLJMET102X_1lep2016_Feb2020/DYJetsToLL_M-50_HT-400to600_TuneCUETP8M1_13TeV-madgraphMLM-pythia8/singleLep2016/200326_015801/0000/DYJetsToLL_M-50_HT-400to600_TuneCUETP8M1_13TeV-madgraphMLM-pythia8-ext1_601.root
WARNING! File doesn't exist! Exiting
creating DYJetsToLL_M-50_HT-400to600_TuneCUETP8M1_13TeV-madgraphMLM-pythia8_ext1336.root by reading DYJetsToLL_M-50_HT-400to600_TuneCUETP8M1_13TeV-madgraphMLM-pythia8-ext1_336

Processing makeStep1.C("/isilon/condor/node547.hep.brown.edu/execute/dir_14430","root://cmseos.fnal.gov//isilon/hadoop/store/group/bruxljm/FWLJMET102X_1lep2016_Feb2020/DYJetsToLL_M-50_HT-400to600_TuneCUETP8M1_13TeV-madgraphMLM-pythia8/singleLep2016/200326_015801/0000/DYJetsToLL_M-50_HT-400to600_TuneCUETP8M1_13TeV-madgraphMLM-pythia8-ext1_336.root","DYJetsToLL_M-50_HT-400to600_TuneCUETP8M1_13TeV-madgraphMLM-pythia8_ext1336.root",2016)...

Running shift nominal
Opening file: root://cmseos.fnal.gov//isilon/hadoop/store/group/bruxljm/FWLJMET102X_1lep2016_Feb2020/DYJetsToLL_M-50_HT-400to600_TuneCUETP8M1_13TeV-madgraphMLM-pythia8/singleLep2016/200326_015801/0000/DYJetsToLL_M-50_HT-400to600_TuneCUETP8M1_13TeV-madgraphMLM-pythia8-ext1_336.root
WARNING! File doesn't exist! Exiting
creating DYJetsToLL_M-50_HT-400to600_TuneCUETP8M1_13TeV-madgraphMLM-pythia8_ext1167.root by reading DYJetsToLL_M-50_HT-400to600_TuneCUETP8M1_13TeV-madgraphMLM-pythia8-ext1_167

Processing makeStep1.C("/isilon/condor/node547.hep.brown.edu/execute/dir_14430","root://cmseos.fnal.gov//isilon/hadoop/store/group/bruxljm/FWLJMET102X_1lep2016_Feb2020/DYJetsToLL_M-50_HT-400to600_TuneCUETP8M1_13TeV-madgraphMLM-pythia8/singleLep2016/200326_015801/0000/DYJetsToLL_M-50_HT-400to600_TuneCUETP8M1_13TeV-madgraphMLM-pythia8-ext1_167.root","DYJetsToLL_M-50_HT-400to600_TuneCUETP8M1_13TeV-madgraphMLM-pythia8_ext1167.root",2016)...

Running shift nominal
Opening file: root://cmseos.fnal.gov//isilon/hadoop/store/group/bruxljm/FWLJMET102X_1lep2016_Feb2020/DYJetsToLL_M-50_HT-400to600_TuneCUETP8M1_13TeV-madgraphMLM-pythia8/singleLep2016/200326_015801/0000/DYJetsToLL_M-50_HT-400to600_TuneCUETP8M1_13TeV-madgraphMLM-pythia8-ext1_167.root
WARNING! File doesn't exist! Exiting
creating DYJetsToLL_M-50_HT-400to600_TuneCUETP8M1_13TeV-madgraphMLM-pythia8_ext1609.root by reading DYJetsToLL_M-50_HT-400to600_TuneCUETP8M1_13TeV-madgraphMLM-pythia8-ext1_609

Processing makeStep1.C("/isilon/condor/node547.hep.brown.edu/execute/dir_14430","root://cmseos.fnal.gov//isilon/hadoop/store/group/bruxljm/FWLJMET102X_1lep2016_Feb2020/DYJetsToLL_M-50_HT-400to600_TuneCUETP8M1_13TeV-madgraphMLM-pythia8/singleLep2016/200326_015801/0000/DYJetsToLL_M-50_HT-400to600_TuneCUETP8M1_13TeV-madgraphMLM-pythia8-ext1_609.root","DYJetsToLL_M-50_HT-400to600_TuneCUETP8M1_13TeV-madgraphMLM-pythia8_ext1609.root",2016)...

Running shift nominal
Opening file: root://cmseos.fnal.gov//isilon/hadoop/store/group/bruxljm/FWLJMET102X_1lep2016_Feb2020/DYJetsToLL_M-50_HT-400to600_TuneCUETP8M1_13TeV-madgraphMLM-pythia8/singleLep2016/200326_015801/0000/DYJetsToLL_M-50_HT-400to600_TuneCUETP8M1_13TeV-madgraphMLM-pythia8-ext1_609.root
WARNING! File doesn't exist! Exiting
creating DYJetsToLL_M-50_HT-400to600_TuneCUETP8M1_13TeV-madgraphMLM-pythia8_ext1344.root by reading DYJetsToLL_M-50_HT-400to600_TuneCUETP8M1_13TeV-madgraphMLM-pythia8-ext1_344

Processing makeStep1.C("/isilon/condor/node547.hep.brown.edu/execute/dir_14430","root://cmseos.fnal.gov//isilon/hadoop/store/group/bruxljm/FWLJMET102X_1lep2016_Feb2020/DYJetsToLL_M-50_HT-400to600_TuneCUETP8M1_13TeV-madgraphMLM-pythia8/singleLep2016/200326_015801/0000/DYJetsToLL_M-50_HT-400to600_TuneCUETP8M1_13TeV-madgraphMLM-pythia8-ext1_344.root","DYJetsToLL_M-50_HT-400to600_TuneCUETP8M1_13TeV-madgraphMLM-pythia8_ext1344.root",2016)...

Running shift nominal
Opening file: root://cmseos.fnal.gov//isilon/hadoop/store/group/bruxljm/FWLJMET102X_1lep2016_Feb2020/DYJetsToLL_M-50_HT-400to600_TuneCUETP8M1_13TeV-madgraphMLM-pythia8/singleLep2016/200326_015801/0000/DYJetsToLL_M-50_HT-400to600_TuneCUETP8M1_13TeV-madgraphMLM-pythia8-ext1_344.root
WARNING! File doesn't exist! Exiting
creating DYJetsToLL_M-50_HT-400to600_TuneCUETP8M1_13TeV-madgraphMLM-pythia8_ext1398.root by reading DYJetsToLL_M-50_HT-400to600_TuneCUETP8M1_13TeV-madgraphMLM-pythia8-ext1_398

Processing makeStep1.C("/isilon/condor/node547.hep.brown.edu/execute/dir_14430","root://cmseos.fnal.gov//isilon/hadoop/store/group/bruxljm/FWLJMET102X_1lep2016_Feb2020/DYJetsToLL_M-50_HT-400to600_TuneCUETP8M1_13TeV-madgraphMLM-pythia8/singleLep2016/200326_015801/0000/DYJetsToLL_M-50_HT-400to600_TuneCUETP8M1_13TeV-madgraphMLM-pythia8-ext1_398.root","DYJetsToLL_M-50_HT-400to600_TuneCUETP8M1_13TeV-madgraphMLM-pythia8_ext1398.root",2016)...

Running shift nominal
Opening file: root://cmseos.fnal.gov//isilon/hadoop/store/group/bruxljm/FWLJMET102X_1lep2016_Feb2020/DYJetsToLL_M-50_HT-400to600_TuneCUETP8M1_13TeV-madgraphMLM-pythia8/singleLep2016/200326_015801/0000/DYJetsToLL_M-50_HT-400to600_TuneCUETP8M1_13TeV-madgraphMLM-pythia8-ext1_398.root
WARNING! File doesn't exist! Exiting
creating DYJetsToLL_M-50_HT-400to600_TuneCUETP8M1_13TeV-madgraphMLM-pythia8_ext1254.root by reading DYJetsToLL_M-50_HT-400to600_TuneCUETP8M1_13TeV-madgraphMLM-pythia8-ext1_254

Processing makeStep1.C("/isilon/condor/node547.hep.brown.edu/execute/dir_14430","root://cmseos.fnal.gov//isilon/hadoop/store/group/bruxljm/FWLJMET102X_1lep2016_Feb2020/DYJetsToLL_M-50_HT-400to600_TuneCUETP8M1_13TeV-madgraphMLM-pythia8/singleLep2016/200326_015801/0000/DYJetsToLL_M-50_HT-400to600_TuneCUETP8M1_13TeV-madgraphMLM-pythia8-ext1_254.root","DYJetsToLL_M-50_HT-400to600_TuneCUETP8M1_13TeV-madgraphMLM-pythia8_ext1254.root",2016)...

Running shift nominal
Opening file: root://cmseos.fnal.gov//isilon/hadoop/store/group/bruxljm/FWLJMET102X_1lep2016_Feb2020/DYJetsToLL_M-50_HT-400to600_TuneCUETP8M1_13TeV-madgraphMLM-pythia8/singleLep2016/200326_015801/0000/DYJetsToLL_M-50_HT-400to600_TuneCUETP8M1_13TeV-madgraphMLM-pythia8-ext1_254.root
WARNING! File doesn't exist! Exiting
creating DYJetsToLL_M-50_HT-400to600_TuneCUETP8M1_13TeV-madgraphMLM-pythia8_ext1671.root by reading DYJetsToLL_M-50_HT-400to600_TuneCUETP8M1_13TeV-madgraphMLM-pythia8-ext1_671

Processing makeStep1.C("/isilon/condor/node547.hep.brown.edu/execute/dir_14430","root://cmseos.fnal.gov//isilon/hadoop/store/group/bruxljm/FWLJMET102X_1lep2016_Feb2020/DYJetsToLL_M-50_HT-400to600_TuneCUETP8M1_13TeV-madgraphMLM-pythia8/singleLep2016/200326_015801/0000/DYJetsToLL_M-50_HT-400to600_TuneCUETP8M1_13TeV-madgraphMLM-pythia8-ext1_671.root","DYJetsToLL_M-50_HT-400to600_TuneCUETP8M1_13TeV-madgraphMLM-pythia8_ext1671.root",2016)...

Running shift nominal
Opening file: root://cmseos.fnal.gov//isilon/hadoop/store/group/bruxljm/FWLJMET102X_1lep2016_Feb2020/DYJetsToLL_M-50_HT-400to600_TuneCUETP8M1_13TeV-madgraphMLM-pythia8/singleLep2016/200326_015801/0000/DYJetsToLL_M-50_HT-400to600_TuneCUETP8M1_13TeV-madgraphMLM-pythia8-ext1_671.root
WARNING! File doesn't exist! Exiting
creating DYJetsToLL_M-50_HT-400to600_TuneCUETP8M1_13TeV-madgraphMLM-pythia8_ext1498.root by reading DYJetsToLL_M-50_HT-400to600_TuneCUETP8M1_13TeV-madgraphMLM-pythia8-ext1_498

Processing makeStep1.C("/isilon/condor/node547.hep.brown.edu/execute/dir_14430","root://cmseos.fnal.gov//isilon/hadoop/store/group/bruxljm/FWLJMET102X_1lep2016_Feb2020/DYJetsToLL_M-50_HT-400to600_TuneCUETP8M1_13TeV-madgraphMLM-pythia8/singleLep2016/200326_015801/0000/DYJetsToLL_M-50_HT-400to600_TuneCUETP8M1_13TeV-madgraphMLM-pythia8-ext1_498.root","DYJetsToLL_M-50_HT-400to600_TuneCUETP8M1_13TeV-madgraphMLM-pythia8_ext1498.root",2016)...

Running shift nominal
Opening file: root://cmseos.fnal.gov//isilon/hadoop/store/group/bruxljm/FWLJMET102X_1lep2016_Feb2020/DYJetsToLL_M-50_HT-400to600_TuneCUETP8M1_13TeV-madgraphMLM-pythia8/singleLep2016/200326_015801/0000/DYJetsToLL_M-50_HT-400to600_TuneCUETP8M1_13TeV-madgraphMLM-pythia8-ext1_498.root
WARNING! File doesn't exist! Exiting
creating DYJetsToLL_M-50_HT-400to600_TuneCUETP8M1_13TeV-madgraphMLM-pythia8_ext1614.root by reading DYJetsToLL_M-50_HT-400to600_TuneCUETP8M1_13TeV-madgraphMLM-pythia8-ext1_614

Processing makeStep1.C("/isilon/condor/node547.hep.brown.edu/execute/dir_14430","root://cmseos.fnal.gov//isilon/hadoop/store/group/bruxljm/FWLJMET102X_1lep2016_Feb2020/DYJetsToLL_M-50_HT-400to600_TuneCUETP8M1_13TeV-madgraphMLM-pythia8/singleLep2016/200326_015801/0000/DYJetsToLL_M-50_HT-400to600_TuneCUETP8M1_13TeV-madgraphMLM-pythia8-ext1_614.root","DYJetsToLL_M-50_HT-400to600_TuneCUETP8M1_13TeV-madgraphMLM-pythia8_ext1614.root",2016)...

Running shift nominal
Opening file: root://cmseos.fnal.gov//isilon/hadoop/store/group/bruxljm/FWLJMET102X_1lep2016_Feb2020/DYJetsToLL_M-50_HT-400to600_TuneCUETP8M1_13TeV-madgraphMLM-pythia8/singleLep2016/200326_015801/0000/DYJetsToLL_M-50_HT-400to600_TuneCUETP8M1_13TeV-madgraphMLM-pythia8-ext1_614.root
WARNING! File doesn't exist! Exiting
creating DYJetsToLL_M-50_HT-400to600_TuneCUETP8M1_13TeV-madgraphMLM-pythia8_ext1844.root by reading DYJetsToLL_M-50_HT-400to600_TuneCUETP8M1_13TeV-madgraphMLM-pythia8-ext1_844

Processing makeStep1.C("/isilon/condor/node547.hep.brown.edu/execute/dir_14430","root://cmseos.fnal.gov//isilon/hadoop/store/group/bruxljm/FWLJMET102X_1lep2016_Feb2020/DYJetsToLL_M-50_HT-400to600_TuneCUETP8M1_13TeV-madgraphMLM-pythia8/singleLep2016/200326_015801/0000/DYJetsToLL_M-50_HT-400to600_TuneCUETP8M1_13TeV-madgraphMLM-pythia8-ext1_844.root","DYJetsToLL_M-50_HT-400to600_TuneCUETP8M1_13TeV-madgraphMLM-pythia8_ext1844.root",2016)...

Running shift nominal
Opening file: root://cmseos.fnal.gov//isilon/hadoop/store/group/bruxljm/FWLJMET102X_1lep2016_Feb2020/DYJetsToLL_M-50_HT-400to600_TuneCUETP8M1_13TeV-madgraphMLM-pythia8/singleLep2016/200326_015801/0000/DYJetsToLL_M-50_HT-400to600_TuneCUETP8M1_13TeV-madgraphMLM-pythia8-ext1_844.root
WARNING! File doesn't exist! Exiting
creating DYJetsToLL_M-50_HT-400to600_TuneCUETP8M1_13TeV-madgraphMLM-pythia8_ext1716.root by reading DYJetsToLL_M-50_HT-400to600_TuneCUETP8M1_13TeV-madgraphMLM-pythia8-ext1_716

Processing makeStep1.C("/isilon/condor/node547.hep.brown.edu/execute/dir_14430","root://cmseos.fnal.gov//isilon/hadoop/store/group/bruxljm/FWLJMET102X_1lep2016_Feb2020/DYJetsToLL_M-50_HT-400to600_TuneCUETP8M1_13TeV-madgraphMLM-pythia8/singleLep2016/200326_015801/0000/DYJetsToLL_M-50_HT-400to600_TuneCUETP8M1_13TeV-madgraphMLM-pythia8-ext1_716.root","DYJetsToLL_M-50_HT-400to600_TuneCUETP8M1_13TeV-madgraphMLM-pythia8_ext1716.root",2016)...

Running shift nominal
Opening file: root://cmseos.fnal.gov//isilon/hadoop/store/group/bruxljm/FWLJMET102X_1lep2016_Feb2020/DYJetsToLL_M-50_HT-400to600_TuneCUETP8M1_13TeV-madgraphMLM-pythia8/singleLep2016/200326_015801/0000/DYJetsToLL_M-50_HT-400to600_TuneCUETP8M1_13TeV-madgraphMLM-pythia8-ext1_716.root
WARNING! File doesn't exist! Exiting
creating DYJetsToLL_M-50_HT-400to600_TuneCUETP8M1_13TeV-madgraphMLM-pythia8_ext1194.root by reading DYJetsToLL_M-50_HT-400to600_TuneCUETP8M1_13TeV-madgraphMLM-pythia8-ext1_194

Processing makeStep1.C("/isilon/condor/node547.hep.brown.edu/execute/dir_14430","root://cmseos.fnal.gov//isilon/hadoop/store/group/bruxljm/FWLJMET102X_1lep2016_Feb2020/DYJetsToLL_M-50_HT-400to600_TuneCUETP8M1_13TeV-madgraphMLM-pythia8/singleLep2016/200326_015801/0000/DYJetsToLL_M-50_HT-400to600_TuneCUETP8M1_13TeV-madgraphMLM-pythia8-ext1_194.root","DYJetsToLL_M-50_HT-400to600_TuneCUETP8M1_13TeV-madgraphMLM-pythia8_ext1194.root",2016)...

Running shift nominal
Opening file: root://cmseos.fnal.gov//isilon/hadoop/store/group/bruxljm/FWLJMET102X_1lep2016_Feb2020/DYJetsToLL_M-50_HT-400to600_TuneCUETP8M1_13TeV-madgraphMLM-pythia8/singleLep2016/200326_015801/0000/DYJetsToLL_M-50_HT-400to600_TuneCUETP8M1_13TeV-madgraphMLM-pythia8-ext1_194.root
WARNING! File doesn't exist! Exiting
creating DYJetsToLL_M-50_HT-400to600_TuneCUETP8M1_13TeV-madgraphMLM-pythia8_ext1638.root by reading DYJetsToLL_M-50_HT-400to600_TuneCUETP8M1_13TeV-madgraphMLM-pythia8-ext1_638

Processing makeStep1.C("/isilon/condor/node547.hep.brown.edu/execute/dir_14430","root://cmseos.fnal.gov//isilon/hadoop/store/group/bruxljm/FWLJMET102X_1lep2016_Feb2020/DYJetsToLL_M-50_HT-400to600_TuneCUETP8M1_13TeV-madgraphMLM-pythia8/singleLep2016/200326_015801/0000/DYJetsToLL_M-50_HT-400to600_TuneCUETP8M1_13TeV-madgraphMLM-pythia8-ext1_638.root","DYJetsToLL_M-50_HT-400to600_TuneCUETP8M1_13TeV-madgraphMLM-pythia8_ext1638.root",2016)...

Running shift nominal
Opening file: root://cmseos.fnal.gov//isilon/hadoop/store/group/bruxljm/FWLJMET102X_1lep2016_Feb2020/DYJetsToLL_M-50_HT-400to600_TuneCUETP8M1_13TeV-madgraphMLM-pythia8/singleLep2016/200326_015801/0000/DYJetsToLL_M-50_HT-400to600_TuneCUETP8M1_13TeV-madgraphMLM-pythia8-ext1_638.root
WARNING! File doesn't exist! Exiting
creating DYJetsToLL_M-50_HT-400to600_TuneCUETP8M1_13TeV-madgraphMLM-pythia8_ext1964.root by reading DYJetsToLL_M-50_HT-400to600_TuneCUETP8M1_13TeV-madgraphMLM-pythia8-ext1_964

Processing makeStep1.C("/isilon/condor/node547.hep.brown.edu/execute/dir_14430","root://cmseos.fnal.gov//isilon/hadoop/store/group/bruxljm/FWLJMET102X_1lep2016_Feb2020/DYJetsToLL_M-50_HT-400to600_TuneCUETP8M1_13TeV-madgraphMLM-pythia8/singleLep2016/200326_015801/0000/DYJetsToLL_M-50_HT-400to600_TuneCUETP8M1_13TeV-madgraphMLM-pythia8-ext1_964.root","DYJetsToLL_M-50_HT-400to600_TuneCUETP8M1_13TeV-madgraphMLM-pythia8_ext1964.root",2016)...

Running shift nominal
Opening file: root://cmseos.fnal.gov//isilon/hadoop/store/group/bruxljm/FWLJMET102X_1lep2016_Feb2020/DYJetsToLL_M-50_HT-400to600_TuneCUETP8M1_13TeV-madgraphMLM-pythia8/singleLep2016/200326_015801/0000/DYJetsToLL_M-50_HT-400to600_TuneCUETP8M1_13TeV-madgraphMLM-pythia8-ext1_964.root
WARNING! File doesn't exist! Exiting
creating DYJetsToLL_M-50_HT-400to600_TuneCUETP8M1_13TeV-madgraphMLM-pythia8_ext1734.root by reading DYJetsToLL_M-50_HT-400to600_TuneCUETP8M1_13TeV-madgraphMLM-pythia8-ext1_734

Processing makeStep1.C("/isilon/condor/node547.hep.brown.edu/execute/dir_14430","root://cmseos.fnal.gov//isilon/hadoop/store/group/bruxljm/FWLJMET102X_1lep2016_Feb2020/DYJetsToLL_M-50_HT-400to600_TuneCUETP8M1_13TeV-madgraphMLM-pythia8/singleLep2016/200326_015801/0000/DYJetsToLL_M-50_HT-400to600_TuneCUETP8M1_13TeV-madgraphMLM-pythia8-ext1_734.root","DYJetsToLL_M-50_HT-400to600_TuneCUETP8M1_13TeV-madgraphMLM-pythia8_ext1734.root",2016)...

Running shift nominal
Opening file: root://cmseos.fnal.gov//isilon/hadoop/store/group/bruxljm/FWLJMET102X_1lep2016_Feb2020/DYJetsToLL_M-50_HT-400to600_TuneCUETP8M1_13TeV-madgraphMLM-pythia8/singleLep2016/200326_015801/0000/DYJetsToLL_M-50_HT-400to600_TuneCUETP8M1_13TeV-madgraphMLM-pythia8-ext1_734.root
WARNING! File doesn't exist! Exiting
creating DYJetsToLL_M-50_HT-400to600_TuneCUETP8M1_13TeV-madgraphMLM-pythia8_ext1208.root by reading DYJetsToLL_M-50_HT-400to600_TuneCUETP8M1_13TeV-madgraphMLM-pythia8-ext1_208

Processing makeStep1.C("/isilon/condor/node547.hep.brown.edu/execute/dir_14430","root://cmseos.fnal.gov//isilon/hadoop/store/group/bruxljm/FWLJMET102X_1lep2016_Feb2020/DYJetsToLL_M-50_HT-400to600_TuneCUETP8M1_13TeV-madgraphMLM-pythia8/singleLep2016/200326_015801/0000/DYJetsToLL_M-50_HT-400to600_TuneCUETP8M1_13TeV-madgraphMLM-pythia8-ext1_208.root","DYJetsToLL_M-50_HT-400to600_TuneCUETP8M1_13TeV-madgraphMLM-pythia8_ext1208.root",2016)...

Running shift nominal
Opening file: root://cmseos.fnal.gov//isilon/hadoop/store/group/bruxljm/FWLJMET102X_1lep2016_Feb2020/DYJetsToLL_M-50_HT-400to600_TuneCUETP8M1_13TeV-madgraphMLM-pythia8/singleLep2016/200326_015801/0000/DYJetsToLL_M-50_HT-400to600_TuneCUETP8M1_13TeV-madgraphMLM-pythia8-ext1_208.root
WARNING! File doesn't exist! Exiting
creating DYJetsToLL_M-50_HT-400to600_TuneCUETP8M1_13TeV-madgraphMLM-pythia8_ext1877.root by reading DYJetsToLL_M-50_HT-400to600_TuneCUETP8M1_13TeV-madgraphMLM-pythia8-ext1_877

Processing makeStep1.C("/isilon/condor/node547.hep.brown.edu/execute/dir_14430","root://cmseos.fnal.gov//isilon/hadoop/store/group/bruxljm/FWLJMET102X_1lep2016_Feb2020/DYJetsToLL_M-50_HT-400to600_TuneCUETP8M1_13TeV-madgraphMLM-pythia8/singleLep2016/200326_015801/0000/DYJetsToLL_M-50_HT-400to600_TuneCUETP8M1_13TeV-madgraphMLM-pythia8-ext1_877.root","DYJetsToLL_M-50_HT-400to600_TuneCUETP8M1_13TeV-madgraphMLM-pythia8_ext1877.root",2016)...

Running shift nominal
Opening file: root://cmseos.fnal.gov//isilon/hadoop/store/group/bruxljm/FWLJMET102X_1lep2016_Feb2020/DYJetsToLL_M-50_HT-400to600_TuneCUETP8M1_13TeV-madgraphMLM-pythia8/singleLep2016/200326_015801/0000/DYJetsToLL_M-50_HT-400to600_TuneCUETP8M1_13TeV-madgraphMLM-pythia8-ext1_877.root
WARNING! File doesn't exist! Exiting
creating DYJetsToLL_M-50_HT-400to600_TuneCUETP8M1_13TeV-madgraphMLM-pythia8_ext1578.root by reading DYJetsToLL_M-50_HT-400to600_TuneCUETP8M1_13TeV-madgraphMLM-pythia8-ext1_578

Processing makeStep1.C("/isilon/condor/node547.hep.brown.edu/execute/dir_14430","root://cmseos.fnal.gov//isilon/hadoop/store/group/bruxljm/FWLJMET102X_1lep2016_Feb2020/DYJetsToLL_M-50_HT-400to600_TuneCUETP8M1_13TeV-madgraphMLM-pythia8/singleLep2016/200326_015801/0000/DYJetsToLL_M-50_HT-400to600_TuneCUETP8M1_13TeV-madgraphMLM-pythia8-ext1_578.root","DYJetsToLL_M-50_HT-400to600_TuneCUETP8M1_13TeV-madgraphMLM-pythia8_ext1578.root",2016)...

Running shift nominal
Opening file: root://cmseos.fnal.gov//isilon/hadoop/store/group/bruxljm/FWLJMET102X_1lep2016_Feb2020/DYJetsToLL_M-50_HT-400to600_TuneCUETP8M1_13TeV-madgraphMLM-pythia8/singleLep2016/200326_015801/0000/DYJetsToLL_M-50_HT-400to600_TuneCUETP8M1_13TeV-madgraphMLM-pythia8-ext1_578.root
WARNING! File doesn't exist! Exiting
creating DYJetsToLL_M-50_HT-400to600_TuneCUETP8M1_13TeV-madgraphMLM-pythia8_ext131.root by reading DYJetsToLL_M-50_HT-400to600_TuneCUETP8M1_13TeV-madgraphMLM-pythia8-ext1_31

Processing makeStep1.C("/isilon/condor/node547.hep.brown.edu/execute/dir_14430","root://cmseos.fnal.gov//isilon/hadoop/store/group/bruxljm/FWLJMET102X_1lep2016_Feb2020/DYJetsToLL_M-50_HT-400to600_TuneCUETP8M1_13TeV-madgraphMLM-pythia8/singleLep2016/200326_015801/0000/DYJetsToLL_M-50_HT-400to600_TuneCUETP8M1_13TeV-madgraphMLM-pythia8-ext1_31.root","DYJetsToLL_M-50_HT-400to600_TuneCUETP8M1_13TeV-madgraphMLM-pythia8_ext131.root",2016)...

Running shift nominal
Opening file: root://cmseos.fnal.gov//isilon/hadoop/store/group/bruxljm/FWLJMET102X_1lep2016_Feb2020/DYJetsToLL_M-50_HT-400to600_TuneCUETP8M1_13TeV-madgraphMLM-pythia8/singleLep2016/200326_015801/0000/DYJetsToLL_M-50_HT-400to600_TuneCUETP8M1_13TeV-madgraphMLM-pythia8-ext1_31.root
WARNING! File doesn't exist! Exiting
creating DYJetsToLL_M-50_HT-400to600_TuneCUETP8M1_13TeV-madgraphMLM-pythia8_ext1944.root by reading DYJetsToLL_M-50_HT-400to600_TuneCUETP8M1_13TeV-madgraphMLM-pythia8-ext1_944

Processing makeStep1.C("/isilon/condor/node547.hep.brown.edu/execute/dir_14430","root://cmseos.fnal.gov//isilon/hadoop/store/group/bruxljm/FWLJMET102X_1lep2016_Feb2020/DYJetsToLL_M-50_HT-400to600_TuneCUETP8M1_13TeV-madgraphMLM-pythia8/singleLep2016/200326_015801/0000/DYJetsToLL_M-50_HT-400to600_TuneCUETP8M1_13TeV-madgraphMLM-pythia8-ext1_944.root","DYJetsToLL_M-50_HT-400to600_TuneCUETP8M1_13TeV-madgraphMLM-pythia8_ext1944.root",2016)...

Running shift nominal
Opening file: root://cmseos.fnal.gov//isilon/hadoop/store/group/bruxljm/FWLJMET102X_1lep2016_Feb2020/DYJetsToLL_M-50_HT-400to600_TuneCUETP8M1_13TeV-madgraphMLM-pythia8/singleLep2016/200326_015801/0000/DYJetsToLL_M-50_HT-400to600_TuneCUETP8M1_13TeV-madgraphMLM-pythia8-ext1_944.root
WARNING! File doesn't exist! Exiting
creating DYJetsToLL_M-50_HT-400to600_TuneCUETP8M1_13TeV-madgraphMLM-pythia8_ext1144.root by reading DYJetsToLL_M-50_HT-400to600_TuneCUETP8M1_13TeV-madgraphMLM-pythia8-ext1_144

Processing makeStep1.C("/isilon/condor/node547.hep.brown.edu/execute/dir_14430","root://cmseos.fnal.gov//isilon/hadoop/store/group/bruxljm/FWLJMET102X_1lep2016_Feb2020/DYJetsToLL_M-50_HT-400to600_TuneCUETP8M1_13TeV-madgraphMLM-pythia8/singleLep2016/200326_015801/0000/DYJetsToLL_M-50_HT-400to600_TuneCUETP8M1_13TeV-madgraphMLM-pythia8-ext1_144.root","DYJetsToLL_M-50_HT-400to600_TuneCUETP8M1_13TeV-madgraphMLM-pythia8_ext1144.root",2016)...

Running shift nominal
Opening file: root://cmseos.fnal.gov//isilon/hadoop/store/group/bruxljm/FWLJMET102X_1lep2016_Feb2020/DYJetsToLL_M-50_HT-400to600_TuneCUETP8M1_13TeV-madgraphMLM-pythia8/singleLep2016/200326_015801/0000/DYJetsToLL_M-50_HT-400to600_TuneCUETP8M1_13TeV-madgraphMLM-pythia8-ext1_144.root
WARNING! File doesn't exist! Exiting
creating DYJetsToLL_M-50_HT-400to600_TuneCUETP8M1_13TeV-madgraphMLM-pythia8_ext1379.root by reading DYJetsToLL_M-50_HT-400to600_TuneCUETP8M1_13TeV-madgraphMLM-pythia8-ext1_379

Processing makeStep1.C("/isilon/condor/node547.hep.brown.edu/execute/dir_14430","root://cmseos.fnal.gov//isilon/hadoop/store/group/bruxljm/FWLJMET102X_1lep2016_Feb2020/DYJetsToLL_M-50_HT-400to600_TuneCUETP8M1_13TeV-madgraphMLM-pythia8/singleLep2016/200326_015801/0000/DYJetsToLL_M-50_HT-400to600_TuneCUETP8M1_13TeV-madgraphMLM-pythia8-ext1_379.root","DYJetsToLL_M-50_HT-400to600_TuneCUETP8M1_13TeV-madgraphMLM-pythia8_ext1379.root",2016)...

Running shift nominal
Opening file: root://cmseos.fnal.gov//isilon/hadoop/store/group/bruxljm/FWLJMET102X_1lep2016_Feb2020/DYJetsToLL_M-50_HT-400to600_TuneCUETP8M1_13TeV-madgraphMLM-pythia8/singleLep2016/200326_015801/0000/DYJetsToLL_M-50_HT-400to600_TuneCUETP8M1_13TeV-madgraphMLM-pythia8-ext1_379.root
WARNING! File doesn't exist! Exiting
creating DYJetsToLL_M-50_HT-400to600_TuneCUETP8M1_13TeV-madgraphMLM-pythia8_ext1774.root by reading DYJetsToLL_M-50_HT-400to600_TuneCUETP8M1_13TeV-madgraphMLM-pythia8-ext1_774

Processing makeStep1.C("/isilon/condor/node547.hep.brown.edu/execute/dir_14430","root://cmseos.fnal.gov//isilon/hadoop/store/group/bruxljm/FWLJMET102X_1lep2016_Feb2020/DYJetsToLL_M-50_HT-400to600_TuneCUETP8M1_13TeV-madgraphMLM-pythia8/singleLep2016/200326_015801/0000/DYJetsToLL_M-50_HT-400to600_TuneCUETP8M1_13TeV-madgraphMLM-pythia8-ext1_774.root","DYJetsToLL_M-50_HT-400to600_TuneCUETP8M1_13TeV-madgraphMLM-pythia8_ext1774.root",2016)...

Running shift nominal
Opening file: root://cmseos.fnal.gov//isilon/hadoop/store/group/bruxljm/FWLJMET102X_1lep2016_Feb2020/DYJetsToLL_M-50_HT-400to600_TuneCUETP8M1_13TeV-madgraphMLM-pythia8/singleLep2016/200326_015801/0000/DYJetsToLL_M-50_HT-400to600_TuneCUETP8M1_13TeV-madgraphMLM-pythia8-ext1_774.root
WARNING! File doesn't exist! Exiting
creating DYJetsToLL_M-50_HT-400to600_TuneCUETP8M1_13TeV-madgraphMLM-pythia8_ext1702.root by reading DYJetsToLL_M-50_HT-400to600_TuneCUETP8M1_13TeV-madgraphMLM-pythia8-ext1_702

Processing makeStep1.C("/isilon/condor/node547.hep.brown.edu/execute/dir_14430","root://cmseos.fnal.gov//isilon/hadoop/store/group/bruxljm/FWLJMET102X_1lep2016_Feb2020/DYJetsToLL_M-50_HT-400to600_TuneCUETP8M1_13TeV-madgraphMLM-pythia8/singleLep2016/200326_015801/0000/DYJetsToLL_M-50_HT-400to600_TuneCUETP8M1_13TeV-madgraphMLM-pythia8-ext1_702.root","DYJetsToLL_M-50_HT-400to600_TuneCUETP8M1_13TeV-madgraphMLM-pythia8_ext1702.root",2016)...

Running shift nominal
Opening file: root://cmseos.fnal.gov//isilon/hadoop/store/group/bruxljm/FWLJMET102X_1lep2016_Feb2020/DYJetsToLL_M-50_HT-400to600_TuneCUETP8M1_13TeV-madgraphMLM-pythia8/singleLep2016/200326_015801/0000/DYJetsToLL_M-50_HT-400to600_TuneCUETP8M1_13TeV-madgraphMLM-pythia8-ext1_702.root
WARNING! File doesn't exist! Exiting
ROOT Files:
cp output for condor
hadd Target file: DYJetsToLL_M-50_HT-400to600_TuneCUETP8M1_13TeV-madgraphMLM-pythia8_9nominal_hadd.root
hadd compression setting for all ouput: 1
hadd Source file 1: *nominal.root
cp DYJetsToLL_M-50_HT-400to600_TuneCUETP8M1_13TeV-madgraphMLM-pythia8_9nominal_hadd.root /mnt/hadoop/store/group/bruxljm/FWLJMET102X_1lep2016_4t_09252020_step1/nominal//DYJetsToLL_M-50_HT-400to600_TuneCUETP8M1_13TeV-madgraphMLM-pythia8/DYJetsToLL_M-50_HT-400to600_TuneCUETP8M1_13TeV-madgraphMLM-pythia8_9.root
hadd Target file: DYJetsToLL_M-50_HT-400to600_TuneCUETP8M1_13TeV-madgraphMLM-pythia8_9JECup_hadd.root
hadd compression setting for all ouput: 1
hadd Source file 1: *JECup.root
cp DYJetsToLL_M-50_HT-400to600_TuneCUETP8M1_13TeV-madgraphMLM-pythia8_9JECup_hadd.root /mnt/hadoop/store/group/bruxljm/FWLJMET102X_1lep2016_4t_09252020_step1/JECup//DYJetsToLL_M-50_HT-400to600_TuneCUETP8M1_13TeV-madgraphMLM-pythia8/DYJetsToLL_M-50_HT-400to600_TuneCUETP8M1_13TeV-madgraphMLM-pythia8_9.root
hadd Target file: DYJetsToLL_M-50_HT-400to600_TuneCUETP8M1_13TeV-madgraphMLM-pythia8_9JECdown_hadd.root
hadd compression setting for all ouput: 1
hadd Source file 1: *JECdown.root
cp DYJetsToLL_M-50_HT-400to600_TuneCUETP8M1_13TeV-madgraphMLM-pythia8_9JECdown_hadd.root /mnt/hadoop/store/group/bruxljm/FWLJMET102X_1lep2016_4t_09252020_step1/JECdown//DYJetsToLL_M-50_HT-400to600_TuneCUETP8M1_13TeV-madgraphMLM-pythia8/DYJetsToLL_M-50_HT-400to600_TuneCUETP8M1_13TeV-madgraphMLM-pythia8_9.root
hadd Target file: DYJetsToLL_M-50_HT-400to600_TuneCUETP8M1_13TeV-madgraphMLM-pythia8_9JERup_hadd.root
hadd compression setting for all ouput: 1
hadd Source file 1: *JERup.root
cp DYJetsToLL_M-50_HT-400to600_TuneCUETP8M1_13TeV-madgraphMLM-pythia8_9JERup_hadd.root /mnt/hadoop/store/group/bruxljm/FWLJMET102X_1lep2016_4t_09252020_step1/JERup//DYJetsToLL_M-50_HT-400to600_TuneCUETP8M1_13TeV-madgraphMLM-pythia8/DYJetsToLL_M-50_HT-400to600_TuneCUETP8M1_13TeV-madgraphMLM-pythia8_9.root
hadd Target file: DYJetsToLL_M-50_HT-400to600_TuneCUETP8M1_13TeV-madgraphMLM-pythia8_9JERdown_hadd.root
hadd compression setting for all ouput: 1
hadd Source file 1: *JERdown.root
cp DYJetsToLL_M-50_HT-400to600_TuneCUETP8M1_13TeV-madgraphMLM-pythia8_9JERdown_hadd.root /mnt/hadoop/store/group/bruxljm/FWLJMET102X_1lep2016_4t_09252020_step1/JERdown//DYJetsToLL_M-50_HT-400to600_TuneCUETP8M1_13TeV-madgraphMLM-pythia8/DYJetsToLL_M-50_HT-400to600_TuneCUETP8M1_13TeV-madgraphMLM-pythia8_9.root
done
