000 (642095.000.000) 09/25 19:57:11 Job submitted from host: <172.20.3.198:9618?addrs=172.20.3.198-9618&noUDP&sock=160905_0664_3>
...
001 (642095.000.000) 09/25 19:57:19 Job executing on host: <172.20.201.34:9618?addrs=172.20.201.34-9618+[--1]-9618&noUDP&sock=3059_cc4c_50>
...
006 (642095.000.000) 09/25 19:57:29 Image size of job updated: 12052
	12  -  MemoryUsage of job (MB)
	12052  -  ResidentSetSize of job (KB)
...
006 (642095.000.000) 09/25 20:02:29 Image size of job updated: 153936
	148  -  MemoryUsage of job (MB)
	151536  -  ResidentSetSize of job (KB)
...
006 (642095.000.000) 09/25 20:04:21 Image size of job updated: 153936
	149  -  MemoryUsage of job (MB)
	152112  -  ResidentSetSize of job (KB)
...
005 (642095.000.000) 09/25 20:04:42 Job terminated.
	(1) Normal termination (return value 0)
		Usr 0 00:02:15, Sys 0 00:00:22  -  Run Remote Usage
		Usr 0 00:00:00, Sys 0 00:00:00  -  Run Local Usage
		Usr 0 00:02:15, Sys 0 00:00:22  -  Total Remote Usage
		Usr 0 00:00:00, Sys 0 00:00:00  -  Total Local Usage
	773374  -  Run Bytes Sent By Job
	717111  -  Run Bytes Received By Job
	773374  -  Total Bytes Sent By Job
	717111  -  Total Bytes Received By Job
	Partitionable Resources :    Usage  Request  Allocated
	   Cpus                 :                 1          1
	   Disk (KB)            :     1957      750 3024293088
	   Memory (MB)          :      149        1       4025
...
