000 (642112.000.000) 09/25 19:57:25 Job submitted from host: <172.20.3.198:9618?addrs=172.20.3.198-9618&noUDP&sock=160905_0664_3>
...
001 (642112.000.000) 09/25 19:57:41 Job executing on host: <172.20.201.38:9618?addrs=172.20.201.38-9618+[--1]-9618&noUDP&sock=3135_ed7e_48>
...
006 (642112.000.000) 09/25 19:57:51 Image size of job updated: 11876
	12  -  MemoryUsage of job (MB)
	11876  -  ResidentSetSize of job (KB)
...
006 (642112.000.000) 09/25 20:02:50 Image size of job updated: 180092
	176  -  MemoryUsage of job (MB)
	179580  -  ResidentSetSize of job (KB)
...
005 (642112.000.000) 09/25 20:04:44 Job terminated.
	(1) Normal termination (return value 0)
		Usr 0 00:02:15, Sys 0 00:00:21  -  Run Remote Usage
		Usr 0 00:00:00, Sys 0 00:00:00  -  Run Local Usage
		Usr 0 00:02:15, Sys 0 00:00:21  -  Total Remote Usage
		Usr 0 00:00:00, Sys 0 00:00:00  -  Total Local Usage
	773266  -  Run Bytes Sent By Job
	717111  -  Run Bytes Received By Job
	773266  -  Total Bytes Sent By Job
	717111  -  Total Bytes Received By Job
	Partitionable Resources :    Usage  Request  Allocated
	   Cpus                 :                 1          1
	   Disk (KB)            :     1957      750 3032437312
	   Memory (MB)          :      176        1       4025
...
