000 (642113.000.000) 09/25 19:57:26 Job submitted from host: <172.20.3.198:9618?addrs=172.20.3.198-9618&noUDP&sock=160905_0664_3>
...
001 (642113.000.000) 09/25 19:57:52 Job executing on host: <172.20.201.38:9618?addrs=172.20.201.38-9618+[--1]-9618&noUDP&sock=3135_ed7e_48>
...
006 (642113.000.000) 09/25 19:58:02 Image size of job updated: 12048
	12  -  MemoryUsage of job (MB)
	12048  -  ResidentSetSize of job (KB)
...
006 (642113.000.000) 09/25 20:03:02 Image size of job updated: 75152
	73  -  MemoryUsage of job (MB)
	74368  -  ResidentSetSize of job (KB)
...
006 (642113.000.000) 09/25 20:04:16 Image size of job updated: 295620
	75  -  MemoryUsage of job (MB)
	76416  -  ResidentSetSize of job (KB)
...
005 (642113.000.000) 09/25 20:04:37 Job terminated.
	(1) Normal termination (return value 0)
		Usr 0 00:02:13, Sys 0 00:00:20  -  Run Remote Usage
		Usr 0 00:00:00, Sys 0 00:00:00  -  Run Local Usage
		Usr 0 00:02:13, Sys 0 00:00:20  -  Total Remote Usage
		Usr 0 00:00:00, Sys 0 00:00:00  -  Total Local Usage
	773252  -  Run Bytes Sent By Job
	717111  -  Run Bytes Received By Job
	773252  -  Total Bytes Sent By Job
	717111  -  Total Bytes Received By Job
	Partitionable Resources :    Usage  Request  Allocated
	   Cpus                 :                 1          1
	   Disk (KB)            :     1957      750 3032437312
	   Memory (MB)          :       75        1       4025
...
