000 (642119.000.000) 09/25 19:57:32 Job submitted from host: <172.20.3.198:9618?addrs=172.20.3.198-9618&noUDP&sock=160905_0664_3>
...
001 (642119.000.000) 09/25 19:57:41 Job executing on host: <172.20.201.38:9618?addrs=172.20.201.38-9618+[--1]-9618&noUDP&sock=3135_ed7e_48>
...
006 (642119.000.000) 09/25 19:57:51 Image size of job updated: 12048
	12  -  MemoryUsage of job (MB)
	12048  -  ResidentSetSize of job (KB)
...
006 (642119.000.000) 09/25 20:02:51 Image size of job updated: 43824
	40  -  MemoryUsage of job (MB)
	40080  -  ResidentSetSize of job (KB)
...
006 (642119.000.000) 09/25 20:04:22 Image size of job updated: 365300
	40  -  MemoryUsage of job (MB)
	40080  -  ResidentSetSize of job (KB)
...
005 (642119.000.000) 09/25 20:04:44 Job terminated.
	(1) Normal termination (return value 0)
		Usr 0 00:01:56, Sys 0 00:00:19  -  Run Remote Usage
		Usr 0 00:00:00, Sys 0 00:00:00  -  Run Local Usage
		Usr 0 00:01:56, Sys 0 00:00:19  -  Total Remote Usage
		Usr 0 00:00:00, Sys 0 00:00:00  -  Total Local Usage
	764164  -  Run Bytes Sent By Job
	717111  -  Run Bytes Received By Job
	764164  -  Total Bytes Sent By Job
	717111  -  Total Bytes Received By Job
	Partitionable Resources :    Usage  Request  Allocated
	   Cpus                 :                 1          1
	   Disk (KB)            :     1948      750 3032437312
	   Memory (MB)          :       40        1       4025
...
