000 (642100.000.000) 09/25 19:57:15 Job submitted from host: <172.20.3.198:9618?addrs=172.20.3.198-9618&noUDP&sock=160905_0664_3>
...
001 (642100.000.000) 09/25 19:57:38 Job executing on host: <172.20.201.34:9618?addrs=172.20.201.34-9618+[--1]-9618&noUDP&sock=3059_cc4c_50>
...
006 (642100.000.000) 09/25 19:57:47 Image size of job updated: 12040
	12  -  MemoryUsage of job (MB)
	12040  -  ResidentSetSize of job (KB)
...
006 (642100.000.000) 09/25 20:02:48 Image size of job updated: 187336
	181  -  MemoryUsage of job (MB)
	184652  -  ResidentSetSize of job (KB)
...
006 (642100.000.000) 09/25 20:03:41 Image size of job updated: 187336
	181  -  MemoryUsage of job (MB)
	184948  -  ResidentSetSize of job (KB)
...
005 (642100.000.000) 09/25 20:03:41 Job terminated.
	(1) Normal termination (return value 0)
		Usr 0 00:02:15, Sys 0 00:00:21  -  Run Remote Usage
		Usr 0 00:00:00, Sys 0 00:00:00  -  Run Local Usage
		Usr 0 00:02:15, Sys 0 00:00:21  -  Total Remote Usage
		Usr 0 00:00:00, Sys 0 00:00:00  -  Total Local Usage
	773381  -  Run Bytes Sent By Job
	717111  -  Run Bytes Received By Job
	773381  -  Total Bytes Sent By Job
	717111  -  Total Bytes Received By Job
	Partitionable Resources :    Usage  Request  Allocated
	   Cpus                 :                 1          1
	   Disk (KB)            :     1957      750 3024293120
	   Memory (MB)          :      181        1       4025
...
