000 (642068.000.000) 09/25 19:56:44 Job submitted from host: <172.20.3.198:9618?addrs=172.20.3.198-9618&noUDP&sock=160905_0664_3>
...
001 (642068.000.000) 09/25 19:57:01 Job executing on host: <172.20.201.39:9618?addrs=172.20.201.39-9618+[--1]-9618&noUDP&sock=32559_5826_40>
...
006 (642068.000.000) 09/25 19:57:09 Image size of job updated: 12052
	12  -  MemoryUsage of job (MB)
	12052  -  ResidentSetSize of job (KB)
...
006 (642068.000.000) 09/25 20:02:10 Image size of job updated: 37764
	34  -  MemoryUsage of job (MB)
	34632  -  ResidentSetSize of job (KB)
...
005 (642068.000.000) 09/25 20:02:30 Job terminated.
	(1) Normal termination (return value 0)
		Usr 0 00:02:17, Sys 0 00:00:21  -  Run Remote Usage
		Usr 0 00:00:00, Sys 0 00:00:00  -  Run Local Usage
		Usr 0 00:02:17, Sys 0 00:00:21  -  Total Remote Usage
		Usr 0 00:00:00, Sys 0 00:00:00  -  Total Local Usage
	773296  -  Run Bytes Sent By Job
	717111  -  Run Bytes Received By Job
	773296  -  Total Bytes Sent By Job
	717111  -  Total Bytes Received By Job
	Partitionable Resources :    Usage  Request  Allocated
	   Cpus                 :                 1          1
	   Disk (KB)            :     1957      750 1726089024
	   Memory (MB)          :       34        1       4025
...
