WARNING: In non-interactive mode release checks e.g. deprecated releases, production architectures are disabled.
Info in <TUnixSystem::ACLiC>: creating shared library /isilon/condor/node539.hep.brown.edu/execute/dir_23855/./HardcodedConditions_cc.so
In file included from input_line_12:9:
././HardcodedConditions.cc:3513:1: warning: control may reach end of non-void function [-Wreturn-type]
}
^
Info in <TUnixSystem::ACLiC>: creating shared library /isilon/condor/node539.hep.brown.edu/execute/dir_23855/./step1_cc.so
In file included from input_line_10:1:
In file included from /isilon/condor/node539.hep.brown.edu/execute/dir_23855/makeStep1.C:2:
/isilon/condor/node539.hep.brown.edu/execute/dir_23855/HardcodedConditions.cc:3513:1: warning: control may reach end of non-void function [-Wreturn-type]
}
^
Error in <TNetXNGFile::Open>: [ERROR] Server responded with an error: [3011] Unable to open file /isilon/hadoop/store/group/bruxljm/FWLJMET102X_1lep2016_Feb2020/DYJetsToLL_M-50_HT-200to400_TuneCUETP8M1_13TeV-madgraphMLM-pythia8/singleLep2016/200326_014432/0000/DYJetsToLL_M-50_HT-200to400_TuneCUETP8M1_13TeV-madgraphMLM-pythia8-ext1_123.root; No such file or directory

In file included from input_line_10:1:
In file included from /isilon/condor/node539.hep.brown.edu/execute/dir_23855/makeStep1.C:2:
/isilon/condor/node539.hep.brown.edu/execute/dir_23855/HardcodedConditions.cc:3513:1: warning: control may reach end of non-void function [-Wreturn-type]
}
^
Error in <TNetXNGFile::Open>: [ERROR] Server responded with an error: [3011] Unable to open file /isilon/hadoop/store/group/bruxljm/FWLJMET102X_1lep2016_Feb2020/DYJetsToLL_M-50_HT-200to400_TuneCUETP8M1_13TeV-madgraphMLM-pythia8/singleLep2016/200326_014432/0000/DYJetsToLL_M-50_HT-200to400_TuneCUETP8M1_13TeV-madgraphMLM-pythia8-ext1_631.root; No such file or directory

In file included from input_line_10:1:
In file included from /isilon/condor/node539.hep.brown.edu/execute/dir_23855/makeStep1.C:2:
/isilon/condor/node539.hep.brown.edu/execute/dir_23855/HardcodedConditions.cc:3513:1: warning: control may reach end of non-void function [-Wreturn-type]
}
^
Error in <TNetXNGFile::Open>: [ERROR] Server responded with an error: [3011] Unable to open file /isilon/hadoop/store/group/bruxljm/FWLJMET102X_1lep2016_Feb2020/DYJetsToLL_M-50_HT-200to400_TuneCUETP8M1_13TeV-madgraphMLM-pythia8/singleLep2016/200326_014432/0000/DYJetsToLL_M-50_HT-200to400_TuneCUETP8M1_13TeV-madgraphMLM-pythia8-ext1_434.root; No such file or directory

In file included from input_line_10:1:
In file included from /isilon/condor/node539.hep.brown.edu/execute/dir_23855/makeStep1.C:2:
/isilon/condor/node539.hep.brown.edu/execute/dir_23855/HardcodedConditions.cc:3513:1: warning: control may reach end of non-void function [-Wreturn-type]
}
^
Error in <TNetXNGFile::Open>: [ERROR] Server responded with an error: [3011] Unable to open file /isilon/hadoop/store/group/bruxljm/FWLJMET102X_1lep2016_Feb2020/DYJetsToLL_M-50_HT-200to400_TuneCUETP8M1_13TeV-madgraphMLM-pythia8/singleLep2016/200326_014432/0000/DYJetsToLL_M-50_HT-200to400_TuneCUETP8M1_13TeV-madgraphMLM-pythia8-ext1_92.root; No such file or directory

In file included from input_line_10:1:
In file included from /isilon/condor/node539.hep.brown.edu/execute/dir_23855/makeStep1.C:2:
/isilon/condor/node539.hep.brown.edu/execute/dir_23855/HardcodedConditions.cc:3513:1: warning: control may reach end of non-void function [-Wreturn-type]
}
^
Error in <TNetXNGFile::Open>: [ERROR] Server responded with an error: [3011] Unable to open file /isilon/hadoop/store/group/bruxljm/FWLJMET102X_1lep2016_Feb2020/DYJetsToLL_M-50_HT-200to400_TuneCUETP8M1_13TeV-madgraphMLM-pythia8/singleLep2016/200326_014432/0000/DYJetsToLL_M-50_HT-200to400_TuneCUETP8M1_13TeV-madgraphMLM-pythia8-ext1_74.root; No such file or directory

In file included from input_line_10:1:
In file included from /isilon/condor/node539.hep.brown.edu/execute/dir_23855/makeStep1.C:2:
/isilon/condor/node539.hep.brown.edu/execute/dir_23855/HardcodedConditions.cc:3513:1: warning: control may reach end of non-void function [-Wreturn-type]
}
^
Error in <TNetXNGFile::Open>: [ERROR] Server responded with an error: [3011] Unable to open file /isilon/hadoop/store/group/bruxljm/FWLJMET102X_1lep2016_Feb2020/DYJetsToLL_M-50_HT-200to400_TuneCUETP8M1_13TeV-madgraphMLM-pythia8/singleLep2016/200326_014432/0000/DYJetsToLL_M-50_HT-200to400_TuneCUETP8M1_13TeV-madgraphMLM-pythia8-ext1_672.root; No such file or directory

In file included from input_line_10:1:
In file included from /isilon/condor/node539.hep.brown.edu/execute/dir_23855/makeStep1.C:2:
/isilon/condor/node539.hep.brown.edu/execute/dir_23855/HardcodedConditions.cc:3513:1: warning: control may reach end of non-void function [-Wreturn-type]
}
^
Error in <TNetXNGFile::Open>: [ERROR] Server responded with an error: [3011] Unable to open file /isilon/hadoop/store/group/bruxljm/FWLJMET102X_1lep2016_Feb2020/DYJetsToLL_M-50_HT-200to400_TuneCUETP8M1_13TeV-madgraphMLM-pythia8/singleLep2016/200326_014432/0000/DYJetsToLL_M-50_HT-200to400_TuneCUETP8M1_13TeV-madgraphMLM-pythia8-ext1_103.root; No such file or directory

In file included from input_line_10:1:
In file included from /isilon/condor/node539.hep.brown.edu/execute/dir_23855/makeStep1.C:2:
/isilon/condor/node539.hep.brown.edu/execute/dir_23855/HardcodedConditions.cc:3513:1: warning: control may reach end of non-void function [-Wreturn-type]
}
^
Error in <TNetXNGFile::Open>: [ERROR] Server responded with an error: [3011] Unable to open file /isilon/hadoop/store/group/bruxljm/FWLJMET102X_1lep2016_Feb2020/DYJetsToLL_M-50_HT-200to400_TuneCUETP8M1_13TeV-madgraphMLM-pythia8/singleLep2016/200326_014432/0000/DYJetsToLL_M-50_HT-200to400_TuneCUETP8M1_13TeV-madgraphMLM-pythia8-ext1_177.root; No such file or directory

In file included from input_line_10:1:
In file included from /isilon/condor/node539.hep.brown.edu/execute/dir_23855/makeStep1.C:2:
/isilon/condor/node539.hep.brown.edu/execute/dir_23855/HardcodedConditions.cc:3513:1: warning: control may reach end of non-void function [-Wreturn-type]
}
^
Error in <TNetXNGFile::Open>: [ERROR] Server responded with an error: [3011] Unable to open file /isilon/hadoop/store/group/bruxljm/FWLJMET102X_1lep2016_Feb2020/DYJetsToLL_M-50_HT-200to400_TuneCUETP8M1_13TeV-madgraphMLM-pythia8/singleLep2016/200326_014432/0000/DYJetsToLL_M-50_HT-200to400_TuneCUETP8M1_13TeV-madgraphMLM-pythia8-ext1_355.root; No such file or directory

In file included from input_line_10:1:
In file included from /isilon/condor/node539.hep.brown.edu/execute/dir_23855/makeStep1.C:2:
/isilon/condor/node539.hep.brown.edu/execute/dir_23855/HardcodedConditions.cc:3513:1: warning: control may reach end of non-void function [-Wreturn-type]
}
^
Error in <TNetXNGFile::Open>: [ERROR] Server responded with an error: [3011] Unable to open file /isilon/hadoop/store/group/bruxljm/FWLJMET102X_1lep2016_Feb2020/DYJetsToLL_M-50_HT-200to400_TuneCUETP8M1_13TeV-madgraphMLM-pythia8/singleLep2016/200326_014432/0000/DYJetsToLL_M-50_HT-200to400_TuneCUETP8M1_13TeV-madgraphMLM-pythia8-ext1_88.root; No such file or directory

In file included from input_line_10:1:
In file included from /isilon/condor/node539.hep.brown.edu/execute/dir_23855/makeStep1.C:2:
/isilon/condor/node539.hep.brown.edu/execute/dir_23855/HardcodedConditions.cc:3513:1: warning: control may reach end of non-void function [-Wreturn-type]
}
^
Error in <TNetXNGFile::Open>: [ERROR] Server responded with an error: [3011] Unable to open file /isilon/hadoop/store/group/bruxljm/FWLJMET102X_1lep2016_Feb2020/DYJetsToLL_M-50_HT-200to400_TuneCUETP8M1_13TeV-madgraphMLM-pythia8/singleLep2016/200326_014432/0000/DYJetsToLL_M-50_HT-200to400_TuneCUETP8M1_13TeV-madgraphMLM-pythia8-ext1_22.root; No such file or directory

In file included from input_line_10:1:
In file included from /isilon/condor/node539.hep.brown.edu/execute/dir_23855/makeStep1.C:2:
/isilon/condor/node539.hep.brown.edu/execute/dir_23855/HardcodedConditions.cc:3513:1: warning: control may reach end of non-void function [-Wreturn-type]
}
^
Error in <TNetXNGFile::Open>: [ERROR] Server responded with an error: [3011] Unable to open file /isilon/hadoop/store/group/bruxljm/FWLJMET102X_1lep2016_Feb2020/DYJetsToLL_M-50_HT-200to400_TuneCUETP8M1_13TeV-madgraphMLM-pythia8/singleLep2016/200326_014432/0000/DYJetsToLL_M-50_HT-200to400_TuneCUETP8M1_13TeV-madgraphMLM-pythia8-ext1_476.root; No such file or directory

In file included from input_line_10:1:
In file included from /isilon/condor/node539.hep.brown.edu/execute/dir_23855/makeStep1.C:2:
/isilon/condor/node539.hep.brown.edu/execute/dir_23855/HardcodedConditions.cc:3513:1: warning: control may reach end of non-void function [-Wreturn-type]
}
^
Error in <TNetXNGFile::Open>: [ERROR] Server responded with an error: [3011] Unable to open file /isilon/hadoop/store/group/bruxljm/FWLJMET102X_1lep2016_Feb2020/DYJetsToLL_M-50_HT-200to400_TuneCUETP8M1_13TeV-madgraphMLM-pythia8/singleLep2016/200326_014432/0000/DYJetsToLL_M-50_HT-200to400_TuneCUETP8M1_13TeV-madgraphMLM-pythia8-ext1_653.root; No such file or directory

In file included from input_line_10:1:
In file included from /isilon/condor/node539.hep.brown.edu/execute/dir_23855/makeStep1.C:2:
/isilon/condor/node539.hep.brown.edu/execute/dir_23855/HardcodedConditions.cc:3513:1: warning: control may reach end of non-void function [-Wreturn-type]
}
^
Error in <TNetXNGFile::Open>: [ERROR] Server responded with an error: [3011] Unable to open file /isilon/hadoop/store/group/bruxljm/FWLJMET102X_1lep2016_Feb2020/DYJetsToLL_M-50_HT-200to400_TuneCUETP8M1_13TeV-madgraphMLM-pythia8/singleLep2016/200326_014432/0000/DYJetsToLL_M-50_HT-200to400_TuneCUETP8M1_13TeV-madgraphMLM-pythia8-ext1_525.root; No such file or directory

In file included from input_line_10:1:
In file included from /isilon/condor/node539.hep.brown.edu/execute/dir_23855/makeStep1.C:2:
/isilon/condor/node539.hep.brown.edu/execute/dir_23855/HardcodedConditions.cc:3513:1: warning: control may reach end of non-void function [-Wreturn-type]
}
^
Error in <TNetXNGFile::Open>: [ERROR] Server responded with an error: [3011] Unable to open file /isilon/hadoop/store/group/bruxljm/FWLJMET102X_1lep2016_Feb2020/DYJetsToLL_M-50_HT-200to400_TuneCUETP8M1_13TeV-madgraphMLM-pythia8/singleLep2016/200326_014432/0000/DYJetsToLL_M-50_HT-200to400_TuneCUETP8M1_13TeV-madgraphMLM-pythia8-ext1_82.root; No such file or directory

In file included from input_line_10:1:
In file included from /isilon/condor/node539.hep.brown.edu/execute/dir_23855/makeStep1.C:2:
/isilon/condor/node539.hep.brown.edu/execute/dir_23855/HardcodedConditions.cc:3513:1: warning: control may reach end of non-void function [-Wreturn-type]
}
^
Error in <TNetXNGFile::Open>: [ERROR] Server responded with an error: [3011] Unable to open file /isilon/hadoop/store/group/bruxljm/FWLJMET102X_1lep2016_Feb2020/DYJetsToLL_M-50_HT-200to400_TuneCUETP8M1_13TeV-madgraphMLM-pythia8/singleLep2016/200326_014432/0000/DYJetsToLL_M-50_HT-200to400_TuneCUETP8M1_13TeV-madgraphMLM-pythia8-ext1_571.root; No such file or directory

In file included from input_line_10:1:
In file included from /isilon/condor/node539.hep.brown.edu/execute/dir_23855/makeStep1.C:2:
/isilon/condor/node539.hep.brown.edu/execute/dir_23855/HardcodedConditions.cc:3513:1: warning: control may reach end of non-void function [-Wreturn-type]
}
^
Error in <TNetXNGFile::Open>: [ERROR] Server responded with an error: [3011] Unable to open file /isilon/hadoop/store/group/bruxljm/FWLJMET102X_1lep2016_Feb2020/DYJetsToLL_M-50_HT-200to400_TuneCUETP8M1_13TeV-madgraphMLM-pythia8/singleLep2016/200326_014432/0000/DYJetsToLL_M-50_HT-200to400_TuneCUETP8M1_13TeV-madgraphMLM-pythia8-ext1_570.root; No such file or directory

In file included from input_line_10:1:
In file included from /isilon/condor/node539.hep.brown.edu/execute/dir_23855/makeStep1.C:2:
/isilon/condor/node539.hep.brown.edu/execute/dir_23855/HardcodedConditions.cc:3513:1: warning: control may reach end of non-void function [-Wreturn-type]
}
^
Error in <TNetXNGFile::Open>: [ERROR] Server responded with an error: [3011] Unable to open file /isilon/hadoop/store/group/bruxljm/FWLJMET102X_1lep2016_Feb2020/DYJetsToLL_M-50_HT-200to400_TuneCUETP8M1_13TeV-madgraphMLM-pythia8/singleLep2016/200326_014432/0000/DYJetsToLL_M-50_HT-200to400_TuneCUETP8M1_13TeV-madgraphMLM-pythia8-ext1_32.root; No such file or directory

In file included from input_line_10:1:
In file included from /isilon/condor/node539.hep.brown.edu/execute/dir_23855/makeStep1.C:2:
/isilon/condor/node539.hep.brown.edu/execute/dir_23855/HardcodedConditions.cc:3513:1: warning: control may reach end of non-void function [-Wreturn-type]
}
^
Error in <TNetXNGFile::Open>: [ERROR] Server responded with an error: [3011] Unable to open file /isilon/hadoop/store/group/bruxljm/FWLJMET102X_1lep2016_Feb2020/DYJetsToLL_M-50_HT-200to400_TuneCUETP8M1_13TeV-madgraphMLM-pythia8/singleLep2016/200326_014432/0000/DYJetsToLL_M-50_HT-200to400_TuneCUETP8M1_13TeV-madgraphMLM-pythia8-ext1_606.root; No such file or directory

In file included from input_line_10:1:
In file included from /isilon/condor/node539.hep.brown.edu/execute/dir_23855/makeStep1.C:2:
/isilon/condor/node539.hep.brown.edu/execute/dir_23855/HardcodedConditions.cc:3513:1: warning: control may reach end of non-void function [-Wreturn-type]
}
^
Error in <TNetXNGFile::Open>: [ERROR] Server responded with an error: [3011] Unable to open file /isilon/hadoop/store/group/bruxljm/FWLJMET102X_1lep2016_Feb2020/DYJetsToLL_M-50_HT-200to400_TuneCUETP8M1_13TeV-madgraphMLM-pythia8/singleLep2016/200326_014432/0000/DYJetsToLL_M-50_HT-200to400_TuneCUETP8M1_13TeV-madgraphMLM-pythia8-ext1_478.root; No such file or directory

In file included from input_line_10:1:
In file included from /isilon/condor/node539.hep.brown.edu/execute/dir_23855/makeStep1.C:2:
/isilon/condor/node539.hep.brown.edu/execute/dir_23855/HardcodedConditions.cc:3513:1: warning: control may reach end of non-void function [-Wreturn-type]
}
^
Error in <TNetXNGFile::Open>: [ERROR] Server responded with an error: [3011] Unable to open file /isilon/hadoop/store/group/bruxljm/FWLJMET102X_1lep2016_Feb2020/DYJetsToLL_M-50_HT-200to400_TuneCUETP8M1_13TeV-madgraphMLM-pythia8/singleLep2016/200326_014432/0000/DYJetsToLL_M-50_HT-200to400_TuneCUETP8M1_13TeV-madgraphMLM-pythia8-ext1_199.root; No such file or directory

In file included from input_line_10:1:
In file included from /isilon/condor/node539.hep.brown.edu/execute/dir_23855/makeStep1.C:2:
/isilon/condor/node539.hep.brown.edu/execute/dir_23855/HardcodedConditions.cc:3513:1: warning: control may reach end of non-void function [-Wreturn-type]
}
^
Error in <TNetXNGFile::Open>: [ERROR] Server responded with an error: [3011] Unable to open file /isilon/hadoop/store/group/bruxljm/FWLJMET102X_1lep2016_Feb2020/DYJetsToLL_M-50_HT-200to400_TuneCUETP8M1_13TeV-madgraphMLM-pythia8/singleLep2016/200326_014432/0000/DYJetsToLL_M-50_HT-200to400_TuneCUETP8M1_13TeV-madgraphMLM-pythia8-ext1_654.root; No such file or directory

In file included from input_line_10:1:
In file included from /isilon/condor/node539.hep.brown.edu/execute/dir_23855/makeStep1.C:2:
/isilon/condor/node539.hep.brown.edu/execute/dir_23855/HardcodedConditions.cc:3513:1: warning: control may reach end of non-void function [-Wreturn-type]
}
^
Error in <TNetXNGFile::Open>: [ERROR] Server responded with an error: [3011] Unable to open file /isilon/hadoop/store/group/bruxljm/FWLJMET102X_1lep2016_Feb2020/DYJetsToLL_M-50_HT-200to400_TuneCUETP8M1_13TeV-madgraphMLM-pythia8/singleLep2016/200326_014432/0000/DYJetsToLL_M-50_HT-200to400_TuneCUETP8M1_13TeV-madgraphMLM-pythia8-ext1_302.root; No such file or directory

In file included from input_line_10:1:
In file included from /isilon/condor/node539.hep.brown.edu/execute/dir_23855/makeStep1.C:2:
/isilon/condor/node539.hep.brown.edu/execute/dir_23855/HardcodedConditions.cc:3513:1: warning: control may reach end of non-void function [-Wreturn-type]
}
^
Error in <TNetXNGFile::Open>: [ERROR] Server responded with an error: [3011] Unable to open file /isilon/hadoop/store/group/bruxljm/FWLJMET102X_1lep2016_Feb2020/DYJetsToLL_M-50_HT-200to400_TuneCUETP8M1_13TeV-madgraphMLM-pythia8/singleLep2016/200326_014432/0000/DYJetsToLL_M-50_HT-200to400_TuneCUETP8M1_13TeV-madgraphMLM-pythia8-ext1_594.root; No such file or directory

In file included from input_line_10:1:
In file included from /isilon/condor/node539.hep.brown.edu/execute/dir_23855/makeStep1.C:2:
/isilon/condor/node539.hep.brown.edu/execute/dir_23855/HardcodedConditions.cc:3513:1: warning: control may reach end of non-void function [-Wreturn-type]
}
^
Error in <TNetXNGFile::Open>: [ERROR] Server responded with an error: [3011] Unable to open file /isilon/hadoop/store/group/bruxljm/FWLJMET102X_1lep2016_Feb2020/DYJetsToLL_M-50_HT-200to400_TuneCUETP8M1_13TeV-madgraphMLM-pythia8/singleLep2016/200326_014432/0000/DYJetsToLL_M-50_HT-200to400_TuneCUETP8M1_13TeV-madgraphMLM-pythia8-ext1_183.root; No such file or directory

In file included from input_line_10:1:
In file included from /isilon/condor/node539.hep.brown.edu/execute/dir_23855/makeStep1.C:2:
/isilon/condor/node539.hep.brown.edu/execute/dir_23855/HardcodedConditions.cc:3513:1: warning: control may reach end of non-void function [-Wreturn-type]
}
^
Error in <TNetXNGFile::Open>: [ERROR] Server responded with an error: [3011] Unable to open file /isilon/hadoop/store/group/bruxljm/FWLJMET102X_1lep2016_Feb2020/DYJetsToLL_M-50_HT-200to400_TuneCUETP8M1_13TeV-madgraphMLM-pythia8/singleLep2016/200326_014432/0000/DYJetsToLL_M-50_HT-200to400_TuneCUETP8M1_13TeV-madgraphMLM-pythia8-ext1_245.root; No such file or directory

In file included from input_line_10:1:
In file included from /isilon/condor/node539.hep.brown.edu/execute/dir_23855/makeStep1.C:2:
/isilon/condor/node539.hep.brown.edu/execute/dir_23855/HardcodedConditions.cc:3513:1: warning: control may reach end of non-void function [-Wreturn-type]
}
^
Error in <TNetXNGFile::Open>: [ERROR] Server responded with an error: [3011] Unable to open file /isilon/hadoop/store/group/bruxljm/FWLJMET102X_1lep2016_Feb2020/DYJetsToLL_M-50_HT-200to400_TuneCUETP8M1_13TeV-madgraphMLM-pythia8/singleLep2016/200326_014432/0000/DYJetsToLL_M-50_HT-200to400_TuneCUETP8M1_13TeV-madgraphMLM-pythia8-ext1_121.root; No such file or directory

In file included from input_line_10:1:
In file included from /isilon/condor/node539.hep.brown.edu/execute/dir_23855/makeStep1.C:2:
/isilon/condor/node539.hep.brown.edu/execute/dir_23855/HardcodedConditions.cc:3513:1: warning: control may reach end of non-void function [-Wreturn-type]
}
^
Error in <TNetXNGFile::Open>: [ERROR] Server responded with an error: [3011] Unable to open file /isilon/hadoop/store/group/bruxljm/FWLJMET102X_1lep2016_Feb2020/DYJetsToLL_M-50_HT-200to400_TuneCUETP8M1_13TeV-madgraphMLM-pythia8/singleLep2016/200326_014432/0000/DYJetsToLL_M-50_HT-200to400_TuneCUETP8M1_13TeV-madgraphMLM-pythia8-ext1_105.root; No such file or directory

In file included from input_line_10:1:
In file included from /isilon/condor/node539.hep.brown.edu/execute/dir_23855/makeStep1.C:2:
/isilon/condor/node539.hep.brown.edu/execute/dir_23855/HardcodedConditions.cc:3513:1: warning: control may reach end of non-void function [-Wreturn-type]
}
^
Error in <TNetXNGFile::Open>: [ERROR] Server responded with an error: [3011] Unable to open file /isilon/hadoop/store/group/bruxljm/FWLJMET102X_1lep2016_Feb2020/DYJetsToLL_M-50_HT-200to400_TuneCUETP8M1_13TeV-madgraphMLM-pythia8/singleLep2016/200326_014432/0000/DYJetsToLL_M-50_HT-200to400_TuneCUETP8M1_13TeV-madgraphMLM-pythia8-ext1_13.root; No such file or directory

In file included from input_line_10:1:
In file included from /isilon/condor/node539.hep.brown.edu/execute/dir_23855/makeStep1.C:2:
/isilon/condor/node539.hep.brown.edu/execute/dir_23855/HardcodedConditions.cc:3513:1: warning: control may reach end of non-void function [-Wreturn-type]
}
^
Error in <TNetXNGFile::Open>: [ERROR] Server responded with an error: [3011] Unable to open file /isilon/hadoop/store/group/bruxljm/FWLJMET102X_1lep2016_Feb2020/DYJetsToLL_M-50_HT-200to400_TuneCUETP8M1_13TeV-madgraphMLM-pythia8/singleLep2016/200326_014432/0000/DYJetsToLL_M-50_HT-200to400_TuneCUETP8M1_13TeV-madgraphMLM-pythia8-ext1_196.root; No such file or directory

ls: cannot access *.root: No such file or directory
Error in <TFile::TFile>: file *nominal.root does not exist
Error in <TFileMerger::AddFile>: cannot open file *nominal.root
hadd exiting due to error in *nominal.root
rm: cannot remove '*nominal.root': No such file or directory
Error in <TFile::TFile>: file *JECup.root does not exist
Error in <TFileMerger::AddFile>: cannot open file *JECup.root
hadd exiting due to error in *JECup.root
rm: cannot remove '*JECup.root': No such file or directory
Error in <TFile::TFile>: file *JECdown.root does not exist
Error in <TFileMerger::AddFile>: cannot open file *JECdown.root
hadd exiting due to error in *JECdown.root
rm: cannot remove '*JECdown.root': No such file or directory
Error in <TFile::TFile>: file *JERup.root does not exist
Error in <TFileMerger::AddFile>: cannot open file *JERup.root
hadd exiting due to error in *JERup.root
rm: cannot remove '*JERup.root': No such file or directory
Error in <TFile::TFile>: file *JERdown.root does not exist
Error in <TFileMerger::AddFile>: cannot open file *JERdown.root
hadd exiting due to error in *JERdown.root
rm: cannot remove '*JERdown.root': No such file or directory
