WARNING: In non-interactive mode release checks e.g. deprecated releases, production architectures are disabled.
Info in <TUnixSystem::ACLiC>: creating shared library /isilon/condor/node539.hep.brown.edu/execute/dir_23853/./HardcodedConditions_cc.so
In file included from input_line_12:9:
././HardcodedConditions.cc:3513:1: warning: control may reach end of non-void function [-Wreturn-type]
}
^
Info in <TUnixSystem::ACLiC>: creating shared library /isilon/condor/node539.hep.brown.edu/execute/dir_23853/./step1_cc.so
In file included from input_line_10:1:
In file included from /isilon/condor/node539.hep.brown.edu/execute/dir_23853/makeStep1.C:2:
/isilon/condor/node539.hep.brown.edu/execute/dir_23853/HardcodedConditions.cc:3513:1: warning: control may reach end of non-void function [-Wreturn-type]
}
^
Error in <TNetXNGFile::Open>: [ERROR] Server responded with an error: [3011] Unable to open file /isilon/hadoop/store/group/bruxljm/FWLJMET102X_1lep2016_Feb2020/DYJetsToLL_M-50_HT-200to400_TuneCUETP8M1_13TeV-madgraphMLM-pythia8/singleLep2016/200326_014432/0000/DYJetsToLL_M-50_HT-200to400_TuneCUETP8M1_13TeV-madgraphMLM-pythia8-ext1_422.root; No such file or directory

In file included from input_line_10:1:
In file included from /isilon/condor/node539.hep.brown.edu/execute/dir_23853/makeStep1.C:2:
/isilon/condor/node539.hep.brown.edu/execute/dir_23853/HardcodedConditions.cc:3513:1: warning: control may reach end of non-void function [-Wreturn-type]
}
^
Error in <TNetXNGFile::Open>: [ERROR] Server responded with an error: [3011] Unable to open file /isilon/hadoop/store/group/bruxljm/FWLJMET102X_1lep2016_Feb2020/DYJetsToLL_M-50_HT-200to400_TuneCUETP8M1_13TeV-madgraphMLM-pythia8/singleLep2016/200326_014432/0000/DYJetsToLL_M-50_HT-200to400_TuneCUETP8M1_13TeV-madgraphMLM-pythia8-ext1_443.root; No such file or directory

In file included from input_line_10:1:
In file included from /isilon/condor/node539.hep.brown.edu/execute/dir_23853/makeStep1.C:2:
/isilon/condor/node539.hep.brown.edu/execute/dir_23853/HardcodedConditions.cc:3513:1: warning: control may reach end of non-void function [-Wreturn-type]
}
^
Error in <TNetXNGFile::Open>: [ERROR] Server responded with an error: [3011] Unable to open file /isilon/hadoop/store/group/bruxljm/FWLJMET102X_1lep2016_Feb2020/DYJetsToLL_M-50_HT-200to400_TuneCUETP8M1_13TeV-madgraphMLM-pythia8/singleLep2016/200326_014432/0000/DYJetsToLL_M-50_HT-200to400_TuneCUETP8M1_13TeV-madgraphMLM-pythia8-ext1_484.root; No such file or directory

In file included from input_line_10:1:
In file included from /isilon/condor/node539.hep.brown.edu/execute/dir_23853/makeStep1.C:2:
/isilon/condor/node539.hep.brown.edu/execute/dir_23853/HardcodedConditions.cc:3513:1: warning: control may reach end of non-void function [-Wreturn-type]
}
^
Error in <TNetXNGFile::Open>: [ERROR] Server responded with an error: [3011] Unable to open file /isilon/hadoop/store/group/bruxljm/FWLJMET102X_1lep2016_Feb2020/DYJetsToLL_M-50_HT-200to400_TuneCUETP8M1_13TeV-madgraphMLM-pythia8/singleLep2016/200326_014432/0000/DYJetsToLL_M-50_HT-200to400_TuneCUETP8M1_13TeV-madgraphMLM-pythia8-ext1_647.root; No such file or directory

In file included from input_line_10:1:
In file included from /isilon/condor/node539.hep.brown.edu/execute/dir_23853/makeStep1.C:2:
/isilon/condor/node539.hep.brown.edu/execute/dir_23853/HardcodedConditions.cc:3513:1: warning: control may reach end of non-void function [-Wreturn-type]
}
^
Error in <TNetXNGFile::Open>: [ERROR] Server responded with an error: [3011] Unable to open file /isilon/hadoop/store/group/bruxljm/FWLJMET102X_1lep2016_Feb2020/DYJetsToLL_M-50_HT-200to400_TuneCUETP8M1_13TeV-madgraphMLM-pythia8/singleLep2016/200326_014432/0000/DYJetsToLL_M-50_HT-200to400_TuneCUETP8M1_13TeV-madgraphMLM-pythia8-ext1_649.root; No such file or directory

In file included from input_line_10:1:
In file included from /isilon/condor/node539.hep.brown.edu/execute/dir_23853/makeStep1.C:2:
/isilon/condor/node539.hep.brown.edu/execute/dir_23853/HardcodedConditions.cc:3513:1: warning: control may reach end of non-void function [-Wreturn-type]
}
^
Error in <TNetXNGFile::Open>: [ERROR] Server responded with an error: [3011] Unable to open file /isilon/hadoop/store/group/bruxljm/FWLJMET102X_1lep2016_Feb2020/DYJetsToLL_M-50_HT-200to400_TuneCUETP8M1_13TeV-madgraphMLM-pythia8/singleLep2016/200326_014432/0000/DYJetsToLL_M-50_HT-200to400_TuneCUETP8M1_13TeV-madgraphMLM-pythia8-ext1_490.root; No such file or directory

In file included from input_line_10:1:
In file included from /isilon/condor/node539.hep.brown.edu/execute/dir_23853/makeStep1.C:2:
/isilon/condor/node539.hep.brown.edu/execute/dir_23853/HardcodedConditions.cc:3513:1: warning: control may reach end of non-void function [-Wreturn-type]
}
^
Error in <TNetXNGFile::Open>: [ERROR] Server responded with an error: [3011] Unable to open file /isilon/hadoop/store/group/bruxljm/FWLJMET102X_1lep2016_Feb2020/DYJetsToLL_M-50_HT-200to400_TuneCUETP8M1_13TeV-madgraphMLM-pythia8/singleLep2016/200326_014432/0000/DYJetsToLL_M-50_HT-200to400_TuneCUETP8M1_13TeV-madgraphMLM-pythia8-ext1_609.root; No such file or directory

In file included from input_line_10:1:
In file included from /isilon/condor/node539.hep.brown.edu/execute/dir_23853/makeStep1.C:2:
/isilon/condor/node539.hep.brown.edu/execute/dir_23853/HardcodedConditions.cc:3513:1: warning: control may reach end of non-void function [-Wreturn-type]
}
^
Error in <TNetXNGFile::Open>: [ERROR] Server responded with an error: [3011] Unable to open file /isilon/hadoop/store/group/bruxljm/FWLJMET102X_1lep2016_Feb2020/DYJetsToLL_M-50_HT-200to400_TuneCUETP8M1_13TeV-madgraphMLM-pythia8/singleLep2016/200326_014432/0000/DYJetsToLL_M-50_HT-200to400_TuneCUETP8M1_13TeV-madgraphMLM-pythia8-ext1_442.root; No such file or directory

In file included from input_line_10:1:
In file included from /isilon/condor/node539.hep.brown.edu/execute/dir_23853/makeStep1.C:2:
/isilon/condor/node539.hep.brown.edu/execute/dir_23853/HardcodedConditions.cc:3513:1: warning: control may reach end of non-void function [-Wreturn-type]
}
^
Error in <TNetXNGFile::Open>: [ERROR] Server responded with an error: [3011] Unable to open file /isilon/hadoop/store/group/bruxljm/FWLJMET102X_1lep2016_Feb2020/DYJetsToLL_M-50_HT-200to400_TuneCUETP8M1_13TeV-madgraphMLM-pythia8/singleLep2016/200326_014432/0000/DYJetsToLL_M-50_HT-200to400_TuneCUETP8M1_13TeV-madgraphMLM-pythia8-ext1_89.root; No such file or directory

In file included from input_line_10:1:
In file included from /isilon/condor/node539.hep.brown.edu/execute/dir_23853/makeStep1.C:2:
/isilon/condor/node539.hep.brown.edu/execute/dir_23853/HardcodedConditions.cc:3513:1: warning: control may reach end of non-void function [-Wreturn-type]
}
^
Error in <TNetXNGFile::Open>: [ERROR] Server responded with an error: [3011] Unable to open file /isilon/hadoop/store/group/bruxljm/FWLJMET102X_1lep2016_Feb2020/DYJetsToLL_M-50_HT-200to400_TuneCUETP8M1_13TeV-madgraphMLM-pythia8/singleLep2016/200326_014432/0000/DYJetsToLL_M-50_HT-200to400_TuneCUETP8M1_13TeV-madgraphMLM-pythia8-ext1_651.root; No such file or directory

In file included from input_line_10:1:
In file included from /isilon/condor/node539.hep.brown.edu/execute/dir_23853/makeStep1.C:2:
/isilon/condor/node539.hep.brown.edu/execute/dir_23853/HardcodedConditions.cc:3513:1: warning: control may reach end of non-void function [-Wreturn-type]
}
^
Error in <TNetXNGFile::Open>: [ERROR] Server responded with an error: [3011] Unable to open file /isilon/hadoop/store/group/bruxljm/FWLJMET102X_1lep2016_Feb2020/DYJetsToLL_M-50_HT-200to400_TuneCUETP8M1_13TeV-madgraphMLM-pythia8/singleLep2016/200326_014432/0000/DYJetsToLL_M-50_HT-200to400_TuneCUETP8M1_13TeV-madgraphMLM-pythia8-ext1_522.root; No such file or directory

In file included from input_line_10:1:
In file included from /isilon/condor/node539.hep.brown.edu/execute/dir_23853/makeStep1.C:2:
/isilon/condor/node539.hep.brown.edu/execute/dir_23853/HardcodedConditions.cc:3513:1: warning: control may reach end of non-void function [-Wreturn-type]
}
^
Error in <TNetXNGFile::Open>: [ERROR] Server responded with an error: [3011] Unable to open file /isilon/hadoop/store/group/bruxljm/FWLJMET102X_1lep2016_Feb2020/DYJetsToLL_M-50_HT-200to400_TuneCUETP8M1_13TeV-madgraphMLM-pythia8/singleLep2016/200326_014432/0000/DYJetsToLL_M-50_HT-200to400_TuneCUETP8M1_13TeV-madgraphMLM-pythia8-ext1_31.root; No such file or directory

In file included from input_line_10:1:
In file included from /isilon/condor/node539.hep.brown.edu/execute/dir_23853/makeStep1.C:2:
/isilon/condor/node539.hep.brown.edu/execute/dir_23853/HardcodedConditions.cc:3513:1: warning: control may reach end of non-void function [-Wreturn-type]
}
^
Error in <TNetXNGFile::Open>: [ERROR] Server responded with an error: [3011] Unable to open file /isilon/hadoop/store/group/bruxljm/FWLJMET102X_1lep2016_Feb2020/DYJetsToLL_M-50_HT-200to400_TuneCUETP8M1_13TeV-madgraphMLM-pythia8/singleLep2016/200326_014432/0000/DYJetsToLL_M-50_HT-200to400_TuneCUETP8M1_13TeV-madgraphMLM-pythia8-ext1_99.root; No such file or directory

In file included from input_line_10:1:
In file included from /isilon/condor/node539.hep.brown.edu/execute/dir_23853/makeStep1.C:2:
/isilon/condor/node539.hep.brown.edu/execute/dir_23853/HardcodedConditions.cc:3513:1: warning: control may reach end of non-void function [-Wreturn-type]
}
^
Error in <TNetXNGFile::Open>: [ERROR] Server responded with an error: [3011] Unable to open file /isilon/hadoop/store/group/bruxljm/FWLJMET102X_1lep2016_Feb2020/DYJetsToLL_M-50_HT-200to400_TuneCUETP8M1_13TeV-madgraphMLM-pythia8/singleLep2016/200326_014432/0000/DYJetsToLL_M-50_HT-200to400_TuneCUETP8M1_13TeV-madgraphMLM-pythia8-ext1_516.root; No such file or directory

In file included from input_line_10:1:
In file included from /isilon/condor/node539.hep.brown.edu/execute/dir_23853/makeStep1.C:2:
/isilon/condor/node539.hep.brown.edu/execute/dir_23853/HardcodedConditions.cc:3513:1: warning: control may reach end of non-void function [-Wreturn-type]
}
^
Error in <TNetXNGFile::Open>: [ERROR] Server responded with an error: [3011] Unable to open file /isilon/hadoop/store/group/bruxljm/FWLJMET102X_1lep2016_Feb2020/DYJetsToLL_M-50_HT-200to400_TuneCUETP8M1_13TeV-madgraphMLM-pythia8/singleLep2016/200326_014432/0000/DYJetsToLL_M-50_HT-200to400_TuneCUETP8M1_13TeV-madgraphMLM-pythia8-ext1_668.root; No such file or directory

In file included from input_line_10:1:
In file included from /isilon/condor/node539.hep.brown.edu/execute/dir_23853/makeStep1.C:2:
/isilon/condor/node539.hep.brown.edu/execute/dir_23853/HardcodedConditions.cc:3513:1: warning: control may reach end of non-void function [-Wreturn-type]
}
^
Error in <TNetXNGFile::Open>: [ERROR] Server responded with an error: [3011] Unable to open file /isilon/hadoop/store/group/bruxljm/FWLJMET102X_1lep2016_Feb2020/DYJetsToLL_M-50_HT-200to400_TuneCUETP8M1_13TeV-madgraphMLM-pythia8/singleLep2016/200326_014432/0000/DYJetsToLL_M-50_HT-200to400_TuneCUETP8M1_13TeV-madgraphMLM-pythia8-ext1_604.root; No such file or directory

In file included from input_line_10:1:
In file included from /isilon/condor/node539.hep.brown.edu/execute/dir_23853/makeStep1.C:2:
/isilon/condor/node539.hep.brown.edu/execute/dir_23853/HardcodedConditions.cc:3513:1: warning: control may reach end of non-void function [-Wreturn-type]
}
^
Error in <TNetXNGFile::Open>: [ERROR] Server responded with an error: [3011] Unable to open file /isilon/hadoop/store/group/bruxljm/FWLJMET102X_1lep2016_Feb2020/DYJetsToLL_M-50_HT-200to400_TuneCUETP8M1_13TeV-madgraphMLM-pythia8/singleLep2016/200326_014432/0000/DYJetsToLL_M-50_HT-200to400_TuneCUETP8M1_13TeV-madgraphMLM-pythia8-ext1_47.root; No such file or directory

In file included from input_line_10:1:
In file included from /isilon/condor/node539.hep.brown.edu/execute/dir_23853/makeStep1.C:2:
/isilon/condor/node539.hep.brown.edu/execute/dir_23853/HardcodedConditions.cc:3513:1: warning: control may reach end of non-void function [-Wreturn-type]
}
^
Error in <TNetXNGFile::Open>: [ERROR] Server responded with an error: [3011] Unable to open file /isilon/hadoop/store/group/bruxljm/FWLJMET102X_1lep2016_Feb2020/DYJetsToLL_M-50_HT-200to400_TuneCUETP8M1_13TeV-madgraphMLM-pythia8/singleLep2016/200326_014432/0000/DYJetsToLL_M-50_HT-200to400_TuneCUETP8M1_13TeV-madgraphMLM-pythia8-ext1_295.root; No such file or directory

In file included from input_line_10:1:
In file included from /isilon/condor/node539.hep.brown.edu/execute/dir_23853/makeStep1.C:2:
/isilon/condor/node539.hep.brown.edu/execute/dir_23853/HardcodedConditions.cc:3513:1: warning: control may reach end of non-void function [-Wreturn-type]
}
^
Error in <TNetXNGFile::Open>: [ERROR] Server responded with an error: [3011] Unable to open file /isilon/hadoop/store/group/bruxljm/FWLJMET102X_1lep2016_Feb2020/DYJetsToLL_M-50_HT-200to400_TuneCUETP8M1_13TeV-madgraphMLM-pythia8/singleLep2016/200326_014432/0000/DYJetsToLL_M-50_HT-200to400_TuneCUETP8M1_13TeV-madgraphMLM-pythia8-ext1_23.root; No such file or directory

In file included from input_line_10:1:
In file included from /isilon/condor/node539.hep.brown.edu/execute/dir_23853/makeStep1.C:2:
/isilon/condor/node539.hep.brown.edu/execute/dir_23853/HardcodedConditions.cc:3513:1: warning: control may reach end of non-void function [-Wreturn-type]
}
^
Error in <TNetXNGFile::Open>: [ERROR] Server responded with an error: [3011] Unable to open file /isilon/hadoop/store/group/bruxljm/FWLJMET102X_1lep2016_Feb2020/DYJetsToLL_M-50_HT-200to400_TuneCUETP8M1_13TeV-madgraphMLM-pythia8/singleLep2016/200326_014432/0000/DYJetsToLL_M-50_HT-200to400_TuneCUETP8M1_13TeV-madgraphMLM-pythia8-ext1_416.root; No such file or directory

In file included from input_line_10:1:
In file included from /isilon/condor/node539.hep.brown.edu/execute/dir_23853/makeStep1.C:2:
/isilon/condor/node539.hep.brown.edu/execute/dir_23853/HardcodedConditions.cc:3513:1: warning: control may reach end of non-void function [-Wreturn-type]
}
^
Error in <TNetXNGFile::Open>: [ERROR] Server responded with an error: [3011] Unable to open file /isilon/hadoop/store/group/bruxljm/FWLJMET102X_1lep2016_Feb2020/DYJetsToLL_M-50_HT-200to400_TuneCUETP8M1_13TeV-madgraphMLM-pythia8/singleLep2016/200326_014432/0000/DYJetsToLL_M-50_HT-200to400_TuneCUETP8M1_13TeV-madgraphMLM-pythia8-ext1_564.root; No such file or directory

In file included from input_line_10:1:
In file included from /isilon/condor/node539.hep.brown.edu/execute/dir_23853/makeStep1.C:2:
/isilon/condor/node539.hep.brown.edu/execute/dir_23853/HardcodedConditions.cc:3513:1: warning: control may reach end of non-void function [-Wreturn-type]
}
^
Error in <TNetXNGFile::Open>: [ERROR] Server responded with an error: [3011] Unable to open file /isilon/hadoop/store/group/bruxljm/FWLJMET102X_1lep2016_Feb2020/DYJetsToLL_M-50_HT-200to400_TuneCUETP8M1_13TeV-madgraphMLM-pythia8/singleLep2016/200326_014432/0000/DYJetsToLL_M-50_HT-200to400_TuneCUETP8M1_13TeV-madgraphMLM-pythia8-ext1_390.root; No such file or directory

In file included from input_line_10:1:
In file included from /isilon/condor/node539.hep.brown.edu/execute/dir_23853/makeStep1.C:2:
/isilon/condor/node539.hep.brown.edu/execute/dir_23853/HardcodedConditions.cc:3513:1: warning: control may reach end of non-void function [-Wreturn-type]
}
^
Error in <TNetXNGFile::Open>: [ERROR] Server responded with an error: [3011] Unable to open file /isilon/hadoop/store/group/bruxljm/FWLJMET102X_1lep2016_Feb2020/DYJetsToLL_M-50_HT-200to400_TuneCUETP8M1_13TeV-madgraphMLM-pythia8/singleLep2016/200326_014432/0000/DYJetsToLL_M-50_HT-200to400_TuneCUETP8M1_13TeV-madgraphMLM-pythia8-ext1_676.root; No such file or directory

In file included from input_line_10:1:
In file included from /isilon/condor/node539.hep.brown.edu/execute/dir_23853/makeStep1.C:2:
/isilon/condor/node539.hep.brown.edu/execute/dir_23853/HardcodedConditions.cc:3513:1: warning: control may reach end of non-void function [-Wreturn-type]
}
^
Error in <TNetXNGFile::Open>: [ERROR] Server responded with an error: [3011] Unable to open file /isilon/hadoop/store/group/bruxljm/FWLJMET102X_1lep2016_Feb2020/DYJetsToLL_M-50_HT-200to400_TuneCUETP8M1_13TeV-madgraphMLM-pythia8/singleLep2016/200326_014432/0000/DYJetsToLL_M-50_HT-200to400_TuneCUETP8M1_13TeV-madgraphMLM-pythia8-ext1_547.root; No such file or directory

In file included from input_line_10:1:
In file included from /isilon/condor/node539.hep.brown.edu/execute/dir_23853/makeStep1.C:2:
/isilon/condor/node539.hep.brown.edu/execute/dir_23853/HardcodedConditions.cc:3513:1: warning: control may reach end of non-void function [-Wreturn-type]
}
^
Error in <TNetXNGFile::Open>: [ERROR] Server responded with an error: [3011] Unable to open file /isilon/hadoop/store/group/bruxljm/FWLJMET102X_1lep2016_Feb2020/DYJetsToLL_M-50_HT-200to400_TuneCUETP8M1_13TeV-madgraphMLM-pythia8/singleLep2016/200326_014432/0000/DYJetsToLL_M-50_HT-200to400_TuneCUETP8M1_13TeV-madgraphMLM-pythia8-ext1_595.root; No such file or directory

In file included from input_line_10:1:
In file included from /isilon/condor/node539.hep.brown.edu/execute/dir_23853/makeStep1.C:2:
/isilon/condor/node539.hep.brown.edu/execute/dir_23853/HardcodedConditions.cc:3513:1: warning: control may reach end of non-void function [-Wreturn-type]
}
^
Error in <TNetXNGFile::Open>: [ERROR] Server responded with an error: [3011] Unable to open file /isilon/hadoop/store/group/bruxljm/FWLJMET102X_1lep2016_Feb2020/DYJetsToLL_M-50_HT-200to400_TuneCUETP8M1_13TeV-madgraphMLM-pythia8/singleLep2016/200326_014432/0000/DYJetsToLL_M-50_HT-200to400_TuneCUETP8M1_13TeV-madgraphMLM-pythia8-ext1_129.root; No such file or directory

In file included from input_line_10:1:
In file included from /isilon/condor/node539.hep.brown.edu/execute/dir_23853/makeStep1.C:2:
/isilon/condor/node539.hep.brown.edu/execute/dir_23853/HardcodedConditions.cc:3513:1: warning: control may reach end of non-void function [-Wreturn-type]
}
^
Error in <TNetXNGFile::Open>: [ERROR] Server responded with an error: [3011] Unable to open file /isilon/hadoop/store/group/bruxljm/FWLJMET102X_1lep2016_Feb2020/DYJetsToLL_M-50_HT-200to400_TuneCUETP8M1_13TeV-madgraphMLM-pythia8/singleLep2016/200326_014432/0000/DYJetsToLL_M-50_HT-200to400_TuneCUETP8M1_13TeV-madgraphMLM-pythia8-ext1_262.root; No such file or directory

In file included from input_line_10:1:
In file included from /isilon/condor/node539.hep.brown.edu/execute/dir_23853/makeStep1.C:2:
/isilon/condor/node539.hep.brown.edu/execute/dir_23853/HardcodedConditions.cc:3513:1: warning: control may reach end of non-void function [-Wreturn-type]
}
^
Error in <TNetXNGFile::Open>: [ERROR] Server responded with an error: [3011] Unable to open file /isilon/hadoop/store/group/bruxljm/FWLJMET102X_1lep2016_Feb2020/DYJetsToLL_M-50_HT-200to400_TuneCUETP8M1_13TeV-madgraphMLM-pythia8/singleLep2016/200326_014432/0000/DYJetsToLL_M-50_HT-200to400_TuneCUETP8M1_13TeV-madgraphMLM-pythia8-ext1_12.root; No such file or directory

In file included from input_line_10:1:
In file included from /isilon/condor/node539.hep.brown.edu/execute/dir_23853/makeStep1.C:2:
/isilon/condor/node539.hep.brown.edu/execute/dir_23853/HardcodedConditions.cc:3513:1: warning: control may reach end of non-void function [-Wreturn-type]
}
^
Error in <TNetXNGFile::Open>: [ERROR] Server responded with an error: [3011] Unable to open file /isilon/hadoop/store/group/bruxljm/FWLJMET102X_1lep2016_Feb2020/DYJetsToLL_M-50_HT-200to400_TuneCUETP8M1_13TeV-madgraphMLM-pythia8/singleLep2016/200326_014432/0000/DYJetsToLL_M-50_HT-200to400_TuneCUETP8M1_13TeV-madgraphMLM-pythia8-ext1_364.root; No such file or directory

In file included from input_line_10:1:
In file included from /isilon/condor/node539.hep.brown.edu/execute/dir_23853/makeStep1.C:2:
/isilon/condor/node539.hep.brown.edu/execute/dir_23853/HardcodedConditions.cc:3513:1: warning: control may reach end of non-void function [-Wreturn-type]
}
^
Error in <TNetXNGFile::Open>: [ERROR] Server responded with an error: [3011] Unable to open file /isilon/hadoop/store/group/bruxljm/FWLJMET102X_1lep2016_Feb2020/DYJetsToLL_M-50_HT-200to400_TuneCUETP8M1_13TeV-madgraphMLM-pythia8/singleLep2016/200326_014432/0000/DYJetsToLL_M-50_HT-200to400_TuneCUETP8M1_13TeV-madgraphMLM-pythia8-ext1_233.root; No such file or directory

ls: cannot access *.root: No such file or directory
Error in <TFile::TFile>: file *nominal.root does not exist
Error in <TFileMerger::AddFile>: cannot open file *nominal.root
hadd exiting due to error in *nominal.root
rm: cannot remove '*nominal.root': No such file or directory
Error in <TFile::TFile>: file *JECup.root does not exist
Error in <TFileMerger::AddFile>: cannot open file *JECup.root
hadd exiting due to error in *JECup.root
rm: cannot remove '*JECup.root': No such file or directory
Error in <TFile::TFile>: file *JECdown.root does not exist
Error in <TFileMerger::AddFile>: cannot open file *JECdown.root
hadd exiting due to error in *JECdown.root
rm: cannot remove '*JECdown.root': No such file or directory
Error in <TFile::TFile>: file *JERup.root does not exist
Error in <TFileMerger::AddFile>: cannot open file *JERup.root
hadd exiting due to error in *JERup.root
rm: cannot remove '*JERup.root': No such file or directory
Error in <TFile::TFile>: file *JERdown.root does not exist
Error in <TFileMerger::AddFile>: cannot open file *JERdown.root
hadd exiting due to error in *JERdown.root
rm: cannot remove '*JERdown.root': No such file or directory
