000 (642079.000.000) 09/25 19:56:54 Job submitted from host: <172.20.3.198:9618?addrs=172.20.3.198-9618&noUDP&sock=160905_0664_3>
...
001 (642079.000.000) 09/25 19:57:03 Job executing on host: <172.20.201.47:9618?addrs=172.20.201.47-9618+[--1]-9618&noUDP&sock=3067_490e_50>
...
006 (642079.000.000) 09/25 19:57:12 Image size of job updated: 12048
	12  -  MemoryUsage of job (MB)
	12048  -  ResidentSetSize of job (KB)
...
006 (642079.000.000) 09/25 20:02:13 Image size of job updated: 198480
	185  -  MemoryUsage of job (MB)
	188648  -  ResidentSetSize of job (KB)
...
006 (642079.000.000) 09/25 20:03:24 Image size of job updated: 295560
	185  -  MemoryUsage of job (MB)
	188672  -  ResidentSetSize of job (KB)
...
005 (642079.000.000) 09/25 20:03:44 Job terminated.
	(1) Normal termination (return value 0)
		Usr 0 00:02:15, Sys 0 00:00:22  -  Run Remote Usage
		Usr 0 00:00:00, Sys 0 00:00:00  -  Run Local Usage
		Usr 0 00:02:15, Sys 0 00:00:22  -  Total Remote Usage
		Usr 0 00:00:00, Sys 0 00:00:00  -  Total Local Usage
	773360  -  Run Bytes Sent By Job
	717111  -  Run Bytes Received By Job
	773360  -  Total Bytes Sent By Job
	717111  -  Total Bytes Received By Job
	Partitionable Resources :    Usage  Request  Allocated
	   Cpus                 :                 1          1
	   Disk (KB)            :     1957      750 3023978944
	   Memory (MB)          :      185        1       4025
...
