000 (642069.000.000) 09/25 19:56:45 Job submitted from host: <172.20.3.198:9618?addrs=172.20.3.198-9618&noUDP&sock=160905_0664_3>
...
001 (642069.000.000) 09/25 19:57:07 Job executing on host: <172.20.201.39:9618?addrs=172.20.201.39-9618+[--1]-9618&noUDP&sock=32559_5826_40>
...
006 (642069.000.000) 09/25 19:57:15 Image size of job updated: 12056
	12  -  MemoryUsage of job (MB)
	12056  -  ResidentSetSize of job (KB)
...
006 (642069.000.000) 09/25 20:02:16 Image size of job updated: 98036
	87  -  MemoryUsage of job (MB)
	88724  -  ResidentSetSize of job (KB)
...
006 (642069.000.000) 09/25 20:02:39 Image size of job updated: 98036
	89  -  MemoryUsage of job (MB)
	90836  -  ResidentSetSize of job (KB)
...
005 (642069.000.000) 09/25 20:02:59 Job terminated.
	(1) Normal termination (return value 0)
		Usr 0 00:02:17, Sys 0 00:00:21  -  Run Remote Usage
		Usr 0 00:00:00, Sys 0 00:00:00  -  Run Local Usage
		Usr 0 00:02:17, Sys 0 00:00:21  -  Total Remote Usage
		Usr 0 00:00:00, Sys 0 00:00:00  -  Total Local Usage
	773338  -  Run Bytes Sent By Job
	717111  -  Run Bytes Received By Job
	773338  -  Total Bytes Sent By Job
	717111  -  Total Bytes Received By Job
	Partitionable Resources :    Usage  Request  Allocated
	   Cpus                 :                 1          1
	   Disk (KB)            :     1957      750 1726089024
	   Memory (MB)          :       89        1       4025
...
