node547.hep.brown.edu
Fri Sep 25 19:57:03 EDT 2020
WARNING: Developer's area is created for architecture slc6_amd64_gcc700 while your current OS is SLC7.
/isilon/condor/node547.hep.brown.edu/execute/dir_13956
setting macroDir to PWD

Processing compileStep1.C...
Running step1 over list: ext1656 ext140 ext1160 ext1532 ext1421 ext1648 ext1657 ext1163 ext1392 ext1385 ext1472 ext1342 ext161 ext1507 ext1473 ext1294 ext1335 ext1625 ext1139 ext1284 ext1374 ext1615 ext1616 ext1468 ext1429 ext1419 ext1238 ext1537 ext163 ext1458
creating DYJetsToLL_M-50_HT-200to400_TuneCUETP8M1_13TeV-madgraphMLM-pythia8_ext1656.root by reading DYJetsToLL_M-50_HT-200to400_TuneCUETP8M1_13TeV-madgraphMLM-pythia8-ext1_656

Processing makeStep1.C("/isilon/condor/node547.hep.brown.edu/execute/dir_13956","root://cmseos.fnal.gov//isilon/hadoop/store/group/bruxljm/FWLJMET102X_1lep2016_Feb2020/DYJetsToLL_M-50_HT-200to400_TuneCUETP8M1_13TeV-madgraphMLM-pythia8/singleLep2016/200326_014432/0000/DYJetsToLL_M-50_HT-200to400_TuneCUETP8M1_13TeV-madgraphMLM-pythia8-ext1_656.root","DYJetsToLL_M-50_HT-200to400_TuneCUETP8M1_13TeV-madgraphMLM-pythia8_ext1656.root",2016)...

Running shift nominal
Opening file: root://cmseos.fnal.gov//isilon/hadoop/store/group/bruxljm/FWLJMET102X_1lep2016_Feb2020/DYJetsToLL_M-50_HT-200to400_TuneCUETP8M1_13TeV-madgraphMLM-pythia8/singleLep2016/200326_014432/0000/DYJetsToLL_M-50_HT-200to400_TuneCUETP8M1_13TeV-madgraphMLM-pythia8-ext1_656.root
WARNING! File doesn't exist! Exiting
creating DYJetsToLL_M-50_HT-200to400_TuneCUETP8M1_13TeV-madgraphMLM-pythia8_ext140.root by reading DYJetsToLL_M-50_HT-200to400_TuneCUETP8M1_13TeV-madgraphMLM-pythia8-ext1_40

Processing makeStep1.C("/isilon/condor/node547.hep.brown.edu/execute/dir_13956","root://cmseos.fnal.gov//isilon/hadoop/store/group/bruxljm/FWLJMET102X_1lep2016_Feb2020/DYJetsToLL_M-50_HT-200to400_TuneCUETP8M1_13TeV-madgraphMLM-pythia8/singleLep2016/200326_014432/0000/DYJetsToLL_M-50_HT-200to400_TuneCUETP8M1_13TeV-madgraphMLM-pythia8-ext1_40.root","DYJetsToLL_M-50_HT-200to400_TuneCUETP8M1_13TeV-madgraphMLM-pythia8_ext140.root",2016)...

Running shift nominal
Opening file: root://cmseos.fnal.gov//isilon/hadoop/store/group/bruxljm/FWLJMET102X_1lep2016_Feb2020/DYJetsToLL_M-50_HT-200to400_TuneCUETP8M1_13TeV-madgraphMLM-pythia8/singleLep2016/200326_014432/0000/DYJetsToLL_M-50_HT-200to400_TuneCUETP8M1_13TeV-madgraphMLM-pythia8-ext1_40.root
WARNING! File doesn't exist! Exiting
creating DYJetsToLL_M-50_HT-200to400_TuneCUETP8M1_13TeV-madgraphMLM-pythia8_ext1160.root by reading DYJetsToLL_M-50_HT-200to400_TuneCUETP8M1_13TeV-madgraphMLM-pythia8-ext1_160

Processing makeStep1.C("/isilon/condor/node547.hep.brown.edu/execute/dir_13956","root://cmseos.fnal.gov//isilon/hadoop/store/group/bruxljm/FWLJMET102X_1lep2016_Feb2020/DYJetsToLL_M-50_HT-200to400_TuneCUETP8M1_13TeV-madgraphMLM-pythia8/singleLep2016/200326_014432/0000/DYJetsToLL_M-50_HT-200to400_TuneCUETP8M1_13TeV-madgraphMLM-pythia8-ext1_160.root","DYJetsToLL_M-50_HT-200to400_TuneCUETP8M1_13TeV-madgraphMLM-pythia8_ext1160.root",2016)...

Running shift nominal
Opening file: root://cmseos.fnal.gov//isilon/hadoop/store/group/bruxljm/FWLJMET102X_1lep2016_Feb2020/DYJetsToLL_M-50_HT-200to400_TuneCUETP8M1_13TeV-madgraphMLM-pythia8/singleLep2016/200326_014432/0000/DYJetsToLL_M-50_HT-200to400_TuneCUETP8M1_13TeV-madgraphMLM-pythia8-ext1_160.root
WARNING! File doesn't exist! Exiting
creating DYJetsToLL_M-50_HT-200to400_TuneCUETP8M1_13TeV-madgraphMLM-pythia8_ext1532.root by reading DYJetsToLL_M-50_HT-200to400_TuneCUETP8M1_13TeV-madgraphMLM-pythia8-ext1_532

Processing makeStep1.C("/isilon/condor/node547.hep.brown.edu/execute/dir_13956","root://cmseos.fnal.gov//isilon/hadoop/store/group/bruxljm/FWLJMET102X_1lep2016_Feb2020/DYJetsToLL_M-50_HT-200to400_TuneCUETP8M1_13TeV-madgraphMLM-pythia8/singleLep2016/200326_014432/0000/DYJetsToLL_M-50_HT-200to400_TuneCUETP8M1_13TeV-madgraphMLM-pythia8-ext1_532.root","DYJetsToLL_M-50_HT-200to400_TuneCUETP8M1_13TeV-madgraphMLM-pythia8_ext1532.root",2016)...

Running shift nominal
Opening file: root://cmseos.fnal.gov//isilon/hadoop/store/group/bruxljm/FWLJMET102X_1lep2016_Feb2020/DYJetsToLL_M-50_HT-200to400_TuneCUETP8M1_13TeV-madgraphMLM-pythia8/singleLep2016/200326_014432/0000/DYJetsToLL_M-50_HT-200to400_TuneCUETP8M1_13TeV-madgraphMLM-pythia8-ext1_532.root
WARNING! File doesn't exist! Exiting
creating DYJetsToLL_M-50_HT-200to400_TuneCUETP8M1_13TeV-madgraphMLM-pythia8_ext1421.root by reading DYJetsToLL_M-50_HT-200to400_TuneCUETP8M1_13TeV-madgraphMLM-pythia8-ext1_421

Processing makeStep1.C("/isilon/condor/node547.hep.brown.edu/execute/dir_13956","root://cmseos.fnal.gov//isilon/hadoop/store/group/bruxljm/FWLJMET102X_1lep2016_Feb2020/DYJetsToLL_M-50_HT-200to400_TuneCUETP8M1_13TeV-madgraphMLM-pythia8/singleLep2016/200326_014432/0000/DYJetsToLL_M-50_HT-200to400_TuneCUETP8M1_13TeV-madgraphMLM-pythia8-ext1_421.root","DYJetsToLL_M-50_HT-200to400_TuneCUETP8M1_13TeV-madgraphMLM-pythia8_ext1421.root",2016)...

Running shift nominal
Opening file: root://cmseos.fnal.gov//isilon/hadoop/store/group/bruxljm/FWLJMET102X_1lep2016_Feb2020/DYJetsToLL_M-50_HT-200to400_TuneCUETP8M1_13TeV-madgraphMLM-pythia8/singleLep2016/200326_014432/0000/DYJetsToLL_M-50_HT-200to400_TuneCUETP8M1_13TeV-madgraphMLM-pythia8-ext1_421.root
WARNING! File doesn't exist! Exiting
creating DYJetsToLL_M-50_HT-200to400_TuneCUETP8M1_13TeV-madgraphMLM-pythia8_ext1648.root by reading DYJetsToLL_M-50_HT-200to400_TuneCUETP8M1_13TeV-madgraphMLM-pythia8-ext1_648

Processing makeStep1.C("/isilon/condor/node547.hep.brown.edu/execute/dir_13956","root://cmseos.fnal.gov//isilon/hadoop/store/group/bruxljm/FWLJMET102X_1lep2016_Feb2020/DYJetsToLL_M-50_HT-200to400_TuneCUETP8M1_13TeV-madgraphMLM-pythia8/singleLep2016/200326_014432/0000/DYJetsToLL_M-50_HT-200to400_TuneCUETP8M1_13TeV-madgraphMLM-pythia8-ext1_648.root","DYJetsToLL_M-50_HT-200to400_TuneCUETP8M1_13TeV-madgraphMLM-pythia8_ext1648.root",2016)...

Running shift nominal
Opening file: root://cmseos.fnal.gov//isilon/hadoop/store/group/bruxljm/FWLJMET102X_1lep2016_Feb2020/DYJetsToLL_M-50_HT-200to400_TuneCUETP8M1_13TeV-madgraphMLM-pythia8/singleLep2016/200326_014432/0000/DYJetsToLL_M-50_HT-200to400_TuneCUETP8M1_13TeV-madgraphMLM-pythia8-ext1_648.root
WARNING! File doesn't exist! Exiting
creating DYJetsToLL_M-50_HT-200to400_TuneCUETP8M1_13TeV-madgraphMLM-pythia8_ext1657.root by reading DYJetsToLL_M-50_HT-200to400_TuneCUETP8M1_13TeV-madgraphMLM-pythia8-ext1_657

Processing makeStep1.C("/isilon/condor/node547.hep.brown.edu/execute/dir_13956","root://cmseos.fnal.gov//isilon/hadoop/store/group/bruxljm/FWLJMET102X_1lep2016_Feb2020/DYJetsToLL_M-50_HT-200to400_TuneCUETP8M1_13TeV-madgraphMLM-pythia8/singleLep2016/200326_014432/0000/DYJetsToLL_M-50_HT-200to400_TuneCUETP8M1_13TeV-madgraphMLM-pythia8-ext1_657.root","DYJetsToLL_M-50_HT-200to400_TuneCUETP8M1_13TeV-madgraphMLM-pythia8_ext1657.root",2016)...

Running shift nominal
Opening file: root://cmseos.fnal.gov//isilon/hadoop/store/group/bruxljm/FWLJMET102X_1lep2016_Feb2020/DYJetsToLL_M-50_HT-200to400_TuneCUETP8M1_13TeV-madgraphMLM-pythia8/singleLep2016/200326_014432/0000/DYJetsToLL_M-50_HT-200to400_TuneCUETP8M1_13TeV-madgraphMLM-pythia8-ext1_657.root
WARNING! File doesn't exist! Exiting
creating DYJetsToLL_M-50_HT-200to400_TuneCUETP8M1_13TeV-madgraphMLM-pythia8_ext1163.root by reading DYJetsToLL_M-50_HT-200to400_TuneCUETP8M1_13TeV-madgraphMLM-pythia8-ext1_163

Processing makeStep1.C("/isilon/condor/node547.hep.brown.edu/execute/dir_13956","root://cmseos.fnal.gov//isilon/hadoop/store/group/bruxljm/FWLJMET102X_1lep2016_Feb2020/DYJetsToLL_M-50_HT-200to400_TuneCUETP8M1_13TeV-madgraphMLM-pythia8/singleLep2016/200326_014432/0000/DYJetsToLL_M-50_HT-200to400_TuneCUETP8M1_13TeV-madgraphMLM-pythia8-ext1_163.root","DYJetsToLL_M-50_HT-200to400_TuneCUETP8M1_13TeV-madgraphMLM-pythia8_ext1163.root",2016)...

Running shift nominal
Opening file: root://cmseos.fnal.gov//isilon/hadoop/store/group/bruxljm/FWLJMET102X_1lep2016_Feb2020/DYJetsToLL_M-50_HT-200to400_TuneCUETP8M1_13TeV-madgraphMLM-pythia8/singleLep2016/200326_014432/0000/DYJetsToLL_M-50_HT-200to400_TuneCUETP8M1_13TeV-madgraphMLM-pythia8-ext1_163.root
WARNING! File doesn't exist! Exiting
creating DYJetsToLL_M-50_HT-200to400_TuneCUETP8M1_13TeV-madgraphMLM-pythia8_ext1392.root by reading DYJetsToLL_M-50_HT-200to400_TuneCUETP8M1_13TeV-madgraphMLM-pythia8-ext1_392

Processing makeStep1.C("/isilon/condor/node547.hep.brown.edu/execute/dir_13956","root://cmseos.fnal.gov//isilon/hadoop/store/group/bruxljm/FWLJMET102X_1lep2016_Feb2020/DYJetsToLL_M-50_HT-200to400_TuneCUETP8M1_13TeV-madgraphMLM-pythia8/singleLep2016/200326_014432/0000/DYJetsToLL_M-50_HT-200to400_TuneCUETP8M1_13TeV-madgraphMLM-pythia8-ext1_392.root","DYJetsToLL_M-50_HT-200to400_TuneCUETP8M1_13TeV-madgraphMLM-pythia8_ext1392.root",2016)...

Running shift nominal
Opening file: root://cmseos.fnal.gov//isilon/hadoop/store/group/bruxljm/FWLJMET102X_1lep2016_Feb2020/DYJetsToLL_M-50_HT-200to400_TuneCUETP8M1_13TeV-madgraphMLM-pythia8/singleLep2016/200326_014432/0000/DYJetsToLL_M-50_HT-200to400_TuneCUETP8M1_13TeV-madgraphMLM-pythia8-ext1_392.root
WARNING! File doesn't exist! Exiting
creating DYJetsToLL_M-50_HT-200to400_TuneCUETP8M1_13TeV-madgraphMLM-pythia8_ext1385.root by reading DYJetsToLL_M-50_HT-200to400_TuneCUETP8M1_13TeV-madgraphMLM-pythia8-ext1_385

Processing makeStep1.C("/isilon/condor/node547.hep.brown.edu/execute/dir_13956","root://cmseos.fnal.gov//isilon/hadoop/store/group/bruxljm/FWLJMET102X_1lep2016_Feb2020/DYJetsToLL_M-50_HT-200to400_TuneCUETP8M1_13TeV-madgraphMLM-pythia8/singleLep2016/200326_014432/0000/DYJetsToLL_M-50_HT-200to400_TuneCUETP8M1_13TeV-madgraphMLM-pythia8-ext1_385.root","DYJetsToLL_M-50_HT-200to400_TuneCUETP8M1_13TeV-madgraphMLM-pythia8_ext1385.root",2016)...

Running shift nominal
Opening file: root://cmseos.fnal.gov//isilon/hadoop/store/group/bruxljm/FWLJMET102X_1lep2016_Feb2020/DYJetsToLL_M-50_HT-200to400_TuneCUETP8M1_13TeV-madgraphMLM-pythia8/singleLep2016/200326_014432/0000/DYJetsToLL_M-50_HT-200to400_TuneCUETP8M1_13TeV-madgraphMLM-pythia8-ext1_385.root
WARNING! File doesn't exist! Exiting
creating DYJetsToLL_M-50_HT-200to400_TuneCUETP8M1_13TeV-madgraphMLM-pythia8_ext1472.root by reading DYJetsToLL_M-50_HT-200to400_TuneCUETP8M1_13TeV-madgraphMLM-pythia8-ext1_472

Processing makeStep1.C("/isilon/condor/node547.hep.brown.edu/execute/dir_13956","root://cmseos.fnal.gov//isilon/hadoop/store/group/bruxljm/FWLJMET102X_1lep2016_Feb2020/DYJetsToLL_M-50_HT-200to400_TuneCUETP8M1_13TeV-madgraphMLM-pythia8/singleLep2016/200326_014432/0000/DYJetsToLL_M-50_HT-200to400_TuneCUETP8M1_13TeV-madgraphMLM-pythia8-ext1_472.root","DYJetsToLL_M-50_HT-200to400_TuneCUETP8M1_13TeV-madgraphMLM-pythia8_ext1472.root",2016)...

Running shift nominal
Opening file: root://cmseos.fnal.gov//isilon/hadoop/store/group/bruxljm/FWLJMET102X_1lep2016_Feb2020/DYJetsToLL_M-50_HT-200to400_TuneCUETP8M1_13TeV-madgraphMLM-pythia8/singleLep2016/200326_014432/0000/DYJetsToLL_M-50_HT-200to400_TuneCUETP8M1_13TeV-madgraphMLM-pythia8-ext1_472.root
WARNING! File doesn't exist! Exiting
creating DYJetsToLL_M-50_HT-200to400_TuneCUETP8M1_13TeV-madgraphMLM-pythia8_ext1342.root by reading DYJetsToLL_M-50_HT-200to400_TuneCUETP8M1_13TeV-madgraphMLM-pythia8-ext1_342

Processing makeStep1.C("/isilon/condor/node547.hep.brown.edu/execute/dir_13956","root://cmseos.fnal.gov//isilon/hadoop/store/group/bruxljm/FWLJMET102X_1lep2016_Feb2020/DYJetsToLL_M-50_HT-200to400_TuneCUETP8M1_13TeV-madgraphMLM-pythia8/singleLep2016/200326_014432/0000/DYJetsToLL_M-50_HT-200to400_TuneCUETP8M1_13TeV-madgraphMLM-pythia8-ext1_342.root","DYJetsToLL_M-50_HT-200to400_TuneCUETP8M1_13TeV-madgraphMLM-pythia8_ext1342.root",2016)...

Running shift nominal
Opening file: root://cmseos.fnal.gov//isilon/hadoop/store/group/bruxljm/FWLJMET102X_1lep2016_Feb2020/DYJetsToLL_M-50_HT-200to400_TuneCUETP8M1_13TeV-madgraphMLM-pythia8/singleLep2016/200326_014432/0000/DYJetsToLL_M-50_HT-200to400_TuneCUETP8M1_13TeV-madgraphMLM-pythia8-ext1_342.root
WARNING! File doesn't exist! Exiting
creating DYJetsToLL_M-50_HT-200to400_TuneCUETP8M1_13TeV-madgraphMLM-pythia8_ext161.root by reading DYJetsToLL_M-50_HT-200to400_TuneCUETP8M1_13TeV-madgraphMLM-pythia8-ext1_61

Processing makeStep1.C("/isilon/condor/node547.hep.brown.edu/execute/dir_13956","root://cmseos.fnal.gov//isilon/hadoop/store/group/bruxljm/FWLJMET102X_1lep2016_Feb2020/DYJetsToLL_M-50_HT-200to400_TuneCUETP8M1_13TeV-madgraphMLM-pythia8/singleLep2016/200326_014432/0000/DYJetsToLL_M-50_HT-200to400_TuneCUETP8M1_13TeV-madgraphMLM-pythia8-ext1_61.root","DYJetsToLL_M-50_HT-200to400_TuneCUETP8M1_13TeV-madgraphMLM-pythia8_ext161.root",2016)...

Running shift nominal
Opening file: root://cmseos.fnal.gov//isilon/hadoop/store/group/bruxljm/FWLJMET102X_1lep2016_Feb2020/DYJetsToLL_M-50_HT-200to400_TuneCUETP8M1_13TeV-madgraphMLM-pythia8/singleLep2016/200326_014432/0000/DYJetsToLL_M-50_HT-200to400_TuneCUETP8M1_13TeV-madgraphMLM-pythia8-ext1_61.root
WARNING! File doesn't exist! Exiting
creating DYJetsToLL_M-50_HT-200to400_TuneCUETP8M1_13TeV-madgraphMLM-pythia8_ext1507.root by reading DYJetsToLL_M-50_HT-200to400_TuneCUETP8M1_13TeV-madgraphMLM-pythia8-ext1_507

Processing makeStep1.C("/isilon/condor/node547.hep.brown.edu/execute/dir_13956","root://cmseos.fnal.gov//isilon/hadoop/store/group/bruxljm/FWLJMET102X_1lep2016_Feb2020/DYJetsToLL_M-50_HT-200to400_TuneCUETP8M1_13TeV-madgraphMLM-pythia8/singleLep2016/200326_014432/0000/DYJetsToLL_M-50_HT-200to400_TuneCUETP8M1_13TeV-madgraphMLM-pythia8-ext1_507.root","DYJetsToLL_M-50_HT-200to400_TuneCUETP8M1_13TeV-madgraphMLM-pythia8_ext1507.root",2016)...

Running shift nominal
Opening file: root://cmseos.fnal.gov//isilon/hadoop/store/group/bruxljm/FWLJMET102X_1lep2016_Feb2020/DYJetsToLL_M-50_HT-200to400_TuneCUETP8M1_13TeV-madgraphMLM-pythia8/singleLep2016/200326_014432/0000/DYJetsToLL_M-50_HT-200to400_TuneCUETP8M1_13TeV-madgraphMLM-pythia8-ext1_507.root
WARNING! File doesn't exist! Exiting
creating DYJetsToLL_M-50_HT-200to400_TuneCUETP8M1_13TeV-madgraphMLM-pythia8_ext1473.root by reading DYJetsToLL_M-50_HT-200to400_TuneCUETP8M1_13TeV-madgraphMLM-pythia8-ext1_473

Processing makeStep1.C("/isilon/condor/node547.hep.brown.edu/execute/dir_13956","root://cmseos.fnal.gov//isilon/hadoop/store/group/bruxljm/FWLJMET102X_1lep2016_Feb2020/DYJetsToLL_M-50_HT-200to400_TuneCUETP8M1_13TeV-madgraphMLM-pythia8/singleLep2016/200326_014432/0000/DYJetsToLL_M-50_HT-200to400_TuneCUETP8M1_13TeV-madgraphMLM-pythia8-ext1_473.root","DYJetsToLL_M-50_HT-200to400_TuneCUETP8M1_13TeV-madgraphMLM-pythia8_ext1473.root",2016)...

Running shift nominal
Opening file: root://cmseos.fnal.gov//isilon/hadoop/store/group/bruxljm/FWLJMET102X_1lep2016_Feb2020/DYJetsToLL_M-50_HT-200to400_TuneCUETP8M1_13TeV-madgraphMLM-pythia8/singleLep2016/200326_014432/0000/DYJetsToLL_M-50_HT-200to400_TuneCUETP8M1_13TeV-madgraphMLM-pythia8-ext1_473.root
WARNING! File doesn't exist! Exiting
creating DYJetsToLL_M-50_HT-200to400_TuneCUETP8M1_13TeV-madgraphMLM-pythia8_ext1294.root by reading DYJetsToLL_M-50_HT-200to400_TuneCUETP8M1_13TeV-madgraphMLM-pythia8-ext1_294

Processing makeStep1.C("/isilon/condor/node547.hep.brown.edu/execute/dir_13956","root://cmseos.fnal.gov//isilon/hadoop/store/group/bruxljm/FWLJMET102X_1lep2016_Feb2020/DYJetsToLL_M-50_HT-200to400_TuneCUETP8M1_13TeV-madgraphMLM-pythia8/singleLep2016/200326_014432/0000/DYJetsToLL_M-50_HT-200to400_TuneCUETP8M1_13TeV-madgraphMLM-pythia8-ext1_294.root","DYJetsToLL_M-50_HT-200to400_TuneCUETP8M1_13TeV-madgraphMLM-pythia8_ext1294.root",2016)...

Running shift nominal
Opening file: root://cmseos.fnal.gov//isilon/hadoop/store/group/bruxljm/FWLJMET102X_1lep2016_Feb2020/DYJetsToLL_M-50_HT-200to400_TuneCUETP8M1_13TeV-madgraphMLM-pythia8/singleLep2016/200326_014432/0000/DYJetsToLL_M-50_HT-200to400_TuneCUETP8M1_13TeV-madgraphMLM-pythia8-ext1_294.root
WARNING! File doesn't exist! Exiting
creating DYJetsToLL_M-50_HT-200to400_TuneCUETP8M1_13TeV-madgraphMLM-pythia8_ext1335.root by reading DYJetsToLL_M-50_HT-200to400_TuneCUETP8M1_13TeV-madgraphMLM-pythia8-ext1_335

Processing makeStep1.C("/isilon/condor/node547.hep.brown.edu/execute/dir_13956","root://cmseos.fnal.gov//isilon/hadoop/store/group/bruxljm/FWLJMET102X_1lep2016_Feb2020/DYJetsToLL_M-50_HT-200to400_TuneCUETP8M1_13TeV-madgraphMLM-pythia8/singleLep2016/200326_014432/0000/DYJetsToLL_M-50_HT-200to400_TuneCUETP8M1_13TeV-madgraphMLM-pythia8-ext1_335.root","DYJetsToLL_M-50_HT-200to400_TuneCUETP8M1_13TeV-madgraphMLM-pythia8_ext1335.root",2016)...

Running shift nominal
Opening file: root://cmseos.fnal.gov//isilon/hadoop/store/group/bruxljm/FWLJMET102X_1lep2016_Feb2020/DYJetsToLL_M-50_HT-200to400_TuneCUETP8M1_13TeV-madgraphMLM-pythia8/singleLep2016/200326_014432/0000/DYJetsToLL_M-50_HT-200to400_TuneCUETP8M1_13TeV-madgraphMLM-pythia8-ext1_335.root
WARNING! File doesn't exist! Exiting
creating DYJetsToLL_M-50_HT-200to400_TuneCUETP8M1_13TeV-madgraphMLM-pythia8_ext1625.root by reading DYJetsToLL_M-50_HT-200to400_TuneCUETP8M1_13TeV-madgraphMLM-pythia8-ext1_625

Processing makeStep1.C("/isilon/condor/node547.hep.brown.edu/execute/dir_13956","root://cmseos.fnal.gov//isilon/hadoop/store/group/bruxljm/FWLJMET102X_1lep2016_Feb2020/DYJetsToLL_M-50_HT-200to400_TuneCUETP8M1_13TeV-madgraphMLM-pythia8/singleLep2016/200326_014432/0000/DYJetsToLL_M-50_HT-200to400_TuneCUETP8M1_13TeV-madgraphMLM-pythia8-ext1_625.root","DYJetsToLL_M-50_HT-200to400_TuneCUETP8M1_13TeV-madgraphMLM-pythia8_ext1625.root",2016)...

Running shift nominal
Opening file: root://cmseos.fnal.gov//isilon/hadoop/store/group/bruxljm/FWLJMET102X_1lep2016_Feb2020/DYJetsToLL_M-50_HT-200to400_TuneCUETP8M1_13TeV-madgraphMLM-pythia8/singleLep2016/200326_014432/0000/DYJetsToLL_M-50_HT-200to400_TuneCUETP8M1_13TeV-madgraphMLM-pythia8-ext1_625.root
WARNING! File doesn't exist! Exiting
creating DYJetsToLL_M-50_HT-200to400_TuneCUETP8M1_13TeV-madgraphMLM-pythia8_ext1139.root by reading DYJetsToLL_M-50_HT-200to400_TuneCUETP8M1_13TeV-madgraphMLM-pythia8-ext1_139

Processing makeStep1.C("/isilon/condor/node547.hep.brown.edu/execute/dir_13956","root://cmseos.fnal.gov//isilon/hadoop/store/group/bruxljm/FWLJMET102X_1lep2016_Feb2020/DYJetsToLL_M-50_HT-200to400_TuneCUETP8M1_13TeV-madgraphMLM-pythia8/singleLep2016/200326_014432/0000/DYJetsToLL_M-50_HT-200to400_TuneCUETP8M1_13TeV-madgraphMLM-pythia8-ext1_139.root","DYJetsToLL_M-50_HT-200to400_TuneCUETP8M1_13TeV-madgraphMLM-pythia8_ext1139.root",2016)...

Running shift nominal
Opening file: root://cmseos.fnal.gov//isilon/hadoop/store/group/bruxljm/FWLJMET102X_1lep2016_Feb2020/DYJetsToLL_M-50_HT-200to400_TuneCUETP8M1_13TeV-madgraphMLM-pythia8/singleLep2016/200326_014432/0000/DYJetsToLL_M-50_HT-200to400_TuneCUETP8M1_13TeV-madgraphMLM-pythia8-ext1_139.root
WARNING! File doesn't exist! Exiting
creating DYJetsToLL_M-50_HT-200to400_TuneCUETP8M1_13TeV-madgraphMLM-pythia8_ext1284.root by reading DYJetsToLL_M-50_HT-200to400_TuneCUETP8M1_13TeV-madgraphMLM-pythia8-ext1_284

Processing makeStep1.C("/isilon/condor/node547.hep.brown.edu/execute/dir_13956","root://cmseos.fnal.gov//isilon/hadoop/store/group/bruxljm/FWLJMET102X_1lep2016_Feb2020/DYJetsToLL_M-50_HT-200to400_TuneCUETP8M1_13TeV-madgraphMLM-pythia8/singleLep2016/200326_014432/0000/DYJetsToLL_M-50_HT-200to400_TuneCUETP8M1_13TeV-madgraphMLM-pythia8-ext1_284.root","DYJetsToLL_M-50_HT-200to400_TuneCUETP8M1_13TeV-madgraphMLM-pythia8_ext1284.root",2016)...

Running shift nominal
Opening file: root://cmseos.fnal.gov//isilon/hadoop/store/group/bruxljm/FWLJMET102X_1lep2016_Feb2020/DYJetsToLL_M-50_HT-200to400_TuneCUETP8M1_13TeV-madgraphMLM-pythia8/singleLep2016/200326_014432/0000/DYJetsToLL_M-50_HT-200to400_TuneCUETP8M1_13TeV-madgraphMLM-pythia8-ext1_284.root
WARNING! File doesn't exist! Exiting
creating DYJetsToLL_M-50_HT-200to400_TuneCUETP8M1_13TeV-madgraphMLM-pythia8_ext1374.root by reading DYJetsToLL_M-50_HT-200to400_TuneCUETP8M1_13TeV-madgraphMLM-pythia8-ext1_374

Processing makeStep1.C("/isilon/condor/node547.hep.brown.edu/execute/dir_13956","root://cmseos.fnal.gov//isilon/hadoop/store/group/bruxljm/FWLJMET102X_1lep2016_Feb2020/DYJetsToLL_M-50_HT-200to400_TuneCUETP8M1_13TeV-madgraphMLM-pythia8/singleLep2016/200326_014432/0000/DYJetsToLL_M-50_HT-200to400_TuneCUETP8M1_13TeV-madgraphMLM-pythia8-ext1_374.root","DYJetsToLL_M-50_HT-200to400_TuneCUETP8M1_13TeV-madgraphMLM-pythia8_ext1374.root",2016)...

Running shift nominal
Opening file: root://cmseos.fnal.gov//isilon/hadoop/store/group/bruxljm/FWLJMET102X_1lep2016_Feb2020/DYJetsToLL_M-50_HT-200to400_TuneCUETP8M1_13TeV-madgraphMLM-pythia8/singleLep2016/200326_014432/0000/DYJetsToLL_M-50_HT-200to400_TuneCUETP8M1_13TeV-madgraphMLM-pythia8-ext1_374.root
WARNING! File doesn't exist! Exiting
creating DYJetsToLL_M-50_HT-200to400_TuneCUETP8M1_13TeV-madgraphMLM-pythia8_ext1615.root by reading DYJetsToLL_M-50_HT-200to400_TuneCUETP8M1_13TeV-madgraphMLM-pythia8-ext1_615

Processing makeStep1.C("/isilon/condor/node547.hep.brown.edu/execute/dir_13956","root://cmseos.fnal.gov//isilon/hadoop/store/group/bruxljm/FWLJMET102X_1lep2016_Feb2020/DYJetsToLL_M-50_HT-200to400_TuneCUETP8M1_13TeV-madgraphMLM-pythia8/singleLep2016/200326_014432/0000/DYJetsToLL_M-50_HT-200to400_TuneCUETP8M1_13TeV-madgraphMLM-pythia8-ext1_615.root","DYJetsToLL_M-50_HT-200to400_TuneCUETP8M1_13TeV-madgraphMLM-pythia8_ext1615.root",2016)...

Running shift nominal
Opening file: root://cmseos.fnal.gov//isilon/hadoop/store/group/bruxljm/FWLJMET102X_1lep2016_Feb2020/DYJetsToLL_M-50_HT-200to400_TuneCUETP8M1_13TeV-madgraphMLM-pythia8/singleLep2016/200326_014432/0000/DYJetsToLL_M-50_HT-200to400_TuneCUETP8M1_13TeV-madgraphMLM-pythia8-ext1_615.root
WARNING! File doesn't exist! Exiting
creating DYJetsToLL_M-50_HT-200to400_TuneCUETP8M1_13TeV-madgraphMLM-pythia8_ext1616.root by reading DYJetsToLL_M-50_HT-200to400_TuneCUETP8M1_13TeV-madgraphMLM-pythia8-ext1_616

Processing makeStep1.C("/isilon/condor/node547.hep.brown.edu/execute/dir_13956","root://cmseos.fnal.gov//isilon/hadoop/store/group/bruxljm/FWLJMET102X_1lep2016_Feb2020/DYJetsToLL_M-50_HT-200to400_TuneCUETP8M1_13TeV-madgraphMLM-pythia8/singleLep2016/200326_014432/0000/DYJetsToLL_M-50_HT-200to400_TuneCUETP8M1_13TeV-madgraphMLM-pythia8-ext1_616.root","DYJetsToLL_M-50_HT-200to400_TuneCUETP8M1_13TeV-madgraphMLM-pythia8_ext1616.root",2016)...

Running shift nominal
Opening file: root://cmseos.fnal.gov//isilon/hadoop/store/group/bruxljm/FWLJMET102X_1lep2016_Feb2020/DYJetsToLL_M-50_HT-200to400_TuneCUETP8M1_13TeV-madgraphMLM-pythia8/singleLep2016/200326_014432/0000/DYJetsToLL_M-50_HT-200to400_TuneCUETP8M1_13TeV-madgraphMLM-pythia8-ext1_616.root
WARNING! File doesn't exist! Exiting
creating DYJetsToLL_M-50_HT-200to400_TuneCUETP8M1_13TeV-madgraphMLM-pythia8_ext1468.root by reading DYJetsToLL_M-50_HT-200to400_TuneCUETP8M1_13TeV-madgraphMLM-pythia8-ext1_468

Processing makeStep1.C("/isilon/condor/node547.hep.brown.edu/execute/dir_13956","root://cmseos.fnal.gov//isilon/hadoop/store/group/bruxljm/FWLJMET102X_1lep2016_Feb2020/DYJetsToLL_M-50_HT-200to400_TuneCUETP8M1_13TeV-madgraphMLM-pythia8/singleLep2016/200326_014432/0000/DYJetsToLL_M-50_HT-200to400_TuneCUETP8M1_13TeV-madgraphMLM-pythia8-ext1_468.root","DYJetsToLL_M-50_HT-200to400_TuneCUETP8M1_13TeV-madgraphMLM-pythia8_ext1468.root",2016)...

Running shift nominal
Opening file: root://cmseos.fnal.gov//isilon/hadoop/store/group/bruxljm/FWLJMET102X_1lep2016_Feb2020/DYJetsToLL_M-50_HT-200to400_TuneCUETP8M1_13TeV-madgraphMLM-pythia8/singleLep2016/200326_014432/0000/DYJetsToLL_M-50_HT-200to400_TuneCUETP8M1_13TeV-madgraphMLM-pythia8-ext1_468.root
WARNING! File doesn't exist! Exiting
creating DYJetsToLL_M-50_HT-200to400_TuneCUETP8M1_13TeV-madgraphMLM-pythia8_ext1429.root by reading DYJetsToLL_M-50_HT-200to400_TuneCUETP8M1_13TeV-madgraphMLM-pythia8-ext1_429

Processing makeStep1.C("/isilon/condor/node547.hep.brown.edu/execute/dir_13956","root://cmseos.fnal.gov//isilon/hadoop/store/group/bruxljm/FWLJMET102X_1lep2016_Feb2020/DYJetsToLL_M-50_HT-200to400_TuneCUETP8M1_13TeV-madgraphMLM-pythia8/singleLep2016/200326_014432/0000/DYJetsToLL_M-50_HT-200to400_TuneCUETP8M1_13TeV-madgraphMLM-pythia8-ext1_429.root","DYJetsToLL_M-50_HT-200to400_TuneCUETP8M1_13TeV-madgraphMLM-pythia8_ext1429.root",2016)...

Running shift nominal
Opening file: root://cmseos.fnal.gov//isilon/hadoop/store/group/bruxljm/FWLJMET102X_1lep2016_Feb2020/DYJetsToLL_M-50_HT-200to400_TuneCUETP8M1_13TeV-madgraphMLM-pythia8/singleLep2016/200326_014432/0000/DYJetsToLL_M-50_HT-200to400_TuneCUETP8M1_13TeV-madgraphMLM-pythia8-ext1_429.root
WARNING! File doesn't exist! Exiting
creating DYJetsToLL_M-50_HT-200to400_TuneCUETP8M1_13TeV-madgraphMLM-pythia8_ext1419.root by reading DYJetsToLL_M-50_HT-200to400_TuneCUETP8M1_13TeV-madgraphMLM-pythia8-ext1_419

Processing makeStep1.C("/isilon/condor/node547.hep.brown.edu/execute/dir_13956","root://cmseos.fnal.gov//isilon/hadoop/store/group/bruxljm/FWLJMET102X_1lep2016_Feb2020/DYJetsToLL_M-50_HT-200to400_TuneCUETP8M1_13TeV-madgraphMLM-pythia8/singleLep2016/200326_014432/0000/DYJetsToLL_M-50_HT-200to400_TuneCUETP8M1_13TeV-madgraphMLM-pythia8-ext1_419.root","DYJetsToLL_M-50_HT-200to400_TuneCUETP8M1_13TeV-madgraphMLM-pythia8_ext1419.root",2016)...

Running shift nominal
Opening file: root://cmseos.fnal.gov//isilon/hadoop/store/group/bruxljm/FWLJMET102X_1lep2016_Feb2020/DYJetsToLL_M-50_HT-200to400_TuneCUETP8M1_13TeV-madgraphMLM-pythia8/singleLep2016/200326_014432/0000/DYJetsToLL_M-50_HT-200to400_TuneCUETP8M1_13TeV-madgraphMLM-pythia8-ext1_419.root
WARNING! File doesn't exist! Exiting
creating DYJetsToLL_M-50_HT-200to400_TuneCUETP8M1_13TeV-madgraphMLM-pythia8_ext1238.root by reading DYJetsToLL_M-50_HT-200to400_TuneCUETP8M1_13TeV-madgraphMLM-pythia8-ext1_238

Processing makeStep1.C("/isilon/condor/node547.hep.brown.edu/execute/dir_13956","root://cmseos.fnal.gov//isilon/hadoop/store/group/bruxljm/FWLJMET102X_1lep2016_Feb2020/DYJetsToLL_M-50_HT-200to400_TuneCUETP8M1_13TeV-madgraphMLM-pythia8/singleLep2016/200326_014432/0000/DYJetsToLL_M-50_HT-200to400_TuneCUETP8M1_13TeV-madgraphMLM-pythia8-ext1_238.root","DYJetsToLL_M-50_HT-200to400_TuneCUETP8M1_13TeV-madgraphMLM-pythia8_ext1238.root",2016)...

Running shift nominal
Opening file: root://cmseos.fnal.gov//isilon/hadoop/store/group/bruxljm/FWLJMET102X_1lep2016_Feb2020/DYJetsToLL_M-50_HT-200to400_TuneCUETP8M1_13TeV-madgraphMLM-pythia8/singleLep2016/200326_014432/0000/DYJetsToLL_M-50_HT-200to400_TuneCUETP8M1_13TeV-madgraphMLM-pythia8-ext1_238.root
WARNING! File doesn't exist! Exiting
creating DYJetsToLL_M-50_HT-200to400_TuneCUETP8M1_13TeV-madgraphMLM-pythia8_ext1537.root by reading DYJetsToLL_M-50_HT-200to400_TuneCUETP8M1_13TeV-madgraphMLM-pythia8-ext1_537

Processing makeStep1.C("/isilon/condor/node547.hep.brown.edu/execute/dir_13956","root://cmseos.fnal.gov//isilon/hadoop/store/group/bruxljm/FWLJMET102X_1lep2016_Feb2020/DYJetsToLL_M-50_HT-200to400_TuneCUETP8M1_13TeV-madgraphMLM-pythia8/singleLep2016/200326_014432/0000/DYJetsToLL_M-50_HT-200to400_TuneCUETP8M1_13TeV-madgraphMLM-pythia8-ext1_537.root","DYJetsToLL_M-50_HT-200to400_TuneCUETP8M1_13TeV-madgraphMLM-pythia8_ext1537.root",2016)...

Running shift nominal
Opening file: root://cmseos.fnal.gov//isilon/hadoop/store/group/bruxljm/FWLJMET102X_1lep2016_Feb2020/DYJetsToLL_M-50_HT-200to400_TuneCUETP8M1_13TeV-madgraphMLM-pythia8/singleLep2016/200326_014432/0000/DYJetsToLL_M-50_HT-200to400_TuneCUETP8M1_13TeV-madgraphMLM-pythia8-ext1_537.root
WARNING! File doesn't exist! Exiting
creating DYJetsToLL_M-50_HT-200to400_TuneCUETP8M1_13TeV-madgraphMLM-pythia8_ext163.root by reading DYJetsToLL_M-50_HT-200to400_TuneCUETP8M1_13TeV-madgraphMLM-pythia8-ext1_63

Processing makeStep1.C("/isilon/condor/node547.hep.brown.edu/execute/dir_13956","root://cmseos.fnal.gov//isilon/hadoop/store/group/bruxljm/FWLJMET102X_1lep2016_Feb2020/DYJetsToLL_M-50_HT-200to400_TuneCUETP8M1_13TeV-madgraphMLM-pythia8/singleLep2016/200326_014432/0000/DYJetsToLL_M-50_HT-200to400_TuneCUETP8M1_13TeV-madgraphMLM-pythia8-ext1_63.root","DYJetsToLL_M-50_HT-200to400_TuneCUETP8M1_13TeV-madgraphMLM-pythia8_ext163.root",2016)...

Running shift nominal
Opening file: root://cmseos.fnal.gov//isilon/hadoop/store/group/bruxljm/FWLJMET102X_1lep2016_Feb2020/DYJetsToLL_M-50_HT-200to400_TuneCUETP8M1_13TeV-madgraphMLM-pythia8/singleLep2016/200326_014432/0000/DYJetsToLL_M-50_HT-200to400_TuneCUETP8M1_13TeV-madgraphMLM-pythia8-ext1_63.root
WARNING! File doesn't exist! Exiting
creating DYJetsToLL_M-50_HT-200to400_TuneCUETP8M1_13TeV-madgraphMLM-pythia8_ext1458.root by reading DYJetsToLL_M-50_HT-200to400_TuneCUETP8M1_13TeV-madgraphMLM-pythia8-ext1_458

Processing makeStep1.C("/isilon/condor/node547.hep.brown.edu/execute/dir_13956","root://cmseos.fnal.gov//isilon/hadoop/store/group/bruxljm/FWLJMET102X_1lep2016_Feb2020/DYJetsToLL_M-50_HT-200to400_TuneCUETP8M1_13TeV-madgraphMLM-pythia8/singleLep2016/200326_014432/0000/DYJetsToLL_M-50_HT-200to400_TuneCUETP8M1_13TeV-madgraphMLM-pythia8-ext1_458.root","DYJetsToLL_M-50_HT-200to400_TuneCUETP8M1_13TeV-madgraphMLM-pythia8_ext1458.root",2016)...

Running shift nominal
Opening file: root://cmseos.fnal.gov//isilon/hadoop/store/group/bruxljm/FWLJMET102X_1lep2016_Feb2020/DYJetsToLL_M-50_HT-200to400_TuneCUETP8M1_13TeV-madgraphMLM-pythia8/singleLep2016/200326_014432/0000/DYJetsToLL_M-50_HT-200to400_TuneCUETP8M1_13TeV-madgraphMLM-pythia8-ext1_458.root
WARNING! File doesn't exist! Exiting
ROOT Files:
cp output for condor
hadd Target file: DYJetsToLL_M-50_HT-200to400_TuneCUETP8M1_13TeV-madgraphMLM-pythia8_19nominal_hadd.root
hadd compression setting for all ouput: 1
hadd Source file 1: *nominal.root
cp DYJetsToLL_M-50_HT-200to400_TuneCUETP8M1_13TeV-madgraphMLM-pythia8_19nominal_hadd.root /mnt/hadoop/store/group/bruxljm/FWLJMET102X_1lep2016_4t_09252020_step1/nominal//DYJetsToLL_M-50_HT-200to400_TuneCUETP8M1_13TeV-madgraphMLM-pythia8/DYJetsToLL_M-50_HT-200to400_TuneCUETP8M1_13TeV-madgraphMLM-pythia8_19.root
hadd Target file: DYJetsToLL_M-50_HT-200to400_TuneCUETP8M1_13TeV-madgraphMLM-pythia8_19JECup_hadd.root
hadd compression setting for all ouput: 1
hadd Source file 1: *JECup.root
cp DYJetsToLL_M-50_HT-200to400_TuneCUETP8M1_13TeV-madgraphMLM-pythia8_19JECup_hadd.root /mnt/hadoop/store/group/bruxljm/FWLJMET102X_1lep2016_4t_09252020_step1/JECup//DYJetsToLL_M-50_HT-200to400_TuneCUETP8M1_13TeV-madgraphMLM-pythia8/DYJetsToLL_M-50_HT-200to400_TuneCUETP8M1_13TeV-madgraphMLM-pythia8_19.root
hadd Target file: DYJetsToLL_M-50_HT-200to400_TuneCUETP8M1_13TeV-madgraphMLM-pythia8_19JECdown_hadd.root
hadd compression setting for all ouput: 1
hadd Source file 1: *JECdown.root
cp DYJetsToLL_M-50_HT-200to400_TuneCUETP8M1_13TeV-madgraphMLM-pythia8_19JECdown_hadd.root /mnt/hadoop/store/group/bruxljm/FWLJMET102X_1lep2016_4t_09252020_step1/JECdown//DYJetsToLL_M-50_HT-200to400_TuneCUETP8M1_13TeV-madgraphMLM-pythia8/DYJetsToLL_M-50_HT-200to400_TuneCUETP8M1_13TeV-madgraphMLM-pythia8_19.root
hadd Target file: DYJetsToLL_M-50_HT-200to400_TuneCUETP8M1_13TeV-madgraphMLM-pythia8_19JERup_hadd.root
hadd compression setting for all ouput: 1
hadd Source file 1: *JERup.root
cp DYJetsToLL_M-50_HT-200to400_TuneCUETP8M1_13TeV-madgraphMLM-pythia8_19JERup_hadd.root /mnt/hadoop/store/group/bruxljm/FWLJMET102X_1lep2016_4t_09252020_step1/JERup//DYJetsToLL_M-50_HT-200to400_TuneCUETP8M1_13TeV-madgraphMLM-pythia8/DYJetsToLL_M-50_HT-200to400_TuneCUETP8M1_13TeV-madgraphMLM-pythia8_19.root
hadd Target file: DYJetsToLL_M-50_HT-200to400_TuneCUETP8M1_13TeV-madgraphMLM-pythia8_19JERdown_hadd.root
hadd compression setting for all ouput: 1
hadd Source file 1: *JERdown.root
cp DYJetsToLL_M-50_HT-200to400_TuneCUETP8M1_13TeV-madgraphMLM-pythia8_19JERdown_hadd.root /mnt/hadoop/store/group/bruxljm/FWLJMET102X_1lep2016_4t_09252020_step1/JERdown//DYJetsToLL_M-50_HT-200to400_TuneCUETP8M1_13TeV-madgraphMLM-pythia8/DYJetsToLL_M-50_HT-200to400_TuneCUETP8M1_13TeV-madgraphMLM-pythia8_19.root
done
