000 (642080.000.000) 09/25 19:56:55 Job submitted from host: <172.20.3.198:9618?addrs=172.20.3.198-9618&noUDP&sock=160905_0664_3>
...
001 (642080.000.000) 09/25 19:57:17 Job executing on host: <172.20.201.47:9618?addrs=172.20.201.47-9618+[--1]-9618&noUDP&sock=3067_490e_50>
...
006 (642080.000.000) 09/25 19:57:25 Image size of job updated: 12052
	12  -  MemoryUsage of job (MB)
	12052  -  ResidentSetSize of job (KB)
...
006 (642080.000.000) 09/25 20:02:25 Image size of job updated: 179936
	176  -  MemoryUsage of job (MB)
	179608  -  ResidentSetSize of job (KB)
...
005 (642080.000.000) 09/25 20:03:45 Job terminated.
	(1) Normal termination (return value 0)
		Usr 0 00:02:15, Sys 0 00:00:21  -  Run Remote Usage
		Usr 0 00:00:00, Sys 0 00:00:00  -  Run Local Usage
		Usr 0 00:02:15, Sys 0 00:00:21  -  Total Remote Usage
		Usr 0 00:00:00, Sys 0 00:00:00  -  Total Local Usage
	773346  -  Run Bytes Sent By Job
	717111  -  Run Bytes Received By Job
	773346  -  Total Bytes Sent By Job
	717111  -  Total Bytes Received By Job
	Partitionable Resources :    Usage  Request  Allocated
	   Cpus                 :                 1          1
	   Disk (KB)            :     1957      750 3023978944
	   Memory (MB)          :      176        1       4025
...
