000 (642061.000.000) 09/25 19:56:37 Job submitted from host: <172.20.3.198:9618?addrs=172.20.3.198-9618&noUDP&sock=160905_0664_3>
...
001 (642061.000.000) 09/25 19:56:59 Job executing on host: <172.20.201.26:9618?addrs=172.20.201.26-9618+[--1]-9618&noUDP&sock=10708_6035_16>
...
006 (642061.000.000) 09/25 19:57:08 Image size of job updated: 12064
	12  -  MemoryUsage of job (MB)
	12064  -  ResidentSetSize of job (KB)
...
006 (642061.000.000) 09/25 20:02:09 Image size of job updated: 38792
	22  -  MemoryUsage of job (MB)
	22480  -  ResidentSetSize of job (KB)
...
006 (642061.000.000) 09/25 20:03:17 Image size of job updated: 280272
	24  -  MemoryUsage of job (MB)
	23628  -  ResidentSetSize of job (KB)
...
005 (642061.000.000) 09/25 20:03:17 Job terminated.
	(1) Normal termination (return value 0)
		Usr 0 00:02:18, Sys 0 00:00:17  -  Run Remote Usage
		Usr 0 00:00:00, Sys 0 00:00:00  -  Run Local Usage
		Usr 0 00:02:18, Sys 0 00:00:17  -  Total Remote Usage
		Usr 0 00:00:00, Sys 0 00:00:00  -  Total Local Usage
	772161  -  Run Bytes Sent By Job
	717111  -  Run Bytes Received By Job
	772161  -  Total Bytes Sent By Job
	717111  -  Total Bytes Received By Job
	Partitionable Resources :    Usage  Request  Allocated
	   Cpus                 :                 1          1
	   Disk (KB)            :     1955      750 3036690560
	   Memory (MB)          :       24        1       4025
...
