000 (642062.000.000) 09/25 19:56:38 Job submitted from host: <172.20.3.198:9618?addrs=172.20.3.198-9618&noUDP&sock=160905_0664_3>
...
001 (642062.000.000) 09/25 19:57:03 Job executing on host: <172.20.201.39:9618?addrs=172.20.201.39-9618+[--1]-9618&noUDP&sock=32559_5826_40>
...
006 (642062.000.000) 09/25 19:57:12 Image size of job updated: 12056
	12  -  MemoryUsage of job (MB)
	12052  -  ResidentSetSize of job (KB)
...
006 (642062.000.000) 09/25 20:02:14 Image size of job updated: 193640
	181  -  MemoryUsage of job (MB)
	184684  -  ResidentSetSize of job (KB)
...
006 (642062.000.000) 09/25 20:04:06 Image size of job updated: 458920
	181  -  MemoryUsage of job (MB)
	184692  -  ResidentSetSize of job (KB)
...
005 (642062.000.000) 09/25 20:04:21 Job terminated.
	(1) Normal termination (return value 0)
		Usr 0 00:02:16, Sys 0 00:00:22  -  Run Remote Usage
		Usr 0 00:00:00, Sys 0 00:00:00  -  Run Local Usage
		Usr 0 00:02:16, Sys 0 00:00:22  -  Total Remote Usage
		Usr 0 00:00:00, Sys 0 00:00:00  -  Total Local Usage
	772182  -  Run Bytes Sent By Job
	717111  -  Run Bytes Received By Job
	772182  -  Total Bytes Sent By Job
	717111  -  Total Bytes Received By Job
	Partitionable Resources :    Usage  Request  Allocated
	   Cpus                 :                 1          1
	   Disk (KB)            :     1955      750 1726089024
	   Memory (MB)          :      181        1       4025
...
