000 (642065.000.000) 09/25 19:56:42 Job submitted from host: <172.20.3.198:9618?addrs=172.20.3.198-9618&noUDP&sock=160905_0664_3>
...
001 (642065.000.000) 09/25 19:57:01 Job executing on host: <172.20.201.39:9618?addrs=172.20.201.39-9618+[--1]-9618&noUDP&sock=32559_5826_40>
...
006 (642065.000.000) 09/25 19:57:10 Image size of job updated: 12056
	12  -  MemoryUsage of job (MB)
	12048  -  ResidentSetSize of job (KB)
...
006 (642065.000.000) 09/25 20:02:11 Image size of job updated: 135644
	130  -  MemoryUsage of job (MB)
	132544  -  ResidentSetSize of job (KB)
...
006 (642065.000.000) 09/25 20:02:59 Image size of job updated: 135644
	131  -  MemoryUsage of job (MB)
	133648  -  ResidentSetSize of job (KB)
...
005 (642065.000.000) 09/25 20:03:09 Job terminated.
	(1) Normal termination (return value 0)
		Usr 0 00:02:19, Sys 0 00:00:22  -  Run Remote Usage
		Usr 0 00:00:00, Sys 0 00:00:00  -  Run Local Usage
		Usr 0 00:02:19, Sys 0 00:00:22  -  Total Remote Usage
		Usr 0 00:00:00, Sys 0 00:00:00  -  Total Local Usage
	773331  -  Run Bytes Sent By Job
	717111  -  Run Bytes Received By Job
	773331  -  Total Bytes Sent By Job
	717111  -  Total Bytes Received By Job
	Partitionable Resources :    Usage  Request  Allocated
	   Cpus                 :                 1          1
	   Disk (KB)            :     1957      750 1726089024
	   Memory (MB)          :      131        1       4025
...
