WARNING: In non-interactive mode release checks e.g. deprecated releases, production architectures are disabled.
Info in <TUnixSystem::ACLiC>: creating shared library /isilon/condor/node547.hep.brown.edu/execute/dir_13956/./HardcodedConditions_cc.so
In file included from input_line_12:9:
././HardcodedConditions.cc:3513:1: warning: control may reach end of non-void function [-Wreturn-type]
}
^
Info in <TUnixSystem::ACLiC>: creating shared library /isilon/condor/node547.hep.brown.edu/execute/dir_13956/./step1_cc.so
In file included from input_line_10:1:
In file included from /isilon/condor/node547.hep.brown.edu/execute/dir_13956/makeStep1.C:2:
/isilon/condor/node547.hep.brown.edu/execute/dir_13956/HardcodedConditions.cc:3513:1: warning: control may reach end of non-void function [-Wreturn-type]
}
^
Error in <TNetXNGFile::Open>: [ERROR] Server responded with an error: [3011] Unable to open file /isilon/hadoop/store/group/bruxljm/FWLJMET102X_1lep2016_Feb2020/DYJetsToLL_M-50_HT-200to400_TuneCUETP8M1_13TeV-madgraphMLM-pythia8/singleLep2016/200326_014432/0000/DYJetsToLL_M-50_HT-200to400_TuneCUETP8M1_13TeV-madgraphMLM-pythia8-ext1_656.root; No such file or directory

In file included from input_line_10:1:
In file included from /isilon/condor/node547.hep.brown.edu/execute/dir_13956/makeStep1.C:2:
/isilon/condor/node547.hep.brown.edu/execute/dir_13956/HardcodedConditions.cc:3513:1: warning: control may reach end of non-void function [-Wreturn-type]
}
^
Error in <TNetXNGFile::Open>: [ERROR] Server responded with an error: [3011] Unable to open file /isilon/hadoop/store/group/bruxljm/FWLJMET102X_1lep2016_Feb2020/DYJetsToLL_M-50_HT-200to400_TuneCUETP8M1_13TeV-madgraphMLM-pythia8/singleLep2016/200326_014432/0000/DYJetsToLL_M-50_HT-200to400_TuneCUETP8M1_13TeV-madgraphMLM-pythia8-ext1_40.root; No such file or directory

In file included from input_line_10:1:
In file included from /isilon/condor/node547.hep.brown.edu/execute/dir_13956/makeStep1.C:2:
/isilon/condor/node547.hep.brown.edu/execute/dir_13956/HardcodedConditions.cc:3513:1: warning: control may reach end of non-void function [-Wreturn-type]
}
^
Error in <TNetXNGFile::Open>: [ERROR] Server responded with an error: [3011] Unable to open file /isilon/hadoop/store/group/bruxljm/FWLJMET102X_1lep2016_Feb2020/DYJetsToLL_M-50_HT-200to400_TuneCUETP8M1_13TeV-madgraphMLM-pythia8/singleLep2016/200326_014432/0000/DYJetsToLL_M-50_HT-200to400_TuneCUETP8M1_13TeV-madgraphMLM-pythia8-ext1_160.root; No such file or directory

In file included from input_line_10:1:
In file included from /isilon/condor/node547.hep.brown.edu/execute/dir_13956/makeStep1.C:2:
/isilon/condor/node547.hep.brown.edu/execute/dir_13956/HardcodedConditions.cc:3513:1: warning: control may reach end of non-void function [-Wreturn-type]
}
^
Error in <TNetXNGFile::Open>: [ERROR] Server responded with an error: [3011] Unable to open file /isilon/hadoop/store/group/bruxljm/FWLJMET102X_1lep2016_Feb2020/DYJetsToLL_M-50_HT-200to400_TuneCUETP8M1_13TeV-madgraphMLM-pythia8/singleLep2016/200326_014432/0000/DYJetsToLL_M-50_HT-200to400_TuneCUETP8M1_13TeV-madgraphMLM-pythia8-ext1_532.root; No such file or directory

In file included from input_line_10:1:
In file included from /isilon/condor/node547.hep.brown.edu/execute/dir_13956/makeStep1.C:2:
/isilon/condor/node547.hep.brown.edu/execute/dir_13956/HardcodedConditions.cc:3513:1: warning: control may reach end of non-void function [-Wreturn-type]
}
^
Error in <TNetXNGFile::Open>: [ERROR] Server responded with an error: [3011] Unable to open file /isilon/hadoop/store/group/bruxljm/FWLJMET102X_1lep2016_Feb2020/DYJetsToLL_M-50_HT-200to400_TuneCUETP8M1_13TeV-madgraphMLM-pythia8/singleLep2016/200326_014432/0000/DYJetsToLL_M-50_HT-200to400_TuneCUETP8M1_13TeV-madgraphMLM-pythia8-ext1_421.root; No such file or directory

In file included from input_line_10:1:
In file included from /isilon/condor/node547.hep.brown.edu/execute/dir_13956/makeStep1.C:2:
/isilon/condor/node547.hep.brown.edu/execute/dir_13956/HardcodedConditions.cc:3513:1: warning: control may reach end of non-void function [-Wreturn-type]
}
^
Error in <TNetXNGFile::Open>: [ERROR] Server responded with an error: [3011] Unable to open file /isilon/hadoop/store/group/bruxljm/FWLJMET102X_1lep2016_Feb2020/DYJetsToLL_M-50_HT-200to400_TuneCUETP8M1_13TeV-madgraphMLM-pythia8/singleLep2016/200326_014432/0000/DYJetsToLL_M-50_HT-200to400_TuneCUETP8M1_13TeV-madgraphMLM-pythia8-ext1_648.root; No such file or directory

In file included from input_line_10:1:
In file included from /isilon/condor/node547.hep.brown.edu/execute/dir_13956/makeStep1.C:2:
/isilon/condor/node547.hep.brown.edu/execute/dir_13956/HardcodedConditions.cc:3513:1: warning: control may reach end of non-void function [-Wreturn-type]
}
^
Error in <TNetXNGFile::Open>: [ERROR] Server responded with an error: [3011] Unable to open file /isilon/hadoop/store/group/bruxljm/FWLJMET102X_1lep2016_Feb2020/DYJetsToLL_M-50_HT-200to400_TuneCUETP8M1_13TeV-madgraphMLM-pythia8/singleLep2016/200326_014432/0000/DYJetsToLL_M-50_HT-200to400_TuneCUETP8M1_13TeV-madgraphMLM-pythia8-ext1_657.root; No such file or directory

In file included from input_line_10:1:
In file included from /isilon/condor/node547.hep.brown.edu/execute/dir_13956/makeStep1.C:2:
/isilon/condor/node547.hep.brown.edu/execute/dir_13956/HardcodedConditions.cc:3513:1: warning: control may reach end of non-void function [-Wreturn-type]
}
^
Error in <TNetXNGFile::Open>: [ERROR] Server responded with an error: [3011] Unable to open file /isilon/hadoop/store/group/bruxljm/FWLJMET102X_1lep2016_Feb2020/DYJetsToLL_M-50_HT-200to400_TuneCUETP8M1_13TeV-madgraphMLM-pythia8/singleLep2016/200326_014432/0000/DYJetsToLL_M-50_HT-200to400_TuneCUETP8M1_13TeV-madgraphMLM-pythia8-ext1_163.root; No such file or directory

In file included from input_line_10:1:
In file included from /isilon/condor/node547.hep.brown.edu/execute/dir_13956/makeStep1.C:2:
/isilon/condor/node547.hep.brown.edu/execute/dir_13956/HardcodedConditions.cc:3513:1: warning: control may reach end of non-void function [-Wreturn-type]
}
^
Error in <TNetXNGFile::Open>: [ERROR] Server responded with an error: [3011] Unable to open file /isilon/hadoop/store/group/bruxljm/FWLJMET102X_1lep2016_Feb2020/DYJetsToLL_M-50_HT-200to400_TuneCUETP8M1_13TeV-madgraphMLM-pythia8/singleLep2016/200326_014432/0000/DYJetsToLL_M-50_HT-200to400_TuneCUETP8M1_13TeV-madgraphMLM-pythia8-ext1_392.root; No such file or directory

In file included from input_line_10:1:
In file included from /isilon/condor/node547.hep.brown.edu/execute/dir_13956/makeStep1.C:2:
/isilon/condor/node547.hep.brown.edu/execute/dir_13956/HardcodedConditions.cc:3513:1: warning: control may reach end of non-void function [-Wreturn-type]
}
^
Error in <TNetXNGFile::Open>: [ERROR] Server responded with an error: [3011] Unable to open file /isilon/hadoop/store/group/bruxljm/FWLJMET102X_1lep2016_Feb2020/DYJetsToLL_M-50_HT-200to400_TuneCUETP8M1_13TeV-madgraphMLM-pythia8/singleLep2016/200326_014432/0000/DYJetsToLL_M-50_HT-200to400_TuneCUETP8M1_13TeV-madgraphMLM-pythia8-ext1_385.root; No such file or directory

In file included from input_line_10:1:
In file included from /isilon/condor/node547.hep.brown.edu/execute/dir_13956/makeStep1.C:2:
/isilon/condor/node547.hep.brown.edu/execute/dir_13956/HardcodedConditions.cc:3513:1: warning: control may reach end of non-void function [-Wreturn-type]
}
^
Error in <TNetXNGFile::Open>: [ERROR] Server responded with an error: [3011] Unable to open file /isilon/hadoop/store/group/bruxljm/FWLJMET102X_1lep2016_Feb2020/DYJetsToLL_M-50_HT-200to400_TuneCUETP8M1_13TeV-madgraphMLM-pythia8/singleLep2016/200326_014432/0000/DYJetsToLL_M-50_HT-200to400_TuneCUETP8M1_13TeV-madgraphMLM-pythia8-ext1_472.root; No such file or directory

In file included from input_line_10:1:
In file included from /isilon/condor/node547.hep.brown.edu/execute/dir_13956/makeStep1.C:2:
/isilon/condor/node547.hep.brown.edu/execute/dir_13956/HardcodedConditions.cc:3513:1: warning: control may reach end of non-void function [-Wreturn-type]
}
^
Error in <TNetXNGFile::Open>: [ERROR] Server responded with an error: [3011] Unable to open file /isilon/hadoop/store/group/bruxljm/FWLJMET102X_1lep2016_Feb2020/DYJetsToLL_M-50_HT-200to400_TuneCUETP8M1_13TeV-madgraphMLM-pythia8/singleLep2016/200326_014432/0000/DYJetsToLL_M-50_HT-200to400_TuneCUETP8M1_13TeV-madgraphMLM-pythia8-ext1_342.root; No such file or directory

In file included from input_line_10:1:
In file included from /isilon/condor/node547.hep.brown.edu/execute/dir_13956/makeStep1.C:2:
/isilon/condor/node547.hep.brown.edu/execute/dir_13956/HardcodedConditions.cc:3513:1: warning: control may reach end of non-void function [-Wreturn-type]
}
^
Error in <TNetXNGFile::Open>: [ERROR] Server responded with an error: [3011] Unable to open file /isilon/hadoop/store/group/bruxljm/FWLJMET102X_1lep2016_Feb2020/DYJetsToLL_M-50_HT-200to400_TuneCUETP8M1_13TeV-madgraphMLM-pythia8/singleLep2016/200326_014432/0000/DYJetsToLL_M-50_HT-200to400_TuneCUETP8M1_13TeV-madgraphMLM-pythia8-ext1_61.root; No such file or directory

In file included from input_line_10:1:
In file included from /isilon/condor/node547.hep.brown.edu/execute/dir_13956/makeStep1.C:2:
/isilon/condor/node547.hep.brown.edu/execute/dir_13956/HardcodedConditions.cc:3513:1: warning: control may reach end of non-void function [-Wreturn-type]
}
^
Error in <TNetXNGFile::Open>: [ERROR] Server responded with an error: [3011] Unable to open file /isilon/hadoop/store/group/bruxljm/FWLJMET102X_1lep2016_Feb2020/DYJetsToLL_M-50_HT-200to400_TuneCUETP8M1_13TeV-madgraphMLM-pythia8/singleLep2016/200326_014432/0000/DYJetsToLL_M-50_HT-200to400_TuneCUETP8M1_13TeV-madgraphMLM-pythia8-ext1_507.root; No such file or directory

In file included from input_line_10:1:
In file included from /isilon/condor/node547.hep.brown.edu/execute/dir_13956/makeStep1.C:2:
/isilon/condor/node547.hep.brown.edu/execute/dir_13956/HardcodedConditions.cc:3513:1: warning: control may reach end of non-void function [-Wreturn-type]
}
^
Error in <TNetXNGFile::Open>: [ERROR] Server responded with an error: [3011] Unable to open file /isilon/hadoop/store/group/bruxljm/FWLJMET102X_1lep2016_Feb2020/DYJetsToLL_M-50_HT-200to400_TuneCUETP8M1_13TeV-madgraphMLM-pythia8/singleLep2016/200326_014432/0000/DYJetsToLL_M-50_HT-200to400_TuneCUETP8M1_13TeV-madgraphMLM-pythia8-ext1_473.root; No such file or directory

In file included from input_line_10:1:
In file included from /isilon/condor/node547.hep.brown.edu/execute/dir_13956/makeStep1.C:2:
/isilon/condor/node547.hep.brown.edu/execute/dir_13956/HardcodedConditions.cc:3513:1: warning: control may reach end of non-void function [-Wreturn-type]
}
^
Error in <TNetXNGFile::Open>: [ERROR] Server responded with an error: [3011] Unable to open file /isilon/hadoop/store/group/bruxljm/FWLJMET102X_1lep2016_Feb2020/DYJetsToLL_M-50_HT-200to400_TuneCUETP8M1_13TeV-madgraphMLM-pythia8/singleLep2016/200326_014432/0000/DYJetsToLL_M-50_HT-200to400_TuneCUETP8M1_13TeV-madgraphMLM-pythia8-ext1_294.root; No such file or directory

In file included from input_line_10:1:
In file included from /isilon/condor/node547.hep.brown.edu/execute/dir_13956/makeStep1.C:2:
/isilon/condor/node547.hep.brown.edu/execute/dir_13956/HardcodedConditions.cc:3513:1: warning: control may reach end of non-void function [-Wreturn-type]
}
^
Error in <TNetXNGFile::Open>: [ERROR] Server responded with an error: [3011] Unable to open file /isilon/hadoop/store/group/bruxljm/FWLJMET102X_1lep2016_Feb2020/DYJetsToLL_M-50_HT-200to400_TuneCUETP8M1_13TeV-madgraphMLM-pythia8/singleLep2016/200326_014432/0000/DYJetsToLL_M-50_HT-200to400_TuneCUETP8M1_13TeV-madgraphMLM-pythia8-ext1_335.root; No such file or directory

In file included from input_line_10:1:
In file included from /isilon/condor/node547.hep.brown.edu/execute/dir_13956/makeStep1.C:2:
/isilon/condor/node547.hep.brown.edu/execute/dir_13956/HardcodedConditions.cc:3513:1: warning: control may reach end of non-void function [-Wreturn-type]
}
^
Error in <TNetXNGFile::Open>: [ERROR] Server responded with an error: [3011] Unable to open file /isilon/hadoop/store/group/bruxljm/FWLJMET102X_1lep2016_Feb2020/DYJetsToLL_M-50_HT-200to400_TuneCUETP8M1_13TeV-madgraphMLM-pythia8/singleLep2016/200326_014432/0000/DYJetsToLL_M-50_HT-200to400_TuneCUETP8M1_13TeV-madgraphMLM-pythia8-ext1_625.root; No such file or directory

In file included from input_line_10:1:
In file included from /isilon/condor/node547.hep.brown.edu/execute/dir_13956/makeStep1.C:2:
/isilon/condor/node547.hep.brown.edu/execute/dir_13956/HardcodedConditions.cc:3513:1: warning: control may reach end of non-void function [-Wreturn-type]
}
^
Error in <TNetXNGFile::Open>: [ERROR] Server responded with an error: [3011] Unable to open file /isilon/hadoop/store/group/bruxljm/FWLJMET102X_1lep2016_Feb2020/DYJetsToLL_M-50_HT-200to400_TuneCUETP8M1_13TeV-madgraphMLM-pythia8/singleLep2016/200326_014432/0000/DYJetsToLL_M-50_HT-200to400_TuneCUETP8M1_13TeV-madgraphMLM-pythia8-ext1_139.root; No such file or directory

In file included from input_line_10:1:
In file included from /isilon/condor/node547.hep.brown.edu/execute/dir_13956/makeStep1.C:2:
/isilon/condor/node547.hep.brown.edu/execute/dir_13956/HardcodedConditions.cc:3513:1: warning: control may reach end of non-void function [-Wreturn-type]
}
^
Error in <TNetXNGFile::Open>: [ERROR] Server responded with an error: [3011] Unable to open file /isilon/hadoop/store/group/bruxljm/FWLJMET102X_1lep2016_Feb2020/DYJetsToLL_M-50_HT-200to400_TuneCUETP8M1_13TeV-madgraphMLM-pythia8/singleLep2016/200326_014432/0000/DYJetsToLL_M-50_HT-200to400_TuneCUETP8M1_13TeV-madgraphMLM-pythia8-ext1_284.root; No such file or directory

In file included from input_line_10:1:
In file included from /isilon/condor/node547.hep.brown.edu/execute/dir_13956/makeStep1.C:2:
/isilon/condor/node547.hep.brown.edu/execute/dir_13956/HardcodedConditions.cc:3513:1: warning: control may reach end of non-void function [-Wreturn-type]
}
^
Error in <TNetXNGFile::Open>: [ERROR] Server responded with an error: [3011] Unable to open file /isilon/hadoop/store/group/bruxljm/FWLJMET102X_1lep2016_Feb2020/DYJetsToLL_M-50_HT-200to400_TuneCUETP8M1_13TeV-madgraphMLM-pythia8/singleLep2016/200326_014432/0000/DYJetsToLL_M-50_HT-200to400_TuneCUETP8M1_13TeV-madgraphMLM-pythia8-ext1_374.root; No such file or directory

In file included from input_line_10:1:
In file included from /isilon/condor/node547.hep.brown.edu/execute/dir_13956/makeStep1.C:2:
/isilon/condor/node547.hep.brown.edu/execute/dir_13956/HardcodedConditions.cc:3513:1: warning: control may reach end of non-void function [-Wreturn-type]
}
^
Error in <TNetXNGFile::Open>: [ERROR] Server responded with an error: [3011] Unable to open file /isilon/hadoop/store/group/bruxljm/FWLJMET102X_1lep2016_Feb2020/DYJetsToLL_M-50_HT-200to400_TuneCUETP8M1_13TeV-madgraphMLM-pythia8/singleLep2016/200326_014432/0000/DYJetsToLL_M-50_HT-200to400_TuneCUETP8M1_13TeV-madgraphMLM-pythia8-ext1_615.root; No such file or directory

In file included from input_line_10:1:
In file included from /isilon/condor/node547.hep.brown.edu/execute/dir_13956/makeStep1.C:2:
/isilon/condor/node547.hep.brown.edu/execute/dir_13956/HardcodedConditions.cc:3513:1: warning: control may reach end of non-void function [-Wreturn-type]
}
^
Error in <TNetXNGFile::Open>: [ERROR] Server responded with an error: [3011] Unable to open file /isilon/hadoop/store/group/bruxljm/FWLJMET102X_1lep2016_Feb2020/DYJetsToLL_M-50_HT-200to400_TuneCUETP8M1_13TeV-madgraphMLM-pythia8/singleLep2016/200326_014432/0000/DYJetsToLL_M-50_HT-200to400_TuneCUETP8M1_13TeV-madgraphMLM-pythia8-ext1_616.root; No such file or directory

In file included from input_line_10:1:
In file included from /isilon/condor/node547.hep.brown.edu/execute/dir_13956/makeStep1.C:2:
/isilon/condor/node547.hep.brown.edu/execute/dir_13956/HardcodedConditions.cc:3513:1: warning: control may reach end of non-void function [-Wreturn-type]
}
^
Error in <TNetXNGFile::Open>: [ERROR] Server responded with an error: [3011] Unable to open file /isilon/hadoop/store/group/bruxljm/FWLJMET102X_1lep2016_Feb2020/DYJetsToLL_M-50_HT-200to400_TuneCUETP8M1_13TeV-madgraphMLM-pythia8/singleLep2016/200326_014432/0000/DYJetsToLL_M-50_HT-200to400_TuneCUETP8M1_13TeV-madgraphMLM-pythia8-ext1_468.root; No such file or directory

In file included from input_line_10:1:
In file included from /isilon/condor/node547.hep.brown.edu/execute/dir_13956/makeStep1.C:2:
/isilon/condor/node547.hep.brown.edu/execute/dir_13956/HardcodedConditions.cc:3513:1: warning: control may reach end of non-void function [-Wreturn-type]
}
^
Error in <TNetXNGFile::Open>: [ERROR] Server responded with an error: [3011] Unable to open file /isilon/hadoop/store/group/bruxljm/FWLJMET102X_1lep2016_Feb2020/DYJetsToLL_M-50_HT-200to400_TuneCUETP8M1_13TeV-madgraphMLM-pythia8/singleLep2016/200326_014432/0000/DYJetsToLL_M-50_HT-200to400_TuneCUETP8M1_13TeV-madgraphMLM-pythia8-ext1_429.root; No such file or directory

In file included from input_line_10:1:
In file included from /isilon/condor/node547.hep.brown.edu/execute/dir_13956/makeStep1.C:2:
/isilon/condor/node547.hep.brown.edu/execute/dir_13956/HardcodedConditions.cc:3513:1: warning: control may reach end of non-void function [-Wreturn-type]
}
^
Error in <TNetXNGFile::Open>: [ERROR] Server responded with an error: [3011] Unable to open file /isilon/hadoop/store/group/bruxljm/FWLJMET102X_1lep2016_Feb2020/DYJetsToLL_M-50_HT-200to400_TuneCUETP8M1_13TeV-madgraphMLM-pythia8/singleLep2016/200326_014432/0000/DYJetsToLL_M-50_HT-200to400_TuneCUETP8M1_13TeV-madgraphMLM-pythia8-ext1_419.root; No such file or directory

In file included from input_line_10:1:
In file included from /isilon/condor/node547.hep.brown.edu/execute/dir_13956/makeStep1.C:2:
/isilon/condor/node547.hep.brown.edu/execute/dir_13956/HardcodedConditions.cc:3513:1: warning: control may reach end of non-void function [-Wreturn-type]
}
^
Error in <TNetXNGFile::Open>: [ERROR] Server responded with an error: [3011] Unable to open file /isilon/hadoop/store/group/bruxljm/FWLJMET102X_1lep2016_Feb2020/DYJetsToLL_M-50_HT-200to400_TuneCUETP8M1_13TeV-madgraphMLM-pythia8/singleLep2016/200326_014432/0000/DYJetsToLL_M-50_HT-200to400_TuneCUETP8M1_13TeV-madgraphMLM-pythia8-ext1_238.root; No such file or directory

In file included from input_line_10:1:
In file included from /isilon/condor/node547.hep.brown.edu/execute/dir_13956/makeStep1.C:2:
/isilon/condor/node547.hep.brown.edu/execute/dir_13956/HardcodedConditions.cc:3513:1: warning: control may reach end of non-void function [-Wreturn-type]
}
^
Error in <TNetXNGFile::Open>: [ERROR] Server responded with an error: [3011] Unable to open file /isilon/hadoop/store/group/bruxljm/FWLJMET102X_1lep2016_Feb2020/DYJetsToLL_M-50_HT-200to400_TuneCUETP8M1_13TeV-madgraphMLM-pythia8/singleLep2016/200326_014432/0000/DYJetsToLL_M-50_HT-200to400_TuneCUETP8M1_13TeV-madgraphMLM-pythia8-ext1_537.root; No such file or directory

In file included from input_line_10:1:
In file included from /isilon/condor/node547.hep.brown.edu/execute/dir_13956/makeStep1.C:2:
/isilon/condor/node547.hep.brown.edu/execute/dir_13956/HardcodedConditions.cc:3513:1: warning: control may reach end of non-void function [-Wreturn-type]
}
^
Error in <TNetXNGFile::Open>: [ERROR] Server responded with an error: [3011] Unable to open file /isilon/hadoop/store/group/bruxljm/FWLJMET102X_1lep2016_Feb2020/DYJetsToLL_M-50_HT-200to400_TuneCUETP8M1_13TeV-madgraphMLM-pythia8/singleLep2016/200326_014432/0000/DYJetsToLL_M-50_HT-200to400_TuneCUETP8M1_13TeV-madgraphMLM-pythia8-ext1_63.root; No such file or directory

In file included from input_line_10:1:
In file included from /isilon/condor/node547.hep.brown.edu/execute/dir_13956/makeStep1.C:2:
/isilon/condor/node547.hep.brown.edu/execute/dir_13956/HardcodedConditions.cc:3513:1: warning: control may reach end of non-void function [-Wreturn-type]
}
^
Error in <TNetXNGFile::Open>: [ERROR] Server responded with an error: [3011] Unable to open file /isilon/hadoop/store/group/bruxljm/FWLJMET102X_1lep2016_Feb2020/DYJetsToLL_M-50_HT-200to400_TuneCUETP8M1_13TeV-madgraphMLM-pythia8/singleLep2016/200326_014432/0000/DYJetsToLL_M-50_HT-200to400_TuneCUETP8M1_13TeV-madgraphMLM-pythia8-ext1_458.root; No such file or directory

ls: cannot access *.root: No such file or directory
Error in <TFile::TFile>: file *nominal.root does not exist
Error in <TFileMerger::AddFile>: cannot open file *nominal.root
hadd exiting due to error in *nominal.root
rm: cannot remove '*nominal.root': No such file or directory
Error in <TFile::TFile>: file *JECup.root does not exist
Error in <TFileMerger::AddFile>: cannot open file *JECup.root
hadd exiting due to error in *JECup.root
rm: cannot remove '*JECup.root': No such file or directory
Error in <TFile::TFile>: file *JECdown.root does not exist
Error in <TFileMerger::AddFile>: cannot open file *JECdown.root
hadd exiting due to error in *JECdown.root
rm: cannot remove '*JECdown.root': No such file or directory
Error in <TFile::TFile>: file *JERup.root does not exist
Error in <TFileMerger::AddFile>: cannot open file *JERup.root
hadd exiting due to error in *JERup.root
rm: cannot remove '*JERup.root': No such file or directory
Error in <TFile::TFile>: file *JERdown.root does not exist
Error in <TFileMerger::AddFile>: cannot open file *JERdown.root
hadd exiting due to error in *JERdown.root
rm: cannot remove '*JERdown.root': No such file or directory
