000 (642070.000.000) 09/25 19:56:46 Job submitted from host: <172.20.3.198:9618?addrs=172.20.3.198-9618&noUDP&sock=160905_0664_3>
...
001 (642070.000.000) 09/25 19:57:06 Job executing on host: <172.20.201.39:9618?addrs=172.20.201.39-9618+[--1]-9618&noUDP&sock=32559_5826_40>
...
006 (642070.000.000) 09/25 19:57:14 Image size of job updated: 12060
	12  -  MemoryUsage of job (MB)
	12056  -  ResidentSetSize of job (KB)
...
006 (642070.000.000) 09/25 20:02:15 Image size of job updated: 35044
	33  -  MemoryUsage of job (MB)
	32960  -  ResidentSetSize of job (KB)
...
006 (642070.000.000) 09/25 20:03:38 Image size of job updated: 35044
	33  -  MemoryUsage of job (MB)
	33544  -  ResidentSetSize of job (KB)
...
005 (642070.000.000) 09/25 20:03:58 Job terminated.
	(1) Normal termination (return value 0)
		Usr 0 00:02:17, Sys 0 00:00:23  -  Run Remote Usage
		Usr 0 00:00:00, Sys 0 00:00:00  -  Run Local Usage
		Usr 0 00:02:17, Sys 0 00:00:23  -  Total Remote Usage
		Usr 0 00:00:00, Sys 0 00:00:00  -  Total Local Usage
	773360  -  Run Bytes Sent By Job
	717111  -  Run Bytes Received By Job
	773360  -  Total Bytes Sent By Job
	717111  -  Total Bytes Received By Job
	Partitionable Resources :    Usage  Request  Allocated
	   Cpus                 :                 1          1
	   Disk (KB)            :     1957      750 1726089024
	   Memory (MB)          :       33        1       4025
...
